10:03:08:438:0.364578 out [0, 35665.8, 35666.8, 36188.4, 44, 49, 49, 1, 0]
10:03:19:959:0.164215 out [1, 35681.7, 35682.7, 36200, 43, 44, 44, 2, 0]
10:11:38:361:0.761642 out [2, 36115.5, 36116.5, 36698.4, 42, 49, 49, 3, 0]
10:16:23:993:0.41066 out [3, 36402.4, 36403.4, 36984, 46, 54, 49, 1, 0]
11:09:52:926:0.720215 out [5, 39576.3, 39577.3, 40192.9, 53, 59, 38, 2, 0]
11:12:46:902:0.517868 out [4, 39567, 39568, 40366.9, 68, 47, 52, 1, 0]
11:13:19:500:0.744415 out [6, 39600.8, 39601.8, 40399.5, 59, 51, 38, 3, 0]
11:29:23:540:0.905548 out [7, 40715.3, 40716.3, 41363.5, 44, 50, 47, 1, 0]
11:32:22:848:0.11647 out [8, 41050.2, 41051.2, 41542.8, 47, 54, 34, 2, 0]
11:44:45:411:0.0427628 out [9, 41887.2, 41888.2, 42285.4, 38, 51, 47, 1, 0]
11:49:32:848:0.957611 out [10, 41996.2, 41997.2, 42572.8, 53, 39, 51, 2, 0]
12:18:08:237:0.0467911 out [11, 43467.9, 43468.9, 44288.2, 54, 47, 64, 1, 0]
12:19:32:455:0.133987 out [12, 43533.9, 43534.9, 44372.5, 61, 51, 44, 2, 0]
12:21:42:255:0.270554 out [15, 43849.4, 43850.4, 44502.3, 45, 43, 42, 5, 0]
12:22:24:339:0.995934 out [13, 43758.8, 43759.8, 44544.3, 51, 69, 50, 3, 0]
12:23:01:757:0.177902 out [14, 43815.6, 43816.6, 44581.8, 48, 47, 37, 4, 0]
12:28:36:843:0.439651 out [16, 44172, 44173, 44916.8, 38, 51, 51, 6, 0]
12:30:56:642:0.903877 out [17, 44242.2, 44243.3, 45056.6, 39, 54, 38, 7, 0]
12:38:31:143:0.795563 out [18, 44776.2, 44777.2, 45511.1, 50, 57, 45, 1, 0]
12:49:59:070:0.437981 out [20, 45595.3, 45596.3, 46199.1, 42, 41, 51, 1, 0]
12:50:40:207:0.124306 out [19, 45428.4, 45429.4, 46240.2, 56, 63, 56, 2, 0]
13:03:40:166:0.415764 out [21, 46179, 46180, 47020.2, 51, 41, 61, 3, 0]
13:06:10:231:0.698586 out [23, 46365.3, 46366.3, 47170.2, 53, 47, 54, 2, 0]
13:06:20:743:0.830276 out [24, 46427.2, 46428.2, 47180.7, 48, 54, 53, 4, 0]
13:06:47:701:0.273514 out [22, 46363.7, 46364.7, 47207.7, 61, 45, 46, 1, 0]
13:08:28:889:0.336182 out [25, 46564.1, 46565.1, 47308.9, 45, 38, 45, 8, 0]
13:16:23:962:0.338043 out [27, 47062.2, 47063.2, 47784, 46, 45, 34, 3, 0]
13:16:46:708:0.565308 out [26, 46882, 46883, 47806.7, 55, 58, 48, 9, 0]
13:18:28:531:0.426025 out [28, 47079.3, 47080.3, 47908.5, 53, 67, 49, 10, 0]
13:20:59:808:0.0983887 out [30, 47343, 47344, 48059.8, 55, 66, 47, 2, 0]
13:22:49:319:0.83812 out [31, 47441.3, 47442.3, 48169.3, 47, 47, 44, 4, 0]
13:26:16:473:0.894669 out [29, 47313, 47314, 48376.5, 61, 46, 49, 1, 0]
13:30:39:184:0.0192337 out [32, 47482.3, 47784, 48639.2, 56, 52, 40, 3, 0]
13:32:02:494:0.690086 out [33, 47504.1, 48059.8, 48722.5, 47, 48, 53, 2, 0]
13:35:11:752:0.308037 out [34, 47611.3, 48169.3, 48911.8, 59, 38, 47, 4, 0]
13:38:03:336:0.52034 out [35, 48132.4, 48376.5, 49083.3, 45, 50, 52, 1, 0]
13:43:47:381:0.651619 out [36, 48182.5, 48639.2, 49427.4, 65, 49, 43, 3, 0]
13:44:42:165:0.722588 out [38, 48232.4, 48911.8, 49482.2, 40, 56, 45, 4, 0]
13:46:28:970:0.77153 out [39, 48272.2, 49083.3, 49589, 42, 60, 47, 1, 0]
13:48:52:981:0.549957 out [37, 48193.6, 48722.5, 49733, 55, 63, 45, 2, 0]
13:56:12:283:0.594421 out [40, 48401.8, 49427.4, 50172.3, 51, 68, 38, 3, 0]
13:57:04:465:0.163521 out [41, 48401.9, 49482.2, 50224.5, 47, 60, 59, 4, 0]
13:58:42:343:0.459419 out [42, 48904.9, 49589, 50322.3, 54, 52, 54, 1, 0]
14:01:40:626:0.383118 out [43, 49115.1, 49733, 50500.6, 55, 46, 49, 2, 0]
14:08:07:208:0.607559 out [45, 49292.9, 50224.5, 50887.2, 48, 53, 37, 4, 0]
14:09:54:167:0.0645523 out [46, 49344.8, 50322.3, 50994.2, 46, 60, 62, 1, 0]
14:09:57:963:0.416939 out [44, 49269.6, 50172.3, 50998, 61, 58, 48, 3, 0]
14:15:04:580:0.836182 out [47, 49495.7, 50500.6, 51304.6, 61, 45, 48, 2, 0]
14:19:19:013:0.151604 out [48, 49693.1, 50887.2, 51559, 46, 48, 42, 4, 0]
14:22:04:948:0.0442581 out [50, 49775.5, 50998, 51724.9, 52, 50, 45, 3, 0]
14:26:13:866:0.0511551 out [49, 49746.6, 50994.2, 51973.9, 67, 41, 46, 1, 0]
14:27:36:861:0.287552 out [51, 49852.4, 51304.6, 52056.9, 49, 49, 52, 2, 0]
14:31:13:674:0.574883 out [52, 50000.3, 51559, 52273.7, 51, 39, 47, 4, 0]
14:34:30:015:0.593559 out [53, 50206.7, 51725, 52470, 49, 43, 50, 3, 0]
14:37:56:680:0.363686 out [55, 50329, 52056.9, 52676.7, 48, 46, 45, 2, 0]
14:40:52:420:0.492203 out [54, 50249.4, 51973.9, 52852.4, 62, 53, 56, 1, 0]
14:43:37:682:0.450874 out [56, 50419.4, 52273.7, 53017.7, 47, 45, 43, 4, 0]
14:44:33:856:0.13118 out [57, 50531.4, 52470, 53073.9, 54, 59, 58, 3, 0]
14:52:38:814:0.632042 out [58, 50701, 52676.7, 53558.8, 53, 50, 50, 2, 0]
14:52:58:968:0.840225 out [59, 50839.9, 52852.4, 53579, 44, 37, 45, 1, 0]
14:54:26:878:0.765282 out [60, 51023.9, 53017.7, 53666.9, 42, 50, 61, 4, 0]
14:56:51:317:0.962822 out [61, 51071, 53073.9, 53811.3, 48, 54, 51, 3, 0]
15:03:37:393:0.911537 out [63, 51219.8, 53579, 54217.4, 46, 49, 49, 1, 0]
15:03:50:153:0.672394 out [62, 51154, 53558.8, 54230.2, 54, 53, 42, 2, 0]
15:08:20:419:0.785271 out [65, 51550.9, 53811.3, 54500.4, 47, 62, 65, 3, 0]
15:11:30:108:0.368645 out [64, 51372.2, 53666.9, 54690.1, 60, 53, 54, 4, 0]
15:18:17:568:0.877945 out [67, 51690.4, 54230.2, 55097.6, 56, 34, 50, 2, 0]
15:19:22:887:0.886772 out [66, 51577.7, 54217.4, 55162.9, 55, 43, 47, 1, 0]
15:22:08:588:0.593803 out [68, 51780.4, 54500.4, 55328.6, 56, 58, 55, 3, 0]
15:25:33:897:0.0292435 out [69, 52133.9, 54690.1, 55533.9, 55, 54, 54, 4, 0]
15:30:29:798:0.746429 out [71, 52220.2, 55162.9, 55829.8, 42, 45, 38, 1, 0]
15:32:52:630:0.133949 out [70, 52184, 55097.6, 55972.6, 56, 35, 38, 2, 0]
15:37:54:471:0.345818 out [72, 52244.3, 55328.6, 56274.5, 51, 37, 41, 3, 0]
15:39:29:296:0.412384 out [73, 52276.5, 55533.9, 56369.3, 49, 43, 43, 4, 0]
15:40:48:614:0.0431519 out [74, 52420.6, 55829.8, 56448.6, 45, 47, 49, 1, 0]
15:42:30:399:0.696266 out [75, 52482.3, 55972.6, 56550.4, 38, 50, 55, 2, 0]
15:49:12:017:0.776955 out [76, 52792.9, 56274.5, 56952, 45, 47, 55, 3, 0]
15:49:32:462:0.558258 out [77, 52794.9, 56369.3, 56972.5, 43, 36, 54, 4, 0]
15:51:23:526:0.385773 out [79, 53715.2, 56550.4, 57083.5, 43, 42, 45, 2, 0]
15:52:24:304:0.870117 out [78, 52937.8, 56448.6, 57144.3, 49, 52, 43, 1, 0]
16:01:28:618:0.804993 out [80, 53911.4, 56952, 57688.6, 47, 50, 52, 3, 0]
16:02:45:017:0.252029 out [82, 54199.4, 57083.5, 57765, 51, 52, 62, 2, 0]
16:03:52:942:0.0691147 out [81, 54079.7, 56972.5, 57832.9, 48, 48, 49, 4, 0]
16:06:57:262:0.847008 out [83, 54917.9, 57144.3, 58017.3, 56, 56, 57, 1, 0]
16:14:28:970:0.539703 out [84, 55198.6, 57688.6, 58469, 48, 56, 62, 3, 0]
16:15:18:305:0.496826 out [85, 55290.3, 57765, 58518.3, 44, 62, 48, 2, 0]
16:15:28:703:0.349724 out [87, 55455.3, 58017.3, 58528.7, 37, 58, 40, 1, 0]
16:17:23:996:0.410027 out [86, 55402.8, 57832.9, 58644, 60, 51, 48, 4, 0]
16:25:40:730:0.626312 out [89, 55732.4, 58518.3, 59140.7, 40, 56, 45, 2, 0]
16:27:30:303:0.345886 out [88, 55511.4, 58469, 59250.3, 60, 48, 49, 3, 0]
16:27:45:128:0.314224 out [90, 55745.6, 58528.7, 59265.1, 52, 55, 52, 1, 0]
16:31:03:208:0.0337677 out [91, 55837.4, 58644, 59463.2, 55, 45, 41, 4, 0]
16:38:10:677:0.242081 out [92, 56048.9, 59140.7, 59890.7, 45, 65, 50, 2, 0]
16:39:24:517:0.249863 out [93, 56186.8, 59250.3, 59964.5, 52, 57, 58, 3, 0]
16:42:25:562:0.0286865 out [94, 56401.6, 59265.1, 60145.6, 60, 56, 50, 1, 0]
16:42:51:427:0.237312 out [95, 56607.3, 59463.2, 60171.4, 55, 61, 50, 4, 0]
16:48:41:080:0.244415 out [96, 56669.7, 59890.7, 60521.1, 46, 51, 48, 2, 0]
16:52:20:486:0.192101 out [97, 57045.2, 59964.5, 60740.5, 56, 49, 57, 3, 0]
16:54:17:190:0.039032 out [98, 57200.6, 60145.6, 60857.2, 50, 56, 38, 1, 0]
16:55:19:509:0.0888672 out [99, 57219.7, 60171.4, 60919.5, 50, 42, 48, 4, 0]
16:59:26:043:0.778366 out [100, 57359.9, 60521.1, 61166, 47, 57, 36, 2, 0]
17:06:36:020:0.507759 out [101, 57627.3, 60740.5, 61596, 58, 48, 49, 3, 0]
17:09:23:447:0.433418 out [103, 58265.8, 60919.5, 61763.4, 60, 66, 59, 4, 0]
17:13:29:009:0.385056 out [102, 57740.8, 60857.2, 62009, 68, 45, 55, 1, 0]
17:13:37:085:0.849304 out [104, 58302.9, 61166, 62017.1, 54, 56, 38, 2, 0]
17:18:53:138:0.256569 out [105, 58365.8, 61596, 62333.1, 54, 50, 54, 3, 0]
17:22:07:528:0.214951 out [106, 58515.2, 61763.4, 62527.5, 57, 62, 59, 4, 0]
17:23:57:739:0.696594 out [108, 58775.7, 62017.1, 62637.7, 43, 50, 55, 2, 0]
17:24:23:960:0.254211 out [107, 58517.4, 62009, 62664, 50, 50, 54, 1, 0]
17:33:17:588:0.691803 out [109, 58892.4, 62333.1, 63197.6, 55, 54, 39, 3, 0]
17:34:05:174:0.00559998 out [110, 58903.7, 62527.5, 63245.2, 58, 53, 47, 4, 0]
17:38:26:184:0.591934 out [111, 59033.4, 62637.7, 63506.2, 54, 45, 46, 2, 0]
17:38:36:325:0.531097 out [112, 59562.8, 62664, 63516.3, 52, 42, 52, 1, 0]
17:46:47:250:0.509903 out [114, 60255.3, 63245.2, 64007.3, 46, 45, 44, 4, 0]
17:47:46:888:0.167068 out [113, 59676.3, 63197.6, 64066.9, 62, 54, 54, 3, 0]
17:49:45:340:0.675995 out [116, 60817, 63516.3, 64185.3, 45, 42, 55, 1, 0]
17:51:57:678:0.638695 out [115, 60635.1, 63506.2, 64317.7, 58, 43, 49, 2, 0]
17:58:08:907:0.157181 out [117, 60824.6, 64007.3, 64688.9, 42, 42, 53, 4, 0]
17:59:08:362:0.21051 out [118, 61255.2, 64066.9, 64748.4, 38, 47, 48, 3, 0]
18:01:58:574:0.919937 out [119, 61778.1, 64185.3, 64918.6, 48, 52, 54, 1, 0]
18:02:21:658:0.568214 out [120, 61854.6, 64317.7, 64941.7, 41, 43, 58, 2, 0]
18:07:15:016:0.524147 out [122, 62056.1, 64748.4, 65235, 34, 52, 52, 3, 0]
18:08:29:947:0.365593 out [121, 62015.4, 64688.9, 65309.9, 42, 45, 38, 4, 0]
18:11:22:512:0.519264 out [124, 62747.3, 64941.7, 65482.5, 47, 53, 57, 2, 0]
18:11:57:542:0.343925 out [123, 62075.9, 64918.6, 65517.5, 56, 43, 35, 1, 0]
18:17:13:096:0.266174 out [125, 63270.5, 65235, 65833.1, 60, 51, 46, 3, 0]
18:17:31:927:0.869225 out [126, 63616.2, 65309.9, 65851.9, 37, 31, 55, 4, 0]
18:19:12:193:0.16671 out [127, 63676, 65482.5, 65952.2, 39, 48, 65, 2, 0]
18:21:42:753:0.844643 out [128, 63750.9, 65517.5, 66102.8, 45, 55, 45, 1, 0]
18:33:25:372:0.490479 out [129, 66363.9, 66364.9, 66805.4, 41, 55, 59, 1, 0]
18:40:26:998:0.493744 out [130, 66560.2, 66561.2, 67227, 52, 56, 54, 2, 0]
18:46:21:635:0.340286 out [131, 67014.5, 67015.5, 67581.6, 41, 47, 53, 1, 0]
19:07:33:055:0.401398 out [132, 68083.8, 68084.8, 68853.1, 63, 62, 48, 1, 0]
34:24:37:868:0.357254 out [133, 123320, 123321, 123878, 44, 42, 44, 1, 0]
34:32:12:521:0.291328 out [134, 123902, 123903, 124333, 39, 56, 43, 1, 0]
34:45:41:619:0.76297 out [135, 124490, 124491, 125142, 54, 48, 45, 1, 0]
34:46:59:371:0.769501 out [136, 124595, 124596, 125219, 48, 50, 36, 2, 0]
34:47:51:817:0.590858 out [138, 124719, 124721, 125272, 48, 45, 52, 4, 0]
34:52:31:851:0.437164 out [137, 124719, 124720, 125552, 72, 42, 41, 3, 0]
34:58:44:708:0.990242 out [139, 125005, 125142, 125925, 67, 55, 53, 1, 0]
35:01:51:435:0.947968 out [140, 125511, 125512, 126111, 49, 45, 49, 2, 0]
35:11:34:975:0.61319 out [141, 126170, 126171, 126695, 49, 56, 61, 1, 0]
35:12:01:312:0.707092 out [142, 126171, 126172, 126721, 49, 45, 52, 2, 0]
35:16:33:060:0.350014 out [143, 126193, 126194, 126993, 51, 59, 55, 3, 0]
35:35:59:324:0.642731 out [144, 127517, 127518, 128159, 51, 43, 38, 1, 0]
35:37:05:673:0.530174 out [145, 127563, 127564, 128226, 50, 53, 48, 2, 0]
35:40:30:409:0.939362 out [146, 127615, 127616, 128430, 61, 52, 49, 3, 0]
35:42:51:359:0.345032 out [147, 127773, 127774, 128571, 63, 60, 38, 4, 0]
35:46:28:462:0.549355 out [149, 127974, 128226, 128788, 52, 43, 50, 2, 0]
35:47:54:927:0.590515 out [148, 127883, 128159, 128875, 56, 51, 61, 1, 0]
35:49:50:732:0.280876 out [150, 128058, 128430, 128991, 52, 49, 49, 3, 0]
35:58:17:275:0.312019 out [151, 128900, 128901, 129497, 48, 37, 53, 1, 0]
36:06:23:068:0.634583 out [152, 129492, 129493, 129983, 39, 52, 42, 2, 0]
36:11:15:928:0.144051 out [153, 129496, 129497, 130276, 57, 60, 49, 1, 0]
36:16:18:904:0.977394 out [154, 129861, 129862, 130579, 47, 52, 46, 3, 0]
36:17:59:315:0.153671 out [156, 130055, 130056, 130679, 40, 56, 55, 4, 0]
36:19:25:736:0.89325 out [155, 130039, 130040, 130766, 49, 61, 48, 2, 0]
36:21:38:263:0.691093 out [157, 130055, 130276, 130898, 38, 51, 58, 1, 0]
36:28:43:690:0.193321 out [158, 130123, 130579, 131324, 40, 52, 55, 3, 0]
36:31:52:084:0.408905 out [159, 130660, 130679, 131512, 54, 51, 64, 4, 0]
36:36:08:880:0.154205 out [160, 130939, 130940, 131769, 55, 43, 53, 1, 0]
36:39:39:918:0.531013 out [161, 130974, 130975, 131980, 60, 41, 57, 2, 0]
36:42:32:283:0.252457 out [162, 131078, 131324, 132152, 62, 52, 50, 3, 0]
36:43:15:350:0.447395 out [163, 131346, 131512, 132195, 40, 46, 52, 4, 0]
36:48:36:612:0.21328 out [164, 131612, 131769, 132517, 50, 39, 53, 1, 0]
36:51:13:926:0.237396 out [167, 132041, 132195, 132674, 38, 47, 47, 4, 0]
36:51:50:362:0.0444794 out [165, 131917, 131980, 132710, 51, 56, 47, 2, 0]
36:54:34:417:0.88607 out [166, 132009, 132152, 132874, 52, 44, 52, 3, 0]
37:00:03:776:0.777962 out [168, 132151, 132517, 133204, 43, 36, 53, 1, 0]
37:02:20:726:0.584175 out [170, 132544, 132710, 133341, 44, 47, 59, 2, 0]
37:04:47:641:0.697769 out [169, 132313, 132674, 133488, 52, 46, 59, 4, 0]
37:10:41:629:0.920296 out [172, 133197, 133204, 133842, 41, 43, 50, 1, 0]
37:13:16:322:0.0391998 out [171, 132912, 132913, 133996, 53, 48, 57, 3, 0]
37:18:08:085:0.386826 out [173, 133641, 133642, 134288, 50, 47, 46, 2, 0]
37:25:38:090:0.363098 out [174, 133997, 133998, 134738, 51, 42, 48, 1, 0]
37:33:13:481:0.671883 out [176, 134564, 134565, 135193, 47, 45, 48, 3, 0]
37:36:22:843:0.681885 out [175, 134532, 134533, 135383, 48, 51, 52, 2, 0]
37:41:13:256:0.264282 out [177, 135121, 135122, 135673, 44, 59, 50, 1, 0]
37:48:00:276:0.755882 out [178, 135313, 135314, 136080, 47, 50, 52, 3, 0]
37:49:29:158:0.0949554 out [179, 135420, 135421, 136169, 44, 52, 47, 2, 0]
37:51:42:993:0.817474 out [181, 135576, 135673, 136303, 42, 45, 47, 1, 0]
37:52:47:801:0.898552 out [180, 135510, 135511, 136368, 60, 62, 46, 4, 0]
38:01:10:587:0.794998 out [184, 135751, 136303, 136871, 44, 34, 35, 1, 0]
38:01:55:921:0.228554 out [182, 135621, 136080, 136916, 50, 56, 57, 3, 0]
38:04:33:670:0.30349 out [183, 135627, 136169, 137074, 58, 53, 46, 2, 0]
38:05:20:177:0.198555 out [185, 135774, 136368, 137120, 54, 45, 67, 4, 0]
38:15:39:974:0.590996 out [189, 136142, 137120, 137740, 42, 57, 55, 4, 0]
38:16:30:197:0.704056 out [188, 136075, 137074, 137790, 51, 44, 59, 2, 0]
38:16:37:788:0.89344 out [187, 136030, 136916, 137798, 57, 45, 48, 3, 0]
38:20:14:326:0.843552 out [186, 135925, 136871, 138014, 67, 67, 49, 1, 0]
38:25:45:928:0.81041 out [191, 136777, 137790, 138346, 42, 54, 50, 2, 0]
38:27:23:364:0.0263596 out [192, 136843, 137798, 138443, 38, 42, 48, 3, 0]
38:29:03:752:0.596191 out [190, 136596, 137740, 138544, 54, 55, 54, 4, 0]
38:30:15:028:0.218155 out [193, 136949, 138014, 138615, 44, 55, 55, 1, 0]
38:39:13:925:0.363426 out [196, 137411, 138544, 139154, 42, 50, 49, 4, 0]
38:39:17:683:0.229332 out [195, 137378, 138443, 139158, 49, 52, 51, 3, 0]
38:40:22:846:0.90464 out [194, 137144, 138346, 139223, 54, 47, 54, 2, 0]
38:44:42:322:0.821098 out [197, 137525, 138615, 139482, 49, 45, 57, 1, 0]
38:49:21:193:0.561989 out [198, 137553, 139154, 139761, 46, 58, 46, 4, 0]
38:50:04:016:0.773659 out [199, 137661, 139158, 139804, 45, 41, 50, 3, 0]
38:53:52:274:0.828392 out [200, 137715, 139223, 140032, 62, 63, 54, 2, 0]
38:56:53:446:0.789772 out [201, 137893, 139482, 140213, 55, 55, 50, 1, 0]
38:57:35:759:0.340317 out [202, 137934, 139761, 140256, 39, 51, 53, 4, 0]
38:59:32:878:0.602058 out [203, 137955, 139804, 140373, 43, 60, 46, 3, 0]
39:04:23:183:0.897049 out [204, 138681, 140032, 140663, 39, 61, 62, 2, 0]
39:08:36:678:0.120239 out [206, 138958, 140256, 140917, 52, 65, 52, 4, 0]
39:11:13:600:0.364311 out [205, 138755, 140213, 141074, 62, 56, 44, 1, 0]
39:16:43:259:0.234055 out [207, 139015, 140373, 141403, 64, 40, 46, 3, 0]
39:18:33:645:0.821198 out [208, 139239, 140663, 141514, 64, 58, 50, 2, 0]
39:21:33:707:0.774338 out [209, 139252, 140917, 141694, 52, 51, 41, 4, 0]
39:24:57:488:0.878426 out [210, 139272, 141074, 141897, 49, 49, 44, 1, 0]
39:28:18:795:0.441803 out [212, 139611, 141514, 142099, 40, 42, 68, 2, 0]
39:28:19:682:0.242569 out [211, 139420, 141403, 142100, 52, 57, 42, 3, 0]
39:35:19:352:0.00763702 out [213, 139753, 141694, 142519, 50, 52, 39, 4, 0]
39:38:09:573:0.324928 out [214, 139787, 141897, 142690, 53, 39, 49, 1, 0]
39:40:26:157:0.923065 out [216, 139972, 142100, 142826, 47, 43, 54, 3, 0]
39:42:07:087:0.331543 out [215, 139842, 142099, 142927, 55, 38, 55, 2, 0]
39:50:51:262:0.116753 out [217, 140112, 142519, 143451, 58, 45, 56, 4, 0]
39:52:45:010:0.696732 out [218, 140115, 142690, 143565, 58, 34, 37, 1, 0]
39:52:50:852:0.94429 out [219, 140123, 142826, 143571, 49, 54, 64, 3, 0]
39:56:41:703:0.0547485 out [220, 140200, 142927, 143802, 54, 48, 54, 2, 0]
40:04:02:698:0.395241 out [223, 140404, 143571, 144243, 45, 51, 42, 3, 0]
40:07:43:079:0.650795 out [222, 140341, 143565, 144463, 52, 52, 58, 1, 0]
40:07:47:459:0.859764 out [221, 140316, 143451, 144467, 63, 58, 52, 4, 0]
40:08:52:504:0.640495 out [224, 140777, 143802, 144533, 53, 51, 37, 2, 0]
40:15:24:981:0.307091 out [225, 140986, 144243, 144925, 43, 51, 54, 3, 0]
40:17:57:095:0.257271 out [226, 141287, 144463, 145077, 41, 54, 37, 1, 0]
40:18:02:700:0.403679 out [227, 141730, 144467, 145083, 45, 47, 45, 4, 0]
40:21:15:757:0.0223694 out [228, 141970, 144533, 145276, 47, 48, 50, 2, 0]
40:28:19:169:0.992508 out [230, 143090, 145077, 145699, 48, 46, 53, 1, 0]
40:28:46:197:0.282852 out [232, 143444, 145276, 145726, 40, 40, 49, 2, 0]
40:28:54:369:0.00295258 out [229, 142057, 144925, 145734, 52, 60, 47, 3, 0]
40:31:35:201:0.539101 out [231, 143439, 145083, 145895, 57, 54, 49, 4, 0]
40:40:02:208:0.265915 out [233, 143639, 145699, 146402, 49, 52, 50, 1, 0]
40:40:11:169:0.606415 out [235, 143879, 145734, 146411, 48, 56, 58, 3, 0]
40:42:25:850:0.526466 out [234, 143830, 145726, 146546, 57, 60, 41, 2, 0]
40:44:50:868:0.0683517 out [236, 143937, 145895, 146691, 56, 49, 54, 4, 0]
40:51:07:167:0.8116 out [237, 144028, 146402, 147067, 46, 45, 54, 1, 0]
40:52:32:291:0.112701 out [238, 144775, 146411, 147152, 48, 51, 43, 3, 0]
40:52:44:895:0.571915 out [239, 144810, 146546, 147165, 41, 48, 46, 2, 0]
40:54:44:006:0.348816 out [240, 145172, 146691, 147284, 47, 50, 62, 4, 0]
41:01:26:184:0.999817 out [242, 145628, 147152, 147686, 42, 51, 46, 3, 0]
41:03:50:769:0.370834 out [243, 145762, 147165, 147831, 44, 52, 50, 2, 0]
41:05:47:389:0.252464 out [241, 145595, 147067, 147947, 53, 38, 45, 1, 0]
41:07:48:708:0.225052 out [244, 146305, 147284, 148069, 48, 43, 59, 4, 0]
41:10:55:121:0.604866 out [245, 146397, 147686, 148255, 39, 52, 57, 3, 0]
41:16:56:550:0.717705 out [247, 147713, 147947, 148617, 46, 35, 51, 1, 0]
41:17:11:945:0.494049 out [246, 146958, 147831, 148632, 53, 47, 60, 2, 0]
41:20:04:016:0.742104 out [248, 147772, 148069, 148804, 56, 47, 53, 4, 0]
41:21:22:134:0.405632 out [249, 148029, 148255, 148882, 47, 64, 56, 3, 0]
41:29:08:196:0.358276 out [251, 148646, 148647, 149348, 41, 36, 53, 2, 0]
41:32:00:167:0.679382 out [252, 148885, 148886, 149520, 37, 45, 55, 3, 0]
41:33:12:527:0.124352 out [250, 148312, 148617, 149593, 64, 48, 54, 1, 0]
41:34:20:419:0.830872 out [253, 149007, 149008, 149660, 46, 49, 37, 4, 0]
41:43:20:023:0.18914 out [254, 149711, 149712, 150200, 43, 60, 34, 1, 0]
41:46:46:489:0.910675 out [255, 149733, 149734, 150406, 44, 49, 55, 2, 0]
41:49:33:628:0.243042 out [256, 149865, 149866, 150574, 46, 62, 44, 3, 0]
41:55:56:037:0.536217 out [257, 150525, 150526, 150956, 34, 50, 59, 1, 0]
42:04:15:737:0.175537 out [259, 150761, 150762, 151456, 42, 46, 61, 3, 0]
42:05:57:573:0.566986 out [258, 150671, 150672, 151558, 52, 51, 51, 2, 0]
42:31:04:698:0.109222 out [260, 152311, 152312, 153065, 52, 57, 55, 1, 0]
43:04:59:175:0.829483 out [261, 154653, 154654, 155099, 42, 58, 41, 1, 0]
43:10:42:024:0.679733 out [262, 154779, 154780, 155442, 54, 52, 42, 2, 0]
58:20:56:619:0.0696487 out [263, 209548, 209549, 210057, 41, 52, 55, 1, 0]
58:54:25:522:0.309853 out [264, 211388, 211389, 212066, 54, 55, 38, 1, 0]
59:12:30:815:0.897537 out [265, 212541, 212542, 213151, 60, 41, 48, 1, 0]
59:22:06:870:0.897842 out [266, 213138, 213139, 213727, 46, 58, 53, 2, 0]
59:22:46:102:0.758957 out [267, 213220, 213221, 213766, 43, 45, 75, 1, 0]
59:26:57:932:0.243896 out [268, 213442, 213443, 214018, 49, 52, 55, 3, 0]
59:28:58:337:0.200714 out [269, 213454, 213455, 214138, 55, 34, 49, 4, 0]
59:30:37:042:0.485382 out [271, 213710, 213766, 214237, 41, 44, 55, 1, 0]
59:33:15:195:0.966866 out [270, 213461, 213727, 214395, 42, 53, 53, 2, 0]
59:38:13:014:0.0767822 out [272, 214097, 214098, 214693, 50, 44, 31, 3, 0]
59:45:45:815:0.487457 out [273, 214545, 214546, 215146, 46, 53, 41, 1, 0]
59:48:16:277:0.216507 out [274, 214766, 214767, 215296, 43, 43, 65, 2, 0]
60:00:40:955:0.380035 out [275, 215368, 215369, 216041, 55, 52, 59, 1, 0]
60:02:38:391:0.925407 out [276, 215455, 215456, 216158, 55, 61, 43, 2, 0]
60:07:10:095:0.0856934 out [278, 215903, 215904, 216430, 47, 63, 53, 4, 0]
60:09:30:030:0.828072 out [277, 215819, 215820, 216570, 52, 47, 41, 3, 0]
60:18:58:913:0.38308 out [282, 216632, 216633, 217139, 44, 53, 58, 4, 0]
60:20:20:328:0.827454 out [279, 216511, 216512, 217220, 52, 50, 34, 1, 0]
60:20:31:111:0.767365 out [280, 216609, 216610, 217231, 44, 37, 43, 2, 0]
60:26:15:948:0.519302 out [281, 216623, 216624, 217576, 59, 45, 58, 3, 0]
60:30:01:878:0.99604 out [283, 217035, 217139, 217802, 38, 64, 52, 4, 0]
60:35:54:195:0.709373 out [284, 217155, 217220, 218154, 67, 44, 49, 1, 0]
60:36:30:514:0.62133 out [285, 217457, 217458, 218191, 54, 59, 37, 2, 0]
60:41:26:307:0.4785 out [287, 217876, 217877, 218486, 38, 47, 54, 4, 0]
60:44:55:983:0.321739 out [286, 217841, 217842, 218696, 58, 42, 43, 3, 0]
60:48:15:902:0.227142 out [288, 217924, 218154, 218896, 47, 38, 42, 1, 0]
60:51:28:462:0.0172043 out [290, 218259, 218486, 219088, 45, 52, 44, 4, 0]
60:54:42:932:0.678368 out [289, 218002, 218191, 219283, 63, 62, 38, 2, 0]
60:56:29:909:0.384872 out [291, 218280, 218696, 219390, 49, 51, 56, 3, 0]
61:02:01:614:0.66246 out [292, 218862, 218896, 219722, 46, 57, 42, 1, 0]
61:06:25:977:0.867821 out [293, 218863, 219088, 219986, 55, 57, 46, 4, 0]
61:07:29:330:0.542305 out [294, 218881, 219283, 220049, 51, 48, 47, 2, 0]
61:12:26:929:0.436424 out [295, 219137, 219390, 220347, 62, 59, 42, 3, 0]
61:16:25:182:0.680016 out [296, 219195, 219722, 220585, 61, 45, 54, 1, 0]
61:19:56:809:0.480957 out [297, 219493, 219986, 220797, 49, 45, 53, 4, 0]
61:20:38:102:0.0329514 out [298, 219512, 220049, 220838, 57, 37, 48, 2, 0]
61:25:43:925:0.871185 out [299, 219825, 220347, 221144, 57, 46, 43, 3, 0]
61:30:40:240:0.00974274 out [300, 219983, 220585, 221440, 58, 59, 69, 1, 0]
61:34:27:571:0.477776 out [301, 219991, 220797, 221668, 51, 50, 64, 4, 0]
61:35:39:910:0.0226212 out [302, 220020, 220838, 221740, 55, 47, 44, 2, 0]
61:40:21:207:0.287674 out [303, 220223, 221144, 222021, 50, 51, 60, 3, 0]
61:42:16:840:0.895683 out [304, 220405, 221440, 222137, 47, 38, 44, 1, 0]
61:49:10:923:0.328835 out [306, 220477, 221740, 222551, 56, 50, 51, 2, 0]
61:50:01:863:0.128143 out [305, 220468, 221668, 222602, 61, 48, 60, 4, 0]
61:50:46:584:0.824043 out [307, 220856, 222021, 222647, 35, 58, 54, 3, 0]
61:58:14:209:0.210022 out [308, 220953, 222137, 223094, 65, 46, 51, 1, 0]
61:58:29:597:0.0993347 out [309, 221033, 222551, 223110, 37, 53, 44, 2, 0]
62:00:14:453:0.620941 out [310, 221311, 222602, 223214, 49, 55, 56, 4, 0]
62:03:52:608:0.457596 out [311, 221326, 222647, 223433, 55, 55, 54, 3, 0]
62:08:36:477:0.513489 out [312, 221435, 223094, 223716, 39, 54, 49, 1, 0]
62:10:07:509:0.810074 out [314, 221791, 223214, 223808, 50, 50, 44, 4, 0]
62:11:21:258:0.943184 out [313, 221790, 223110, 223881, 47, 52, 42, 2, 0]
62:16:57:352:0.571114 out [315, 221853, 223433, 224217, 46, 50, 51, 3, 0]
62:19:24:685:0.136566 out [316, 221917, 223716, 224365, 41, 62, 47, 1, 0]
62:22:52:742:0.818054 out [318, 222179, 223881, 224573, 49, 36, 39, 2, 0]
62:25:10:475:0.392517 out [317, 222046, 223808, 224710, 56, 60, 46, 4, 0]
62:28:45:913:0.353142 out [319, 222209, 224217, 224926, 51, 64, 56, 3, 0]
62:33:15:700:0.246178 out [320, 222247, 224365, 225196, 61, 54, 55, 1, 0]
62:34:55:996:0.169815 out [321, 222363, 224573, 225296, 48, 51, 52, 2, 0]
62:36:42:243:0.411789 out [322, 222561, 224710, 225402, 44, 55, 50, 4, 0]
62:40:24:312:0.283287 out [323, 222614, 224926, 225624, 52, 43, 60, 3, 0]
62:44:49:929:0.124748 out [324, 222652, 225196, 225890, 40, 48, 44, 1, 0]
62:47:45:484:0.285675 out [326, 223248, 225402, 226065, 41, 50, 59, 4, 0]
62:50:49:789:0.737068 out [327, 223268, 225624, 226250, 41, 55, 40, 3, 0]
62:51:51:553:0.78183 out [325, 222802, 225296, 226312, 58, 56, 47, 2, 0]
62:55:19:571:0.527397 out [329, 223347, 226065, 226520, 35, 52, 54, 4, 0]
63:00:58:954:0.310883 out [328, 223288, 225890, 226859, 59, 60, 31, 1, 0]
63:02:18:796:0.498215 out [331, 223903, 226312, 226939, 50, 57, 47, 2, 0]
63:03:21:843:0.339836 out [330, 223834, 226250, 227002, 52, 46, 37, 3, 0]
63:07:43:384:0.80233 out [332, 224352, 226520, 227263, 46, 56, 46, 4, 0]
63:12:42:618:0.266571 out [334, 224596, 226939, 227563, 47, 52, 44, 2, 0]
63:13:59:021:0.169724 out [333, 224353, 226859, 227639, 53, 52, 48, 1, 0]
63:17:56:230:0.122078 out [335, 224619, 227002, 227876, 48, 47, 51, 3, 0]
63:19:36:942:0.35331 out [336, 224859, 227263, 227977, 50, 77, 47, 4, 0]
63:24:31:698:0.521271 out [338, 225172, 227639, 228272, 54, 44, 44, 1, 0]
63:25:43:940:0.174164 out [337, 224885, 227563, 228344, 52, 54, 68, 2, 0]
63:26:37:578:0.929962 out [339, 225198, 227876, 228398, 38, 39, 62, 3, 0]
63:30:40:608:0.952179 out [340, 225211, 227977, 228641, 53, 49, 59, 4, 0]
63:38:17:126:0.301422 out [343, 225764, 228398, 229097, 51, 47, 39, 3, 0]
63:39:33:542:0.914047 out [342, 225281, 228344, 229174, 61, 51, 39, 2, 0]
63:40:07:951:0.710907 out [341, 225219, 228272, 229208, 49, 46, 58, 1, 0]
63:43:46:246:0.0548553 out [344, 225958, 228641, 229426, 56, 48, 55, 4, 0]
63:50:44:249:0.3498 out [345, 226414, 229097, 229844, 56, 50, 51, 3, 0]
63:50:58:866:0.54834 out [347, 226425, 229208, 229859, 50, 38, 63, 1, 0]
63:53:40:959:0.196297 out [346, 226418, 229174, 230021, 61, 42, 41, 2, 0]
63:56:24:943:0.645279 out [348, 226549, 229426, 230185, 47, 56, 46, 4, 0]
64:03:22:391:0.20137 out [350, 226579, 229859, 230602, 60, 50, 35, 1, 0]
64:04:20:926:0.0509415 out [351, 226591, 230021, 230661, 43, 56, 48, 2, 0]
64:04:45:315:0.447609 out [349, 226565, 229844, 230685, 56, 62, 51, 3, 0]
64:09:52:344:0.459885 out [352, 226633, 230185, 230992, 50, 61, 41, 4, 0]
64:16:00:354:0.0830078 out [353, 226813, 230602, 231360, 52, 43, 47, 1, 0]
64:18:18:110:0.74292 out [354, 227005, 230661, 231498, 55, 53, 50, 2, 0]
64:19:16:746:0.121758 out [355, 227098, 230685, 231557, 56, 49, 46, 3, 0]
64:21:14:389:0.689392 out [356, 227214, 230992, 231674, 49, 49, 49, 4, 0]
64:25:12:470:0.674057 out [357, 227245, 231360, 231912, 34, 45, 45, 1, 0]
64:30:41:714:0.187569 out [358, 227258, 231498, 232242, 54, 42, 49, 2, 0]
64:31:03:162:0.919945 out [359, 227281, 231557, 232263, 45, 50, 58, 3, 0]
64:32:18:854:0.0187073 out [360, 227447, 231674, 232339, 42, 38, 57, 4, 0]
64:37:06:928:0.256126 out [361, 227535, 231912, 232627, 52, 56, 56, 1, 0]
64:42:06:668:0.184776 out [362, 227539, 232242, 232927, 50, 47, 55, 2, 0]
64:43:53:389:0.244171 out [364, 227618, 232339, 233033, 44, 52, 53, 4, 0]
64:44:13:304:0.978867 out [363, 227579, 232263, 233053, 49, 55, 57, 3, 0]
64:51:24:968:0.855545 out [365, 227645, 232627, 233485, 49, 45, 50, 1, 0]
64:55:09:800:0.253006 out [368, 227763, 233053, 233710, 43, 61, 55, 3, 0]
64:55:10:835:0.418388 out [367, 227749, 233033, 233711, 52, 47, 44, 4, 0]
64:58:10:748:0.971077 out [366, 227651, 232927, 233891, 65, 68, 57, 2, 0]
65:03:52:384:0.777306 out [369, 227853, 233485, 234232, 52, 59, 50, 1, 0]
65:06:56:262:0.143776 out [370, 227856, 233710, 234416, 46, 50, 47, 3, 0]
65:10:04:790:0.327309 out [371, 227891, 233711, 234605, 57, 37, 46, 4, 0]
65:11:25:834:0.243462 out [372, 227924, 233891, 234686, 58, 50, 44, 2, 0]
65:14:04:743:0.682693 out [373, 227977, 234232, 234845, 44, 38, 58, 1, 0]
65:19:07:940:0.395592 out [374, 228352, 234416, 235148, 51, 35, 51, 3, 0]
65:21:24:947:0.967361 out [375, 228355, 234605, 235285, 46, 45, 47, 4, 0]
65:23:43:692:0.285774 out [376, 228377, 234686, 235424, 44, 53, 66, 2, 0]
65:26:45:227:0.338219 out [377, 228411, 234845, 235605, 54, 51, 46, 1, 0]
65:31:55:183:0.101082 out [379, 228538, 235285, 235915, 50, 56, 39, 4, 0]
65:32:07:243:0.28215 out [378, 228536, 235148, 235927, 55, 42, 50, 3, 0]
65:36:56:804:0.611183 out [381, 228633, 235605, 236217, 54, 46, 52, 1, 0]
65:38:27:740:0.856956 out [380, 228622, 235424, 236308, 61, 60, 37, 2, 0]
65:40:07:789:0.501572 out [383, 229106, 235927, 236408, 30, 51, 51, 3, 0]
65:41:51:688:0.358284 out [382, 228754, 235915, 236512, 40, 50, 66, 4, 0]
65:47:48:284:0.600784 out [384, 229391, 236217, 236868, 47, 58, 54, 1, 0]
65:51:37:814:0.402962 out [385, 229832, 236308, 237098, 52, 42, 46, 2, 0]
65:52:04:678:0.988983 out [387, 229927, 236512, 237125, 48, 56, 51, 4, 0]
65:53:39:141:0.450859 out [386, 229865, 236408, 237219, 51, 43, 50, 3, 0]
65:56:18:546:0.0387497 out [388, 230193, 236868, 237379, 40, 58, 46, 1, 0]
66:03:20:782:0.243706 out [389, 230271, 237098, 237801, 51, 38, 35, 2, 0]
66:05:14:156:0.992081 out [390, 230308, 237125, 237914, 53, 49, 54, 4, 0]
66:05:57:295:0.892288 out [391, 230336, 237219, 237957, 49, 43, 50, 3, 0]
66:07:53:314:0.521507 out [392, 230554, 237379, 238073, 42, 53, 50, 1, 0]
66:13:51:817:0.942741 out [395, 230938, 237957, 238432, 44, 39, 68, 3, 0]
66:14:35:502:0.410461 out [393, 230703, 237801, 238476, 55, 54, 55, 2, 0]
66:14:43:079:0.178123 out [396, 231101, 238073, 238483, 34, 43, 51, 1, 0]
66:15:29:781:0.195358 out [394, 230888, 237914, 238530, 50, 54, 48, 4, 0]
66:22:21:162:0.239197 out [398, 231129, 238476, 238941, 40, 48, 42, 2, 0]
66:26:00:865:0.494591 out [399, 231294, 238483, 239161, 52, 60, 51, 1, 0]
66:26:44:738:0.850311 out [397, 231110, 238432, 239205, 62, 51, 46, 3, 0]
66:28:20:924:0.937515 out [400, 231613, 238530, 239301, 60, 50, 60, 4, 0]
66:33:47:789:0.25827 out [403, 232740, 239205, 239628, 36, 51, 53, 3, 0]
66:34:46:127:0.283508 out [402, 232696, 239161, 239686, 47, 45, 60, 1, 0]
66:35:08:412:0.197784 out [401, 232442, 238941, 239708, 62, 46, 56, 2, 0]
66:40:31:153:0.306824 out [404, 232959, 239301, 240031, 48, 53, 48, 4, 0]
66:43:12:482:0.253342 out [407, 233839, 239708, 240192, 36, 52, 49, 2, 0]
66:44:07:598:0.673828 out [406, 233593, 239686, 240248, 42, 62, 41, 1, 0]
66:45:25:467:0.684608 out [405, 233473, 239628, 240325, 54, 44, 55, 3, 0]
66:49:16:445:0.249969 out [408, 234085, 240031, 240556, 45, 60, 62, 4, 0]
66:49:42:913:0.945061 out [409, 234858, 240192, 240583, 37, 51, 51, 2, 0]
66:54:57:086:0.297592 out [410, 235205, 240248, 240897, 59, 48, 46, 1, 0]
66:56:03:062:0.726433 out [411, 235224, 240325, 240963, 43, 50, 50, 3, 0]
66:58:39:947:0.22081 out [412, 235260, 240556, 241120, 51, 47, 56, 4, 0]
67:01:49:362:0.615044 out [413, 235394, 240583, 241309, 56, 51, 48, 2, 0]
67:05:52:904:0.452332 out [415, 235940, 240963, 241553, 44, 51, 68, 3, 0]
67:06:27:272:0.165451 out [414, 235879, 240897, 241587, 46, 39, 50, 1, 0]
67:11:38:413:0.536629 out [416, 236082, 241120, 241898, 62, 46, 44, 4, 0]
67:13:24:760:0.634979 out [418, 237304, 241553, 242005, 44, 57, 56, 3, 0]
67:14:18:770:0.115601 out [419, 237305, 241587, 242059, 43, 58, 52, 1, 0]
67:15:38:469:0.224937 out [417, 236418, 241309, 242138, 66, 68, 44, 2, 0]
67:22:31:240:0.037117 out [420, 237980, 241898, 242551, 57, 44, 52, 4, 0]
67:22:58:568:0.0972672 out [421, 238315, 242005, 242579, 52, 48, 50, 3, 0]
67:23:01:048:0.651993 out [422, 238580, 242059, 242581, 54, 57, 42, 1, 0]
67:29:04:304:0.284653 out [423, 238628, 242138, 242944, 56, 50, 43, 2, 0]
67:32:38:588:0.422523 out [425, 241197, 242579, 243159, 52, 54, 60, 3, 0]
67:32:44:698:0.717964 out [426, 241391, 242581, 243165, 47, 54, 52, 1, 0]
67:35:12:288:0.353668 out [424, 239023, 242551, 243312, 53, 52, 64, 4, 0]
67:41:52:570:0.390297 out [427, 243132, 243133, 243713, 46, 57, 42, 2, 0]
81:36:06:207:0.516266 out [428, 292901, 292902, 293766, 57, 51, 48, 1, 0]
82:15:02:948:0.936058 out [430, 295591, 295592, 296103, 46, 58, 45, 2, 0]
82:15:36:416:0.781021 out [429, 295397, 295398, 296136, 49, 59, 36, 1, 0]
82:19:58:517:0.586304 out [431, 295760, 295761, 296399, 54, 50, 51, 3, 0]
82:24:32:505:0.998207 out [432, 296089, 296090, 296673, 57, 56, 44, 4, 0]
82:33:35:614:0.847733 out [433, 296611, 296612, 297216, 55, 43, 52, 1, 0]
82:58:46:949:0.983192 out [434, 298180, 298181, 298727, 52, 57, 38, 1, 0]
83:08:27:082:0.588745 out [435, 298665, 298666, 299307, 49, 45, 64, 2, 0]
83:10:11:158:0.608032 out [436, 298758, 298759, 299411, 51, 54, 63, 1, 0]
83:12:32:126:0.893593 out [437, 298760, 298761, 299552, 64, 42, 56, 3, 0]
83:15:55:946:0.375443 out [438, 299151, 299152, 299756, 57, 45, 50, 4, 0]
83:21:28:338:0.210655 out [439, 299486, 299487, 300088, 41, 59, 43, 1, 0]
83:29:19:521:0.72525 out [440, 299955, 299956, 300560, 54, 43, 59, 2, 0]
83:43:12:587:0.545944 out [441, 300996, 300997, 301393, 32, 56, 54, 1, 0]
83:58:28:610:0.462738 out [443, 301824, 301825, 302309, 42, 56, 60, 2, 0]
84:00:57:032:0.276703 out [445, 301961, 301962, 302457, 42, 52, 36, 4, 0]
84:01:06:022:0.945 out [444, 301931, 301932, 302466, 44, 50, 51, 3, 0]
84:02:07:060:0.838295 out [442, 301767, 301768, 302527, 64, 52, 48, 1, 0]
84:08:54:294:0.466164 out [446, 302104, 302309, 302934, 54, 61, 43, 2, 0]
84:11:55:826:0.209213 out [447, 302193, 302457, 303116, 44, 50, 47, 4, 0]
84:12:40:057:0.634903 out [448, 302558, 302559, 303160, 42, 58, 49, 1, 0]
84:16:35:958:0.723618 out [449, 302714, 302715, 303396, 49, 46, 38, 3, 0]
84:18:19:703:0.476646 out [450, 302716, 302934, 303500, 44, 51, 39, 2, 0]
84:25:19:821:0.00923157 out [451, 303181, 303183, 303920, 44, 55, 42, 1, 0]
84:26:22:522:0.85154 out [452, 303262, 303263, 303983, 43, 55, 52, 4, 0]
84:33:22:397:0.5168 out [453, 303502, 303503, 304402, 62, 55, 37, 2, 0]
84:37:01:620:0.239807 out [454, 303659, 303660, 304622, 59, 54, 50, 3, 0]
84:38:14:212:0.33287 out [455, 303663, 303920, 304694, 52, 42, 50, 1, 0]
84:38:22:848:0.362114 out [456, 303839, 303983, 304703, 45, 37, 45, 4, 0]
84:45:41:262:0.601044 out [458, 303977, 304622, 305141, 37, 65, 52, 3, 0]
84:50:36:795:0.00498962 out [457, 303936, 304402, 305437, 65, 43, 55, 2, 0]
84:51:23:511:0.952141 out [460, 304531, 304703, 305484, 48, 56, 59, 4, 0]
84:55:09:556:0.277969 out [459, 304340, 304694, 305710, 73, 47, 40, 1, 0]
84:55:18:218:0.00396729 out [461, 304846, 305141, 305718, 36, 54, 56, 3, 0]
85:03:42:221:0.591286 out [463, 305072, 305484, 306222, 51, 52, 47, 4, 0]
85:04:37:254:0.285149 out [465, 305388, 305718, 306277, 44, 57, 48, 3, 0]
85:05:17:460:0.823753 out [462, 305019, 305437, 306317, 52, 43, 62, 2, 0]
85:06:01:948:0.195747 out [464, 305089, 305710, 306362, 47, 57, 53, 1, 0]
85:12:54:728:0.326683 out [467, 305713, 306277, 306775, 37, 49, 59, 3, 0]
85:14:45:526:0.125504 out [469, 306366, 306367, 306886, 44, 53, 50, 1, 0]
85:17:32:986:0.812881 out [468, 306108, 306317, 307053, 48, 49, 47, 2, 0]
85:21:15:220:0.476036 out [466, 305710, 306222, 307275, 57, 58, 42, 4, 0]
85:25:32:140:0.655952 out [470, 306600, 306775, 307532, 57, 47, 41, 3, 0]
85:25:57:247:0.29171 out [471, 306641, 306886, 307557, 49, 44, 53, 1, 0]
85:32:50:915:0.227776 out [472, 306697, 307053, 307971, 61, 48, 51, 2, 0]
85:34:12:895:0.775276 out [473, 307137, 307275, 308053, 54, 64, 53, 4, 0]
85:36:49:174:0.293259 out [475, 307215, 307557, 308209, 41, 41, 44, 1, 0]
85:38:45:095:0.532448 out [474, 307163, 307532, 308325, 51, 51, 65, 3, 0]
85:43:26:973:0.0162201 out [476, 307220, 307971, 308607, 49, 48, 45, 2, 0]
85:46:23:094:0.621689 out [477, 307355, 308053, 308783, 50, 50, 57, 4, 0]
85:47:48:945:0.200256 out [478, 307553, 308209, 308869, 48, 55, 50, 1, 0]
85:54:09:121:0.542007 out [480, 307798, 308607, 309249, 50, 56, 40, 2, 0]
85:54:40:757:0.558449 out [479, 307685, 308325, 309281, 64, 58, 52, 3, 0]
85:58:47:097:0.639923 out [482, 308748, 308869, 309527, 40, 52, 40, 1, 0]
85:59:04:666:0.110619 out [481, 307869, 308783, 309545, 50, 45, 54, 4, 0]
86:02:17:114:0.697083 out [483, 308845, 309249, 309737, 40, 50, 40, 2, 0]
86:07:03:995:0.38916 out [484, 309132, 309281, 310024, 51, 50, 51, 3, 0]
86:09:00:225:0.578484 out [486, 309422, 309545, 310140, 44, 53, 43, 4, 0]
86:15:03:776:0.626068 out [485, 309361, 309527, 310504, 59, 62, 48, 1, 0]
86:16:06:642:0.0108643 out [487, 309617, 309737, 310567, 53, 43, 54, 2, 0]
86:21:48:153:0.688202 out [488, 309862, 310024, 310908, 54, 48, 61, 3, 0]
86:25:10:850:0.416214 out [490, 310029, 310504, 311111, 45, 53, 44, 1, 0]
86:26:31:149:0.856339 out [489, 310004, 310140, 311191, 71, 52, 32, 4, 0]
86:28:20:165:0.450821 out [491, 310111, 310567, 311300, 50, 48, 54, 2, 0]
86:34:23:847:0.388588 out [492, 310242, 310908, 311664, 56, 42, 50, 3, 0]
86:37:58:228:0.323303 out [494, 310454, 311191, 311878, 50, 45, 45, 4, 0]
86:39:25:914:0.992912 out [493, 310244, 311111, 311966, 54, 43, 42, 1, 0]
86:42:28:060:0.342155 out [495, 310594, 311300, 312148, 57, 55, 55, 2, 0]
86:47:53:444:0.332039 out [496, 310823, 311664, 312473, 63, 62, 55, 3, 0]
86:50:47:222:0.882187 out [497, 310830, 311878, 312647, 56, 55, 55, 4, 0]
86:51:48:285:0.096344 out [498, 310908, 311966, 312708, 55, 36, 53, 1, 0]
86:55:22:819:0.841301 out [499, 310995, 312148, 312923, 50, 42, 54, 2, 0]
87:00:16:523:0.855675 out [500, 311049, 312473, 313217, 49, 53, 59, 3, 0]
87:02:06:357:0.587585 out [502, 311125, 312708, 313326, 50, 52, 57, 1, 0]
87:03:43:745:0.878685 out [501, 311107, 312647, 313424, 49, 43, 34, 4, 0]
87:10:32:100:0.290359 out [504, 311881, 313217, 313832, 55, 47, 44, 3, 0]
87:11:23:037:0.591446 out [503, 311649, 312923, 313883, 62, 45, 44, 2, 0]
87:14:15:848:0.394714 out [505, 311957, 313326, 314056, 50, 51, 56, 1, 0]
87:14:23:682:0.72406 out [506, 312224, 313424, 314064, 45, 56, 46, 4, 0]
87:23:02:934:0.937134 out [507, 312594, 313832, 314583, 48, 59, 47, 3, 0]
87:24:31:211:0.266434 out [509, 312738, 314056, 314671, 50, 44, 57, 1, 0]
87:24:34:988:0.750519 out [508, 312659, 313883, 314675, 60, 43, 60, 2, 0]
87:26:37:111:0.338272 out [510, 312896, 314064, 314797, 47, 57, 43, 4, 0]
87:33:06:359:0.143463 out [511, 313042, 314583, 315186, 49, 56, 53, 3, 0]
87:35:37:405:0.769958 out [513, 313142, 314675, 315337, 43, 38, 50, 2, 0]
87:36:55:717:0.79393 out [512, 313079, 314671, 315416, 51, 45, 46, 1, 0]
87:38:08:969:0.353882 out [514, 313210, 314797, 315489, 50, 67, 48, 4, 0]
87:43:21:613:0.747398 out [515, 313378, 315186, 315802, 47, 40, 41, 3, 0]
87:46:34:887:0.651505 out [517, 313739, 315416, 315995, 45, 50, 46, 1, 0]
87:51:39:808:0.52298 out [518, 313775, 315489, 316300, 43, 47, 41, 4, 0]
87:52:08:507:0.0182953 out [516, 313663, 315337, 316329, 62, 56, 42, 2, 0]
87:54:37:034:0.951561 out [519, 313783, 315802, 316477, 49, 38, 56, 3, 0]
87:58:41:088:0.421478 out [520, 313960, 315995, 316721, 52, 44, 42, 1, 0]
88:01:59:206:0.969612 out [521, 313979, 316300, 316919, 40, 53, 48, 4, 0]
88:04:39:692:0.729897 out [523, 314163, 316477, 317080, 43, 51, 51, 3, 0]
88:06:16:408:0.246796 out [522, 314059, 316329, 317176, 53, 61, 64, 2, 0]
88:12:02:697:0.462288 out [524, 314472, 316721, 317523, 48, 46, 54, 1, 0]
88:14:02:752:0.673096 out [525, 314523, 316919, 317643, 41, 51, 60, 4, 0]
88:14:29:526:0.464958 out [526, 314547, 317080, 317670, 41, 54, 46, 3, 0]
88:19:12:392:0.391556 out [527, 314740, 317176, 317952, 51, 52, 42, 2, 0]
88:24:48:346:0.980186 out [530, 315130, 317670, 318288, 48, 49, 55, 3, 0]
88:24:58:049:0.167435 out [528, 314806, 317523, 318298, 56, 57, 60, 1, 0]
88:27:15:809:0.195061 out [529, 315075, 317643, 318436, 57, 54, 43, 4, 0]
88:30:32:880:0.816406 out [531, 315156, 317952, 318633, 50, 62, 52, 2, 0]
88:33:54:021:0.0765533 out [533, 315619, 318298, 318834, 35, 53, 54, 1, 0]
88:37:54:826:0.815697 out [534, 315674, 318436, 319075, 39, 48, 35, 4, 0]
88:40:09:646:0.819756 out [532, 315229, 318288, 319210, 50, 41, 49, 3, 0]
88:40:36:652:0.555962 out [535, 315830, 318633, 319237, 46, 60, 51, 2, 0]
88:46:23:403:0.973526 out [536, 315872, 318834, 319583, 51, 40, 47, 1, 0]
88:50:14:245:0.568916 out [537, 315944, 319075, 319814, 51, 52, 48, 4, 0]
88:51:49:628:0.696678 out [538, 316290, 319210, 319910, 53, 46, 46, 3, 0]
88:54:23:114:0.848228 out [539, 316697, 319237, 320063, 54, 49, 56, 2, 0]
88:56:11:408:0.706207 out [540, 317044, 319583, 320171, 39, 40, 44, 1, 0]
89:01:12:651:0.659248 out [541, 317502, 319814, 320473, 38, 59, 54, 4, 0]
89:04:30:766:0.311478 out [542, 317635, 319910, 320671, 53, 56, 40, 3, 0]
89:05:32:133:0.818314 out [543, 317755, 320063, 320732, 53, 57, 47, 2, 0]
89:10:09:558:0.718513 out [545, 318442, 320473, 321010, 46, 55, 58, 4, 0]
89:11:58:578:0.916641 out [544, 318178, 320171, 321119, 54, 45, 38, 1, 0]
89:17:42:652:0.825737 out [546, 318475, 320671, 321463, 62, 44, 49, 3, 0]
89:18:53:820:0.36042 out [547, 318693, 320732, 321534, 57, 49, 37, 2, 0]
89:21:57:983:0.861351 out [548, 318755, 321010, 321718, 45, 59, 44, 4, 0]
89:25:04:156:0.367943 out [549, 318797, 321119, 321904, 58, 68, 55, 1, 0]
89:27:57:390:0.186287 out [550, 318878, 321463, 322077, 46, 46, 45, 3, 0]
89:31:39:349:0.663712 out [552, 318974, 321718, 322299, 41, 40, 52, 4, 0]
89:32:19:179:0.386925 out [551, 318935, 321534, 322339, 51, 52, 43, 2, 0]
89:36:07:623:0.320816 out [553, 319075, 321904, 322568, 50, 42, 52, 1, 0]
89:42:15:816:0.770126 out [555, 319532, 322299, 322936, 46, 58, 47, 4, 0]
89:42:32:208:0.986809 out [554, 319285, 322077, 322952, 60, 59, 72, 3, 0]
89:45:20:193:0.175697 out [556, 319753, 322339, 323120, 52, 54, 43, 2, 0]
89:45:46:884:0.00156403 out [557, 320049, 322568, 323147, 37, 47, 53, 1, 0]
89:51:20:017:0.92157 out [558, 320212, 322936, 323480, 48, 40, 54, 4, 0]
89:53:34:171:0.507004 out [559, 321087, 322952, 323614, 40, 54, 50, 3, 0]
89:58:38:853:0.217506 out [561, 322723, 323147, 323919, 49, 54, 56, 1, 0]
90:00:17:985:0.435463 out [560, 321237, 323120, 324018, 56, 44, 44, 2, 0]
90:05:00:504:0.204468 out [562, 323438, 323480, 324301, 53, 55, 45, 4, 0]
90:08:15:834:0.637238 out [563, 323727, 323728, 324496, 47, 51, 49, 3, 0]
90:16:00:108:0.978821 out [564, 324509, 324510, 324960, 40, 67, 43, 1, 0]
90:22:06:155:0.168129 out [565, 324635, 324636, 325326, 56, 55, 50, 2, 0]
90:22:20:057:0.42128 out [566, 324773, 324774, 325340, 47, 43, 58, 3, 0]
90:28:38:553:0.408218 out [567, 325040, 325041, 325719, 53, 56, 37, 1, 0]
90:29:39:448:0.965622 out [568, 325054, 325055, 325779, 52, 41, 55, 4, 0]
91:05:21:080:0.683304 out [569, 327392, 327393, 327921, 50, 39, 58, 1, 0]
91:10:22:629:0.234863 out [570, 327482, 327483, 328223, 60, 40, 49, 2, 0]
91:27:45:899:0.565292 out [571, 328673, 328674, 329266, 49, 52, 54, 1, 0]
