10:03:08:438:0.364578 out [0, 35665.8, 35666.8, 36188.4, 44, 49, 49, 1, 0]
10:03:19:959:0.164215 out [1, 35681.7, 35682.7, 36200, 43, 44, 44, 2, 0]
10:11:38:361:0.761642 out [2, 36115.5, 36116.5, 36698.4, 42, 49, 49, 3, 0]
10:16:23:993:0.41066 out [3, 36402.4, 36403.4, 36984, 46, 54, 49, 1, 0]
11:09:52:926:0.720215 out [5, 39576.3, 39577.3, 40192.9, 53, 59, 38, 2, 0]
11:12:46:902:0.517868 out [4, 39567, 39568, 40366.9, 68, 47, 52, 1, 0]
11:13:19:500:0.744415 out [6, 39600.8, 39601.8, 40399.5, 59, 51, 38, 3, 0]
11:29:23:540:0.905548 out [7, 40715.3, 40716.3, 41363.5, 44, 50, 47, 1, 0]
11:32:22:848:0.11647 out [8, 41050.2, 41051.2, 41542.8, 47, 54, 34, 2, 0]
11:44:45:411:0.0427628 out [9, 41887.2, 41888.2, 42285.4, 38, 51, 47, 1, 0]
11:49:32:848:0.957611 out [10, 41996.2, 41997.2, 42572.8, 53, 39, 51, 2, 0]
12:18:08:237:0.0467911 out [11, 43467.9, 43468.9, 44288.2, 54, 47, 64, 1, 0]
12:19:32:455:0.133987 out [12, 43533.9, 43534.9, 44372.5, 61, 51, 44, 2, 0]
12:21:42:255:0.270554 out [15, 43849.4, 43850.4, 44502.3, 45, 43, 42, 5, 0]
12:22:24:339:0.995934 out [13, 43758.8, 43759.8, 44544.3, 51, 69, 50, 3, 0]
12:23:01:757:0.177902 out [14, 43815.6, 43816.6, 44581.8, 48, 47, 37, 4, 0]
12:28:36:843:0.439651 out [16, 44172, 44173, 44916.8, 38, 51, 51, 6, 0]
12:30:56:642:0.903877 out [17, 44242.2, 44243.3, 45056.6, 39, 54, 38, 7, 0]
12:38:31:143:0.795563 out [18, 44776.2, 44777.2, 45511.1, 50, 57, 45, 1, 0]
12:49:59:070:0.437981 out [20, 45595.3, 45596.3, 46199.1, 42, 41, 51, 1, 0]
12:50:40:207:0.124306 out [19, 45428.4, 45429.4, 46240.2, 56, 63, 56, 2, 0]
13:03:40:166:0.415764 out [21, 46179, 46180, 47020.2, 51, 41, 61, 3, 0]
13:06:10:231:0.698586 out [23, 46365.3, 46366.3, 47170.2, 53, 47, 54, 2, 0]
13:06:20:743:0.830276 out [24, 46427.2, 46428.2, 47180.7, 48, 54, 53, 4, 0]
13:06:47:701:0.273514 out [22, 46363.7, 46364.7, 47207.7, 61, 45, 46, 1, 0]
13:08:28:889:0.336182 out [25, 46564.1, 46565.1, 47308.9, 45, 38, 45, 5, 0]
13:16:23:962:0.338043 out [27, 47062.2, 47063.2, 47784, 46, 45, 34, 3, 0]
13:16:46:708:0.565308 out [26, 46882, 46883, 47806.7, 55, 58, 48, 6, 0]
13:18:28:531:0.426025 out [28, 47079.3, 47080.3, 47908.5, 53, 67, 49, 7, 0]
13:20:59:808:0.0983887 out [30, 47343, 47344, 48059.8, 55, 66, 47, 2, 0]
13:22:49:319:0.83812 out [31, 47441.3, 47442.3, 48169.3, 47, 47, 44, 4, 0]
13:23:01:407:0.320572 out [33, 47504.1, 47505.1, 48181.4, 46, 53, 48, 8, 0]
13:25:38:253:0.706528 out [34, 47611.3, 47612.3, 48338.3, 56, 50, 46, 9, 0]
13:25:41:727:0.291656 out [32, 47482.3, 47483.3, 48341.7, 56, 52, 40, 5, 0]
13:26:16:473:0.894669 out [29, 47313, 47314, 48376.5, 61, 46, 49, 1, 0]
13:32:08:890:0.0552521 out [35, 48132.4, 48133.5, 48728.9, 40, 46, 55, 2, 0]
13:34:40:641:0.65361 out [36, 48182.5, 48183.5, 48880.6, 42, 45, 44, 3, 0]
13:35:17:810:0.409142 out [39, 48272.2, 48273.2, 48917.8, 49, 48, 42, 7, 0]
13:35:41:286:0.556793 out [37, 48193.6, 48194.6, 48941.3, 56, 48, 59, 4, 0]
13:36:49:569:0.199158 out [40, 48401.8, 48402.8, 49009.6, 47, 58, 46, 1, 0]
13:38:38:309:0.400703 out [41, 48401.9, 48403.8, 49118.3, 51, 54, 48, 5, 0]
13:40:29:547:0.405792 out [38, 48232.4, 48233.4, 49229.5, 58, 55, 39, 6, 0]
13:49:43:403:0.503014 out [42, 48904.9, 48905.9, 49783.4, 54, 50, 43, 2, 0]
13:50:04:196:0.612907 out [44, 49269.6, 49270.6, 49804.2, 45, 41, 60, 3, 0]
13:51:36:392:0.993523 out [43, 49115.1, 49116.1, 49896.4, 51, 47, 48, 1, 0]
13:54:28:533:0.348633 out [46, 49344.8, 49345.9, 50068.5, 54, 46, 55, 5, 0]
13:57:13:879:0.632545 out [45, 49292.9, 49293.9, 50233.9, 67, 55, 40, 4, 0]
13:58:50:580:0.245567 out [48, 49693.1, 49694.1, 50330.6, 53, 59, 59, 7, 0]
13:58:59:982:0.0829163 out [47, 49495.7, 49496.7, 50340, 67, 49, 58, 6, 0]
14:02:44:225:0.81823 out [52, 50000.3, 50001.3, 50564.2, 42, 47, 54, 1, 0]
14:03:05:840:0.455605 out [50, 49775.5, 49776.5, 50585.8, 59, 44, 52, 9, 0]
14:04:37:725:0.760056 out [49, 49746.6, 49747.6, 50677.7, 60, 41, 60, 8, 0]
14:05:37:629:0.336906 out [51, 49852.4, 49853.4, 50737.6, 56, 50, 51, 2, 0]
14:07:27:835:0.630966 out [54, 50249.4, 50250.4, 50847.8, 36, 60, 31, 4, 0]
14:09:18:385:0.551048 out [53, 50206.7, 50207.7, 50958.4, 57, 59, 51, 3, 0]
14:10:06:721:0.125675 out [56, 50419.4, 50420.4, 51006.7, 42, 48, 61, 6, 0]
14:10:32:486:0.874653 out [57, 50531.4, 50532.4, 51032.5, 32, 49, 45, 7, 0]
14:11:56:654:0.687477 out [55, 50329, 50330, 51116.7, 52, 53, 50, 5, 0]
14:13:14:959:0.998203 out [58, 50701, 50702, 51195, 45, 73, 54, 1, 0]
14:19:20:117:0.70208 out [59, 50839.9, 50840.9, 51560.1, 50, 49, 47, 2, 0]
14:20:33:864:0.371372 out [60, 51023.9, 51024.9, 51633.9, 42, 62, 43, 3, 0]
14:23:44:070:0.405556 out [61, 51071, 51072, 51824.1, 48, 38, 58, 4, 0]
14:24:20:371:0.886803 out [63, 51219.8, 51220.8, 51860.4, 47, 61, 48, 1, 0]
14:25:58:769:0.0869102 out [62, 51154, 51155, 51958.8, 54, 45, 42, 5, 0]
14:30:51:898:0.141457 out [64, 51372.2, 51373.2, 52251.9, 61, 50, 49, 6, 0]
14:32:49:143:0.261505 out [65, 51550.9, 51552, 52369.1, 53, 43, 60, 7, 0]
14:35:44:141:0.787125 out [66, 51577.7, 51578.7, 52544.1, 57, 47, 58, 2, 0]
14:37:04:081:0.42717 out [68, 51780.4, 51781.4, 52624.1, 50, 46, 55, 8, 0]
14:37:58:991:0.460396 out [67, 51690.4, 51691.4, 52679, 60, 66, 48, 3, 0]
14:40:40:944:0.728074 out [70, 52184, 52185, 52840.9, 40, 52, 59, 4, 0]
14:40:51:952:0.480165 out [72, 52244.3, 52245.3, 52852, 46, 41, 50, 9, 0]
14:41:34:620:0.0391481 out [69, 52133.9, 52134.9, 52894.6, 57, 43, 36, 1, 0]
14:42:56:835:0.324323 out [71, 52220.2, 52221.2, 52976.8, 45, 47, 45, 5, 0]
14:45:45:368:0.443919 out [75, 52482.3, 52483.3, 53145.4, 47, 53, 43, 10, 0]
14:46:23:164:0.61028 out [73, 52276.5, 52277.5, 53183.2, 52, 49, 53, 6, 0]
14:50:04:701:0.321674 out [77, 52794.9, 52795.9, 53404.7, 45, 48, 52, 3, 0]
14:50:06:029:0.534591 out [74, 52420.6, 52421.6, 53406, 52, 56, 49, 7, 0]
14:50:50:565:0.584017 out [76, 52792.9, 52793.9, 53450.6, 39, 42, 52, 2, 0]
14:52:49:608:0.980967 out [78, 52937.8, 52938.8, 53569.6, 46, 51, 47, 1, 0]
15:07:15:303:0.497864 out [80, 53911.4, 53912.4, 54435.3, 42, 52, 56, 2, 0]
15:08:07:233:0.823849 out [79, 53715.2, 53716.2, 54487.2, 53, 52, 56, 1, 0]
15:14:21:118:0.992401 out [81, 54079.7, 54080.7, 54861.1, 54, 53, 57, 3, 0]
15:17:05:827:0.878548 out [82, 54199.4, 54200.4, 55025.8, 56, 48, 50, 4, 0]
15:27:15:849:0.600388 out [83, 54917.9, 54918.9, 55635.8, 53, 43, 61, 1, 0]
15:34:12:321:0.567131 out [85, 55290.3, 55291.3, 56052.3, 48, 53, 51, 3, 0]
15:34:22:549:0.971176 out [84, 55198.6, 55199.6, 56062.5, 52, 41, 59, 2, 0]
15:36:47:775:0.0783691 out [87, 55455.3, 55456.3, 56207.8, 50, 53, 51, 5, 0]
15:37:15:947:0.4674 out [88, 55511.4, 55512.4, 56235.9, 50, 59, 43, 6, 0]
15:37:57:676:0.448418 out [86, 55402.8, 55403.8, 56277.7, 50, 45, 47, 4, 0]
15:40:50:603:0.903366 out [91, 55837.4, 55838.4, 56450.6, 41, 55, 48, 8, 0]
15:41:41:969:0.0528641 out [89, 55732.4, 55733.4, 56502, 59, 54, 56, 1, 0]
15:44:02:485:0.882355 out [90, 55745.6, 55746.6, 56642.5, 55, 55, 45, 7, 0]
15:46:25:735:0.582901 out [92, 56048.9, 56049.9, 56785.7, 45, 48, 45, 9, 0]
15:48:14:329:0.873634 out [93, 56186.8, 56187.8, 56894.3, 50, 45, 42, 2, 0]
15:53:35:112:0.182213 out [94, 56401.6, 56402.6, 57215.1, 58, 55, 41, 3, 0]
15:54:32:170:0.043541 out [96, 56669.7, 56670.7, 57272.2, 46, 47, 50, 4, 0]
15:54:45:345:0.818115 out [95, 56607.3, 56608.3, 57285.3, 48, 52, 44, 1, 0]
16:03:12:218:0.309952 out [97, 57045.2, 57046.2, 57792.2, 62, 33, 50, 2, 0]
16:05:31:484:0.49762 out [98, 57200.6, 57201.6, 57931.5, 54, 43, 50, 5, 0]
16:06:30:407:0.20327 out [99, 57219.7, 57220.7, 57990.4, 52, 38, 61, 3, 0]
16:07:08:269:0.592834 out [100, 57359.9, 57360.9, 58028.3, 44, 37, 45, 1, 0]
16:10:04:368:0.41066 out [101, 57627.3, 57628.3, 58204.4, 42, 51, 52, 4, 0]
16:13:26:777:0.855469 out [102, 57740.8, 57741.8, 58406.8, 43, 52, 38, 6, 0]
16:23:35:294:0.785095 out [105, 58365.8, 58366.8, 59015.3, 47, 49, 41, 3, 0]
16:24:46:939:0.194275 out [104, 58302.9, 58303.9, 59086.9, 45, 41, 45, 2, 0]
16:27:07:289:0.537025 out [103, 58265.8, 58266.8, 59227.3, 58, 39, 48, 1, 0]
16:27:37:587:0.416245 out [107, 58517.4, 58518.4, 59257.6, 58, 47, 59, 5, 0]
16:32:32:946:0.59288 out [108, 58775.7, 58776.7, 59552.9, 59, 58, 41, 6, 0]
16:32:35:993:0.692947 out [110, 58903.7, 58904.7, 59556, 43, 62, 42, 8, 0]
16:32:46:925:0.0341187 out [106, 58515.2, 58516.2, 59566.9, 67, 43, 50, 4, 0]
16:34:30:156:0.415535 out [109, 58892.4, 58893.4, 59670.2, 55, 52, 58, 7, 0]
16:38:58:554:0.604126 out [111, 59033.4, 59034.4, 59938.6, 61, 42, 63, 3, 0]
16:43:22:361:0.514641 out [112, 59562.8, 59563.8, 60202.4, 50, 40, 50, 1, 0]
16:48:19:644:0.84079 out [113, 59676.3, 59677.3, 60499.6, 46, 45, 47, 2, 0]
16:56:22:377:0.490593 out [114, 60255.3, 60256.3, 60982.4, 51, 44, 44, 1, 0]
17:02:55:753:0.0475388 out [115, 60635.1, 60636.1, 61375.8, 49, 52, 56, 2, 0]
17:04:42:117:0.440773 out [116, 60817, 60818, 61482.1, 39, 49, 53, 3, 0]
17:07:17:078:0.340126 out [117, 60824.6, 60825.6, 61637.1, 60, 51, 46, 4, 0]
17:13:46:855:0.787827 out [118, 61255.2, 61256.2, 62026.9, 54, 42, 45, 1, 0]
17:21:36:344:0.496323 out [119, 61778.1, 61779.1, 62496.3, 45, 52, 63, 2, 0]
17:24:55:062:0.433792 out [120, 61854.6, 61855.6, 62695.1, 53, 51, 43, 3, 0]
17:27:24:815:0.93187 out [121, 62015.4, 62016.4, 62844.8, 56, 42, 44, 4, 0]
17:28:21:342:0.526985 out [122, 62056.1, 62057.1, 62901.3, 58, 51, 48, 1, 0]
17:30:19:029:0.0179977 out [123, 62075.9, 62076.9, 63019, 71, 59, 47, 5, 0]
17:37:29:807:0.838989 out [124, 62747.3, 62748.3, 63449.8, 53, 45, 44, 2, 0]
17:44:22:106:0.445862 out [125, 63270.5, 63271.5, 63862.1, 46, 51, 57, 1, 0]
17:51:28:554:0.0471802 out [127, 63676, 63677, 64288.6, 48, 50, 53, 3, 0]
17:54:34:468:0.735291 out [128, 63750.9, 63751.9, 64474.5, 44, 44, 54, 4, 0]
17:54:58:401:0.720596 out [126, 63616.2, 63617.2, 64498.4, 49, 54, 53, 2, 0]
18:35:37:610:0.00497437 out [129, 66363.9, 66364.9, 66937.6, 49, 61, 53, 1, 0]
18:40:26:593:0.107773 out [130, 66560.2, 66561.2, 67226.6, 49, 45, 52, 2, 0]
18:44:51:135:0.39846 out [131, 67014.5, 67015.5, 67491.1, 41, 50, 45, 1, 0]
19:02:48:324:0.516846 out [132, 68083.8, 68084.8, 68568.3, 51, 41, 59, 1, 0]
33:24:11:164:0.371086 out [133, 119510, 119511, 120251, 61, 45, 64, 1, 0]
34:26:02:507:0.411552 out [134, 123320, 123321, 123963, 50, 48, 49, 1, 0]
34:48:50:155:0.738022 out [136, 124719, 124721, 125330, 51, 35, 50, 2, 0]
34:49:08:330:0.88739 out [135, 124719, 124720, 125348, 47, 51, 59, 1, 0]
34:52:54:545:0.0645218 out [137, 125005, 125006, 125575, 51, 60, 51, 3, 0]
34:59:43:678:0.886009 out [138, 125511, 125512, 125984, 43, 53, 49, 1, 0]
35:10:57:236:0.879898 out [140, 126171, 126172, 126657, 45, 45, 57, 2, 0]
35:11:42:047:0.695709 out [141, 126193, 126194, 126702, 45, 52, 49, 3, 0]
35:14:57:036:0.715103 out [139, 126161, 126162, 126897, 48, 53, 49, 1, 0]
35:20:18:580:0.879761 out [142, 126536, 126537, 127219, 52, 52, 53, 4, 0]
35:34:45:870:0.520187 out [145, 127563, 127564, 128086, 39, 45, 46, 3, 0]
35:35:47:119:0.988991 out [144, 127517, 127518, 128147, 54, 52, 46, 2, 0]
35:36:09:682:0.668282 out [143, 127376, 127377, 128170, 65, 57, 54, 1, 0]
35:40:12:611:0.534668 out [146, 127615, 127616, 128413, 55, 59, 51, 4, 0]
35:45:16:432:0.581093 out [148, 127974, 128147, 128716, 44, 46, 49, 2, 0]
35:45:59:989:0.840652 out [147, 127773, 128086, 128760, 55, 52, 48, 3, 0]
35:46:23:599:0.0125198 out [149, 128113, 128170, 128784, 52, 43, 50, 1, 0]
35:59:37:868:0.919922 out [150, 128900, 128901, 129578, 55, 49, 45, 1, 0]
36:05:28:617:0.550446 out [151, 129388, 129389, 129929, 44, 52, 53, 2, 0]
36:08:45:552:0.563263 out [152, 129492, 129493, 130126, 53, 51, 58, 3, 0]
36:10:35:757:0.131172 out [153, 129496, 129497, 130236, 54, 45, 52, 4, 0]
36:25:26:348:0.787857 out [154, 130166, 130167, 131126, 61, 47, 52, 1, 0]
36:28:30:628:0.338409 out [155, 130660, 130661, 131311, 46, 43, 43, 2, 0]
36:36:43:227:0.362228 out [156, 130939, 130940, 131803, 57, 46, 64, 3, 0]
36:37:34:696:0.381165 out [157, 130974, 130975, 131855, 46, 46, 47, 4, 0]
36:40:34:530:0.621124 out [158, 131078, 131079, 132035, 63, 48, 56, 5, 0]
36:40:35:240:0.290237 out [159, 131297, 131298, 132035, 46, 41, 49, 1, 0]
36:46:15:514:0.250351 out [160, 131612, 131613, 132376, 43, 60, 42, 2, 0]
36:53:26:697:0.475983 out [162, 132041, 132042, 132807, 57, 51, 49, 1, 0]
36:53:49:817:0.803932 out [161, 132009, 132010, 132830, 52, 62, 52, 3, 0]
36:53:58:824:0.527336 out [163, 132092, 132093, 132839, 49, 52, 61, 4, 0]
36:56:00:958:0.691193 out [164, 132151, 132152, 132961, 57, 63, 43, 5, 0]
36:59:10:970:0.450951 out [165, 132502, 132503, 133151, 43, 57, 48, 2, 0]
36:59:35:904:0.049469 out [166, 132544, 132545, 133176, 45, 43, 49, 6, 0]
37:09:55:901:0.345802 out [167, 133052, 133053, 133796, 54, 50, 37, 1, 0]
37:11:48:062:0.524391 out [168, 133141, 133142, 133908, 49, 46, 33, 3, 0]
37:20:37:615:0.915848 out [169, 133641, 133642, 134438, 57, 58, 56, 2, 0]
37:21:47:895:0.886017 out [171, 133834, 133835, 134508, 44, 46, 55, 4, 0]
37:27:21:910:0.21402 out [172, 134299, 134300, 134842, 43, 44, 45, 3, 0]
37:27:46:675:0.528122 out [170, 133812, 133813, 134867, 57, 61, 47, 1, 0]
37:32:18:896:0.383835 out [173, 134434, 134435, 135139, 46, 49, 47, 5, 0]
37:34:13:028:0.176857 out [175, 134532, 134533, 135253, 49, 44, 45, 4, 0]
37:36:17:461:0.585594 out [176, 134564, 134565, 135377, 61, 49, 52, 6, 0]
37:37:59:780:0.792786 out [177, 134654, 134655, 135480, 49, 47, 52, 7, 0]
37:38:27:938:0.0574951 out [174, 134488, 134489, 135508, 64, 51, 61, 2, 0]
37:42:27:564:0.609123 out [178, 135071, 135072, 135748, 40, 49, 59, 1, 0]
37:48:18:636:0.205269 out [179, 135313, 135314, 136099, 55, 48, 57, 3, 0]
37:51:24:145:0.10305 out [180, 135420, 135421, 136284, 50, 39, 53, 4, 0]
37:51:48:098:0.555161 out [183, 135627, 135628, 136308, 49, 66, 52, 6, 0]
37:51:53:120:0.495392 out [182, 135621, 135622, 136313, 48, 37, 40, 5, 0]
37:52:40:833:0.285881 out [184, 135716, 135717, 136361, 48, 43, 41, 7, 0]
37:53:08:389:0.141632 out [181, 135510, 135511, 136388, 50, 47, 58, 2, 0]
37:54:33:719:0.117714 out [185, 135774, 135775, 136474, 45, 51, 45, 1, 0]
37:55:21:703:0.748299 out [187, 135989, 135990, 136522, 42, 51, 53, 9, 0]
37:59:13:529:0.633118 out [186, 135862, 135863, 136754, 52, 42, 61, 8, 0]
37:59:46:428:0.175117 out [188, 136030, 136099, 136786, 46, 50, 44, 3, 0]
38:00:40:539:0.495613 out [191, 136142, 136313, 136841, 37, 50, 56, 5, 0]
38:03:01:435:0.520317 out [189, 136075, 136284, 136981, 43, 49, 56, 4, 0]
38:03:32:951:0.647903 out [190, 136099, 136308, 137013, 52, 51, 41, 6, 0]
38:04:07:936:0.715675 out [193, 136502, 136503, 137048, 35, 37, 37, 1, 0]
38:04:48:305:0.818703 out [192, 136299, 136361, 137088, 52, 54, 45, 7, 0]
38:11:40:089:0.86528 out [194, 136596, 136597, 137500, 53, 49, 36, 2, 0]
38:12:29:215:0.639664 out [195, 136949, 136950, 137549, 43, 48, 47, 3, 0]
38:17:04:407:0.460762 out [196, 137133, 137134, 137824, 49, 62, 47, 1, 0]
38:20:41:552:0.247597 out [199, 137421, 137422, 138042, 51, 55, 36, 6, 0]
38:21:45:545:0.335365 out [198, 137388, 137389, 138106, 48, 56, 56, 5, 0]
38:22:44:708:0.850456 out [197, 137233, 137234, 138165, 50, 55, 45, 4, 0]
38:26:40:175:0.0913391 out [200, 137698, 137699, 138400, 49, 55, 37, 2, 0]
38:27:18:379:0.542185 out [201, 137715, 137716, 138438, 52, 57, 42, 3, 0]
38:31:28:079:0.771591 out [202, 137934, 137935, 138688, 54, 48, 51, 1, 0]
38:37:46:978:0.796912 out [203, 138332, 138333, 139067, 47, 35, 50, 4, 0]
38:41:41:497:0.514142 out [205, 138755, 138756, 139301, 48, 52, 49, 1, 0]
38:47:14:616:0.413547 out [204, 138579, 138580, 139635, 55, 54, 54, 2, 0]
38:51:38:669:0.496132 out [206, 139115, 139116, 139899, 57, 56, 68, 3, 0]
38:52:14:821:0.744276 out [208, 139420, 139421, 139935, 45, 51, 42, 1, 0]
38:55:24:681:0.131674 out [207, 139252, 139253, 140125, 51, 45, 43, 4, 0]
38:56:51:887:0.477947 out [209, 139611, 139612, 140212, 37, 55, 45, 5, 0]
39:02:16:603:0.436543 out [210, 139753, 139754, 140537, 53, 58, 43, 2, 0]
39:03:45:481:0.466366 out [211, 139842, 139843, 140625, 57, 38, 55, 6, 0]
39:06:35:842:0.750622 out [214, 140112, 140113, 140796, 47, 45, 46, 7, 0]
39:06:39:883:0.162094 out [212, 139972, 139973, 140800, 59, 46, 53, 1, 0]
39:07:01:376:0.719547 out [215, 140200, 140201, 140821, 41, 53, 57, 4, 0]
39:07:47:602:0.457119 out [216, 140233, 140234, 140868, 48, 59, 56, 5, 0]
39:08:44:261:0.286331 out [213, 140054, 140055, 140924, 53, 49, 40, 3, 0]
39:12:08:960:0.413052 out [218, 140341, 140342, 141129, 52, 54, 49, 9, 0]
39:13:37:262:0.655807 out [217, 140316, 140317, 141217, 54, 47, 48, 8, 0]
39:15:32:731:0.156971 out [219, 140404, 140537, 141333, 53, 41, 51, 2, 0]
39:19:18:931:0.929256 out [224, 140777, 140868, 141559, 52, 48, 46, 5, 0]
39:19:52:539:0.20665 out [222, 140619, 140800, 141593, 48, 54, 64, 1, 0]
39:20:00:757:0.129337 out [223, 140744, 140821, 141601, 51, 57, 40, 4, 0]
39:20:43:728:0.275921 out [220, 140542, 140625, 141644, 64, 48, 44, 6, 0]
39:21:19:108:0.558323 out [221, 140618, 140796, 141679, 56, 43, 43, 7, 0]
39:21:48:543:0.00942612 out [226, 140986, 141129, 141709, 41, 54, 36, 9, 0]
39:23:39:963:0.995529 out [227, 141221, 141222, 141820, 41, 58, 59, 8, 0]
39:23:51:753:0.952576 out [225, 140951, 140952, 141832, 53, 49, 49, 3, 0]
39:28:29:084:0.589554 out [228, 141589, 141590, 142109, 34, 50, 48, 2, 0]
39:40:30:994:0.458748 out [229, 142258, 142259, 142831, 40, 48, 58, 1, 0]
39:49:18:990:0.753723 out [231, 142825, 142826, 143359, 40, 40, 43, 3, 0]
39:52:38:073:0.73674 out [230, 142764, 142765, 143558, 57, 50, 54, 2, 0]
39:54:25:831:0.595016 out [232, 142829, 142830, 143666, 61, 48, 62, 4, 0]
39:54:34:183:0.932854 out [233, 143090, 143091, 143674, 48, 44, 55, 1, 0]
39:58:30:405:0.872894 out [234, 143257, 143258, 143910, 47, 42, 38, 5, 0]
40:01:15:080:0.14257 out [237, 143444, 143445, 144075, 45, 52, 54, 7, 0]
40:01:56:891:0.975952 out [235, 143407, 143408, 144117, 53, 54, 43, 3, 0]
40:06:01:991:0.641594 out [236, 143439, 143440, 144362, 64, 42, 53, 6, 0]
40:10:29:557:0.707382 out [238, 143830, 143831, 144630, 58, 48, 54, 1, 0]
40:15:08:091:0.805054 out [239, 144081, 144082, 144908, 53, 47, 48, 2, 0]
40:21:25:634:0.335114 out [240, 144621, 144622, 145286, 47, 47, 45, 3, 0]
40:22:48:974:0.358154 out [241, 144695, 144696, 145369, 42, 61, 43, 1, 0]
40:28:23:372:0.582985 out [242, 144775, 144776, 145703, 69, 55, 48, 4, 0]
40:28:24:235:0.262466 out [244, 144987, 144988, 145704, 52, 59, 46, 2, 0]
40:28:41:013:0.274742 out [243, 144810, 144811, 145721, 60, 50, 53, 5, 0]
40:41:27:931:0.456161 out [245, 145762, 145763, 146488, 49, 42, 61, 1, 0]
40:44:20:565:0.596176 out [246, 145985, 145986, 146661, 46, 38, 44, 2, 0]
40:46:59:699:0.486328 out [248, 146283, 146284, 146820, 41, 56, 48, 4, 0]
40:48:15:603:0.414131 out [247, 146239, 146240, 146896, 48, 48, 50, 3, 0]
40:49:01:413:0.622452 out [250, 146397, 146398, 146941, 34, 50, 55, 6, 0]
40:50:48:227:0.261139 out [249, 146305, 146306, 147048, 47, 48, 54, 5, 0]
40:56:01:827:0.750755 out [251, 146610, 146611, 147362, 41, 51, 54, 1, 0]
40:57:07:925:0.589706 out [252, 146610, 146612, 147428, 51, 50, 48, 7, 0]
40:58:41:475:0.760056 out [253, 146983, 146984, 147521, 37, 43, 43, 2, 0]
41:12:05:197:0.643829 out [254, 147538, 147539, 148325, 48, 48, 66, 1, 0]
41:12:10:995:0.848251 out [256, 147723, 147724, 148331, 50, 42, 38, 3, 0]
41:12:44:264:0.166428 out [255, 147713, 147714, 148364, 43, 59, 44, 2, 0]
41:17:24:484:0.00170898 out [257, 147774, 147775, 148644, 51, 51, 39, 4, 0]
41:23:26:750:0.740601 out [258, 148312, 148313, 149007, 42, 46, 61, 5, 0]
41:32:21:284:0.153534 out [260, 149007, 149008, 149541, 42, 58, 41, 2, 0]
41:36:26:360:0.106064 out [259, 148885, 148886, 149786, 52, 57, 55, 1, 0]
41:40:14:231:0.0186157 out [261, 149199, 149200, 150014, 54, 52, 42, 3, 0]
41:47:48:788:0.0016098 out [263, 149733, 149734, 150469, 45, 51, 42, 4, 0]
41:48:23:051:0.422668 out [265, 149865, 149866, 150503, 43, 36, 51, 1, 0]
41:48:37:692:0.194534 out [262, 149711, 149712, 150518, 54, 51, 46, 2, 0]
41:48:41:288:0.646294 out [264, 149740, 149741, 150521, 52, 55, 53, 5, 0]
42:00:08:357:0.508255 out [266, 150671, 150672, 151208, 50, 56, 60, 1, 0]
42:03:49:674:0.583984 out [268, 150761, 150762, 151430, 43, 45, 75, 3, 0]
42:05:40:448:0.332382 out [267, 150674, 150675, 151540, 55, 51, 44, 2, 0]
42:10:49:662:0.920547 out [269, 151162, 151163, 151850, 49, 52, 55, 4, 0]
42:26:58:012:0.875153 out [270, 152134, 152135, 152818, 55, 34, 49, 1, 0]
42:27:28:359:0.180046 out [271, 152311, 152312, 152848, 42, 53, 53, 2, 0]
42:37:02:196:0.376396 out [272, 152538, 152539, 153422, 74, 49, 58, 3, 0]
43:12:11:973:0.710609 out [273, 154779, 154780, 155532, 54, 49, 43, 1, 0]
57:20:05:510:0.678841 out [274, 205731, 205732, 206406, 57, 56, 43, 1, 0]
57:51:14:977:0.329803 out [275, 207556, 207557, 208275, 54, 44, 50, 1, 0]
58:24:10:108:0.0175171 out [276, 209478, 209479, 210250, 50, 55, 48, 1, 0]
59:13:25:562:0.00654602 out [277, 212598, 212599, 213206, 55, 56, 42, 1, 0]
59:25:12:027:0.338577 out [278, 213433, 213434, 213912, 39, 52, 51, 1, 0]
59:29:31:572:0.115494 out [279, 213449, 213450, 214172, 55, 51, 61, 2, 0]
59:42:14:774:0.683548 out [281, 214564, 214565, 214935, 38, 39, 47, 2, 0]
59:44:24:727:0.226807 out [280, 214359, 214360, 215065, 53, 38, 51, 1, 0]
59:47:07:989:0.651276 out [282, 214690, 214691, 215228, 36, 48, 45, 3, 0]
60:00:41:307:0.118011 out [283, 215438, 215439, 216041, 56, 38, 51, 1, 0]
60:22:02:081:0.752373 out [284, 216608, 216609, 217322, 53, 57, 54, 1, 0]
60:27:52:114:0.391876 out [285, 216786, 216787, 217672, 57, 53, 57, 2, 0]
60:29:40:911:0.180092 out [286, 216909, 216910, 217781, 54, 57, 52, 3, 0]
60:32:48:443:0.194939 out [287, 217384, 217385, 217968, 42, 63, 62, 1, 0]
60:45:26:968:0.998505 out [290, 218090, 218091, 218727, 41, 48, 51, 3, 0]
60:46:54:000:0.769211 out [288, 217955, 217956, 218814, 44, 60, 56, 2, 0]
60:48:51:069:0.340302 out [293, 218344, 218345, 218931, 42, 61, 45, 6, 0]
60:48:51:695:0.0832138 out [289, 218025, 218026, 218932, 72, 55, 51, 1, 0]
60:52:09:907:0.304359 out [291, 218194, 218195, 219130, 53, 50, 47, 4, 0]
60:52:40:852:0.892471 out [292, 218307, 218308, 219161, 54, 54, 46, 5, 0]
60:58:57:881:0.912781 out [294, 218833, 218834, 219538, 43, 57, 56, 2, 0]
61:01:21:127:0.960754 out [295, 218877, 218878, 219681, 53, 43, 52, 3, 0]
61:01:38:485:0.754562 out [296, 218909, 218910, 219698, 52, 45, 39, 7, 0]
61:03:40:614:0.121033 out [297, 219101, 219102, 219821, 41, 43, 53, 1, 0]
61:05:09:731:0.728149 out [298, 219318, 219319, 219910, 44, 53, 46, 4, 0]
61:13:21:746:0.838165 out [299, 219659, 219660, 220402, 55, 64, 58, 2, 0]
61:21:39:281:0.515671 out [300, 220090, 220091, 220899, 56, 63, 45, 1, 0]
61:25:47:102:0.637436 out [302, 220478, 220480, 221147, 46, 55, 51, 3, 0]
61:30:09:791:0.718079 out [301, 220478, 220479, 221410, 48, 42, 51, 2, 0]
61:30:43:393:0.951965 out [304, 220788, 220789, 221443, 40, 57, 55, 5, 0]
61:32:41:143:0.988205 out [303, 220595, 220596, 221561, 50, 56, 57, 4, 0]
61:35:38:090:0.826584 out [305, 221046, 221047, 221738, 52, 55, 44, 1, 0]
61:38:15:453:0.266693 out [307, 221145, 221146, 221895, 51, 36, 57, 7, 0]
61:38:46:573:0.608948 out [306, 221120, 221121, 221927, 49, 45, 51, 6, 0]
61:40:26:998:0.826576 out [308, 221299, 221300, 222027, 47, 52, 42, 3, 0]
61:41:18:099:0.435402 out [309, 221302, 221303, 222078, 48, 50, 54, 8, 0]
61:41:20:239:0.208366 out [312, 221422, 221443, 222080, 47, 37, 53, 5, 0]
61:41:51:394:0.609596 out [311, 221401, 221410, 222111, 54, 55, 44, 2, 0]
61:42:27:280:0.981613 out [310, 221386, 221387, 222147, 49, 43, 44, 9, 0]
61:47:52:109:0.223915 out [313, 221561, 221562, 222472, 59, 61, 41, 4, 0]
61:50:45:226:0.115372 out [314, 221611, 221738, 222645, 63, 44, 60, 1, 0]
61:51:40:409:0.586502 out [315, 222028, 222029, 222700, 45, 62, 55, 3, 0]
62:01:20:344:0.976974 out [317, 222514, 222515, 223280, 50, 42, 53, 4, 0]
62:01:24:393:0.234802 out [316, 222479, 222480, 223284, 52, 54, 59, 2, 0]
62:06:35:079:0.245163 out [318, 222767, 222768, 223595, 49, 52, 50, 1, 0]
62:07:36:041:0.49015 out [319, 223024, 223025, 223656, 47, 50, 71, 3, 0]
62:14:52:079:0.665257 out [320, 223210, 223211, 224092, 62, 57, 48, 5, 0]
62:15:19:014:0.350487 out [322, 223441, 223442, 224119, 45, 45, 49, 2, 0]
62:16:14:520:0.917011 out [323, 223552, 223553, 224175, 44, 58, 50, 6, 0]
62:17:50:854:0.953838 out [321, 223280, 223281, 224271, 66, 58, 48, 4, 0]
62:25:20:111:0.922813 out [324, 224153, 224154, 224720, 38, 37, 52, 1, 0]
62:27:08:115:0.375591 out [325, 224218, 224219, 224828, 39, 51, 43, 2, 0]
62:31:23:371:0.6882 out [326, 224283, 224284, 225083, 47, 55, 44, 3, 0]
62:32:56:213:0.939024 out [327, 224559, 224560, 225176, 42, 57, 40, 4, 0]
62:35:49:768:0.775059 out [331, 224726, 224727, 225350, 52, 51, 49, 1, 0]
62:36:04:574:0.93384 out [330, 224702, 224703, 225365, 48, 51, 49, 7, 0]
62:36:50:608:0.671261 out [328, 224587, 224588, 225411, 59, 54, 45, 5, 0]
62:36:56:301:0.382376 out [329, 224619, 224620, 225416, 48, 44, 66, 6, 0]
62:37:43:261:0.640979 out [332, 224769, 224770, 225463, 41, 39, 51, 8, 0]
62:39:57:463:0.443245 out [334, 224887, 224888, 225597, 48, 59, 71, 9, 0]
62:41:03:430:0.270089 out [333, 224886, 224887, 225663, 49, 51, 45, 2, 0]
62:43:51:867:0.66329 out [335, 224976, 225083, 225832, 48, 54, 52, 3, 0]
62:47:32:259:0.342445 out [336, 225201, 225202, 226052, 56, 56, 52, 4, 0]
62:49:47:515:0.75246 out [337, 225216, 225350, 226188, 54, 64, 48, 1, 0]
62:50:35:454:0.729464 out [338, 225236, 225365, 226235, 63, 50, 47, 7, 0]
62:53:43:202:0.535702 out [339, 225655, 225656, 226423, 59, 58, 52, 5, 0]
62:56:41:084:0.795547 out [340, 226046, 226047, 226601, 41, 48, 26, 2, 0]
63:03:27:695:0.493294 out [341, 226424, 226426, 227008, 42, 55, 53, 1, 0]
63:09:45:042:0.491508 out [343, 226912, 226913, 227385, 38, 50, 40, 2, 0]
63:10:55:196:0.487022 out [342, 226529, 226530, 227455, 48, 41, 63, 3, 0]
63:15:14:303:0.149773 out [344, 226942, 226943, 227714, 47, 60, 54, 4, 0]
63:19:25:617:0.184235 out [345, 227230, 227231, 227966, 49, 43, 48, 1, 0]
63:23:10:049:0.564911 out [347, 227504, 227505, 228190, 56, 42, 48, 3, 0]
63:24:44:937:0.537743 out [346, 227501, 227502, 228285, 50, 49, 51, 2, 0]
63:28:05:828:0.302933 out [348, 227794, 227795, 228486, 49, 35, 67, 4, 0]
63:35:25:162:0.715508 out [349, 228201, 228202, 228925, 56, 57, 46, 1, 0]
63:38:49:308:0.746887 out [350, 228399, 228400, 229129, 46, 52, 52, 2, 0]
63:42:26:047:0.0109711 out [352, 228625, 228626, 229346, 49, 50, 50, 4, 0]
63:42:59:381:0.273819 out [351, 228535, 228536, 229379, 64, 43, 56, 3, 0]
63:47:37:945:0.000244141 out [353, 229080, 229081, 229658, 40, 45, 41, 1, 0]
63:50:37:921:0.835495 out [355, 229397, 229398, 229838, 35, 53, 49, 3, 0]
63:54:30:670:0.578552 out [354, 229320, 229321, 230071, 50, 62, 52, 2, 0]
64:02:52:131:0.460739 out [356, 229788, 229789, 230572, 58, 47, 44, 1, 0]
64:07:00:973:0.131729 out [357, 229965, 229966, 230821, 54, 45, 36, 3, 0]
64:12:50:128:0.874374 out [358, 230254, 230255, 231170, 58, 39, 56, 2, 0]
64:28:16:214:0.378906 out [359, 231387, 231388, 232096, 45, 52, 52, 1, 0]
64:30:15:998:0.68734 out [361, 231505, 231506, 232216, 46, 47, 42, 3, 0]
64:31:51:931:0.784225 out [360, 231459, 231460, 232312, 62, 38, 52, 2, 0]
64:37:40:283:0.904625 out [362, 231808, 231809, 232660, 58, 52, 50, 4, 0]
64:44:53:471:0.508575 out [363, 232161, 232162, 233093, 62, 57, 48, 1, 0]
64:46:38:426:0.738335 out [364, 232473, 232474, 233198, 50, 59, 57, 2, 0]
64:48:33:796:0.683861 out [365, 232539, 232540, 233314, 50, 54, 54, 3, 0]
64:59:11:317:0.497803 out [366, 232950, 232951, 233951, 63, 55, 40, 4, 0]
65:04:25:664:0.167 out [368, 233605, 233606, 234266, 48, 53, 48, 2, 0]
65:04:38:377:0.160622 out [370, 233710, 233711, 234278, 36, 49, 39, 5, 0]
65:07:18:860:0.807968 out [367, 233601, 233602, 234439, 60, 56, 45, 1, 0]
65:08:36:373:0.802734 out [369, 233706, 233707, 234516, 58, 46, 60, 3, 0]
65:10:13:410:0.840584 out [371, 233891, 233892, 234613, 48, 42, 62, 6, 0]
65:14:37:244:0.0706024 out [372, 234193, 234194, 234877, 45, 70, 53, 4, 0]
65:26:45:448:0.56031 out [373, 234931, 234932, 235605, 50, 53, 51, 1, 0]
65:46:00:740:0.15863 out [374, 235938, 235939, 236761, 57, 53, 53, 1, 0]
66:15:06:677:0.491737 out [375, 237937, 237938, 238507, 47, 37, 58, 1, 0]
67:33:50:300:0.33548 out [376, 242593, 242594, 243230, 49, 46, 32, 1, 0]
82:02:53:655:0.924393 out [377, 294873, 294874, 295374, 45, 53, 43, 1, 0]
82:40:04:514:0.626099 out [378, 297126, 297127, 297605, 45, 41, 59, 1, 0]
82:55:49:365:0.126205 out [379, 298005, 298006, 298549, 47, 42, 34, 1, 0]
83:00:15:258:0.706642 out [380, 298382, 298383, 298815, 40, 47, 52, 2, 0]
83:07:02:897:0.39473 out [381, 298657, 298658, 299223, 55, 52, 56, 1, 0]
83:14:08:664:0.61618 out [382, 299092, 299093, 299649, 43, 48, 50, 2, 0]
83:17:35:920:0.874191 out [383, 299292, 299293, 299856, 41, 61, 48, 1, 0]
83:22:49:465:0.880943 out [384, 299661, 299662, 300169, 45, 55, 46, 2, 0]
83:26:59:808:0.0850372 out [385, 299795, 299796, 300420, 53, 61, 46, 3, 0]
83:29:54:571:0.458412 out [386, 299908, 299909, 300595, 59, 48, 74, 1, 0]
83:30:22:379:0.0965805 out [387, 300170, 300171, 300622, 46, 54, 39, 2, 0]
83:36:29:779:0.745651 out [388, 300478, 300479, 300990, 45, 70, 53, 3, 0]
83:52:12:356:0.669975 out [389, 301414, 301415, 301932, 40, 58, 62, 1, 0]
83:54:58:270:0.515991 out [390, 301506, 301507, 302098, 51, 37, 56, 2, 0]
84:05:23:636:0.131836 out [391, 301991, 301992, 302724, 56, 40, 61, 1, 0]
84:08:16:024:0.981094 out [392, 302142, 302143, 302896, 62, 36, 42, 2, 0]
84:16:27:842:0.994286 out [394, 302720, 302721, 303388, 51, 45, 47, 4, 0]
84:18:44:961:0.147858 out [393, 302685, 302686, 303525, 58, 54, 56, 3, 0]
84:23:01:267:0.147614 out [395, 303045, 303046, 303781, 49, 59, 53, 1, 0]
84:26:59:334:0.444595 out [396, 303199, 303200, 304019, 58, 44, 44, 2, 0]
84:27:08:982:0.527328 out [397, 303440, 303441, 304029, 35, 62, 56, 4, 0]
84:46:12:762:0.674881 out [399, 304524, 304525, 305173, 40, 36, 42, 2, 0]
84:46:16:201:0.40226 out [398, 304172, 304173, 305176, 61, 55, 59, 1, 0]
84:48:42:323:0.11113 out [400, 304590, 304591, 305322, 53, 52, 47, 3, 0]
84:50:05:690:0.271927 out [401, 304822, 304823, 305406, 43, 45, 61, 4, 0]
85:00:14:304:0.142548 out [402, 305161, 305162, 306014, 52, 48, 58, 5, 0]
85:05:55:595:0.932556 out [404, 305555, 305556, 306356, 55, 61, 38, 2, 0]
85:08:11:567:0.831589 out [403, 305501, 305502, 306492, 55, 56, 53, 1, 0]
85:09:31:650:0.217606 out [405, 305767, 305768, 306572, 50, 55, 46, 3, 0]
85:10:41:699:0.308945 out [407, 306010, 306011, 306642, 44, 45, 42, 6, 0]
85:11:08:964:0.985443 out [406, 305942, 305943, 306669, 53, 54, 55, 4, 0]
85:14:18:318:0.543983 out [408, 306213, 306214, 306858, 48, 46, 48, 5, 0]
85:15:50:622:0.980667 out [409, 306269, 306270, 306951, 46, 52, 54, 7, 0]
85:20:29:413:0.191391 out [411, 306439, 306440, 307229, 43, 53, 58, 8, 0]
85:21:14:906:0.529022 out [410, 306390, 306391, 307275, 59, 42, 58, 2, 0]
85:25:47:376:0.811577 out [412, 306741, 306742, 307547, 51, 58, 51, 1, 0]
85:34:58:243:0.193222 out [415, 307509, 307510, 308098, 41, 53, 53, 4, 0]
85:36:38:636:0.714531 out [413, 307456, 307457, 308199, 50, 47, 59, 2, 0]
85:38:19:906:0.810356 out [414, 307473, 307474, 308300, 59, 37, 45, 3, 0]
85:38:49:503:0.829552 out [416, 307737, 307738, 308330, 48, 44, 56, 1, 0]
85:39:34:715:0.626312 out [417, 307779, 307780, 308375, 41, 55, 35, 5, 0]
85:45:09:983:0.307434 out [418, 308165, 308166, 308710, 48, 48, 51, 4, 0]
85:48:31:434:0.818817 out [419, 308307, 308308, 308911, 40, 45, 49, 2, 0]
85:48:42:236:0.707283 out [420, 308402, 308403, 308922, 45, 50, 33, 1, 0]
85:52:53:447:0.734428 out [423, 308606, 308607, 309173, 36, 44, 53, 6, 0]
85:55:35:080:0.23317 out [421, 308460, 308461, 309335, 52, 55, 60, 3, 0]
85:57:29:233:0.457161 out [424, 308732, 308733, 309449, 49, 50, 49, 4, 0]
85:59:01:764:0.685226 out [422, 308510, 308511, 309542, 66, 58, 59, 5, 0]
86:03:27:869:0.72673 out [425, 309209, 309210, 309808, 46, 57, 49, 1, 0]
86:06:32:794:0.0870056 out [426, 309221, 309222, 309993, 43, 48, 34, 2, 0]
86:09:18:561:0.637474 out [431, 309630, 309631, 310159, 38, 60, 51, 7, 0]
86:09:49:091:0.782166 out [428, 309486, 309487, 310189, 41, 34, 47, 3, 0]
86:10:05:729:0.989601 out [430, 309575, 309576, 310206, 48, 51, 54, 5, 0]
86:10:08:793:0.76371 out [427, 309329, 309330, 310209, 50, 43, 38, 6, 0]
86:13:41:708:0.346916 out [429, 309505, 309506, 310422, 52, 49, 59, 4, 0]
86:16:20:569:0.948746 out [433, 309868, 309869, 310581, 55, 37, 47, 1, 0]
86:16:38:101:0.191593 out [432, 309760, 309761, 310598, 60, 53, 49, 8, 0]
86:16:47:994:0.599415 out [434, 309917, 309918, 310608, 42, 44, 56, 9, 0]
86:19:26:857:0.685638 out [435, 310101, 310102, 310767, 50, 45, 38, 2, 0]
86:20:54:346:0.757008 out [436, 310164, 310165, 310854, 50, 45, 51, 7, 0]
86:24:40:678:0.305698 out [439, 310589, 310590, 311081, 41, 53, 40, 1, 0]
86:25:10:701:0.40369 out [437, 310232, 310233, 311111, 52, 64, 45, 3, 0]
86:27:56:727:0.88508 out [438, 310528, 310529, 311277, 49, 60, 69, 4, 0]
86:29:17:324:0.171377 out [440, 310635, 310636, 311357, 41, 59, 43, 5, 0]
86:29:56:931:0.664301 out [442, 310931, 310932, 311397, 32, 56, 54, 6, 0]
86:33:32:026:0.101185 out [441, 310843, 310844, 311612, 54, 43, 59, 2, 0]
86:39:46:785:0.367896 out [444, 311397, 311398, 311987, 42, 56, 60, 3, 0]
86:41:21:090:0.404583 out [443, 311155, 311156, 312081, 64, 52, 48, 1, 0]
86:43:45:661:0.376191 out [446, 311618, 311619, 312226, 42, 52, 36, 2, 0]
86:44:34:577:0.449215 out [445, 311595, 311596, 312275, 44, 50, 51, 4, 0]
86:45:36:468:0.365026 out [448, 311682, 311683, 312336, 46, 58, 45, 6, 0]
86:46:52:634:0.201241 out [447, 311671, 311672, 312413, 54, 61, 43, 5, 0]
86:47:27:058:0.11329 out [449, 311704, 311705, 312447, 50, 50, 54, 7, 0]
86:49:00:407:0.263709 out [450, 311776, 311777, 312540, 53, 50, 39, 8, 0]
86:54:52:152:0.97134 out [451, 312266, 312267, 312892, 47, 53, 50, 1, 0]
86:56:54:175:0.702644 out [453, 312316, 312317, 313014, 41, 61, 61, 3, 0]
86:57:04:501:0.409365 out [452, 312278, 312279, 313025, 52, 63, 51, 2, 0]
86:59:26:474:0.292828 out [455, 312552, 312553, 313166, 48, 47, 62, 5, 0]
87:02:00:220:0.583988 out [456, 312646, 312647, 313320, 43, 49, 57, 6, 0]
87:03:15:422:0.840191 out [457, 312684, 312685, 313395, 47, 52, 56, 7, 0]
87:03:24:320:0.197655 out [454, 312473, 312474, 313404, 57, 36, 47, 4, 0]
87:08:56:595:0.467163 out [459, 312950, 312951, 313737, 55, 56, 57, 8, 0]
87:09:05:628:0.359867 out [460, 312963, 312964, 313746, 52, 42, 51, 9, 0]
87:11:17:472:0.392632 out [458, 312947, 312948, 313877, 55, 54, 40, 1, 0]
87:11:41:999:0.538017 out [461, 313085, 313086, 313902, 48, 45, 45, 2, 0]
87:17:43:245:0.449615 out [463, 313555, 313556, 314263, 43, 49, 49, 4, 0]
87:18:25:762:0.553764 out [465, 313625, 313626, 314306, 50, 47, 64, 6, 0]
87:19:34:807:0.976318 out [464, 313559, 313560, 314375, 57, 61, 49, 5, 0]
87:20:06:525:0.933815 out [462, 313486, 313487, 314407, 60, 54, 54, 3, 0]
87:20:41:343:0.490196 out [466, 313744, 313745, 314441, 48, 50, 51, 7, 0]
87:25:13:048:0.714233 out [470, 314246, 314247, 314713, 40, 55, 49, 9, 0]
87:25:53:874:0.541832 out [469, 314101, 314102, 314754, 51, 43, 58, 2, 0]
87:26:17:910:0.521103 out [467, 313791, 313792, 314778, 55, 54, 54, 8, 0]
87:27:09:118:0.481232 out [468, 313973, 313974, 314829, 60, 58, 55, 1, 0]
87:30:11:244:0.245125 out [473, 314403, 314404, 315011, 40, 49, 51, 6, 0]
87:30:38:728:0.512909 out [471, 314250, 314263, 315039, 52, 55, 48, 4, 0]
87:31:25:371:0.0885773 out [472, 314388, 314389, 315085, 46, 54, 54, 5, 0]
87:35:56:467:0.557503 out [474, 314548, 314549, 315356, 54, 41, 36, 3, 0]
87:37:18:820:0.130898 out [475, 314712, 314713, 315439, 47, 48, 45, 7, 0]
87:40:52:216:0.927124 out [476, 314826, 314827, 315652, 59, 52, 56, 2, 0]
87:42:07:892:0.0884857 out [478, 315001, 315002, 315728, 42, 39, 46, 8, 0]
87:42:14:423:0.502518 out [479, 315005, 315006, 315734, 50, 57, 56, 9, 0]
87:43:12:565:0.601898 out [477, 314970, 314971, 315793, 57, 53, 45, 1, 0]
87:43:47:969:0.80722 out [481, 315262, 315263, 315828, 42, 52, 46, 5, 0]
87:47:25:913:0.165642 out [480, 315071, 315072, 316046, 61, 46, 64, 4, 0]
87:52:00:256:0.568504 out [482, 315569, 315570, 316320, 51, 45, 65, 3, 0]
87:52:15:160:0.924507 out [485, 315660, 315661, 316335, 45, 40, 50, 2, 0]
87:53:10:484:0.301163 out [484, 315630, 315631, 316390, 49, 49, 51, 7, 0]
87:53:36:167:0.93306 out [483, 315628, 315629, 316416, 60, 44, 49, 6, 0]
87:57:36:569:0.0160522 out [486, 315969, 315970, 316657, 46, 47, 64, 1, 0]
88:05:50:492:0.476059 out [489, 316497, 316498, 317150, 46, 45, 41, 4, 0]
88:07:16:271:0.689011 out [488, 316488, 316489, 317236, 44, 56, 45, 3, 0]
88:08:15:702:0.680183 out [487, 316444, 316445, 317296, 58, 50, 54, 2, 0]
88:08:17:212:0.151123 out [491, 316591, 316592, 317297, 52, 46, 55, 6, 0]
88:09:01:012:0.447906 out [492, 316656, 316657, 317341, 47, 47, 52, 7, 0]
88:09:23:766:0.499115 out [490, 316552, 316553, 317364, 46, 51, 40, 5, 0]
88:15:43:132:0.0176849 out [493, 317206, 317207, 317743, 38, 58, 57, 1, 0]
88:17:37:033:0.428741 out [496, 317291, 317292, 317857, 40, 59, 48, 3, 0]
88:19:41:051:0.317764 out [497, 317378, 317379, 317981, 44, 45, 58, 2, 0]
88:20:28:062:0.314583 out [495, 317226, 317227, 318028, 54, 52, 56, 8, 0]
88:20:28:313:0.280655 out [498, 317414, 317415, 318028, 46, 57, 44, 5, 0]
88:20:36:169:0.932915 out [494, 317223, 317224, 318036, 55, 62, 47, 4, 0]
88:23:27:684:0.817863 out [499, 317536, 317537, 318208, 54, 45, 60, 6, 0]
88:24:47:566:0.0482178 out [500, 317672, 317673, 318288, 47, 50, 60, 7, 0]
88:28:22:011:0.991096 out [501, 317686, 317687, 318502, 48, 50, 59, 9, 0]
88:30:51:245:0.573593 out [502, 317886, 317887, 318651, 52, 38, 49, 1, 0]
88:35:33:471:0.184326 out [503, 318312, 318313, 318933, 41, 57, 49, 2, 0]
88:51:17:872:0.840477 out [504, 319118, 319119, 319878, 55, 46, 44, 1, 0]
88:55:13:965:0.372635 out [505, 319430, 319431, 320114, 50, 51, 58, 2, 0]
88:56:35:796:0.593262 out [507, 319624, 319625, 320196, 57, 50, 41, 4, 0]
89:01:49:129:0.470421 out [506, 319544, 319545, 320509, 62, 47, 42, 3, 0]
89:18:07:458:0.361221 out [508, 320972, 320973, 321487, 40, 39, 52, 1, 0]
89:24:04:672:0.496391 out [509, 320992, 320993, 321845, 54, 61, 53, 2, 0]
89:25:10:927:0.481247 out [510, 321152, 321153, 321911, 48, 37, 54, 3, 0]
89:30:31:890:0.302254 out [511, 321675, 321676, 322232, 42, 54, 56, 1, 0]
89:34:42:632:0.699562 out [512, 321743, 321744, 322483, 53, 48, 46, 4, 0]
89:37:01:357:0.790543 out [513, 321928, 321929, 322621, 45, 62, 40, 2, 0]
89:47:51:469:0.864441 out [514, 322699, 322700, 323271, 43, 51, 51, 1, 0]
89:53:51:732:0.212616 out [515, 322895, 322896, 323632, 46, 55, 42, 2, 0]
89:55:07:236:0.45742 out [516, 323037, 323038, 323707, 45, 45, 42, 3, 0]
90:10:14:615:0.591599 out [517, 323889, 323890, 324615, 52, 42, 43, 1, 0]
90:14:29:151:0.899887 out [518, 324179, 324180, 324869, 64, 51, 62, 2, 0]
90:22:15:721:0.378876 out [519, 324707, 324708, 325336, 49, 36, 44, 1, 0]
90:23:07:368:0.198944 out [520, 324939, 324940, 325387, 38, 45, 50, 2, 0]
90:31:14:403:0.946472 out [521, 325169, 325170, 325874, 53, 51, 51, 3, 0]
90:34:10:286:0.634041 out [522, 325391, 325392, 326050, 57, 44, 63, 1, 0]
90:38:31:515:0.442444 out [523, 325772, 325773, 326312, 51, 51, 40, 2, 0]
90:51:08:128:0.490997 out [524, 326486, 326487, 327068, 52, 46, 52, 1, 0]
91:05:19:959:0.282471 out [525, 327354, 327355, 327920, 38, 54, 60, 1, 0]
91:06:20:432:0.549072 out [526, 327538, 327539, 327980, 42, 47, 51, 2, 0]
91:39:51:505:0.957199 out [527, 329230, 329231, 329992, 57, 32, 58, 1, 0]
91:40:39:144:0.416405 out [528, 329382, 329383, 330039, 60, 66, 46, 2, 0]
