10:03:08:438:0.364578 out [0, 35665.8, 35666.8, 36188.4, 44, 49, 49, 1, 0]
10:03:19:959:0.164215 out [1, 35681.7, 35682.7, 36200, 43, 44, 44, 2, 0]
10:11:38:361:0.761642 out [2, 36115.5, 36116.5, 36698.4, 42, 49, 49, 3, 0]
10:16:23:993:0.41066 out [3, 36402.4, 36403.4, 36984, 46, 54, 49, 1, 0]
11:09:52:926:0.720215 out [5, 39576.3, 39577.3, 40192.9, 53, 59, 38, 2, 0]
11:12:46:902:0.517868 out [4, 39567, 39568, 40366.9, 68, 47, 52, 1, 0]
11:13:19:500:0.744415 out [6, 39600.8, 39601.8, 40399.5, 59, 51, 38, 3, 0]
11:29:23:540:0.905548 out [7, 40715.3, 40716.3, 41363.5, 44, 50, 47, 1, 0]
11:32:22:848:0.11647 out [8, 41050.2, 41051.2, 41542.8, 47, 54, 34, 2, 0]
11:44:45:411:0.0427628 out [9, 41887.2, 41888.2, 42285.4, 38, 51, 47, 1, 0]
11:49:32:848:0.957611 out [10, 41996.2, 41997.2, 42572.8, 53, 39, 51, 2, 0]
12:18:08:237:0.0467911 out [11, 43467.9, 43468.9, 44288.2, 54, 47, 64, 1, 0]
12:19:32:455:0.133987 out [12, 43533.9, 43534.9, 44372.5, 61, 51, 44, 2, 0]
12:21:42:255:0.270554 out [15, 43849.4, 43850.4, 44502.3, 45, 43, 42, 5, 0]
12:22:24:339:0.995934 out [13, 43758.8, 43759.8, 44544.3, 51, 69, 50, 3, 0]
12:23:01:757:0.177902 out [14, 43815.6, 43816.6, 44581.8, 48, 47, 37, 4, 0]
12:28:36:843:0.439651 out [16, 44172, 44173, 44916.8, 38, 51, 51, 6, 0]
12:30:56:642:0.903877 out [17, 44242.2, 44243.3, 45056.6, 39, 54, 38, 7, 0]
12:38:31:143:0.795563 out [18, 44776.2, 44777.2, 45511.1, 50, 57, 45, 1, 0]
12:49:59:070:0.437981 out [20, 45595.3, 45596.3, 46199.1, 42, 41, 51, 1, 0]
12:50:40:207:0.124306 out [19, 45428.4, 45429.4, 46240.2, 56, 63, 56, 2, 0]
13:03:40:166:0.415764 out [21, 46179, 46180, 47020.2, 51, 41, 61, 3, 0]
13:06:10:231:0.698586 out [23, 46365.3, 46366.3, 47170.2, 53, 47, 54, 2, 0]
13:06:20:743:0.830276 out [24, 46427.2, 46428.2, 47180.7, 48, 54, 53, 4, 0]
13:06:47:701:0.273514 out [22, 46363.7, 46364.7, 47207.7, 61, 45, 46, 1, 0]
13:08:28:889:0.336182 out [25, 46564.1, 46565.1, 47308.9, 45, 38, 45, 5, 0]
13:16:23:962:0.338043 out [27, 47062.2, 47063.2, 47784, 46, 45, 34, 3, 0]
13:16:46:708:0.565308 out [26, 46882, 46883, 47806.7, 55, 58, 48, 6, 0]
13:18:28:531:0.426025 out [28, 47079.3, 47080.3, 47908.5, 53, 67, 49, 7, 0]
13:20:59:808:0.0983887 out [30, 47343, 47344, 48059.8, 55, 66, 47, 2, 0]
13:22:49:319:0.83812 out [31, 47441.3, 47442.3, 48169.3, 47, 47, 44, 4, 0]
13:23:01:407:0.320572 out [33, 47504.1, 47505.1, 48181.4, 46, 53, 48, 8, 0]
13:25:38:253:0.706528 out [34, 47611.3, 47612.3, 48338.3, 56, 50, 46, 9, 0]
13:25:41:727:0.291656 out [32, 47482.3, 47483.3, 48341.7, 56, 52, 40, 5, 0]
13:26:16:473:0.894669 out [29, 47313, 47314, 48376.5, 61, 46, 49, 1, 0]
13:32:08:890:0.0552521 out [35, 48132.4, 48133.5, 48728.9, 40, 46, 55, 2, 0]
13:34:40:641:0.65361 out [36, 48182.5, 48183.5, 48880.6, 42, 45, 44, 3, 0]
13:35:17:810:0.409142 out [39, 48272.2, 48273.2, 48917.8, 49, 48, 42, 7, 0]
13:35:41:286:0.556793 out [37, 48193.6, 48194.6, 48941.3, 56, 48, 59, 4, 0]
13:36:49:569:0.199158 out [40, 48401.8, 48402.8, 49009.6, 47, 58, 46, 1, 0]
13:38:38:309:0.400703 out [41, 48401.9, 48403.8, 49118.3, 51, 54, 48, 5, 0]
13:40:29:547:0.405792 out [38, 48232.4, 48233.4, 49229.5, 58, 55, 39, 6, 0]
13:49:43:403:0.503014 out [42, 48904.9, 48905.9, 49783.4, 54, 50, 43, 2, 0]
13:50:04:196:0.612907 out [44, 49269.6, 49270.6, 49804.2, 45, 41, 60, 3, 0]
13:51:36:392:0.993523 out [43, 49115.1, 49116.1, 49896.4, 51, 47, 48, 1, 0]
13:54:28:533:0.348633 out [46, 49344.8, 49345.9, 50068.5, 54, 46, 55, 5, 0]
13:57:13:879:0.632545 out [45, 49292.9, 49293.9, 50233.9, 67, 55, 40, 4, 0]
13:58:50:580:0.245567 out [48, 49693.1, 49694.1, 50330.6, 53, 59, 59, 7, 0]
13:58:59:982:0.0829163 out [47, 49495.7, 49496.7, 50340, 67, 49, 58, 6, 0]
14:02:44:225:0.81823 out [52, 50000.3, 50001.3, 50564.2, 42, 47, 54, 1, 0]
14:03:12:748:0.26255 out [50, 49775.5, 49783.4, 50592.7, 59, 44, 52, 2, 0]
14:04:37:725:0.760056 out [49, 49746.6, 49747.6, 50677.7, 60, 41, 60, 10, 0]
14:05:37:629:0.336906 out [51, 49852.4, 49853.4, 50737.6, 56, 50, 51, 3, 0]
14:07:27:835:0.630966 out [54, 50249.4, 50250.4, 50847.8, 36, 60, 31, 4, 0]
14:09:18:385:0.551048 out [53, 50206.7, 50207.7, 50958.4, 57, 59, 51, 5, 0]
14:10:06:721:0.125675 out [56, 50419.4, 50420.4, 51006.7, 42, 48, 61, 6, 0]
14:11:04:277:0.0482559 out [57, 50531.4, 50564.2, 51064.3, 32, 49, 45, 1, 0]
14:11:57:279:0.568817 out [55, 50329, 50330.6, 51117.3, 52, 53, 50, 7, 0]
14:13:14:959:0.998203 out [58, 50701, 50702, 51195, 45, 73, 54, 2, 0]
14:19:20:117:0.70208 out [59, 50839.9, 50840.9, 51560.1, 50, 49, 47, 3, 0]
14:20:33:864:0.371372 out [60, 51023.9, 51024.9, 51633.9, 42, 62, 43, 4, 0]
14:23:44:070:0.405556 out [61, 51071, 51072, 51824.1, 48, 38, 58, 1, 0]
14:24:20:371:0.886803 out [63, 51219.8, 51220.8, 51860.4, 47, 61, 48, 2, 0]
14:25:58:769:0.0869102 out [62, 51154, 51155, 51958.8, 54, 45, 42, 5, 0]
14:30:51:898:0.141457 out [64, 51372.2, 51373.2, 52251.9, 61, 50, 49, 6, 0]
14:32:49:143:0.261505 out [65, 51550.9, 51552, 52369.1, 53, 43, 60, 7, 0]
14:35:44:141:0.787125 out [66, 51577.7, 51578.7, 52544.1, 57, 47, 58, 3, 0]
14:37:46:706:0.829216 out [68, 51780.4, 51824.1, 52666.7, 50, 46, 55, 1, 0]
14:37:58:991:0.460396 out [67, 51690.4, 51691.4, 52679, 60, 66, 48, 4, 0]
14:40:40:944:0.728074 out [70, 52184, 52185, 52840.9, 40, 52, 59, 5, 0]
14:41:34:620:0.0391481 out [69, 52133.9, 52134.9, 52894.6, 57, 43, 36, 2, 0]
14:42:09:340:0.873863 out [71, 52220.2, 52251.9, 52929.3, 45, 47, 45, 6, 0]
14:47:54:445:0.938255 out [72, 52244.3, 52369.1, 53274.4, 62, 63, 52, 7, 0]
14:48:12:305:0.0239195 out [76, 52792.9, 52840.9, 53292.3, 28, 45, 56, 5, 0]
14:49:53:182:0.130959 out [75, 52482.3, 52679, 53393.2, 52, 43, 49, 4, 0]
14:49:58:303:0.943375 out [74, 52420.6, 52666.7, 53398.3, 47, 56, 53, 1, 0]
14:52:11:712:0.262299 out [73, 52276.5, 52544.1, 53531.7, 55, 40, 42, 3, 0]
14:54:46:452:0.632738 out [78, 52937.8, 52938.8, 53686.5, 55, 50, 71, 6, 0]
14:54:57:928:0.00783706 out [77, 52794.9, 52894.6, 53697.9, 54, 64, 58, 2, 0]
15:05:50:854:0.43504 out [79, 53715.2, 53716.2, 54350.9, 49, 58, 45, 1, 0]
15:06:34:829:0.252792 out [80, 53911.4, 53912.4, 54394.8, 41, 56, 51, 2, 0]
15:13:16:512:0.924744 out [81, 54079.7, 54080.7, 54796.5, 48, 45, 48, 3, 0]
15:18:56:901:0.752068 out [82, 54199.4, 54200.4, 55136.9, 61, 55, 40, 4, 0]
15:27:59:684:0.458328 out [83, 54917.9, 54918.9, 55679.7, 53, 48, 52, 1, 0]
15:31:39:371:0.475769 out [84, 55198.6, 55199.6, 55899.4, 48, 38, 67, 2, 0]
15:35:38:652:0.771545 out [87, 55455.3, 55456.3, 56138.7, 52, 46, 40, 5, 0]
15:36:38:843:0.459679 out [86, 55402.8, 55403.8, 56198.8, 48, 46, 42, 4, 0]
15:37:38:599:0.553658 out [88, 55511.4, 55512.4, 56258.6, 51, 53, 43, 6, 0]
15:38:25:351:0.729942 out [85, 55290.3, 55291.3, 56305.4, 60, 55, 44, 3, 0]
15:40:04:322:0.332932 out [89, 55732.4, 55733.4, 56404.3, 51, 47, 47, 1, 0]
15:44:37:864:0.751411 out [90, 55745.6, 55746.6, 56677.9, 57, 35, 52, 7, 0]
15:45:14:862:0.612869 out [91, 55837.4, 55899.4, 56714.9, 45, 44, 54, 2, 0]
15:48:14:409:0.941818 out [92, 56048.9, 56138.7, 56894.4, 56, 47, 51, 5, 0]
15:50:55:178:0.468849 out [93, 56186.8, 56198.8, 57055.2, 60, 46, 37, 4, 0]
15:51:17:877:0.256943 out [96, 56669.7, 56670.7, 57077.9, 33, 50, 52, 6, 0]
15:52:59:582:0.163406 out [94, 56401.6, 56402.6, 57179.6, 50, 54, 41, 3, 0]
15:56:46:451:0.109482 out [95, 56607.3, 56608.3, 57406.5, 58, 50, 40, 1, 0]
16:01:25:814:0.938141 out [97, 57045.2, 57046.2, 57685.8, 45, 49, 47, 2, 0]
16:04:11:572:0.357727 out [98, 57200.6, 57201.6, 57851.6, 45, 58, 50, 3, 0]
16:06:15:302:0.153183 out [100, 57359.9, 57360.9, 57975.3, 52, 38, 55, 5, 0]
16:08:21:836:0.861206 out [99, 57219.7, 57220.7, 58101.8, 55, 47, 60, 4, 0]
16:13:21:574:0.284149 out [101, 57627.3, 57628.3, 58401.6, 54, 65, 54, 1, 0]
16:16:17:898:0.932053 out [102, 57740.8, 57741.8, 58577.9, 54, 45, 53, 2, 0]
16:24:35:777:0.652336 out [103, 58265.8, 58266.8, 59075.8, 45, 52, 58, 3, 0]
16:24:38:901:0.477409 out [104, 58302.9, 58303.9, 59078.9, 56, 38, 49, 4, 0]
16:25:29:383:0.721901 out [106, 58515.2, 58516.2, 59129.4, 38, 47, 48, 1, 0]
16:25:31:225:0.0219116 out [107, 58517.4, 58518.4, 59131.2, 48, 51, 52, 6, 0]
16:27:26:403:0.729034 out [105, 58365.8, 58366.8, 59246.4, 57, 35, 43, 5, 0]
16:30:05:000:0.547958 out [108, 58775.7, 58776.7, 59405, 48, 50, 46, 2, 0]
16:34:00:107:0.575562 out [111, 59033.4, 59078.9, 59640.1, 41, 54, 48, 4, 0]
16:35:46:560:0.417725 out [109, 58892.4, 58893.4, 59746.6, 55, 54, 50, 7, 0]
16:39:47:231:0.996681 out [110, 58903.7, 59075.8, 59987.2, 52, 44, 50, 3, 0]
16:39:47:238:0.157822 out [112, 59562.8, 59563.8, 59987.2, 39, 50, 59, 1, 0]
16:48:28:338:0.254524 out [113, 59676.3, 59677.3, 60508.3, 51, 42, 54, 2, 0]
16:55:56:980:0.929924 out [114, 60255.3, 60256.3, 60957, 50, 60, 55, 1, 0]
17:02:36:182:0.600571 out [115, 60635.1, 60636.1, 61356.2, 43, 48, 43, 2, 0]
17:06:20:412:0.651611 out [117, 60824.6, 60825.6, 61580.4, 54, 60, 51, 4, 0]
17:07:18:853:0.484703 out [116, 60817, 60818, 61638.9, 51, 49, 42, 3, 0]
17:10:13:587:0.303711 out [118, 61255.2, 61256.2, 61813.6, 41, 43, 48, 1, 0]
17:24:40:199:0.968887 out [123, 62075.9, 62076.9, 62680.2, 40, 47, 46, 5, 0]
17:25:52:690:0.0621185 out [119, 61778.1, 61779.1, 62752.7, 57, 47, 44, 2, 0]
17:26:01:218:0.260361 out [121, 62015.4, 62016.4, 62761.2, 49, 48, 56, 3, 0]
17:26:50:015:0.461517 out [120, 61854.6, 61855.6, 62810, 55, 49, 49, 1, 0]
17:26:54:247:0.729851 out [122, 62056.1, 62057.1, 62814.2, 50, 56, 46, 4, 0]
17:36:04:685:0.627533 out [124, 62747.3, 62748.3, 63364.7, 44, 45, 47, 5, 0]
17:46:29:003:0.246857 out [125, 63270.5, 63271.5, 63989, 50, 43, 56, 1, 0]
17:51:10:013:0.594223 out [126, 63616.2, 63617.2, 64270, 53, 51, 48, 2, 0]
17:55:47:989:0.550186 out [128, 63750.9, 63751.9, 64548, 54, 46, 50, 4, 0]
17:56:32:766:0.659332 out [127, 63676, 63677, 64592.8, 55, 56, 40, 3, 0]
18:35:31:148:0.454262 out [129, 66363.9, 66364.9, 66931.1, 45, 53, 55, 1, 0]
18:40:51:416:0.485382 out [130, 66560.2, 66561.2, 67251.4, 52, 59, 52, 2, 0]
18:47:51:577:0.530457 out [131, 67014.5, 67015.5, 67671.6, 44, 34, 51, 1, 0]
19:05:45:030:0.468536 out [132, 68083.8, 68084.8, 68745, 48, 43, 50, 1, 0]
34:24:19:685:0.350014 out [133, 123320, 123321, 123860, 56, 54, 47, 1, 0]
34:33:28:429:0.0824661 out [134, 123902, 123903, 124408, 48, 45, 48, 1, 0]
34:44:28:809:0.511734 out [135, 124490, 124491, 125069, 47, 69, 50, 1, 0]
34:45:57:494:0.0148849 out [138, 124719, 124721, 125157, 41, 41, 64, 4, 0]
34:47:39:429:0.768158 out [136, 124595, 124596, 125259, 52, 50, 48, 2, 0]
34:48:26:155:0.0107727 out [137, 124719, 124720, 125306, 45, 52, 47, 3, 0]
34:53:14:885:0.0776215 out [139, 125005, 125069, 125595, 40, 55, 48, 1, 0]
35:02:23:165:0.545059 out [140, 125511, 125512, 126143, 52, 49, 55, 2, 0]
35:10:40:860:0.31356 out [142, 126171, 126172, 126641, 45, 49, 49, 2, 0]
35:10:59:573:0.357178 out [143, 126193, 126194, 126660, 39, 39, 47, 3, 0]
35:13:12:818:0.44194 out [141, 126170, 126171, 126793, 50, 51, 49, 1, 0]
35:37:53:866:0.519524 out [145, 127563, 127564, 128274, 57, 41, 42, 2, 0]
35:38:25:669:0.6306 out [146, 127615, 127616, 128306, 53, 48, 46, 3, 0]
35:38:55:061:0.142517 out [144, 127517, 127518, 128335, 62, 55, 54, 1, 0]
35:40:45:253:0.304077 out [147, 127773, 127774, 128445, 49, 40, 50, 4, 0]
35:46:31:054:0.627563 out [149, 127974, 128306, 128791, 34, 47, 42, 3, 0]
35:48:36:430:0.781509 out [150, 128058, 128335, 128916, 50, 53, 56, 1, 0]
35:50:42:290:0.532257 out [148, 127883, 128274, 129042, 59, 47, 58, 2, 0]
35:57:36:956:0.115318 out [151, 128900, 128901, 129457, 47, 51, 51, 3, 0]
36:06:43:492:0.0135269 out [152, 129492, 129493, 130003, 47, 55, 63, 1, 0]
36:09:56:972:0.168518 out [153, 129496, 129497, 130197, 55, 49, 44, 2, 0]
36:18:10:086:0.37674 out [154, 129861, 129862, 130690, 51, 59, 57, 3, 0]
36:19:06:135:0.513855 out [157, 130123, 130124, 130746, 47, 42, 57, 5, 0]
36:20:08:021:0.693779 out [155, 130039, 130040, 130808, 49, 56, 51, 1, 0]
36:21:51:079:0.598976 out [156, 130055, 130056, 130911, 55, 38, 47, 4, 0]
36:31:27:618:0.977142 out [158, 130660, 130661, 131488, 53, 54, 49, 2, 0]
36:34:50:132:0.465912 out [159, 130939, 130940, 131690, 36, 47, 61, 1, 0]
36:35:13:195:0.765091 out [160, 130974, 130975, 131713, 47, 59, 42, 3, 0]
36:37:18:482:0.626511 out [161, 131078, 131079, 131838, 49, 54, 50, 4, 0]
36:42:54:650:0.866104 out [162, 131346, 131347, 132175, 47, 49, 48, 5, 0]
36:46:03:890:0.959335 out [163, 131612, 131613, 132364, 46, 48, 52, 2, 0]
36:47:29:068:0.569733 out [164, 131917, 131918, 132449, 45, 43, 48, 1, 0]
36:50:53:339:0.74321 out [165, 132009, 132010, 132653, 37, 63, 40, 3, 0]
36:52:48:887:0.375427 out [166, 132041, 132042, 132769, 47, 50, 60, 4, 0]
36:53:44:242:0.065979 out [167, 132151, 132152, 132824, 51, 47, 46, 6, 0]
36:57:05:497:0.703148 out [168, 132313, 132314, 133025, 47, 56, 43, 5, 0]
37:03:14:660:0.813881 out [169, 132544, 132545, 133395, 61, 53, 41, 1, 0]
37:08:42:472:0.830368 out [170, 132912, 132913, 133722, 54, 53, 50, 2, 0]
37:10:24:304:0.93219 out [171, 133197, 133198, 133824, 43, 47, 62, 3, 0]
37:21:53:359:0.388901 out [172, 133641, 133642, 134513, 60, 65, 58, 1, 0]
37:24:12:589:0.692665 out [173, 133997, 133998, 134653, 39, 48, 61, 2, 0]
37:34:12:488:0.232208 out [174, 134532, 134533, 135252, 48, 51, 49, 1, 0]
37:35:20:442:0.3414 out [175, 134564, 134565, 135320, 54, 52, 36, 3, 0]
37:43:54:809:0.859825 out [176, 135121, 135122, 135835, 48, 40, 53, 2, 0]
37:47:17:221:0.561028 out [177, 135313, 135314, 136037, 43, 44, 46, 1, 0]
37:47:33:087:0.0910416 out [178, 135420, 135421, 136053, 48, 52, 43, 3, 0]
37:51:50:888:0.218475 out [182, 135751, 135752, 136311, 40, 60, 56, 7, 0]
37:52:49:758:0.515907 out [179, 135510, 135511, 136370, 58, 46, 55, 4, 0]
37:53:36:885:0.417534 out [181, 135627, 135628, 136417, 52, 52, 50, 6, 0]
37:55:21:090:0.0436172 out [180, 135576, 135577, 136521, 55, 50, 45, 5, 0]
38:00:31:838:0.197853 out [183, 135774, 135835, 136832, 58, 54, 46, 2, 0]
38:00:45:190:0.891411 out [185, 136030, 136053, 136845, 54, 41, 62, 3, 0]
38:01:39:208:0.497192 out [186, 136075, 136311, 136899, 41, 49, 42, 7, 0]
38:01:54:171:0.944763 out [184, 135925, 136037, 136914, 54, 45, 51, 1, 0]
38:04:06:641:0.657021 out [187, 136142, 136370, 137047, 47, 47, 51, 4, 0]
38:09:14:660:0.454346 out [189, 136777, 136778, 137355, 47, 55, 55, 6, 0]
38:12:08:233:0.40757 out [190, 136843, 136844, 137528, 49, 48, 47, 2, 0]
38:14:21:141:0.821457 out [188, 136596, 136597, 137661, 58, 48, 42, 5, 0]
38:15:51:019:0.285751 out [191, 136949, 136950, 137751, 53, 56, 43, 1, 0]
38:21:28:117:0.596699 out [192, 137144, 137145, 138088, 64, 33, 49, 3, 0]
38:22:17:778:0.331352 out [195, 137525, 137526, 138138, 36, 49, 56, 7, 0]
38:22:58:448:0.234154 out [194, 137411, 137412, 138178, 57, 45, 55, 6, 0]
38:23:05:493:0.15889 out [193, 137378, 137379, 138185, 58, 52, 47, 4, 0]
38:25:52:694:0.275452 out [197, 137661, 137662, 138353, 49, 62, 47, 5, 0]
38:26:54:940:0.598083 out [196, 137553, 137554, 138415, 58, 49, 50, 2, 0]
38:31:22:033:0.963348 out [198, 137715, 137751, 138682, 50, 55, 45, 1, 0]
38:33:04:107:0.984688 out [200, 137934, 138138, 138784, 56, 48, 50, 7, 0]
38:33:48:189:0.491417 out [201, 137955, 138178, 138828, 45, 56, 36, 6, 0]
38:35:22:264:0.842655 out [199, 137893, 138088, 138922, 48, 56, 56, 3, 0]
38:43:25:097:0.486479 out [202, 138681, 138682, 139405, 52, 57, 42, 1, 0]
38:45:09:665:0.243519 out [203, 138755, 138756, 139510, 54, 48, 51, 2, 0]
38:48:12:795:0.586182 out [204, 138958, 138959, 139693, 47, 35, 50, 3, 0]
38:49:57:966:0.450048 out [206, 139252, 139253, 139798, 48, 52, 49, 5, 0]
38:54:15:952:0.945305 out [207, 139272, 139273, 140056, 57, 56, 68, 6, 0]
38:55:26:361:0.669613 out [209, 139611, 139612, 140126, 45, 51, 42, 2, 0]
38:58:12:758:0.64823 out [208, 139420, 139421, 140293, 51, 45, 43, 1, 0]
38:58:14:433:0.957172 out [205, 139239, 139240, 140294, 55, 54, 54, 4, 0]
38:59:13:337:0.310863 out [210, 139753, 139754, 140353, 37, 55, 45, 3, 0]
39:02:50:902:0.55983 out [211, 139787, 139788, 140571, 53, 58, 43, 7, 0]
39:03:45:481:0.466366 out [212, 139842, 139843, 140625, 57, 38, 55, 5, 0]
39:08:02:917:0.953636 out [213, 139972, 140056, 140883, 59, 46, 53, 6, 0]
39:08:59:298:0.166182 out [215, 140115, 140293, 140939, 45, 58, 38, 1, 0]
39:09:50:664:0.147045 out [217, 140200, 140353, 140991, 46, 51, 40, 3, 0]
39:10:23:969:0.58604 out [216, 140123, 140294, 141024, 52, 46, 64, 4, 0]
39:10:32:726:0.154949 out [214, 140112, 140126, 141033, 53, 49, 40, 2, 0]
39:16:39:131:0.852295 out [218, 140316, 140571, 141399, 55, 48, 52, 7, 0]
39:19:14:158:0.754971 out [219, 140341, 140625, 141554, 63, 70, 55, 5, 0]
39:19:31:480:0.335453 out [222, 140986, 140991, 141571, 39, 44, 48, 3, 0]
39:19:48:871:0.172407 out [221, 140777, 140939, 141589, 40, 60, 49, 1, 0]
39:21:33:068:0.818787 out [220, 140404, 140883, 141693, 50, 65, 67, 6, 0]
39:26:03:263:0.138367 out [223, 141287, 141288, 141963, 36, 32, 66, 2, 0]
39:36:20:085:0.957123 out [224, 141730, 141731, 142580, 52, 42, 45, 1, 0]
39:37:03:060:0.955597 out [226, 142057, 142058, 142623, 39, 57, 43, 3, 0]
39:39:13:065:0.647675 out [225, 141970, 141971, 142753, 59, 48, 50, 2, 0]
39:56:08:782:0.148911 out [227, 143090, 143091, 143769, 41, 48, 56, 1, 0]
39:59:10:613:0.243652 out [229, 143444, 143445, 143951, 38, 63, 43, 3, 0]
40:01:28:496:0.170593 out [228, 143439, 143440, 144088, 45, 58, 60, 2, 0]
40:03:44:095:0.360352 out [230, 143639, 143640, 144224, 40, 48, 57, 4, 0]
40:08:55:839:0.975906 out [232, 143937, 143938, 144536, 40, 43, 59, 5, 0]
40:09:47:376:0.136375 out [231, 143830, 143831, 144587, 54, 45, 50, 1, 0]
40:10:54:626:0.692368 out [233, 144028, 144029, 144655, 44, 56, 47, 3, 0]
40:23:26:342:0.41922 out [235, 144810, 144811, 145406, 48, 42, 53, 2, 0]
40:24:49:222:0.809387 out [234, 144775, 144776, 145489, 56, 38, 53, 1, 0]
40:31:11:439:0.533783 out [236, 145172, 145173, 145871, 46, 45, 49, 3, 0]
40:35:42:615:0.401817 out [237, 145595, 145596, 146143, 40, 53, 60, 1, 0]
40:38:27:587:0.153984 out [238, 145628, 145629, 146308, 47, 43, 47, 2, 0]
40:39:35:459:0.714485 out [239, 145762, 145763, 146375, 44, 51, 47, 4, 0]
40:51:41:563:0.312126 out [240, 146305, 146306, 147102, 54, 52, 65, 1, 0]
40:52:51:914:0.993835 out [241, 146397, 146398, 147172, 56, 48, 49, 2, 0]
41:01:58:433:0.304382 out [242, 146958, 146959, 147718, 46, 44, 42, 3, 0]
41:14:27:977:0.614952 out [243, 147713, 147714, 148468, 47, 46, 41, 1, 0]
41:14:42:707:0.982613 out [244, 147772, 147773, 148483, 55, 54, 55, 2, 0]
41:18:44:675:0.394608 out [245, 148029, 148030, 148725, 43, 64, 55, 3, 0]
41:25:23:690:0.506531 out [246, 148312, 148313, 149124, 54, 54, 51, 4, 0]
41:28:24:094:0.00994873 out [247, 148646, 148647, 149304, 46, 48, 42, 1, 0]
41:31:50:645:0.454002 out [248, 148885, 148886, 149511, 44, 39, 45, 2, 0]
41:34:34:621:0.868683 out [249, 149007, 149008, 149675, 47, 59, 44, 3, 0]
41:46:21:998:0.47467 out [251, 149733, 149734, 150382, 46, 44, 55, 2, 0]
41:49:11:791:0.90023 out [250, 149711, 149712, 150552, 65, 57, 52, 1, 0]
41:51:46:537:0.804199 out [252, 149865, 149866, 150707, 52, 36, 52, 3, 0]
42:02:52:896:0.922661 out [253, 150525, 150526, 151373, 54, 54, 60, 2, 0]
42:04:47:561:0.586929 out [254, 150671, 150672, 151488, 54, 64, 58, 1, 0]
42:05:16:225:0.577904 out [255, 150761, 150762, 151516, 59, 52, 52, 3, 0]
42:30:50:526:0.341034 out [256, 152311, 152312, 153051, 57, 66, 58, 1, 0]
43:04:44:936:0.923576 out [257, 154653, 154654, 155085, 41, 51, 64, 1, 0]
43:10:16:114:0.616943 out [258, 154779, 154780, 155416, 50, 57, 37, 2, 0]
57:46:42:012:0.20472 out [259, 207332, 207333, 208002, 50, 53, 50, 1, 0]
58:24:28:342:0.329575 out [260, 209667, 209668, 210268, 50, 51, 50, 1, 0]
58:31:24:124:0.634338 out [261, 210023, 210024, 210684, 46, 41, 41, 2, 0]
58:54:12:114:0.109589 out [262, 211185, 211186, 212052, 72, 57, 58, 1, 0]
58:56:53:018:0.102242 out [263, 211520, 211521, 212213, 53, 54, 51, 2, 0]
59:04:30:265:0.0457153 out [264, 212257, 212258, 212670, 32, 50, 37, 1, 0]
59:06:43:240:0.559174 out [265, 212315, 212316, 212803, 54, 52, 62, 2, 0]
59:08:31:897:0.722794 out [267, 212366, 212367, 212912, 43, 45, 75, 4, 0]
59:11:16:709:0.555222 out [266, 212357, 212358, 213077, 55, 51, 44, 3, 0]
59:14:05:344:0.910767 out [268, 212392, 212670, 213245, 49, 52, 55, 1, 0]
59:19:17:972:0.401215 out [269, 212873, 212874, 213558, 55, 34, 49, 2, 0]
59:23:24:659:0.247948 out [270, 213268, 213269, 213805, 42, 53, 53, 1, 0]
59:33:21:433:0.295799 out [272, 213867, 213868, 214401, 54, 49, 43, 1, 0]
59:35:42:984:0.950615 out [271, 213659, 213660, 214543, 74, 49, 58, 2, 0]
59:38:30:905:0.327393 out [273, 214074, 214075, 214711, 43, 62, 46, 3, 0]
59:39:26:921:0.717239 out [274, 214108, 214109, 214767, 52, 46, 55, 4, 0]
59:41:10:853:0.997375 out [275, 214235, 214401, 214871, 38, 47, 43, 1, 0]
59:44:50:888:0.385918 out [276, 214254, 214543, 215091, 43, 53, 53, 2, 0]
59:49:49:324:0.333336 out [278, 214519, 214767, 215389, 57, 65, 46, 4, 0]
59:51:24:185:0.685303 out [277, 214366, 214711, 215484, 50, 44, 54, 3, 0]
59:52:25:180:0.395821 out [279, 214556, 214871, 215545, 58, 58, 51, 1, 0]
59:57:53:470:0.441559 out [280, 214751, 215091, 215873, 57, 38, 64, 2, 0]
59:58:10:091:0.852882 out [281, 214951, 215389, 215890, 48, 44, 54, 4, 0]
60:03:13:701:0.358536 out [282, 214998, 215484, 216194, 51, 56, 50, 3, 0]
60:04:16:482:0.325844 out [283, 215325, 215545, 216256, 62, 45, 51, 1, 0]
60:07:55:619:0.438461 out [284, 215363, 215873, 216476, 47, 51, 51, 2, 0]
60:09:40:416:0.545204 out [285, 215704, 215890, 216580, 59, 37, 48, 4, 0]
60:11:42:570:0.329262 out [286, 215896, 216000, 216703, 46, 67, 45, 7, 0]
60:14:41:675:0.858093 out [287, 216384, 216385, 216882, 38, 42, 63, 1, 0]
60:21:23:918:0.612076 out [289, 216579, 216580, 217284, 56, 43, 64, 2, 0]
60:21:25:754:0.151894 out [290, 216643, 216644, 217286, 43, 51, 41, 4, 0]
60:26:49:782:0.873703 out [288, 216385, 216386, 217610, 64, 44, 55, 3, 0]
60:27:17:140:0.980865 out [291, 216688, 216703, 217637, 53, 50, 47, 7, 0]
60:31:09:885:0.760452 out [293, 217142, 217284, 217870, 42, 61, 45, 2, 0]
60:31:54:083:0.607269 out [292, 217060, 217061, 217914, 54, 54, 46, 1, 0]
60:34:26:833:0.605362 out [294, 217361, 217362, 218067, 43, 57, 56, 4, 0]
60:38:12:175:0.608376 out [296, 217550, 217637, 218292, 38, 55, 44, 7, 0]
60:39:57:076:0.673653 out [295, 217526, 217610, 218397, 53, 43, 52, 3, 0]
60:43:44:580:0.0206451 out [297, 217621, 217870, 218625, 46, 50, 45, 2, 0]
60:45:59:097:0.270157 out [298, 217854, 217914, 218759, 59, 45, 55, 1, 0]
60:56:27:598:0.480774 out [299, 218429, 218430, 219388, 68, 51, 45, 3, 0]
61:03:28:818:0.527771 out [300, 219048, 219049, 219809, 50, 51, 42, 1, 0]
61:04:02:837:0.997986 out [301, 219113, 219114, 219843, 39, 58, 50, 2, 0]
61:07:59:170:0.827461 out [302, 219125, 219126, 220079, 61, 56, 53, 4, 0]
61:10:50:702:0.292038 out [304, 219460, 219461, 220251, 55, 56, 55, 3, 0]
61:11:32:680:0.359436 out [303, 219253, 219254, 220293, 58, 43, 51, 7, 0]
61:14:28:468:0.779709 out [305, 219542, 219809, 220468, 48, 64, 40, 1, 0]
61:17:26:127:0.983238 out [306, 219757, 219843, 220646, 49, 56, 49, 2, 0]
61:20:24:474:0.929955 out [307, 219773, 220079, 220824, 51, 45, 45, 4, 0]
61:23:10:146:0.323349 out [308, 219903, 220251, 220990, 49, 55, 47, 3, 0]
61:25:56:419:0.59491 out [309, 220000, 220293, 221156, 55, 49, 54, 7, 0]
61:25:59:653:0.735855 out [310, 220041, 220468, 221160, 52, 54, 51, 1, 0]
61:30:02:107:0.0201187 out [311, 220065, 220646, 221402, 49, 52, 40, 2, 0]
61:34:46:975:0.855568 out [312, 220149, 220824, 221687, 54, 44, 63, 4, 0]
61:35:17:977:0.805832 out [313, 220209, 220990, 221718, 55, 55, 45, 3, 0]
61:37:01:168:0.554596 out [315, 220587, 221160, 221821, 42, 35, 48, 1, 0]
61:37:26:639:0.310577 out [314, 220459, 221156, 221847, 50, 51, 55, 7, 0]
61:43:03:454:0.453758 out [316, 220850, 221402, 222183, 44, 60, 73, 2, 0]
61:45:54:685:0.620598 out [318, 221215, 221718, 222355, 47, 55, 45, 3, 0]
61:47:49:326:0.0748901 out [320, 221655, 221847, 222469, 40, 45, 48, 7, 0]
61:49:17:698:0.0141449 out [319, 221361, 221821, 222558, 54, 43, 45, 1, 0]
61:49:21:685:0.887627 out [317, 221048, 221687, 222562, 58, 59, 59, 4, 0]
61:54:48:182:0.639008 out [321, 221677, 222183, 222888, 49, 52, 53, 2, 0]
61:58:15:614:0.830856 out [322, 221695, 222355, 223096, 48, 51, 57, 3, 0]
61:59:47:611:0.226921 out [323, 221883, 222469, 223188, 55, 46, 44, 7, 0]
62:03:47:975:0.99781 out [325, 222250, 222562, 223428, 49, 53, 58, 4, 0]
62:04:05:271:0.366554 out [324, 221913, 222558, 223445, 59, 42, 34, 1, 0]
62:08:31:192:0.113358 out [326, 222579, 222888, 223711, 55, 40, 44, 2, 0]
62:08:37:919:0.245201 out [327, 222589, 223096, 223718, 47, 43, 49, 3, 0]
62:12:15:322:0.556526 out [330, 222803, 223445, 223935, 40, 46, 42, 1, 0]
62:12:28:945:0.961433 out [328, 222615, 223188, 223949, 44, 48, 47, 7, 0]
62:12:38:532:0.680946 out [329, 222722, 223428, 223959, 42, 57, 40, 4, 0]
62:20:20:856:0.07341 out [332, 223138, 223718, 224421, 44, 66, 51, 3, 0]
62:22:07:382:0.0247955 out [331, 223042, 223711, 224527, 52, 54, 46, 2, 0]
62:25:06:950:0.0484772 out [334, 223388, 223949, 224707, 48, 51, 49, 7, 0]
62:26:38:533:0.434494 out [333, 223326, 223935, 224799, 60, 53, 54, 1, 0]
62:28:04:742:0.0530624 out [335, 223426, 223959, 224885, 54, 48, 46, 4, 0]
62:32:41:699:0.987038 out [336, 223902, 224421, 225162, 50, 35, 43, 3, 0]
62:33:57:181:0.69175 out [338, 224153, 224707, 225237, 45, 45, 54, 7, 0]
62:34:36:832:0.439049 out [337, 224112, 224527, 225277, 49, 49, 34, 2, 0]
62:37:29:665:0.825066 out [339, 224179, 224799, 225450, 42, 49, 64, 1, 0]
62:37:50:400:0.536163 out [340, 224325, 224885, 225470, 48, 63, 50, 4, 0]
62:46:09:865:0.757164 out [343, 224708, 225277, 225970, 47, 48, 49, 2, 0]
62:46:10:764:0.0497055 out [341, 224331, 225162, 225971, 47, 31, 53, 3, 0]
62:47:01:854:0.984459 out [342, 224555, 225237, 226022, 49, 55, 57, 7, 0]
62:48:39:139:0.306793 out [344, 225058, 225450, 226119, 50, 52, 45, 1, 0]
62:48:55:021:0.191772 out [345, 225098, 225470, 226135, 46, 57, 53, 4, 0]
62:55:59:436:0.946236 out [347, 225135, 225971, 226559, 46, 45, 52, 3, 0]
63:00:00:707:0.915077 out [346, 225134, 225970, 226801, 60, 51, 46, 2, 0]
63:00:10:730:0.931053 out [348, 225268, 226022, 226811, 53, 53, 46, 7, 0]
63:01:07:380:0.155334 out [350, 225987, 226135, 226867, 46, 46, 37, 4, 0]
63:01:22:846:0.548401 out [349, 225929, 226119, 226883, 53, 41, 51, 1, 0]
63:06:00:480:0.00518036 out [351, 226041, 226559, 227160, 47, 50, 56, 3, 0]
63:10:10:273:0.942314 out [352, 226101, 226801, 227410, 46, 43, 66, 2, 0]
63:11:01:403:0.0469284 out [353, 226122, 226811, 227461, 44, 44, 63, 7, 0]
63:11:35:681:0.339584 out [354, 226243, 226867, 227496, 46, 49, 53, 4, 0]
63:15:05:994:0.683182 out [355, 226450, 226883, 227706, 55, 50, 42, 1, 0]
63:19:14:181:0.479919 out [356, 226497, 227160, 227954, 52, 35, 47, 3, 0]
63:23:01:359:0.935677 out [357, 226502, 227410, 228181, 49, 59, 50, 2, 0]
63:23:10:390:0.537178 out [359, 226787, 227496, 228190, 44, 45, 54, 4, 0]
63:25:49:944:0.174683 out [358, 226577, 227461, 228350, 56, 45, 46, 7, 0]
63:28:05:210:0.849274 out [360, 226830, 227706, 228485, 56, 54, 60, 1, 0]
63:30:08:574:0.667992 out [361, 226913, 227954, 228609, 46, 52, 55, 3, 0]
63:31:46:504:0.0573959 out [363, 227260, 228190, 228707, 40, 53, 48, 4, 0]
63:36:15:612:0.532127 out [364, 227690, 228350, 228976, 42, 58, 53, 7, 0]
63:36:35:277:0.702797 out [362, 227018, 228181, 228995, 51, 49, 61, 2, 0]
63:39:21:267:0.717422 out [365, 227744, 228485, 229161, 43, 61, 48, 1, 0]
63:42:23:377:0.28466 out [366, 227776, 228609, 229343, 47, 52, 58, 3, 0]
63:45:17:739:0.703239 out [367, 227816, 228707, 229518, 49, 59, 53, 4, 0]
63:46:32:750:0.527443 out [369, 228030, 228995, 229593, 47, 48, 51, 2, 0]
63:49:38:449:0.767174 out [368, 227906, 228976, 229778, 55, 66, 42, 7, 0]
63:50:45:539:0.873734 out [370, 228271, 229161, 229846, 42, 37, 46, 1, 0]
63:53:40:701:0.825348 out [371, 228382, 229343, 230021, 47, 50, 33, 3, 0]
63:56:00:656:0.201973 out [372, 228512, 229518, 230161, 39, 58, 42, 4, 0]
64:01:55:760:0.619774 out [374, 228838, 229778, 230516, 54, 49, 53, 7, 0]
64:02:36:306:0.100098 out [375, 229016, 229846, 230556, 49, 48, 48, 1, 0]
64:02:47:356:0.0816193 out [373, 228713, 229593, 230567, 60, 56, 45, 2, 0]
64:07:31:883:0.910385 out [377, 229577, 230161, 230852, 47, 59, 41, 4, 0]
64:08:28:467:0.0780106 out [376, 229053, 230021, 230908, 58, 57, 49, 3, 0]
64:13:23:017:0.620293 out [380, 230127, 230567, 231203, 45, 47, 49, 2, 0]
64:15:22:450:0.513641 out [379, 229744, 230556, 231322, 52, 51, 50, 1, 0]
64:16:59:242:0.193428 out [378, 229659, 230516, 231419, 58, 52, 46, 7, 0]
64:19:14:498:0.888771 out [381, 230525, 230852, 231554, 56, 48, 37, 4, 0]
64:21:33:939:0.310425 out [382, 230792, 230908, 231694, 59, 48, 46, 3, 0]
64:22:56:683:0.449547 out [383, 230979, 231203, 231777, 51, 47, 64, 2, 0]
64:28:00:441:0.851418 out [385, 231091, 231419, 232080, 43, 52, 40, 7, 0]
64:29:48:769:0.65081 out [384, 231084, 231322, 232189, 57, 54, 55, 1, 0]
64:32:44:502:0.140396 out [386, 231267, 231555, 232365, 53, 46, 39, 4, 0]
64:35:20:970:0.267242 out [387, 231463, 231694, 232521, 56, 52, 53, 3, 0]
64:40:37:181:0.684845 out [388, 231712, 231777, 232837, 74, 59, 52, 2, 0]
64:40:48:858:0.11364 out [389, 231724, 232080, 232849, 52, 55, 37, 7, 0]
64:41:19:041:0.119522 out [391, 232034, 232365, 232879, 41, 41, 46, 4, 0]
64:41:24:098:0.190254 out [390, 231742, 232189, 232884, 44, 58, 46, 1, 0]
64:48:55:782:0.290955 out [392, 232052, 232521, 233336, 46, 41, 42, 3, 0]
64:50:23:325:0.26638 out [396, 232506, 232884, 233423, 37, 49, 60, 1, 0]
64:51:22:255:0.499382 out [395, 232193, 232879, 233482, 38, 55, 53, 4, 0]
64:53:30:917:0.0875015 out [394, 232159, 232849, 233611, 49, 49, 57, 7, 0]
64:54:16:135:0.7593 out [393, 232107, 232837, 233656, 55, 43, 49, 2, 0]
64:58:13:706:0.770988 out [398, 232899, 233423, 233894, 35, 45, 51, 1, 0]
65:00:46:562:0.298866 out [399, 232916, 233482, 234047, 37, 46, 46, 4, 0]
65:02:53:973:0.110291 out [397, 232628, 233336, 234174, 58, 41, 51, 3, 0]
65:04:35:010:0.59391 out [400, 233249, 233611, 234275, 43, 59, 56, 7, 0]
65:09:01:604:0.509041 out [402, 233754, 233894, 234542, 40, 36, 42, 1, 0]
65:09:47:737:0.991829 out [401, 233421, 233656, 234588, 53, 45, 50, 2, 0]
65:11:06:041:0.259453 out [403, 233763, 234047, 234666, 44, 42, 58, 4, 0]
65:15:52:969:0.637962 out [405, 234163, 234275, 234953, 39, 48, 51, 7, 0]
65:17:17:708:0.691284 out [404, 234148, 234174, 235038, 64, 47, 50, 3, 0]
65:29:23:352:0.900101 out [406, 234773, 234774, 235763, 56, 53, 38, 1, 0]
65:40:21:275:0.641991 out [407, 235538, 235539, 236421, 61, 38, 57, 2, 0]
65:41:10:309:0.252335 out [410, 235839, 235840, 236470, 44, 45, 42, 4, 0]
65:41:40:569:0.418503 out [408, 235751, 235752, 236501, 45, 45, 46, 3, 0]
65:42:08:976:0.0862122 out [409, 235802, 235803, 236529, 53, 54, 55, 1, 0]
65:42:53:374:0.915672 out [411, 235928, 235929, 236573, 48, 46, 48, 7, 0]
65:50:34:753:0.930237 out [413, 236374, 236470, 237035, 40, 45, 48, 4, 0]
65:52:04:207:0.452919 out [412, 236237, 236421, 237124, 46, 52, 54, 2, 0]
65:55:05:298:0.0720062 out [414, 236398, 236501, 237305, 48, 45, 51, 3, 0]
65:59:26:959:0.616257 out [416, 236660, 236661, 237567, 64, 55, 37, 7, 0]
65:59:34:093:0.154648 out [417, 236754, 237035, 237574, 36, 49, 50, 4, 0]
66:00:50:250:0.37439 out [415, 236603, 236604, 237650, 61, 44, 43, 1, 0]
66:03:14:346:0.140602 out [418, 237062, 237124, 237794, 42, 47, 56, 2, 0]
66:05:10:081:0.0563354 out [419, 237275, 237305, 237910, 48, 48, 48, 3, 0]
66:16:01:912:0.06987 out [420, 238070, 238071, 238562, 45, 66, 39, 1, 0]
66:19:02:053:0.609444 out [421, 238301, 238302, 238742, 41, 46, 51, 2, 0]
66:28:22:174:0.774719 out [422, 238712, 238713, 239302, 56, 51, 36, 1, 0]
66:49:41:747:0.982574 out [423, 239882, 239883, 240582, 38, 52, 61, 1, 0]
81:11:19:948:0.0748901 out [424, 291795, 291796, 292280, 44, 57, 53, 1, 0]
81:23:13:929:0.289413 out [425, 292485, 292486, 292994, 48, 46, 55, 1, 0]
82:01:23:229:0.187561 out [426, 294651, 294652, 295283, 50, 40, 48, 1, 0]
82:42:16:769:0.0969238 out [427, 296992, 296993, 297737, 61, 51, 49, 1, 0]
82:59:27:967:0.802597 out [428, 298415, 298416, 298768, 31, 40, 63, 1, 0]
83:05:52:621:0.20874 out [429, 298490, 298491, 299153, 42, 44, 42, 2, 0]
83:14:54:486:0.136032 out [430, 298993, 298994, 299694, 49, 54, 50, 1, 0]
83:15:11:435:0.593201 out [432, 299225, 299226, 299711, 45, 51, 60, 3, 0]
83:17:54:994:0.663788 out [433, 299352, 299353, 299875, 43, 54, 39, 4, 0]
83:18:36:408:0.389641 out [431, 299223, 299224, 299916, 51, 34, 60, 2, 0]
83:24:28:801:0.0831604 out [434, 299699, 299700, 300269, 53, 54, 54, 1, 0]
83:28:11:752:0.906395 out [435, 299886, 299887, 300492, 53, 53, 54, 3, 0]
83:28:23:736:0.343933 out [437, 300006, 300007, 300504, 40, 50, 41, 4, 0]
83:29:54:318:0.57164 out [436, 299951, 299952, 300594, 60, 56, 49, 2, 0]
83:37:38:977:0.264954 out [438, 300376, 300377, 301059, 48, 57, 58, 1, 0]
83:45:11:758:0.93457 out [439, 300914, 300915, 301512, 42, 56, 46, 2, 0]
83:59:02:396:0.954132 out [441, 301901, 301902, 302342, 41, 57, 41, 2, 0]
84:01:38:932:0.66256 out [440, 301794, 301795, 302499, 61, 51, 35, 1, 0]
84:02:47:345:0.0895081 out [442, 301986, 301987, 302567, 45, 44, 53, 3, 0]
84:06:18:345:0.116211 out [443, 302178, 302179, 302778, 48, 54, 49, 4, 0]
84:10:09:163:0.333084 out [444, 302235, 302342, 303009, 50, 38, 60, 2, 0]
84:20:45:648:0.56012 out [445, 302892, 302893, 303646, 57, 43, 54, 1, 0]
84:25:35:500:0.515533 out [446, 303361, 303362, 303936, 42, 51, 51, 2, 0]
84:26:10:299:0.679352 out [447, 303518, 303519, 303970, 33, 49, 48, 3, 0]
84:30:53:365:0.676476 out [448, 303633, 303634, 304253, 41, 50, 53, 4, 0]
84:33:40:888:0.334824 out [450, 303756, 303757, 304421, 45, 56, 59, 5, 0]
84:35:02:591:0.660095 out [449, 303724, 303725, 304503, 56, 55, 43, 1, 0]
84:36:06:389:0.713837 out [451, 303936, 303937, 304566, 48, 42, 52, 2, 0]
84:39:14:109:0.855247 out [452, 303958, 303959, 304754, 56, 47, 50, 6, 0]
84:41:02:797:0.00143433 out [453, 304075, 304076, 304863, 49, 57, 48, 3, 0]
84:41:50:482:0.30703 out [454, 304144, 304145, 304910, 50, 43, 55, 7, 0]
84:43:56:750:0.427795 out [455, 304308, 304309, 305037, 51, 51, 43, 4, 0]
84:51:00:932:0.521416 out [456, 304626, 304627, 305461, 52, 44, 56, 1, 0]
84:58:50:282:0.834602 out [458, 305282, 305283, 305930, 40, 59, 50, 3, 0]
84:59:30:204:0.393936 out [457, 305156, 305157, 305970, 57, 41, 56, 2, 0]
85:02:37:521:0.0233459 out [461, 305564, 305565, 306158, 42, 39, 57, 1, 0]
85:03:17:779:0.345108 out [459, 305295, 305296, 306198, 56, 41, 46, 4, 0]
85:04:42:598:0.606659 out [460, 305296, 305297, 306283, 66, 43, 46, 5, 0]
85:12:29:089:0.388443 out [463, 305937, 305938, 306749, 52, 47, 40, 3, 0]
85:13:10:526:0.431633 out [462, 305915, 305916, 306791, 49, 50, 56, 6, 0]
85:17:21:043:0.308807 out [464, 306384, 306385, 307041, 40, 45, 48, 1, 0]
85:19:38:761:0.192871 out [466, 306546, 306547, 307179, 45, 40, 44, 4, 0]
85:19:48:102:0.264954 out [465, 306446, 306447, 307188, 51, 47, 47, 2, 0]
85:23:36:103:0.128983 out [467, 306688, 306689, 307416, 53, 49, 42, 5, 0]
85:26:48:515:0.856339 out [470, 306947, 306948, 307609, 45, 49, 55, 7, 0]
85:27:49:133:0.916046 out [471, 307007, 307041, 307669, 49, 59, 47, 1, 0]
85:29:08:755:0.772186 out [469, 306932, 306933, 307749, 49, 61, 61, 6, 0]
85:29:21:938:0.979294 out [472, 307047, 307179, 307762, 49, 40, 55, 4, 0]
85:29:44:454:0.559875 out [468, 306920, 306921, 307784, 53, 52, 64, 3, 0]
85:32:02:076:0.98455 out [473, 307064, 307188, 307922, 49, 38, 52, 2, 0]
85:34:42:919:0.0799255 out [474, 307238, 307416, 308083, 44, 51, 43, 5, 0]
85:38:32:279:0.649475 out [478, 307561, 307762, 308312, 41, 49, 36, 4, 0]
85:39:49:616:0.506317 out [476, 307381, 307669, 308390, 46, 59, 53, 1, 0]
85:40:08:473:0.260071 out [479, 307602, 307784, 308408, 46, 48, 53, 3, 0]
85:41:13:450:0.777199 out [477, 307397, 307749, 308473, 42, 47, 51, 6, 0]
85:41:33:372:0.876312 out [475, 307266, 307609, 308493, 61, 46, 40, 7, 0]
85:46:18:298:0.279503 out [480, 307657, 307922, 308778, 53, 47, 58, 2, 0]
85:47:13:015:0.478828 out [481, 307808, 308083, 308833, 53, 42, 54, 5, 0]
85:47:48:024:0.965576 out [483, 307817, 308390, 308868, 41, 41, 38, 1, 0]
85:50:28:008:0.0655136 out [482, 307808, 308312, 309028, 45, 46, 48, 4, 0]
85:51:13:374:0.815681 out [484, 307910, 308408, 309073, 44, 50, 66, 3, 0]
85:54:03:496:0.297577 out [485, 308177, 308473, 309243, 50, 59, 43, 6, 0]
85:55:16:646:0.613815 out [486, 308202, 308493, 309317, 66, 59, 49, 7, 0]
85:58:42:498:0.146347 out [487, 308203, 308778, 309522, 50, 38, 38, 2, 0]
85:59:18:821:0.0537949 out [488, 308224, 308833, 309559, 48, 41, 54, 5, 0]
86:01:06:645:0.316963 out [489, 308268, 308868, 309667, 51, 42, 58, 1, 0]
86:02:51:171:0.256355 out [491, 308412, 309073, 309771, 55, 44, 50, 3, 0]
86:03:32:541:0.294388 out [492, 308667, 309243, 309813, 31, 48, 59, 6, 0]
86:04:11:163:0.69236 out [490, 308338, 309028, 309851, 50, 64, 42, 4, 0]
86:09:21:443:0.813614 out [493, 308681, 309317, 310161, 62, 68, 47, 7, 0]
86:09:32:164:0.521103 out [495, 309121, 309559, 310172, 44, 37, 57, 5, 0]
86:13:40:183:0.825378 out [494, 308938, 309523, 310420, 58, 55, 50, 2, 0]
86:14:36:960:0.786301 out [496, 309195, 309667, 310477, 54, 40, 52, 1, 0]
86:15:29:564:0.995651 out [498, 309346, 309813, 310530, 48, 52, 43, 6, 0]
86:15:41:492:0.447739 out [497, 309242, 309771, 310541, 56, 53, 52, 3, 0]
86:16:14:445:0.290047 out [499, 309384, 309851, 310574, 54, 50, 58, 4, 0]
86:21:06:500:0.159149 out [500, 309643, 310161, 310867, 52, 51, 52, 7, 0]
86:22:15:330:0.855804 out [501, 309897, 310172, 310935, 59, 47, 53, 5, 0]
86:26:28:069:0.936234 out [505, 310241, 310541, 311188, 48, 50, 59, 3, 0]
86:26:56:718:0.80098 out [504, 310211, 310530, 311217, 43, 42, 37, 6, 0]
86:27:37:336:0.190254 out [503, 310164, 310477, 311257, 51, 47, 39, 1, 0]
86:28:05:575:0.589211 out [508, 310668, 310935, 311286, 39, 47, 61, 5, 0]
86:29:02:823:0.645073 out [502, 309919, 310420, 311343, 58, 48, 45, 2, 0]
86:30:02:709:0.552795 out [506, 310388, 310574, 311403, 59, 44, 46, 4, 0]
86:34:23:719:0.394165 out [507, 310515, 310867, 311664, 51, 47, 49, 7, 0]
86:37:14:896:0.372421 out [512, 310901, 311286, 311835, 43, 57, 50, 5, 0]
86:37:53:516:0.347916 out [513, 310947, 311343, 311874, 37, 56, 48, 2, 0]
86:39:06:681:0.147606 out [510, 310780, 311217, 311947, 48, 43, 52, 6, 0]
86:40:01:768:0.149002 out [511, 310802, 311257, 312002, 48, 38, 62, 1, 0]
86:42:03:542:0.769463 out [509, 310672, 311188, 312124, 67, 47, 52, 3, 0]
86:42:09:965:0.709312 out [514, 311111, 311403, 312130, 54, 48, 47, 4, 0]
86:42:57:074:0.684174 out [515, 311163, 311664, 312177, 41, 44, 37, 7, 0]
86:47:16:083:0.746536 out [517, 311565, 311874, 312436, 42, 43, 55, 2, 0]
86:50:32:852:0.605995 out [521, 312067, 312130, 312633, 39, 53, 42, 4, 0]
86:50:34:176:0.674469 out [518, 311662, 311947, 312634, 47, 48, 38, 6, 0]
86:54:29:440:0.485176 out [516, 311464, 311835, 312869, 72, 53, 51, 5, 0]
86:54:32:679:0.0252762 out [520, 311770, 312124, 312873, 43, 51, 53, 3, 0]
86:54:34:125:0.0806885 out [522, 312085, 312177, 312874, 41, 60, 66, 7, 0]
86:55:14:140:0.287575 out [519, 311743, 312002, 312914, 69, 51, 64, 1, 0]
86:59:30:913:0.183388 out [525, 312401, 312634, 313171, 41, 55, 60, 6, 0]
86:59:39:292:0.464432 out [523, 312175, 312436, 313179, 50, 50, 57, 2, 0]
87:06:10:603:0.476295 out [524, 312324, 312633, 313571, 65, 42, 54, 4, 0]
87:06:12:912:0.765678 out [527, 312702, 312873, 313573, 54, 46, 45, 3, 0]
87:08:12:327:0.599297 out [526, 312588, 312869, 313692, 53, 43, 57, 5, 0]
87:08:41:762:0.054039 out [529, 312999, 313000, 313722, 50, 48, 64, 7, 0]
87:13:12:560:0.420761 out [530, 313148, 313171, 313993, 60, 59, 41, 6, 0]
87:13:21:802:0.270485 out [531, 313489, 313490, 314002, 33, 56, 45, 2, 0]
87:13:31:306:0.0127029 out [528, 312940, 312941, 314011, 64, 45, 61, 1, 0]
87:16:36:587:0.688042 out [533, 313646, 313647, 314197, 44, 45, 47, 4, 0]
87:18:46:099:0.407745 out [535, 313863, 313864, 314326, 39, 54, 45, 7, 0]
87:19:57:718:0.931747 out [532, 313631, 313632, 314398, 52, 55, 58, 3, 0]
87:22:50:381:0.476952 out [534, 313854, 313855, 314570, 47, 44, 50, 5, 0]
87:25:28:297:0.881676 out [538, 314055, 314056, 314728, 50, 50, 56, 1, 0]
87:27:34:764:0.454208 out [536, 313877, 313993, 314855, 48, 59, 41, 6, 0]
87:29:03:285:0.229828 out [537, 313998, 314002, 314943, 53, 45, 46, 2, 0]
87:29:10:883:0.0510635 out [539, 314066, 314197, 314951, 44, 52, 41, 4, 0]
87:31:09:703:0.347351 out [541, 314149, 314398, 315070, 57, 49, 37, 3, 0]
87:31:12:264:0.809753 out [540, 314098, 314326, 315072, 52, 57, 57, 7, 0]
87:34:36:612:0.362053 out [542, 314176, 314570, 315277, 45, 59, 44, 5, 0]
87:40:21:383:0.561829 out [545, 314241, 314943, 315621, 53, 47, 48, 2, 0]
87:41:17:873:0.183167 out [544, 314218, 314855, 315678, 60, 54, 50, 6, 0]
87:41:41:132:0.120827 out [547, 314642, 315070, 315701, 41, 52, 52, 3, 0]
87:41:41:338:0.401939 out [543, 314200, 314728, 315701, 58, 56, 46, 1, 0]
87:42:36:872:0.856834 out [546, 314286, 314951, 315757, 50, 46, 46, 4, 0]
87:43:17:574:0.335793 out [548, 314659, 315072, 315798, 57, 37, 52, 7, 0]
87:43:24:769:0.434669 out [549, 314827, 315277, 315805, 45, 68, 44, 5, 0]
87:49:48:403:0.066925 out [550, 314922, 315621, 316188, 41, 44, 49, 2, 0]
87:52:40:643:0.375862 out [551, 315112, 315678, 316361, 45, 47, 47, 6, 0]
87:53:08:976:0.166061 out [552, 315593, 315701, 316389, 48, 53, 52, 3, 0]
87:54:46:848:0.0160751 out [554, 315642, 315757, 316487, 47, 53, 42, 4, 0]
87:56:16:906:0.797958 out [555, 315888, 315889, 316577, 53, 47, 49, 5, 0]
87:56:26:049:0.110298 out [553, 315620, 315702, 316586, 66, 51, 57, 1, 0]
88:01:44:129:0.674507 out [556, 316255, 316256, 316904, 47, 46, 43, 2, 0]
88:02:00:890:0.632225 out [557, 316261, 316262, 316921, 41, 48, 58, 7, 0]
88:04:35:223:0.884644 out [558, 316328, 316361, 317075, 51, 32, 57, 6, 0]
88:12:36:646:0.327568 out [560, 316864, 316865, 317557, 61, 54, 52, 3, 0]
88:13:28:782:0.831741 out [559, 316704, 316705, 317609, 63, 39, 65, 1, 0]
88:15:00:015:0.583588 out [562, 317000, 317001, 317700, 44, 64, 58, 4, 0]
88:17:37:295:0.642448 out [561, 316945, 316946, 317857, 58, 53, 63, 2, 0]
88:17:53:831:0.852509 out [563, 317348, 317349, 317874, 39, 52, 43, 5, 0]
88:27:01:428:0.156448 out [565, 317670, 317671, 318421, 51, 50, 65, 1, 0]
88:27:06:934:0.531761 out [564, 317469, 317470, 318427, 63, 49, 69, 6, 0]
88:27:55:988:0.867355 out [566, 317896, 317897, 318476, 49, 56, 57, 2, 0]
88:43:10:841:0.85083 out [567, 318410, 318411, 319391, 65, 51, 38, 3, 0]
88:43:52:698:0.237015 out [568, 318594, 318595, 319433, 53, 46, 58, 1, 0]
88:44:55:673:0.916412 out [569, 318775, 318776, 319496, 41, 43, 51, 2, 0]
88:49:12:175:0.808502 out [571, 319105, 319106, 319752, 43, 49, 53, 5, 0]
88:51:16:943:0.621231 out [570, 319016, 319017, 319877, 57, 51, 54, 4, 0]
88:51:41:988:0.304688 out [572, 319158, 319159, 319902, 50, 43, 42, 6, 0]
88:54:06:546:0.696259 out [573, 319185, 319186, 320047, 47, 60, 55, 7, 0]
88:54:26:401:0.312019 out [574, 319188, 319391, 320066, 48, 67, 53, 3, 0]
88:57:15:152:0.992798 out [575, 319529, 319530, 320235, 48, 56, 52, 1, 0]
89:07:14:172:0.420097 out [576, 320194, 320195, 320834, 50, 56, 53, 2, 0]
89:11:03:844:0.351364 out [577, 320385, 320386, 321064, 46, 52, 57, 1, 0]
89:13:26:498:0.671127 out [578, 320577, 320578, 321206, 37, 54, 43, 3, 0]
89:22:25:043:0.298317 out [579, 320991, 320992, 321745, 46, 43, 61, 2, 0]
89:28:04:058:0.618141 out [580, 321221, 321222, 322084, 52, 44, 55, 1, 0]
89:36:13:024:0.654938 out [581, 321866, 321867, 322573, 50, 42, 43, 2, 0]
90:12:37:364:0.743782 out [582, 323907, 323908, 324757, 56, 47, 52, 1, 0]
90:20:41:202:0.0908127 out [583, 324510, 324511, 325241, 61, 37, 42, 2, 0]
90:21:19:405:0.726982 out [584, 324658, 324659, 325279, 51, 52, 52, 3, 0]
90:39:05:181:0.27401 out [585, 325775, 325776, 326345, 46, 59, 44, 1, 0]
91:07:55:474:0.274231 out [586, 327380, 327381, 328075, 52, 40, 48, 1, 0]
91:45:23:955:0.998016 out [587, 329614, 329615, 330324, 54, 60, 48, 1, 0]
