10:03:08:438:0.364578 out [0, 35665.8, 35666.8, 36188.4, 44, 49, 49, 1, 0]
10:03:19:959:0.164215 out [1, 35681.7, 35682.7, 36200, 43, 44, 44, 2, 0]
10:11:38:361:0.761642 out [2, 36115.5, 36116.5, 36698.4, 42, 49, 49, 3, 0]
10:16:23:993:0.41066 out [3, 36402.4, 36403.4, 36984, 46, 54, 49, 1, 0]
11:09:52:926:0.720215 out [5, 39576.3, 39577.3, 40192.9, 53, 59, 38, 2, 0]
11:12:46:902:0.517868 out [4, 39567, 39568, 40366.9, 68, 47, 52, 1, 0]
11:13:19:500:0.744415 out [6, 39600.8, 39601.8, 40399.5, 59, 51, 38, 3, 0]
11:29:23:540:0.905548 out [7, 40715.3, 40716.3, 41363.5, 44, 50, 47, 1, 0]
11:32:22:848:0.11647 out [8, 41050.2, 41051.2, 41542.8, 47, 54, 34, 2, 0]
11:44:45:411:0.0427628 out [9, 41887.2, 41888.2, 42285.4, 38, 51, 47, 1, 0]
11:49:32:848:0.957611 out [10, 41996.2, 41997.2, 42572.8, 53, 39, 51, 2, 0]
12:18:08:237:0.0467911 out [11, 43467.9, 43468.9, 44288.2, 54, 47, 64, 1, 0]
12:19:32:455:0.133987 out [12, 43533.9, 43534.9, 44372.5, 61, 51, 44, 2, 0]
12:21:42:255:0.270554 out [15, 43849.4, 43850.4, 44502.3, 45, 43, 42, 5, 0]
12:22:24:339:0.995934 out [13, 43758.8, 43759.8, 44544.3, 51, 69, 50, 3, 0]
12:23:01:757:0.177902 out [14, 43815.6, 43816.6, 44581.8, 48, 47, 37, 4, 0]
12:28:36:843:0.439651 out [16, 44172, 44173, 44916.8, 38, 51, 51, 6, 0]
12:30:56:642:0.903877 out [17, 44242.2, 44243.3, 45056.6, 39, 54, 38, 7, 0]
12:38:31:143:0.795563 out [18, 44776.2, 44777.2, 45511.1, 50, 57, 45, 1, 0]
12:49:59:070:0.437981 out [20, 45595.3, 45596.3, 46199.1, 42, 41, 51, 1, 0]
12:50:40:207:0.124306 out [19, 45428.4, 45429.4, 46240.2, 56, 63, 56, 2, 0]
13:03:40:166:0.415764 out [21, 46179, 46180, 47020.2, 51, 41, 61, 3, 0]
13:06:10:231:0.698586 out [23, 46365.3, 46366.3, 47170.2, 53, 47, 54, 2, 0]
13:06:20:743:0.830276 out [24, 46427.2, 46428.2, 47180.7, 48, 54, 53, 4, 0]
13:06:47:701:0.273514 out [22, 46363.7, 46364.7, 47207.7, 61, 45, 46, 1, 0]
13:08:28:889:0.336182 out [25, 46564.1, 46565.1, 47308.9, 45, 38, 45, 5, 0]
13:16:23:962:0.338043 out [27, 47062.2, 47063.2, 47784, 46, 45, 34, 3, 0]
13:16:46:708:0.565308 out [26, 46882, 46883, 47806.7, 55, 58, 48, 6, 0]
13:18:28:531:0.426025 out [28, 47079.3, 47080.3, 47908.5, 53, 67, 49, 7, 0]
13:20:59:808:0.0983887 out [30, 47343, 47344, 48059.8, 55, 66, 47, 2, 0]
13:22:49:319:0.83812 out [31, 47441.3, 47442.3, 48169.3, 47, 47, 44, 4, 0]
13:23:01:407:0.320572 out [33, 47504.1, 47505.1, 48181.4, 46, 53, 48, 8, 0]
13:25:38:253:0.706528 out [34, 47611.3, 47612.3, 48338.3, 56, 50, 46, 9, 0]
13:25:41:727:0.291656 out [32, 47482.3, 47483.3, 48341.7, 56, 52, 40, 5, 0]
13:26:16:473:0.894669 out [29, 47313, 47314, 48376.5, 61, 46, 49, 1, 0]
13:32:08:890:0.0552521 out [35, 48132.4, 48133.5, 48728.9, 40, 46, 55, 2, 0]
13:34:40:641:0.65361 out [36, 48182.5, 48183.5, 48880.6, 42, 45, 44, 3, 0]
13:35:17:810:0.409142 out [39, 48272.2, 48273.2, 48917.8, 49, 48, 42, 7, 0]
13:35:41:286:0.556793 out [37, 48193.6, 48194.6, 48941.3, 56, 48, 59, 4, 0]
13:36:49:569:0.199158 out [40, 48401.8, 48402.8, 49009.6, 47, 58, 46, 1, 0]
13:38:38:309:0.400703 out [41, 48401.9, 48403.8, 49118.3, 51, 54, 48, 5, 0]
13:40:29:547:0.405792 out [38, 48232.4, 48233.4, 49229.5, 58, 55, 39, 6, 0]
13:49:43:403:0.503014 out [42, 48904.9, 48905.9, 49783.4, 54, 50, 43, 2, 0]
13:50:04:196:0.612907 out [44, 49269.6, 49270.6, 49804.2, 45, 41, 60, 3, 0]
13:51:36:392:0.993523 out [43, 49115.1, 49116.1, 49896.4, 51, 47, 48, 1, 0]
13:54:28:533:0.348633 out [46, 49344.8, 49345.9, 50068.5, 54, 46, 55, 5, 0]
13:57:13:879:0.632545 out [45, 49292.9, 49293.9, 50233.9, 67, 55, 40, 4, 0]
13:58:50:580:0.245567 out [48, 49693.1, 49694.1, 50330.6, 53, 59, 59, 7, 0]
13:58:59:982:0.0829163 out [47, 49495.7, 49496.7, 50340, 67, 49, 58, 6, 0]
14:02:44:225:0.81823 out [52, 50000.3, 50001.3, 50564.2, 42, 47, 54, 1, 0]
14:03:05:840:0.455605 out [50, 49775.5, 49776.5, 50585.8, 59, 44, 52, 9, 0]
14:04:37:725:0.760056 out [49, 49746.6, 49747.6, 50677.7, 60, 41, 60, 8, 0]
14:05:37:629:0.336906 out [51, 49852.4, 49853.4, 50737.6, 56, 50, 51, 2, 0]
14:07:27:835:0.630966 out [54, 50249.4, 50250.4, 50847.8, 36, 60, 31, 4, 0]
14:09:18:385:0.551048 out [53, 50206.7, 50207.7, 50958.4, 57, 59, 51, 3, 0]
14:10:06:721:0.125675 out [56, 50419.4, 50420.4, 51006.7, 42, 48, 61, 6, 0]
14:10:32:486:0.874653 out [57, 50531.4, 50532.4, 51032.5, 32, 49, 45, 7, 0]
14:11:56:654:0.687477 out [55, 50329, 50330, 51116.7, 52, 53, 50, 5, 0]
14:13:14:959:0.998203 out [58, 50701, 50702, 51195, 45, 73, 54, 1, 0]
14:19:20:117:0.70208 out [59, 50839.9, 50840.9, 51560.1, 50, 49, 47, 2, 0]
14:20:33:864:0.371372 out [60, 51023.9, 51024.9, 51633.9, 42, 62, 43, 3, 0]
14:23:44:070:0.405556 out [61, 51071, 51072, 51824.1, 48, 38, 58, 4, 0]
14:24:20:371:0.886803 out [63, 51219.8, 51220.8, 51860.4, 47, 61, 48, 1, 0]
14:25:58:769:0.0869102 out [62, 51154, 51155, 51958.8, 54, 45, 42, 5, 0]
14:30:51:898:0.141457 out [64, 51372.2, 51373.2, 52251.9, 61, 50, 49, 6, 0]
14:32:49:143:0.261505 out [65, 51550.9, 51552, 52369.1, 53, 43, 60, 7, 0]
14:35:44:141:0.787125 out [66, 51577.7, 51578.7, 52544.1, 57, 47, 58, 2, 0]
14:37:04:081:0.42717 out [68, 51780.4, 51781.4, 52624.1, 50, 46, 55, 8, 0]
14:37:58:991:0.460396 out [67, 51690.4, 51691.4, 52679, 60, 66, 48, 3, 0]
14:40:40:944:0.728074 out [70, 52184, 52185, 52840.9, 40, 52, 59, 4, 0]
14:40:51:952:0.480165 out [72, 52244.3, 52245.3, 52852, 46, 41, 50, 9, 0]
14:41:34:620:0.0391481 out [69, 52133.9, 52134.9, 52894.6, 57, 43, 36, 1, 0]
14:42:56:835:0.324323 out [71, 52220.2, 52221.2, 52976.8, 45, 47, 45, 5, 0]
14:45:45:368:0.443919 out [75, 52482.3, 52483.3, 53145.4, 47, 53, 43, 10, 0]
14:46:23:164:0.61028 out [73, 52276.5, 52277.5, 53183.2, 52, 49, 53, 6, 0]
14:50:04:701:0.321674 out [77, 52794.9, 52795.9, 53404.7, 45, 48, 52, 3, 0]
14:50:06:029:0.534591 out [74, 52420.6, 52421.6, 53406, 52, 56, 49, 7, 0]
14:50:50:565:0.584017 out [76, 52792.9, 52793.9, 53450.6, 39, 42, 52, 2, 0]
14:52:49:608:0.980967 out [78, 52937.8, 52938.8, 53569.6, 46, 51, 47, 1, 0]
15:07:15:303:0.497864 out [80, 53911.4, 53912.4, 54435.3, 42, 52, 56, 2, 0]
15:08:07:233:0.823849 out [79, 53715.2, 53716.2, 54487.2, 53, 52, 56, 1, 0]
15:14:21:118:0.992401 out [81, 54079.7, 54080.7, 54861.1, 54, 53, 57, 3, 0]
15:17:05:827:0.878548 out [82, 54199.4, 54200.4, 55025.8, 56, 48, 50, 4, 0]
15:27:15:849:0.600388 out [83, 54917.9, 54918.9, 55635.8, 53, 43, 61, 1, 0]
15:34:12:321:0.567131 out [85, 55290.3, 55291.3, 56052.3, 48, 53, 51, 3, 0]
15:34:22:549:0.971176 out [84, 55198.6, 55199.6, 56062.5, 52, 41, 59, 2, 0]
15:36:47:775:0.0783691 out [87, 55455.3, 55456.3, 56207.8, 50, 53, 51, 5, 0]
15:37:15:947:0.4674 out [88, 55511.4, 55512.4, 56235.9, 50, 59, 43, 6, 0]
15:37:57:676:0.448418 out [86, 55402.8, 55403.8, 56277.7, 50, 45, 47, 4, 0]
15:40:50:603:0.903366 out [91, 55837.4, 55838.4, 56450.6, 41, 55, 48, 8, 0]
15:41:41:969:0.0528641 out [89, 55732.4, 55733.4, 56502, 59, 54, 56, 1, 0]
15:44:02:485:0.882355 out [90, 55745.6, 55746.6, 56642.5, 55, 55, 45, 7, 0]
15:46:25:735:0.582901 out [92, 56048.9, 56049.9, 56785.7, 45, 48, 45, 9, 0]
15:48:14:329:0.873634 out [93, 56186.8, 56187.8, 56894.3, 50, 45, 42, 2, 0]
15:53:35:112:0.182213 out [94, 56401.6, 56402.6, 57215.1, 58, 55, 41, 3, 0]
15:54:32:170:0.043541 out [96, 56669.7, 56670.7, 57272.2, 46, 47, 50, 4, 0]
15:54:45:345:0.818115 out [95, 56607.3, 56608.3, 57285.3, 48, 52, 44, 1, 0]
16:03:12:218:0.309952 out [97, 57045.2, 57046.2, 57792.2, 62, 33, 50, 2, 0]
16:05:31:484:0.49762 out [98, 57200.6, 57201.6, 57931.5, 54, 43, 50, 5, 0]
16:06:30:407:0.20327 out [99, 57219.7, 57220.7, 57990.4, 52, 38, 61, 3, 0]
16:07:08:269:0.592834 out [100, 57359.9, 57360.9, 58028.3, 44, 37, 45, 1, 0]
16:10:04:368:0.41066 out [101, 57627.3, 57628.3, 58204.4, 42, 51, 52, 4, 0]
16:13:26:777:0.855469 out [102, 57740.8, 57741.8, 58406.8, 43, 52, 38, 6, 0]
16:23:35:294:0.785095 out [105, 58365.8, 58366.8, 59015.3, 47, 49, 41, 3, 0]
16:24:46:939:0.194275 out [104, 58302.9, 58303.9, 59086.9, 45, 41, 45, 2, 0]
16:27:07:289:0.537025 out [103, 58265.8, 58266.8, 59227.3, 58, 39, 48, 1, 0]
16:27:37:587:0.416245 out [107, 58517.4, 58518.4, 59257.6, 58, 47, 59, 5, 0]
16:32:32:946:0.59288 out [108, 58775.7, 58776.7, 59552.9, 59, 58, 41, 6, 0]
16:32:35:993:0.692947 out [110, 58903.7, 58904.7, 59556, 43, 62, 42, 8, 0]
16:32:46:925:0.0341187 out [106, 58515.2, 58516.2, 59566.9, 67, 43, 50, 4, 0]
16:34:30:156:0.415535 out [109, 58892.4, 58893.4, 59670.2, 55, 52, 58, 7, 0]
16:38:58:554:0.604126 out [111, 59033.4, 59034.4, 59938.6, 61, 42, 63, 3, 0]
16:43:22:361:0.514641 out [112, 59562.8, 59563.8, 60202.4, 50, 40, 50, 1, 0]
16:48:19:644:0.84079 out [113, 59676.3, 59677.3, 60499.6, 46, 45, 47, 2, 0]
16:56:22:377:0.490593 out [114, 60255.3, 60256.3, 60982.4, 51, 44, 44, 1, 0]
17:02:55:753:0.0475388 out [115, 60635.1, 60636.1, 61375.8, 49, 52, 56, 2, 0]
17:04:42:117:0.440773 out [116, 60817, 60818, 61482.1, 39, 49, 53, 3, 0]
17:07:17:078:0.340126 out [117, 60824.6, 60825.6, 61637.1, 60, 51, 46, 4, 0]
17:13:46:855:0.787827 out [118, 61255.2, 61256.2, 62026.9, 54, 42, 45, 1, 0]
17:21:36:344:0.496323 out [119, 61778.1, 61779.1, 62496.3, 45, 52, 63, 2, 0]
17:24:55:062:0.433792 out [120, 61854.6, 61855.6, 62695.1, 53, 51, 43, 3, 0]
17:27:24:815:0.93187 out [121, 62015.4, 62016.4, 62844.8, 56, 42, 44, 4, 0]
17:28:21:342:0.526985 out [122, 62056.1, 62057.1, 62901.3, 58, 51, 48, 1, 0]
17:30:19:029:0.0179977 out [123, 62075.9, 62076.9, 63019, 71, 59, 47, 5, 0]
17:37:29:807:0.838989 out [124, 62747.3, 62748.3, 63449.8, 53, 45, 44, 2, 0]
17:44:22:106:0.445862 out [125, 63270.5, 63271.5, 63862.1, 46, 51, 57, 1, 0]
17:51:28:554:0.0471802 out [127, 63676, 63677, 64288.6, 48, 50, 53, 3, 0]
17:54:34:468:0.735291 out [128, 63750.9, 63751.9, 64474.5, 44, 44, 54, 4, 0]
17:54:58:401:0.720596 out [126, 63616.2, 63617.2, 64498.4, 49, 54, 53, 2, 0]
18:35:37:610:0.00497437 out [129, 66363.9, 66364.9, 66937.6, 49, 61, 53, 1, 0]
18:40:26:593:0.107773 out [130, 66560.2, 66561.2, 67226.6, 49, 45, 52, 2, 0]
18:44:51:135:0.39846 out [131, 67014.5, 67015.5, 67491.1, 41, 50, 45, 1, 0]
19:02:48:324:0.516846 out [132, 68083.8, 68084.8, 68568.3, 51, 41, 59, 1, 0]
33:24:11:164:0.371086 out [133, 119510, 119511, 120251, 61, 45, 64, 1, 0]
34:26:02:507:0.411552 out [134, 123320, 123321, 123963, 50, 48, 49, 1, 0]
34:48:50:155:0.738022 out [136, 124719, 124721, 125330, 51, 35, 50, 2, 0]
34:49:08:330:0.88739 out [135, 124719, 124720, 125348, 47, 51, 59, 1, 0]
34:52:54:545:0.0645218 out [137, 125005, 125006, 125575, 51, 60, 51, 3, 0]
34:59:43:678:0.886009 out [138, 125511, 125512, 125984, 43, 53, 49, 1, 0]
35:10:57:236:0.879898 out [140, 126171, 126172, 126657, 45, 45, 57, 2, 0]
35:11:42:047:0.695709 out [141, 126193, 126194, 126702, 45, 52, 49, 3, 0]
35:14:57:036:0.715103 out [139, 126161, 126162, 126897, 48, 53, 49, 1, 0]
35:20:18:580:0.879761 out [142, 126536, 126537, 127219, 52, 52, 53, 4, 0]
35:34:45:870:0.520187 out [145, 127563, 127564, 128086, 39, 45, 46, 3, 0]
35:35:47:119:0.988991 out [144, 127517, 127518, 128147, 54, 52, 46, 2, 0]
35:36:09:682:0.668282 out [143, 127376, 127377, 128170, 65, 57, 54, 1, 0]
35:40:12:611:0.534668 out [146, 127615, 127616, 128413, 55, 59, 51, 4, 0]
35:45:16:432:0.581093 out [148, 127974, 128147, 128716, 44, 46, 49, 2, 0]
35:45:59:989:0.840652 out [147, 127773, 128086, 128760, 55, 52, 48, 3, 0]
35:46:23:599:0.0125198 out [149, 128113, 128170, 128784, 52, 43, 50, 1, 0]
35:59:37:868:0.919922 out [150, 128900, 128901, 129578, 55, 49, 45, 1, 0]
36:05:28:617:0.550446 out [151, 129388, 129389, 129929, 44, 52, 53, 2, 0]
36:08:45:552:0.563263 out [152, 129492, 129493, 130126, 53, 51, 58, 3, 0]
36:10:35:757:0.131172 out [153, 129496, 129497, 130236, 54, 45, 52, 4, 0]
36:25:26:348:0.787857 out [154, 130166, 130167, 131126, 61, 47, 52, 1, 0]
36:28:30:628:0.338409 out [155, 130660, 130661, 131311, 46, 43, 43, 2, 0]
36:36:43:227:0.362228 out [156, 130939, 130940, 131803, 57, 46, 64, 3, 0]
36:37:34:696:0.381165 out [157, 130974, 130975, 131855, 46, 46, 47, 4, 0]
36:40:34:530:0.621124 out [158, 131078, 131079, 132035, 63, 48, 56, 5, 0]
36:40:35:240:0.290237 out [159, 131297, 131298, 132035, 46, 41, 49, 1, 0]
36:46:15:514:0.250351 out [160, 131612, 131613, 132376, 43, 60, 42, 2, 0]
36:53:26:697:0.475983 out [162, 132041, 132042, 132807, 57, 51, 49, 1, 0]
36:53:49:817:0.803932 out [161, 132009, 132010, 132830, 52, 62, 52, 3, 0]
36:53:58:824:0.527336 out [163, 132092, 132093, 132839, 49, 52, 61, 4, 0]
36:56:00:958:0.691193 out [164, 132151, 132152, 132961, 57, 63, 43, 5, 0]
36:59:10:970:0.450951 out [165, 132502, 132503, 133151, 43, 57, 48, 2, 0]
36:59:35:904:0.049469 out [166, 132544, 132545, 133176, 45, 43, 49, 6, 0]
37:09:55:901:0.345802 out [167, 133052, 133053, 133796, 54, 50, 37, 1, 0]
37:11:48:062:0.524391 out [168, 133141, 133142, 133908, 49, 46, 33, 3, 0]
37:20:37:615:0.915848 out [169, 133641, 133642, 134438, 57, 58, 56, 2, 0]
37:21:47:895:0.886017 out [171, 133834, 133835, 134508, 44, 46, 55, 4, 0]
37:27:21:910:0.21402 out [172, 134299, 134300, 134842, 43, 44, 45, 3, 0]
37:27:46:675:0.528122 out [170, 133812, 133813, 134867, 57, 61, 47, 1, 0]
37:32:18:896:0.383835 out [173, 134434, 134435, 135139, 46, 49, 47, 5, 0]
37:34:13:028:0.176857 out [175, 134532, 134533, 135253, 49, 44, 45, 4, 0]
37:36:17:461:0.585594 out [176, 134564, 134565, 135377, 61, 49, 52, 6, 0]
37:37:59:780:0.792786 out [177, 134654, 134655, 135480, 49, 47, 52, 7, 0]
37:38:27:938:0.0574951 out [174, 134488, 134489, 135508, 64, 51, 61, 2, 0]
37:42:27:564:0.609123 out [178, 135071, 135072, 135748, 40, 49, 59, 1, 0]
37:48:18:636:0.205269 out [179, 135313, 135314, 136099, 55, 48, 57, 3, 0]
37:51:24:145:0.10305 out [180, 135420, 135421, 136284, 50, 39, 53, 4, 0]
37:51:48:098:0.555161 out [183, 135627, 135628, 136308, 49, 66, 52, 6, 0]
37:51:53:120:0.495392 out [182, 135621, 135622, 136313, 48, 37, 40, 5, 0]
37:52:40:833:0.285881 out [184, 135716, 135717, 136361, 48, 43, 41, 7, 0]
37:53:08:389:0.141632 out [181, 135510, 135511, 136388, 50, 47, 58, 2, 0]
37:54:33:719:0.117714 out [185, 135774, 135775, 136474, 45, 51, 45, 1, 0]
37:55:21:703:0.748299 out [187, 135989, 135990, 136522, 42, 51, 53, 9, 0]
37:58:42:071:0.440292 out [188, 136030, 136031, 136722, 46, 50, 44, 10, 0]
37:59:13:529:0.633118 out [186, 135862, 135863, 136754, 52, 42, 61, 8, 0]
38:00:02:624:0.9496 out [190, 136099, 136284, 136803, 35, 56, 49, 4, 0]
38:02:26:122:0.652199 out [189, 136075, 136099, 136946, 54, 47, 47, 3, 0]
38:02:38:500:0.400688 out [191, 136142, 136308, 136959, 50, 56, 58, 6, 0]
38:02:52:064:0.900543 out [192, 136299, 136313, 136972, 45, 49, 51, 5, 0]
38:08:15:817:0.187859 out [193, 136502, 136503, 137296, 49, 45, 51, 1, 0]
38:13:10:438:0.0985031 out [194, 136596, 136597, 137590, 60, 46, 46, 2, 0]
38:14:51:852:0.893425 out [195, 136949, 136950, 137692, 55, 48, 65, 3, 0]
38:19:19:159:0.42247 out [196, 137133, 137134, 137959, 47, 60, 51, 4, 0]
38:20:51:098:0.504616 out [197, 137233, 137234, 138051, 53, 48, 59, 5, 0]
38:22:34:109:0.772278 out [199, 137421, 137422, 138154, 52, 52, 46, 6, 0]
38:22:45:854:0.847504 out [198, 137388, 137389, 138166, 57, 41, 42, 1, 0]
38:24:52:950:0.962854 out [201, 137715, 137716, 138293, 46, 43, 42, 3, 0]
38:28:21:243:0.0825958 out [200, 137698, 137699, 138501, 57, 38, 53, 2, 0]
38:30:03:088:0.915421 out [202, 137934, 137935, 138603, 51, 53, 51, 7, 0]
38:39:37:425:0.162269 out [203, 138332, 138333, 139177, 53, 54, 55, 1, 0]
38:42:24:752:0.25587 out [204, 138579, 138580, 139345, 60, 60, 53, 2, 0]
38:44:54:073:0.811902 out [205, 138755, 138756, 139494, 53, 54, 51, 3, 0]
38:48:53:162:0.547422 out [207, 139252, 139253, 139733, 43, 38, 46, 1, 0]
38:52:46:205:0.574585 out [206, 139115, 139116, 139966, 49, 55, 51, 4, 0]
38:57:31:478:0.904797 out [209, 139611, 139612, 140251, 45, 55, 47, 3, 0]
38:58:37:744:0.101835 out [208, 139420, 139421, 140318, 58, 47, 39, 2, 0]
39:02:16:526:0.111675 out [210, 139753, 139754, 140537, 57, 38, 55, 1, 0]
39:04:29:675:0.75462 out [211, 139842, 139843, 140670, 59, 46, 53, 5, 0]
39:05:33:200:0.0637779 out [214, 140112, 140113, 140733, 41, 53, 57, 7, 0]
39:05:37:886:0.7584 out [213, 140054, 140055, 140738, 47, 45, 46, 6, 0]
39:07:13:836:0.878849 out [215, 140200, 140201, 140834, 48, 59, 56, 8, 0]
39:07:22:597:0.892357 out [212, 139972, 139973, 140843, 53, 49, 40, 4, 0]
39:11:43:442:0.412926 out [217, 140316, 140317, 141103, 52, 54, 49, 3, 0]
39:12:14:931:0.391788 out [216, 140233, 140234, 141135, 54, 47, 48, 9, 0]
39:12:18:456:0.758572 out [218, 140341, 140342, 141138, 53, 41, 51, 2, 0]
39:15:45:499:0.878479 out [220, 140542, 140543, 141345, 46, 52, 51, 1, 0]
39:18:00:750:0.213219 out [219, 140404, 140405, 141481, 64, 48, 44, 10, 0]
39:18:11:334:0.211899 out [223, 140744, 140745, 141491, 54, 62, 50, 6, 0]
39:19:32:267:0.978336 out [221, 140618, 140670, 141572, 53, 56, 43, 5, 0]
39:19:42:044:0.115616 out [225, 140951, 140952, 141582, 40, 57, 47, 4, 0]
39:21:54:181:0.349422 out [222, 140619, 140733, 141714, 63, 56, 54, 7, 0]
39:23:25:859:0.347965 out [224, 140777, 140834, 141806, 60, 41, 48, 8, 0]
39:26:31:753:0.648354 out [227, 141221, 141222, 141992, 55, 54, 49, 2, 0]
39:26:39:381:0.728317 out [226, 140986, 141103, 141999, 63, 39, 51, 3, 0]
39:32:58:759:0.868217 out [228, 141589, 141590, 142379, 58, 51, 40, 1, 0]
39:45:36:332:0.348419 out [229, 142258, 142259, 143136, 61, 57, 45, 2, 0]
39:48:20:428:0.597046 out [230, 142764, 142765, 143300, 50, 49, 46, 1, 0]
39:49:37:481:0.0319672 out [231, 142825, 142826, 143377, 42, 58, 43, 3, 0]
39:54:27:194:0.525314 out [233, 143090, 143091, 143667, 47, 62, 43, 5, 0]
39:54:46:369:0.910789 out [232, 142829, 142830, 143686, 54, 53, 52, 4, 0]
40:00:38:117:0.969109 out [234, 143257, 143258, 144038, 55, 44, 46, 2, 0]
40:00:44:560:0.854507 out [237, 143444, 143445, 144045, 41, 43, 54, 6, 0]
40:03:40:342:0.347694 out [235, 143407, 143408, 144220, 54, 42, 50, 1, 0]
40:04:25:587:0.891174 out [236, 143439, 143440, 144266, 61, 59, 46, 3, 0]
40:10:05:220:0.750404 out [238, 143830, 143831, 144605, 45, 67, 47, 4, 0]
40:13:06:585:0.796906 out [239, 144081, 144082, 144787, 49, 50, 51, 2, 0]
40:23:26:646:0.349503 out [240, 144621, 144622, 145407, 50, 45, 49, 1, 0]
40:23:56:007:0.940842 out [241, 144695, 144696, 145436, 48, 43, 57, 3, 0]
40:24:22:918:0.648315 out [243, 144810, 144811, 145463, 45, 44, 41, 2, 0]
40:25:37:910:0.887314 out [242, 144775, 144776, 145538, 55, 65, 50, 4, 0]
40:28:45:649:0.493767 out [244, 144987, 144988, 145726, 51, 55, 45, 5, 0]
40:40:18:719:0.95504 out [245, 145762, 145763, 146419, 48, 48, 50, 1, 0]
40:42:01:881:0.588531 out [246, 145985, 145986, 146522, 41, 56, 48, 2, 0]
40:47:06:708:0.632065 out [248, 146283, 146284, 146827, 34, 50, 55, 4, 0]
40:49:42:105:0.873657 out [247, 146239, 146240, 146982, 47, 48, 54, 3, 0]
40:49:56:364:0.688469 out [249, 146305, 146306, 146996, 41, 51, 54, 5, 0]
40:53:22:030:0.684616 out [252, 146610, 146612, 147202, 38, 49, 40, 2, 0]
40:53:34:399:0.22197 out [250, 146397, 146398, 147214, 54, 64, 58, 6, 0]
40:55:57:799:0.225403 out [251, 146610, 146611, 147358, 59, 52, 52, 1, 0]
40:58:49:653:0.21405 out [253, 146983, 146984, 147530, 32, 57, 42, 3, 0]
41:08:03:600:0.482536 out [254, 147538, 147539, 148084, 38, 49, 53, 1, 0]
41:15:27:893:0.493248 out [255, 147713, 147714, 148528, 51, 42, 44, 2, 0]
41:17:51:721:0.0641632 out [256, 147723, 147724, 148672, 53, 57, 55, 3, 0]
41:18:52:231:0.434418 out [257, 147774, 147775, 148732, 55, 51, 45, 4, 0]
41:18:57:989:0.897324 out [258, 148312, 148313, 148738, 36, 43, 48, 1, 0]
41:35:00:270:0.943237 out [259, 148885, 148886, 149700, 54, 52, 42, 1, 0]
41:36:53:553:0.534103 out [260, 149007, 149008, 149814, 54, 51, 46, 2, 0]
41:38:54:618:0.995262 out [261, 149199, 149200, 149935, 45, 51, 42, 3, 0]
41:44:37:917:0.654587 out [264, 149740, 149741, 150278, 50, 56, 60, 5, 0]
41:46:11:017:0.216278 out [263, 149733, 149734, 150371, 43, 36, 51, 4, 0]
41:48:12:475:0.284172 out [262, 149711, 149712, 150492, 52, 55, 53, 1, 0]
41:52:11:086:0.39772 out [265, 149865, 149866, 150731, 55, 51, 44, 2, 0]
42:02:19:170:0.41452 out [266, 150671, 150672, 151339, 43, 45, 75, 1, 0]
42:02:42:176:0.367355 out [267, 150674, 150675, 151362, 49, 52, 55, 3, 0]
42:06:22:890:0.849663 out [268, 150761, 150762, 151583, 55, 34, 49, 2, 0]
42:10:23:174:0.809052 out [269, 151162, 151163, 151823, 42, 53, 53, 4, 0]
42:27:25:290:0.870262 out [271, 152311, 152312, 152845, 54, 49, 43, 2, 0]
42:30:17:489:0.230705 out [270, 152134, 152135, 153017, 74, 49, 58, 1, 0]
42:32:55:548:0.519684 out [272, 152538, 152539, 153176, 43, 62, 46, 3, 0]
43:10:26:850:0.956512 out [273, 154779, 154780, 155427, 52, 46, 55, 1, 0]
58:06:18:247:0.537209 out [274, 208283, 208284, 209178, 62, 54, 55, 1, 0]
58:38:33:853:0.463722 out [275, 210615, 210616, 211114, 48, 42, 37, 1, 0]
58:56:57:127:0.986504 out [276, 211523, 211524, 212217, 51, 58, 50, 1, 0]
59:06:47:426:0.238609 out [277, 212189, 212190, 212807, 45, 51, 51, 2, 0]
59:26:54:545:0.372559 out [278, 213312, 213313, 214015, 62, 50, 50, 1, 0]
59:47:43:343:0.763901 out [279, 214577, 214578, 215263, 56, 30, 55, 1, 0]
60:11:25:361:0.882759 out [280, 216020, 216021, 216685, 47, 47, 67, 1, 0]
60:12:29:647:0.66748 out [281, 216116, 216117, 216750, 51, 43, 48, 2, 0]
60:19:19:306:0.801392 out [282, 216476, 216477, 217159, 42, 58, 58, 3, 0]
60:37:55:365:0.534378 out [286, 217660, 217661, 218275, 49, 55, 72, 4, 0]
60:39:20:506:0.451202 out [284, 217611, 217612, 218361, 54, 61, 51, 2, 0]
60:40:55:203:0.282906 out [283, 217552, 217553, 218455, 57, 52, 40, 1, 0]
60:43:47:786:0.488129 out [285, 217643, 217644, 218628, 49, 43, 64, 3, 0]
60:44:17:421:0.625687 out [287, 217942, 217943, 218657, 49, 46, 47, 5, 0]
60:47:48:411:0.349846 out [288, 218053, 218054, 218868, 57, 46, 55, 6, 0]
60:49:52:535:0.20639 out [290, 218256, 218257, 218993, 52, 37, 57, 8, 0]
60:51:09:227:0.0112762 out [291, 218389, 218390, 219069, 41, 53, 52, 2, 0]
60:53:33:898:0.800446 out [292, 218567, 218568, 219214, 44, 55, 57, 1, 0]
60:55:26:810:0.425354 out [289, 218153, 218154, 219327, 69, 45, 54, 7, 0]
61:00:01:038:0.740707 out [293, 218812, 218813, 219601, 52, 45, 39, 3, 0]
61:06:18:498:0.41745 out [295, 219387, 219388, 219978, 44, 53, 46, 2, 0]
61:08:14:499:0.847961 out [294, 219375, 219376, 220094, 41, 43, 53, 1, 0]
61:10:21:225:0.560333 out [297, 219548, 219550, 220221, 46, 35, 60, 5, 0]
61:11:54:468:0.248917 out [296, 219548, 219549, 220314, 55, 64, 58, 4, 0]
61:15:03:946:0.116043 out [298, 219841, 219842, 220504, 43, 50, 43, 3, 0]
61:20:10:335:0.489822 out [299, 219920, 219921, 220810, 57, 52, 49, 6, 0]
61:27:04:488:0.236023 out [302, 220686, 220687, 221224, 36, 47, 59, 3, 0]
61:28:45:451:0.845718 out [300, 220245, 220246, 221325, 60, 46, 52, 1, 0]
61:31:48:560:0.88884 out [301, 220537, 220538, 221509, 64, 67, 49, 2, 0]
61:33:35:870:0.377136 out [303, 220849, 220850, 221616, 50, 53, 51, 4, 0]
61:38:35:824:0.526382 out [304, 221135, 221136, 221916, 49, 46, 60, 5, 0]
61:41:20:587:0.497307 out [305, 221317, 221318, 222081, 52, 54, 58, 3, 0]
61:42:09:269:0.194199 out [306, 221362, 221363, 222129, 45, 57, 53, 1, 0]
61:46:04:436:0.642242 out [308, 221735, 221736, 222364, 51, 57, 51, 4, 0]
61:48:08:497:0.554375 out [307, 221696, 221697, 222488, 54, 55, 48, 2, 0]
61:54:06:253:0.80571 out [309, 222098, 222099, 222846, 54, 54, 43, 3, 0]
61:58:22:805:0.445267 out [310, 222233, 222234, 223103, 55, 42, 49, 1, 0]
62:00:51:713:0.939262 out [311, 222503, 222504, 223252, 53, 38, 60, 2, 0]
62:02:38:813:0.734604 out [312, 222535, 222536, 223359, 49, 47, 30, 4, 0]
62:05:13:496:0.864868 out [313, 222742, 222743, 223513, 53, 59, 40, 5, 0]
62:08:45:277:0.510239 out [315, 223005, 223006, 223725, 52, 46, 37, 6, 0]
62:09:56:742:0.908073 out [314, 222860, 222861, 223797, 58, 56, 57, 3, 0]
62:16:11:491:0.486145 out [318, 223472, 223473, 224171, 51, 51, 43, 4, 0]
62:16:32:467:0.710567 out [316, 223404, 223405, 224192, 51, 55, 57, 1, 0]
62:16:58:204:0.181267 out [317, 223428, 223429, 224218, 53, 52, 48, 2, 0]
62:17:53:730:0.686737 out [319, 223525, 223526, 224274, 53, 58, 44, 5, 0]
62:23:25:416:0.0152206 out [321, 223732, 223733, 224605, 48, 45, 33, 6, 0]
62:24:58:357:0.134415 out [320, 223629, 223630, 224698, 77, 47, 52, 7, 0]
62:26:15:067:0.734314 out [322, 223783, 223784, 224775, 62, 48, 64, 8, 0]
62:26:54:176:0.293446 out [323, 224216, 224217, 224814, 41, 44, 62, 1, 0]
62:32:00:671:0.174599 out [324, 224321, 224322, 225121, 52, 45, 57, 2, 0]
62:34:04:558:0.978272 out [327, 224678, 224679, 225245, 47, 56, 41, 5, 0]
62:35:08:346:0.46876 out [325, 224548, 224549, 225308, 52, 47, 59, 3, 0]
62:35:44:339:0.959694 out [326, 224596, 224597, 225344, 49, 49, 48, 4, 0]
62:39:22:533:0.403529 out [328, 224829, 224830, 225563, 40, 51, 56, 1, 0]
62:46:08:411:0.210848 out [329, 225363, 225364, 225968, 46, 52, 50, 2, 0]
62:51:00:294:0.525219 out [330, 225481, 225482, 226260, 49, 45, 37, 3, 0]
62:56:34:834:0.943844 out [331, 225791, 225792, 226595, 52, 49, 59, 1, 0]
62:59:10:575:0.790001 out [332, 225994, 225995, 226751, 51, 40, 48, 2, 0]
63:00:10:707:0.410885 out [333, 226135, 226136, 226811, 45, 79, 62, 4, 0]
63:01:33:769:0.968105 out [335, 226290, 226291, 226894, 46, 59, 58, 3, 0]
63:02:09:882:0.699562 out [334, 226142, 226143, 226930, 57, 60, 45, 5, 0]
63:05:36:066:0.497875 out [336, 226585, 226586, 227136, 41, 47, 51, 6, 0]
63:14:52:885:0.795189 out [337, 226962, 226963, 227693, 52, 41, 63, 1, 0]
63:15:02:790:0.775848 out [338, 227025, 227026, 227703, 39, 53, 48, 2, 0]
63:16:59:785:0.0967178 out [341, 227214, 227215, 227820, 46, 48, 50, 5, 0]
63:19:00:455:0.253197 out [340, 227147, 227148, 227940, 53, 48, 51, 4, 0]
63:19:04:276:0.998116 out [343, 227381, 227382, 227944, 46, 50, 43, 7, 0]
63:20:36:555:0.879189 out [339, 227132, 227133, 228037, 64, 48, 45, 3, 0]
63:21:28:467:0.947556 out [345, 227540, 227541, 228088, 40, 48, 51, 9, 0]
63:22:26:233:0.572556 out [344, 227392, 227393, 228146, 56, 44, 45, 8, 0]
63:22:50:230:0.146957 out [342, 227367, 227368, 228170, 53, 59, 50, 6, 0]
63:24:54:547:0.994209 out [346, 227611, 227612, 228295, 45, 45, 41, 10, 0]
63:29:26:276:0.643349 out [348, 228025, 228026, 228566, 43, 45, 44, 2, 0]
63:33:43:188:0.159538 out [347, 227980, 227981, 228823, 51, 63, 50, 1, 0]
63:33:45:961:0.609436 out [349, 228064, 228065, 228826, 51, 63, 49, 3, 0]
63:36:14:706:0.997467 out [350, 228142, 228143, 228975, 52, 35, 55, 4, 0]
63:37:12:015:0.842033 out [351, 228360, 228361, 229032, 53, 50, 43, 5, 0]
63:37:44:016:0.206337 out [352, 228462, 228463, 229064, 39, 41, 54, 6, 0]
63:44:29:551:0.91095 out [353, 228730, 228731, 229470, 47, 49, 51, 2, 0]
63:47:42:469:0.270302 out [356, 229036, 229037, 229662, 46, 47, 52, 4, 0]
63:49:33:166:0.434837 out [357, 229161, 229162, 229773, 39, 47, 50, 5, 0]
63:50:14:506:0.116463 out [354, 228844, 228845, 229815, 60, 56, 50, 1, 0]
63:53:56:162:0.808014 out [358, 229286, 229287, 230036, 50, 46, 46, 6, 0]
63:55:14:456:0.233574 out [355, 229018, 229019, 230114, 71, 47, 44, 3, 0]
63:56:21:764:0.537407 out [359, 229316, 229317, 230182, 63, 45, 50, 7, 0]
64:00:52:956:0.0561905 out [360, 229718, 229719, 230453, 51, 54, 55, 2, 0]
64:03:11:847:0.618652 out [363, 229920, 229921, 230592, 38, 53, 38, 5, 0]
64:05:22:167:0.465759 out [361, 229834, 229835, 230722, 51, 43, 50, 1, 0]
64:05:54:274:0.775101 out [364, 229945, 229946, 230754, 59, 55, 43, 8, 0]
64:06:25:073:0.312355 out [365, 230198, 230199, 230785, 42, 59, 43, 3, 0]
64:06:38:810:0.740067 out [362, 229880, 229881, 230799, 54, 41, 54, 4, 0]
64:10:29:997:0.669769 out [366, 230551, 230552, 231030, 27, 55, 51, 2, 0]
64:12:55:579:0.588486 out [367, 230711, 230712, 231176, 36, 42, 48, 5, 0]
64:20:22:488:0.16259 out [368, 230891, 230892, 231622, 47, 50, 42, 1, 0]
64:25:34:732:0.991768 out [369, 230938, 230939, 231935, 61, 53, 45, 3, 0]
64:26:58:176:0.837517 out [370, 231362, 231363, 232018, 49, 50, 48, 2, 0]
64:33:28:418:0.376518 out [371, 231666, 231667, 232408, 51, 38, 46, 1, 0]
64:35:16:106:0.978012 out [373, 231826, 231827, 232516, 50, 52, 56, 5, 0]
64:37:42:972:0.198082 out [372, 231803, 231804, 232663, 55, 53, 41, 4, 0]
64:38:43:612:0.784935 out [376, 232114, 232115, 232724, 45, 53, 43, 6, 0]
64:38:51:825:0.90921 out [377, 232152, 232153, 232732, 45, 41, 59, 7, 0]
64:41:13:366:0.131378 out [378, 232220, 232221, 232873, 47, 42, 34, 8, 0]
64:42:12:812:0.703682 out [375, 232050, 232051, 232933, 59, 47, 49, 2, 0]
64:43:30:609:0.0665588 out [374, 231951, 231952, 233011, 59, 60, 54, 3, 0]
64:53:33:683:0.672501 out [379, 233089, 233090, 233614, 40, 47, 52, 1, 0]
64:56:39:086:0.0324631 out [380, 233102, 233103, 233799, 55, 52, 56, 2, 0]
64:59:31:879:0.267288 out [381, 233292, 233293, 233972, 43, 48, 50, 3, 0]
65:00:01:205:0.666138 out [382, 233311, 233312, 234001, 41, 61, 48, 4, 0]
65:05:11:047:0.937943 out [386, 233760, 233761, 234311, 46, 54, 39, 7, 0]
65:05:14:824:0.156357 out [383, 233697, 233698, 234315, 45, 55, 46, 1, 0]
65:06:29:698:0.310448 out [387, 233769, 233770, 234390, 45, 70, 53, 8, 0]
65:07:25:962:0.130142 out [388, 233820, 233821, 234446, 40, 58, 62, 2, 0]
65:07:58:519:0.0387497 out [384, 233711, 233712, 234479, 53, 61, 46, 5, 0]
65:09:44:602:0.212502 out [385, 233728, 233729, 234585, 59, 48, 74, 6, 0]
65:14:38:112:0.415863 out [389, 234176, 234177, 234878, 51, 37, 56, 3, 0]
65:19:34:194:0.889618 out [390, 234274, 234275, 235174, 56, 40, 61, 4, 0]
65:20:19:459:0.977699 out [391, 234301, 234302, 235219, 62, 36, 42, 9, 0]
65:21:54:816:0.0558472 out [392, 234475, 234476, 235315, 58, 54, 56, 1, 0]
65:23:11:136:0.508537 out [393, 234723, 234724, 235391, 51, 45, 47, 2, 0]
65:25:33:475:0.85733 out [394, 234798, 234799, 235533, 49, 59, 53, 5, 0]
65:51:45:754:0.454208 out [396, 236517, 236518, 237106, 35, 62, 56, 2, 0]
65:52:29:947:0.962357 out [395, 236330, 236331, 237150, 58, 44, 44, 1, 0]
66:14:53:249:0.475075 out [397, 237489, 237490, 238493, 61, 55, 59, 1, 0]
66:21:57:377:0.340866 out [398, 238372, 238373, 238917, 40, 36, 42, 2, 0]
67:00:12:677:0.0978699 out [399, 240458, 240459, 241213, 53, 52, 47, 1, 0]
81:54:43:776:0.629044 out [400, 294086, 294087, 294884, 52, 50, 46, 1, 0]
82:09:36:820:0.459915 out [401, 295361, 295362, 295777, 38, 57, 46, 1, 0]
82:28:37:555:0.489136 out [402, 296271, 296272, 296918, 49, 57, 51, 1, 0]
82:40:21:510:0.0923309 out [403, 296842, 296843, 297622, 64, 48, 50, 2, 0]
82:45:27:862:0.361504 out [404, 297193, 297194, 297928, 59, 50, 56, 1, 0]
83:17:09:258:0.622719 out [405, 299260, 299261, 299829, 48, 46, 48, 1, 0]
83:38:24:823:0.00241089 out [406, 300442, 300443, 301105, 48, 45, 37, 1, 0]
83:46:14:081:0.926895 out [407, 300869, 300870, 301574, 53, 61, 50, 2, 0]
83:47:03:927:0.223755 out [408, 300873, 300874, 301624, 50, 52, 46, 3, 0]
83:51:19:314:0.840866 out [409, 301270, 301271, 301879, 48, 43, 60, 1, 0]
83:55:44:191:0.664841 out [411, 301506, 301574, 302144, 50, 48, 43, 2, 0]
83:57:18:674:0.832893 out [410, 301493, 301494, 302239, 60, 45, 43, 4, 0]
84:00:03:122:0.557236 out [412, 301838, 301839, 302403, 50, 50, 50, 3, 0]
84:02:04:459:0.881378 out [413, 302034, 302035, 302524, 47, 47, 46, 1, 0]
84:07:51:809:0.456421 out [414, 302283, 302284, 302872, 54, 58, 54, 2, 0]
84:21:46:394:0.0912018 out [416, 303160, 303161, 303706, 43, 40, 52, 2, 0]
84:22:21:918:0.139053 out [415, 303153, 303154, 303742, 44, 48, 45, 1, 0]
84:28:58:311:0.893059 out [417, 303520, 303521, 304138, 40, 37, 52, 3, 0]
84:34:50:855:0.974747 out [421, 303938, 303939, 304491, 35, 41, 67, 5, 0]
84:35:13:091:0.200424 out [420, 303889, 303890, 304513, 47, 62, 49, 2, 0]
84:36:35:933:0.376862 out [418, 303629, 303630, 304596, 54, 72, 67, 4, 0]
84:37:39:085:0.153175 out [419, 303883, 303884, 304659, 59, 50, 47, 1, 0]
84:37:54:807:0.0483932 out [422, 303995, 303996, 304675, 49, 49, 58, 6, 0]
84:42:07:343:0.237473 out [423, 304047, 304048, 304927, 55, 54, 38, 7, 0]
84:44:17:089:0.380814 out [425, 304306, 304307, 305057, 46, 52, 60, 3, 0]
84:45:01:639:0.0615234 out [424, 304120, 304121, 305102, 51, 48, 70, 8, 0]
84:46:07:395:0.680977 out [426, 304309, 304310, 305167, 60, 46, 49, 9, 0]
84:47:34:458:0.753181 out [427, 304458, 304459, 305254, 51, 54, 55, 10, 0]
84:55:14:885:0.673119 out [428, 305140, 305141, 305715, 44, 48, 55, 1, 0]
84:58:43:004:0.235817 out [429, 305142, 305143, 305923, 59, 55, 37, 2, 0]
85:00:36:914:0.18512 out [430, 305374, 305375, 306037, 43, 53, 52, 3, 0]
85:02:57:507:0.0386658 out [431, 305531, 305532, 306178, 48, 46, 51, 4, 0]
85:03:46:754:0.217697 out [432, 305617, 305618, 306227, 43, 43, 51, 5, 0]
85:15:00:297:0.0968018 out [433, 305964, 305965, 306900, 49, 55, 52, 1, 0]
85:15:29:836:0.683823 out [434, 306161, 306162, 306930, 51, 47, 48, 2, 0]
85:17:09:697:0.54274 out [435, 306295, 306296, 307030, 57, 54, 44, 3, 0]
85:18:30:221:0.464706 out [436, 306427, 306428, 307110, 41, 56, 50, 4, 0]
85:19:53:068:0.439079 out [437, 306500, 306501, 307193, 47, 50, 41, 5, 0]
85:24:22:315:0.0907288 out [439, 306751, 306752, 307462, 52, 59, 56, 7, 0]
85:27:36:564:0.710213 out [438, 306730, 306731, 307657, 61, 72, 31, 6, 0]
85:27:56:957:0.59256 out [441, 307002, 307003, 307677, 48, 46, 46, 2, 0]
85:28:48:629:0.251076 out [440, 306952, 306953, 307729, 53, 48, 58, 1, 0]
85:31:57:449:0.469162 out [442, 307072, 307073, 307917, 60, 29, 46, 3, 0]
85:37:27:942:0.982269 out [443, 307531, 307532, 308248, 48, 42, 42, 4, 0]
85:39:13:869:0.695259 out [446, 307737, 307738, 308354, 45, 29, 49, 1, 0]
85:39:38:409:0.147812 out [444, 307607, 307608, 308378, 58, 49, 50, 5, 0]
85:42:32:675:0.0150452 out [445, 307708, 307709, 308553, 52, 55, 43, 2, 0]
85:43:53:082:0.319809 out [448, 307935, 307936, 308633, 41, 61, 61, 3, 0]
85:44:20:644:0.491745 out [447, 307914, 307915, 308661, 52, 63, 51, 6, 0]
85:47:03:019:0.919945 out [450, 308209, 308210, 308823, 48, 47, 62, 8, 0]
85:51:24:197:0.502686 out [449, 308153, 308154, 309084, 57, 36, 47, 7, 0]
85:52:45:489:0.656044 out [451, 308491, 308492, 309165, 43, 49, 57, 1, 0]
85:57:31:393:0.59243 out [452, 308740, 308741, 309451, 47, 52, 56, 2, 0]
86:01:45:806:0.747986 out [453, 308776, 308777, 309706, 55, 54, 40, 3, 0]
86:04:10:610:0.617233 out [454, 309064, 309065, 309851, 55, 56, 57, 4, 0]
86:05:28:411:0.37941 out [455, 309146, 309147, 309928, 52, 42, 51, 5, 0]
86:06:35:697:0.062088 out [456, 309179, 309180, 309996, 48, 45, 45, 1, 0]
86:07:17:010:0.452415 out [460, 309378, 309379, 310037, 50, 46, 47, 9, 0]
86:08:01:007:0.180763 out [458, 309373, 309374, 310081, 43, 49, 49, 7, 0]
86:08:32:538:0.898064 out [457, 309192, 309193, 310113, 60, 54, 54, 6, 0]
86:09:47:331:0.594063 out [459, 309377, 309378, 310187, 57, 61, 49, 8, 0]
86:15:04:606:0.404377 out [463, 309957, 309958, 310505, 40, 60, 58, 4, 0]
86:17:44:283:0.773018 out [466, 309996, 309997, 310664, 46, 40, 52, 10, 0]
86:18:05:746:0.583057 out [465, 309995, 309996, 310686, 61, 43, 52, 1, 0]
86:18:15:766:0.492439 out [467, 310135, 310136, 310696, 39, 60, 46, 6, 0]
86:18:53:076:0.841976 out [464, 309958, 309959, 310733, 55, 41, 51, 5, 0]
86:19:33:782:0.596184 out [462, 309952, 309953, 310774, 46, 51, 46, 3, 0]
86:19:51:401:0.837421 out [461, 309944, 309945, 310791, 58, 48, 50, 2, 0]
86:22:06:916:0.324688 out [468, 310205, 310206, 310927, 51, 47, 61, 7, 0]
86:23:53:726:0.723743 out [469, 310248, 310249, 311034, 51, 46, 46, 8, 0]
86:26:16:333:0.808495 out [470, 310468, 310469, 311176, 45, 56, 42, 9, 0]
86:31:55:827:0.695442 out [471, 310690, 310691, 311516, 59, 52, 56, 1, 0]
86:35:31:586:0.157871 out [473, 311005, 311006, 311732, 42, 39, 46, 3, 0]
86:36:10:857:0.822133 out [474, 311041, 311042, 311771, 50, 57, 56, 4, 0]
86:36:21:421:0.422792 out [472, 310959, 310960, 311781, 57, 53, 45, 2, 0]
86:36:58:952:0.485753 out [476, 311253, 311254, 311819, 42, 52, 46, 6, 0]
86:41:19:967:0.350526 out [477, 311328, 311329, 312080, 51, 45, 65, 7, 0]
86:42:08:493:0.0138121 out [475, 311153, 311154, 312128, 61, 46, 64, 5, 0]
86:43:49:928:0.0262867 out [478, 311442, 311443, 312230, 60, 44, 49, 8, 0]
86:45:23:006:0.303621 out [480, 311648, 311649, 312323, 45, 40, 50, 9, 0]
86:46:08:496:0.286286 out [479, 311608, 311609, 312368, 49, 49, 51, 1, 0]
86:47:02:116:0.613461 out [481, 311735, 311736, 312422, 46, 47, 64, 3, 0]
86:52:29:386:0.187626 out [482, 311898, 311899, 312749, 58, 50, 54, 2, 0]
86:54:34:838:0.254524 out [483, 312126, 312127, 312875, 44, 56, 45, 4, 0]
86:59:56:135:0.865284 out [484, 312543, 312544, 313196, 46, 45, 41, 1, 0]
87:03:45:862:0.880302 out [485, 312615, 312616, 313426, 46, 51, 40, 3, 0]
87:05:32:928:0.565575 out [486, 312827, 312828, 313533, 52, 46, 55, 2, 0]
87:08:08:043:0.330742 out [488, 313151, 313152, 313688, 38, 58, 57, 5, 0]
87:08:14:224:0.423004 out [487, 313009, 313010, 313694, 47, 47, 52, 4, 0]
87:09:50:928:0.802086 out [491, 313224, 313225, 313791, 40, 59, 48, 1, 0]
87:11:04:738:0.957001 out [492, 313262, 313263, 313865, 44, 45, 58, 8, 0]
87:12:59:202:0.304913 out [489, 313166, 313167, 313979, 55, 62, 47, 6, 0]
87:13:10:692:0.622257 out [490, 313188, 313189, 313991, 54, 52, 56, 7, 0]
87:15:51:387:0.00158691 out [493, 313537, 313538, 314151, 46, 57, 44, 2, 0]
87:17:29:173:0.250748 out [494, 313577, 313578, 314249, 54, 45, 60, 3, 0]
87:20:01:047:0.975136 out [495, 313785, 313786, 314401, 47, 50, 60, 4, 0]
87:25:27:031:0.879974 out [498, 314105, 314106, 314727, 41, 57, 49, 6, 0]
87:27:29:305:0.725647 out [496, 314034, 314035, 314849, 48, 50, 59, 1, 0]
87:27:30:627:0.497269 out [497, 314086, 314087, 314851, 52, 38, 49, 5, 0]
87:28:25:131:0.615234 out [503, 314389, 314390, 314905, 40, 39, 52, 9, 0]
87:28:39:847:0.47274 out [502, 314348, 314350, 314920, 57, 50, 41, 8, 0]
87:28:44:535:0.314156 out [499, 314165, 314166, 314925, 55, 46, 44, 2, 0]
87:29:57:773:0.770882 out [500, 314314, 314315, 314998, 50, 51, 58, 3, 0]
87:34:42:562:0.265541 out [506, 314714, 314727, 315283, 42, 54, 56, 6, 0]
87:34:44:853:0.643013 out [501, 314320, 314321, 315285, 62, 47, 42, 7, 0]
87:36:39:543:0.316437 out [504, 314547, 314548, 315400, 54, 61, 53, 4, 0]
87:37:29:546:0.90416 out [505, 314691, 314692, 315450, 48, 37, 54, 10, 0]
87:38:38:598:0.485542 out [509, 314923, 314924, 315519, 44, 52, 43, 8, 0]
87:39:03:184:0.441711 out [508, 314781, 314851, 315543, 44, 49, 53, 5, 0]
87:39:56:240:0.146782 out [507, 314731, 314849, 315596, 53, 48, 46, 1, 0]
87:41:23:190:0.332962 out [510, 314946, 314947, 315683, 49, 46, 55, 2, 0]
87:42:05:002:0.344681 out [511, 315096, 315097, 315725, 47, 59, 53, 3, 0]
87:44:06:146:0.793915 out [512, 315162, 315163, 315846, 45, 39, 38, 9, 0]
87:47:14:812:0.683655 out [513, 315354, 315355, 316035, 46, 74, 53, 6, 0]
87:52:04:840:0.237213 out [514, 315658, 315659, 316325, 41, 57, 50, 1, 0]
87:53:36:782:0.158447 out [515, 315680, 315681, 316417, 45, 58, 49, 4, 0]
87:58:07:689:0.0722046 out [516, 315925, 315926, 316688, 54, 46, 50, 2, 0]
87:58:53:405:0.798508 out [517, 315966, 315967, 316733, 52, 52, 64, 3, 0]
88:00:04:057:0.110382 out [518, 316003, 316004, 316804, 50, 43, 44, 5, 0]
88:06:23:139:0.839722 out [519, 316435, 316436, 317183, 56, 42, 40, 1, 0]
88:07:32:874:0.0239868 out [520, 316577, 316578, 317253, 47, 43, 48, 4, 0]
88:08:22:589:0.0222321 out [521, 316644, 316645, 317303, 49, 44, 57, 6, 0]
88:12:19:290:0.0882492 out [523, 316870, 316871, 317539, 41, 45, 44, 2, 0]
88:12:38:974:0.766327 out [522, 316686, 316687, 317559, 47, 57, 56, 7, 0]
88:17:40:364:0.95359 out [525, 317257, 317258, 317860, 45, 60, 50, 1, 0]
88:18:38:348:0.358704 out [524, 317064, 317065, 317918, 58, 51, 42, 3, 0]
88:19:55:195:0.396973 out [526, 317297, 317298, 317995, 45, 48, 53, 4, 0]
88:20:22:595:0.976425 out [528, 317356, 317357, 318023, 48, 56, 50, 6, 0]
88:20:41:873:0.73407 out [527, 317301, 317302, 318042, 48, 53, 48, 5, 0]
88:24:51:185:0.789658 out [529, 317596, 317597, 318291, 51, 44, 45, 2, 0]
88:27:40:916:0.717125 out [530, 317600, 317601, 318461, 54, 57, 50, 7, 0]
88:31:54:178:0.732468 out [531, 317897, 317898, 318714, 58, 45, 43, 1, 0]
88:32:36:706:0.787659 out [532, 317918, 317919, 318757, 61, 64, 64, 3, 0]
88:34:42:406:0.511856 out [533, 318021, 318022, 318882, 57, 57, 49, 4, 0]
88:39:07:538:0.205696 out [534, 318490, 318491, 319148, 45, 51, 52, 2, 0]
88:40:12:986:0.557556 out [535, 318508, 318509, 319213, 55, 46, 39, 5, 0]
88:43:26:610:0.225273 out [536, 318606, 318607, 319407, 48, 38, 51, 6, 0]
88:45:30:226:0.811005 out [537, 318684, 318685, 319530, 52, 57, 37, 7, 0]
88:49:09:005:0.0769577 out [538, 318924, 318925, 319749, 54, 33, 40, 1, 0]
88:53:41:227:0.6922 out [539, 319199, 319200, 320021, 57, 45, 52, 2, 0]
88:56:44:481:0.429649 out [540, 319514, 319515, 320204, 50, 47, 45, 3, 0]
89:01:11:825:0.368477 out [542, 319822, 319823, 320472, 49, 40, 48, 1, 0]
89:02:25:843:0.827797 out [541, 319736, 319737, 320546, 51, 56, 40, 4, 0]
89:15:44:079:0.435898 out [543, 320637, 320638, 321344, 52, 60, 49, 1, 0]
89:18:03:704:0.0992508 out [544, 320728, 320729, 321484, 57, 50, 44, 2, 0]
89:18:45:081:0.58548 out [545, 320775, 320776, 321525, 47, 50, 64, 3, 0]
89:21:35:668:0.194366 out [546, 321014, 321015, 321696, 51, 52, 47, 4, 0]
89:32:40:159:0.212662 out [547, 321638, 321639, 322360, 47, 56, 55, 1, 0]
89:34:16:265:0.912605 out [548, 321835, 321836, 322456, 44, 36, 43, 2, 0]
89:59:28:244:0.444443 out [549, 323185, 323186, 323968, 62, 47, 52, 1, 0]
90:06:15:681:0.0346375 out [550, 323831, 323832, 324376, 40, 67, 29, 2, 0]
90:19:20:092:0.100693 out [551, 324448, 324449, 325160, 60, 54, 51, 1, 0]
90:25:09:051:0.167084 out [552, 324881, 324882, 325509, 40, 52, 53, 2, 0]
90:29:25:810:0.193611 out [553, 325091, 325092, 325766, 59, 50, 40, 3, 0]
90:39:35:951:0.738907 out [554, 325897, 325898, 326376, 50, 37, 44, 1, 0]
90:52:27:225:0.915504 out [555, 326312, 326313, 327147, 63, 52, 48, 2, 0]
91:47:07:856:0.272293 out [556, 329700, 329701, 330428, 56, 53, 48, 1, 0]
