09:24:43:795:0.115067 out [0, 33361.1, 33362.2, 33883.8, 44, 49, 49, 1, 0]
09:31:54:109:0.592987 out [1, 33795.8, 33796.8, 34314.1, 43, 44, 44, 2, 0]
10:04:08:629:0.553391 out [2, 35665.8, 35666.8, 36248.6, 42, 49, 49, 1, 0]
10:04:23:297:0.152115 out [3, 35681.7, 35682.7, 36263.3, 46, 54, 49, 2, 0]
10:15:15:395:0.617081 out [4, 36115.5, 36116.5, 36915.4, 68, 47, 52, 3, 0]
10:16:58:973:0.949982 out [5, 36402.4, 36403.4, 37019, 53, 59, 38, 1, 0]
10:40:05:227:0.44043 out [7, 37756.9, 37757.9, 38405.2, 44, 50, 47, 2, 0]
10:40:56:232:0.15921 out [6, 37657.5, 37658.5, 38456.2, 59, 51, 38, 1, 0]
10:46:29:088:0.92305 out [8, 38296.4, 38297.4, 38789.1, 47, 54, 34, 3, 0]
11:01:17:421:0.54081 out [9, 39279.2, 39280.2, 39677.4, 38, 51, 47, 1, 0]
11:09:03:657:0.654358 out [10, 39567, 39568, 40143.7, 53, 39, 51, 2, 0]
11:10:43:942:0.925049 out [11, 39576.3, 39577.3, 40243.9, 54, 47, 64, 3, 0]
11:11:25:600:0.943161 out [12, 39600.8, 39601.8, 40285.6, 61, 51, 44, 4, 0]
11:16:41:321:0.323944 out [13, 39943.2, 39944.2, 40601.3, 51, 69, 50, 1, 0]
11:20:14:863:0.344742 out [15, 40276.2, 40277.2, 40814.9, 45, 43, 42, 2, 0]
11:28:55:626:0.688553 out [16, 40715.3, 40716.3, 41335.6, 38, 51, 51, 1, 0]
11:33:02:493:0.33532 out [14, 40081.3, 40082.3, 41582.5, 48, 47, 37, 5, 0]
11:35:35:359:0.737946 out [17, 41050.2, 41051.2, 41735.4, 39, 54, 38, 2, 0]
11:41:32:896:0.403862 out [18, 41497.5, 41498.5, 42092.9, 50, 57, 45, 1, 0]
11:45:42:870:0.504929 out [19, 41678.5, 41679.5, 42342.9, 56, 63, 56, 3, 0]
11:46:28:288:0.789345 out [20, 41887.2, 41888.2, 42388.3, 42, 41, 51, 2, 0]
11:51:35:279:0.971672 out [21, 41996.2, 41997.2, 42695.3, 51, 41, 61, 4, 0]
11:59:51:996:0.372772 out [24, 42576.6, 42577.6, 43192, 48, 54, 53, 3, 0]
12:00:20:764:0.504028 out [23, 42572.6, 42573.6, 43220.8, 53, 47, 54, 2, 0]
12:00:50:177:0.708221 out [22, 42553.2, 42554.2, 43250.2, 61, 45, 46, 1, 0]
12:04:10:442:0.347122 out [25, 42826.2, 42827.2, 43450.4, 45, 38, 45, 4, 0]
12:12:34:760:0.0675354 out [27, 43233, 43234, 43954.8, 46, 45, 34, 2, 0]
12:15:53:518:0.198563 out [28, 43324.3, 43325.3, 44153.5, 53, 67, 49, 1, 0]
12:17:30:673:0.901154 out [30, 43533.9, 43534.9, 44250.7, 55, 66, 47, 4, 0]
12:21:26:832:0.684113 out [31, 43758.8, 43759.8, 44486.8, 47, 47, 44, 5, 0]
12:22:06:705:0.706192 out [33, 43849.4, 43850.4, 44526.7, 46, 53, 48, 8, 0]
12:22:11:357:0.327057 out [29, 43467.9, 43468.9, 44531.4, 61, 46, 49, 3, 0]
12:23:12:268:0.419815 out [26, 42839.5, 42840.5, 44592.3, 55, 58, 48, 6, 0]
12:24:35:033:0.842636 out [32, 43815.6, 43816.6, 44675, 56, 52, 40, 7, 0]
12:27:18:690:0.0602112 out [35, 44242.2, 44243.3, 44838.7, 40, 46, 55, 2, 0]
12:28:19:045:0.914246 out [34, 44172, 44173, 44899, 56, 50, 46, 1, 0]
12:32:59:039:0.146973 out [36, 44480.9, 44481.9, 45179, 42, 45, 44, 4, 0]
12:36:35:034:0.163071 out [37, 44647.4, 44648.4, 45395, 56, 48, 59, 3, 0]
12:36:52:118:0.965698 out [40, 44794.2, 44795.2, 45412.1, 47, 58, 46, 7, 0]
12:37:01:822:0.612358 out [39, 44776.2, 44777.2, 45421.8, 49, 48, 42, 6, 0]
12:40:35:649:0.00262451 out [44, 45152.1, 45153.1, 45635.6, 41, 52, 54, 9, 0]
12:42:51:118:0.689133 out [38, 44774, 44775, 45771.1, 58, 55, 39, 5, 0]
12:42:57:590:0.0922546 out [42, 45016.6, 45017.6, 45777.6, 52, 62, 47, 2, 0]
12:44:19:537:0.0441208 out [41, 44973.6, 44974.6, 45859.5, 57, 46, 41, 1, 0]
12:44:20:915:0.367676 out [45, 45170.2, 45171.2, 45860.9, 47, 43, 51, 10, 0]
12:44:56:480:0.112625 out [43, 45036, 45037, 45896.5, 58, 58, 41, 8, 0]
12:47:27:293:0.509079 out [47, 45403.8, 45404.8, 46047.3, 46, 60, 59, 3, 0]
12:47:56:857:0.123924 out [46, 45351.8, 45352.8, 46076.9, 53, 53, 57, 4, 0]
12:49:08:683:0.541847 out [48, 45428.4, 45429.4, 46148.7, 54, 40, 48, 6, 0]
12:50:56:646:0.699097 out [50, 45555.2, 45635.7, 46256.6, 44, 51, 46, 9, 0]
12:52:10:105:0.604721 out [49, 45536.7, 45537.7, 46330.1, 55, 57, 57, 7, 0]
12:53:01:685:0.290482 out [54, 45734.5, 45860.9, 46381.7, 39, 62, 44, 10, 0]
12:54:20:036:0.867287 out [51, 45576.5, 45771.1, 46460, 48, 40, 44, 5, 0]
12:55:38:807:0.544853 out [52, 45595.3, 45777.6, 46538.8, 49, 58, 62, 2, 0]
12:57:54:611:0.599518 out [57, 46212.7, 46213.7, 46674.6, 34, 42, 48, 6, 0]
12:58:20:342:0.763092 out [53, 45598, 45859.5, 46700.3, 58, 39, 46, 1, 0]
12:59:18:880:0.810333 out [55, 46113.4, 46114.4, 46758.9, 41, 51, 55, 3, 0]
13:01:55:322:0.273804 out [59, 46365.3, 46366.3, 46915.3, 47, 46, 50, 8, 0]
13:02:29:196:0.609093 out [56, 46179, 46180, 46949.2, 50, 46, 54, 4, 0]
13:05:24:265:0.234543 out [61, 46427.2, 46428.2, 47124.3, 45, 58, 44, 10, 0]
13:06:25:326:0.525284 out [62, 46564.1, 46565.1, 47185.3, 42, 59, 62, 2, 0]
13:06:27:945:0.980621 out [58, 46363.7, 46364.7, 47187.9, 45, 48, 49, 7, 0]
13:07:22:317:0.317558 out [60, 46391.5, 46392.5, 47242.3, 58, 42, 49, 9, 0]
13:07:31:367:0.624832 out [63, 46575.1, 46576.1, 47251.4, 43, 47, 49, 5, 0]
13:11:14:540:0.497375 out [64, 46691.9, 46692.9, 47474.5, 51, 48, 52, 6, 0]
13:12:38:490:0.951134 out [65, 46882, 46883, 47558.5, 50, 49, 59, 1, 0]
13:12:39:822:0.7659 out [66, 46892.3, 46893.3, 47559.8, 45, 45, 48, 3, 0]
13:16:49:577:0.535774 out [73, 47172.5, 47251.4, 47809.6, 45, 51, 50, 5, 0]
13:17:25:388:0.422562 out [67, 46950.8, 46951.8, 47845.4, 49, 60, 48, 4, 0]
13:17:38:610:0.197212 out [70, 47062.2, 47185.3, 47858.6, 55, 39, 51, 2, 0]
13:17:47:291:0.319443 out [68, 46976, 46977, 47867.3, 55, 46, 49, 8, 0]
13:20:41:596:0.875336 out [72, 47131.7, 47242.3, 48041.6, 51, 54, 67, 9, 0]
13:21:30:827:0.155258 out [71, 47079.3, 47187.9, 48090.8, 53, 56, 37, 7, 0]
13:24:05:129:0.959251 out [69, 47016.5, 47124.3, 48245.1, 64, 42, 53, 10, 0]
13:26:45:180:0.183556 out [80, 47417.3, 47867.3, 48405.2, 44, 67, 47, 8, 0]
13:26:45:731:0.312897 out [74, 47187.5, 47474.5, 48405.7, 55, 54, 54, 6, 0]
13:26:46:656:0.144287 out [76, 47313, 47559.8, 48406.7, 53, 51, 46, 3, 0]
13:28:03:210:0.0116272 out [75, 47217.8, 47558.5, 48483.2, 62, 63, 52, 1, 0]
13:29:31:837:0.744858 out [78, 47343.7, 47845.4, 48571.8, 52, 40, 64, 4, 0]
13:30:34:821:0.766594 out [79, 47378, 47858.6, 48634.8, 62, 42, 46, 2, 0]
13:31:18:763:0.102272 out [77, 47343, 47809.6, 48678.8, 63, 54, 52, 5, 0]
13:32:03:305:0.482605 out [81, 47441.3, 48041.6, 48723.3, 47, 50, 50, 9, 0]
13:33:06:179:0.683426 out [82, 47482.3, 48090.8, 48786.2, 42, 46, 65, 7, 0]
13:35:25:596:0.502998 out [84, 47504.1, 48405.2, 48925.6, 36, 51, 35, 8, 0]
13:35:50:203:0.257301 out [83, 47482.8, 48245.1, 48950.2, 47, 58, 61, 10, 0]
13:38:14:931:0.856445 out [89, 47868.6, 48634.8, 49094.9, 37, 55, 64, 2, 0]
13:39:56:606:0.147652 out [86, 47611.3, 48407.2, 49196.6, 48, 52, 52, 3, 0]
13:40:02:182:0.488731 out [85, 47539.7, 48406.2, 49202.2, 49, 60, 51, 6, 0]
13:42:08:623:0.681763 out [88, 47844.8, 48571.8, 49328.6, 55, 50, 71, 4, 0]
13:42:23:220:0.0944214 out [87, 47818.1, 48483.2, 49343.2, 56, 67, 47, 1, 0]
13:43:53:254:0.365257 out [91, 48061.1, 48723.3, 49433.3, 47, 53, 54, 9, 0]
13:44:16:160:0.67057 out [94, 48193.6, 48950.2, 49456.2, 38, 45, 40, 10, 0]
13:45:48:628:0.488831 out [92, 48132.4, 48786.2, 49548.6, 50, 45, 56, 7, 0]
13:46:34:792:0.521767 out [90, 47910.7, 48678.8, 49594.8, 61, 57, 44, 5, 0]
13:49:42:956:0.507973 out [93, 48182.5, 48925.6, 49783, 56, 51, 55, 8, 0]
13:50:08:722:0.759132 out [97, 48284.6, 49202.2, 49808.7, 49, 44, 50, 6, 0]
13:50:12:576:0.96331 out [95, 48232.4, 49094.9, 49812.6, 44, 43, 53, 2, 0]
13:50:32:544:0.64846 out [98, 48401.8, 49328.6, 49832.5, 37, 60, 54, 4, 0]
13:50:53:747:0.621017 out [96, 48272.2, 49196.6, 49853.7, 53, 58, 44, 3, 0]
13:53:36:592:0.0580673 out [101, 48576.7, 49456.2, 50016.6, 47, 51, 52, 10, 0]
13:53:59:845:0.928482 out [99, 48401.9, 49343.2, 50039.8, 48, 38, 67, 1, 0]
13:58:48:308:0.922653 out [100, 48523.2, 49433.3, 50328.3, 53, 52, 49, 9, 0]
13:59:04:079:0.961258 out [105, 48901.3, 49808.7, 50344.1, 38, 43, 50, 6, 0]
14:00:20:210:0.282211 out [103, 48775.4, 49594.8, 50420.2, 52, 45, 48, 5, 0]
14:00:27:899:0.990112 out [108, 49269.6, 49853.7, 50427.9, 45, 39, 53, 3, 0]
14:01:12:841:0.914062 out [102, 48728.3, 49548.6, 50472.8, 61, 45, 44, 7, 0]
14:02:22:116:0.430717 out [109, 49292.9, 50016.6, 50542.1, 44, 58, 53, 10, 0]
14:02:46:023:0.473625 out [104, 48833.1, 49783, 50566, 47, 36, 47, 8, 0]
14:03:48:779:0.0383148 out [110, 49344.8, 50039.8, 50628.8, 40, 51, 54, 1, 0]
14:04:12:458:0.0769119 out [106, 48904.9, 49812.6, 50652.5, 55, 55, 54, 2, 0]
14:05:13:154:0.663925 out [107, 49115.1, 49832.5, 50713.2, 57, 58, 50, 4, 0]
14:08:30:341:0.308624 out [112, 49495.7, 50344.1, 50910.3, 37, 49, 44, 6, 0]
14:10:48:459:0.458786 out [111, 49362.2, 50328.3, 51048.5, 44, 53, 52, 9, 0]
14:12:21:622:0.0440445 out [115, 49693.9, 50472.8, 51141.6, 46, 48, 47, 7, 0]
14:12:49:310:0.00466919 out [113, 49555.2, 50420.2, 51169.3, 62, 46, 49, 5, 0]
14:13:11:104:0.744392 out [118, 49775.5, 50628.8, 51191.1, 45, 41, 45, 1, 0]
14:14:39:443:0.106277 out [114, 49693.1, 50427.9, 51279.4, 52, 58, 57, 3, 0]
14:16:49:725:0.863487 out [119, 49852.4, 50652.5, 51409.7, 52, 54, 56, 2, 0]
14:16:54:081:0.253082 out [116, 49741, 50542.1, 51414.1, 52, 45, 52, 10, 0]
14:17:03:363:0.647896 out [120, 49856.5, 50713.2, 51423.4, 44, 48, 50, 4, 0]
14:19:11:001:0.458603 out [117, 49746.6, 50566, 51551, 59, 50, 45, 8, 0]
14:22:29:828:0.0130463 out [121, 49866.8, 50910.3, 51749.8, 46, 53, 55, 6, 0]
14:22:39:358:0.0427475 out [122, 49898.5, 51048.5, 51759.4, 43, 48, 60, 9, 0]
14:23:16:322:0.0644302 out [125, 50210.7, 51191.1, 51796.3, 42, 46, 56, 1, 0]
14:23:22:772:0.188217 out [124, 50206.7, 51169.3, 51802.8, 48, 42, 50, 5, 0]
14:24:34:670:0.237572 out [123, 50000.3, 51141.6, 51874.7, 52, 70, 44, 7, 0]
14:25:30:486:0.903366 out [126, 50249.4, 51279.4, 51930.5, 51, 43, 62, 3, 0]
14:26:10:170:0.148476 out [127, 50306, 51409.7, 51970.2, 42, 46, 44, 2, 0]
14:30:27:251:0.244576 out [129, 50419.4, 51423.4, 52227.3, 53, 55, 47, 4, 0]
14:33:08:143:0.821747 out [130, 50465.3, 51551, 52388.1, 54, 50, 60, 8, 0]
14:33:36:483:0.374222 out [128, 50329, 51414.1, 52416.5, 63, 45, 64, 10, 0]
14:34:44:514:0.0596466 out [133, 50643.6, 51796.3, 52484.5, 42, 45, 50, 1, 0]
14:35:21:347:0.985847 out [135, 50771, 51874.7, 52521.3, 46, 52, 43, 7, 0]
14:36:29:159:0.02005 out [134, 50701, 51802.8, 52589.2, 55, 45, 52, 5, 0]
14:38:38:340:0.0113678 out [136, 50839.9, 51930.5, 52718.3, 58, 53, 51, 3, 0]
14:38:58:485:0.610588 out [132, 50562.9, 51759.4, 52738.5, 62, 49, 49, 9, 0]
14:39:00:585:0.521873 out [137, 51023.9, 51970.2, 52740.6, 52, 49, 48, 2, 0]
14:39:39:396:0.466431 out [131, 50531.4, 51749.8, 52779.4, 63, 51, 45, 6, 0]
14:43:07:129:0.466232 out [140, 51154, 52416.5, 52987.1, 40, 48, 40, 10, 0]
14:44:15:459:0.100349 out [138, 51026.2, 52227.3, 53055.5, 56, 56, 54, 4, 0]
14:44:57:522:0.400482 out [139, 51071, 52388.1, 53097.5, 52, 46, 54, 8, 0]
14:46:18:074:0.318108 out [142, 51219.8, 52521.3, 53178.1, 43, 51, 60, 7, 0]
14:46:24:293:0.461021 out [141, 51165.5, 52484.5, 53184.3, 47, 46, 51, 1, 0]
14:47:09:735:0.129532 out [143, 51238.4, 52589.2, 53229.7, 50, 45, 53, 5, 0]
14:49:04:412:0.597977 out [144, 51283.3, 52718.3, 53344.4, 43, 48, 46, 3, 0]
14:49:21:462:0.979088 out [146, 51374.5, 52740.6, 53361.5, 39, 46, 50, 2, 0]
14:51:20:179:0.506073 out [147, 51540.6, 52779.4, 53480.2, 46, 40, 53, 6, 0]
14:52:39:222:0.26828 out [145, 51372.2, 52738.5, 53559.2, 51, 57, 56, 9, 0]
14:55:25:572:0.546181 out [150, 51577.7, 53097.5, 53725.6, 41, 43, 51, 8, 0]
14:57:50:872:0.582207 out [152, 51780.4, 53184.3, 53870.9, 48, 60, 49, 1, 0]
14:57:59:953:0.218231 out [153, 51832.5, 53229.7, 53880, 42, 51, 43, 5, 0]
14:58:13:550:0.0972366 out [148, 51550.9, 52987.1, 53893.6, 63, 41, 55, 10, 0]
14:59:22:898:0.109352 out [154, 51928.6, 53344.4, 53962.9, 45, 54, 51, 3, 0]
14:59:39:884:0.674248 out [149, 51575.5, 53055.5, 53979.9, 52, 44, 52, 4, 0]
15:01:13:917:0.154083 out [151, 51690.4, 53178.1, 54073.9, 59, 50, 46, 7, 0]
15:02:05:905:0.514084 out [156, 52133.9, 53480.2, 54125.9, 43, 52, 38, 6, 0]
15:03:41:238:0.625847 out [155, 52024.4, 53361.5, 54221.2, 56, 57, 48, 2, 0]
15:04:59:992:0.963562 out [157, 52184, 53559.2, 54300, 46, 71, 37, 9, 0]
15:08:02:060:0.514221 out [158, 52220.2, 53725.6, 54482.1, 50, 49, 57, 8, 0]
15:09:43:841:0.748558 out [159, 52236.5, 53870.9, 54583.8, 49, 65, 62, 1, 0]
15:10:53:594:0.7826 out [163, 52482.3, 53979.9, 54653.6, 45, 46, 60, 4, 0]
15:12:11:773:0.977745 out [162, 52420.6, 53962.9, 54731.8, 50, 38, 39, 3, 0]
15:13:08:860:0.241257 out [160, 52244.3, 53880, 54788.9, 56, 55, 41, 5, 0]
15:13:27:834:0.42012 out [165, 52523.8, 54125.9, 54807.8, 50, 51, 43, 6, 0]
15:14:29:895:0.654594 out [166, 52792.9, 54221.2, 54869.9, 43, 43, 52, 2, 0]
15:14:56:484:0.187447 out [161, 52276.5, 53893.6, 54896.5, 58, 44, 41, 10, 0]
15:15:41:837:0.885223 out [164, 52511.2, 54073.9, 54941.8, 51, 49, 45, 7, 0]
15:18:34:774:0.680458 out [170, 53081.1, 54653.6, 55114.8, 39, 58, 50, 4, 0]
15:20:19:961:0.739861 out [168, 52937.8, 54482.1, 55220, 53, 43, 61, 8, 0]
15:20:58:165:0.860497 out [167, 52794.9, 54300, 55258.2, 59, 45, 48, 9, 0]
15:22:59:241:0.363441 out [169, 53053, 54583.8, 55379.2, 50, 58, 44, 1, 0]
15:23:31:731:0.0118561 out [173, 53715.2, 54807.8, 55411.7, 38, 47, 44, 6, 0]
15:25:27:408:0.8946 out [171, 53273.3, 54731.8, 55527.4, 49, 65, 22, 3, 0]
15:26:00:249:0.0157242 out [175, 53911.4, 54896.5, 55560.2, 38, 40, 50, 10, 0]
15:27:01:672:0.157204 out [176, 54016.4, 54941.8, 55621.7, 46, 50, 57, 7, 0]
15:27:06:680:0.0316925 out [172, 53438.7, 54788.9, 55626.7, 55, 54, 45, 5, 0]
15:28:45:281:0.486023 out [174, 53737.8, 54869.9, 55725.3, 45, 52, 51, 2, 0]
15:29:17:987:0.176811 out [177, 54052.8, 55114.8, 55758, 43, 53, 51, 4, 0]
15:32:47:832:0.00827789 out [178, 54079.7, 55220, 55967.8, 51, 69, 37, 8, 0]
15:33:27:245:0.20253 out [180, 54199.4, 55379.2, 56007.2, 52, 48, 52, 1, 0]
15:34:34:419:0.538414 out [179, 54080.4, 55258.2, 56074.4, 53, 44, 40, 9, 0]
15:36:59:663:0.928497 out [183, 54433.7, 55560.3, 56219.7, 48, 56, 57, 10, 0]
15:39:20:664:0.428223 out [185, 54554.4, 55626.7, 56360.7, 43, 50, 39, 5, 0]
15:39:33:520:0.925583 out [181, 54209.1, 55411.7, 56373.5, 58, 43, 40, 6, 0]
15:41:15:639:0.679016 out [186, 54609.5, 55725.3, 56475.6, 47, 49, 47, 2, 0]
15:41:16:866:0.871346 out [184, 54459, 55621.7, 56476.9, 51, 47, 46, 7, 0]
15:41:36:839:0.0127563 out [182, 54288, 55527.4, 56496.8, 62, 53, 46, 3, 0]
15:41:51:941:0.352356 out [187, 54661, 55758, 56511.9, 53, 38, 48, 4, 0]
15:43:54:554:0.703224 out [188, 54782.1, 55967.8, 56634.6, 51, 48, 44, 8, 0]
15:47:54:121:0.243538 out [189, 54825.4, 56007.2, 56874.1, 51, 48, 36, 1, 0]
15:48:01:982:0.0942764 out [190, 54834.5, 56074.4, 56882, 49, 53, 48, 9, 0]
15:48:36:623:0.745979 out [191, 54901.8, 56219.7, 56916.6, 52, 53, 53, 10, 0]
15:51:13:124:0.205246 out [193, 55072.2, 56373.5, 57073.1, 41, 37, 52, 6, 0]
15:51:57:066:0.712036 out [194, 55154.2, 56475.6, 57117.1, 47, 47, 47, 2, 0]
15:52:12:594:0.482628 out [196, 55268.7, 56496.8, 57132.6, 46, 63, 55, 3, 0]
15:52:22:041:0.921677 out [192, 54917.9, 56360.7, 57142, 56, 49, 47, 5, 0]
15:54:26:802:0.00964355 out [197, 55290.3, 56511.9, 57266.8, 50, 51, 48, 4, 0]
15:55:00:941:0.330971 out [195, 55198.6, 56476.9, 57300.9, 61, 56, 57, 7, 0]
15:56:09:149:0.186195 out [198, 55300.5, 56634.6, 57369.1, 51, 44, 63, 8, 0]
16:00:44:080:0.873146 out [199, 55340.3, 56874.1, 57644.1, 56, 44, 39, 1, 0]
16:02:01:829:0.769745 out [201, 55455.3, 56916.6, 57721.8, 56, 43, 41, 10, 0]
16:02:09:913:0.462845 out [202, 55479.4, 57073.1, 57729.9, 54, 48, 67, 6, 0]
16:03:31:911:0.687508 out [205, 55732.4, 57142, 57811.9, 50, 55, 53, 5, 0]
16:04:35:299:0.0909958 out [208, 55853.2, 57369.2, 57875.3, 47, 54, 43, 8, 0]
16:04:53:605:0.959953 out [200, 55402.8, 56882, 57893.6, 59, 56, 40, 9, 0]
16:04:57:973:0.701279 out [204, 55543.9, 57132.6, 57898, 56, 47, 66, 3, 0]
16:05:57:033:0.877579 out [203, 55511.4, 57117.1, 57957, 59, 45, 46, 2, 0]
16:08:22:778:0.648987 out [206, 55745.6, 57266.8, 58102.8, 56, 39, 48, 4, 0]
16:09:34:061:0.696663 out [207, 55837.4, 57300.9, 58174.1, 60, 36, 54, 7, 0]
16:12:32:613:0.312927 out [210, 56169.4, 57721.8, 58352.6, 52, 45, 50, 10, 0]
16:15:28:254:0.0681763 out [211, 56186.8, 57729.9, 58528.3, 50, 48, 71, 6, 0]
16:16:12:755:0.546776 out [213, 56401.6, 57875.3, 58572.8, 50, 59, 42, 8, 0]
16:17:01:820:0.135872 out [216, 56669.7, 57957, 58621.8, 45, 55, 49, 2, 0]
16:17:10:293:0.0652771 out [212, 56202.3, 57811.9, 58630.3, 57, 44, 57, 5, 0]
16:17:18:384:0.597031 out [209, 56048.9, 57644.1, 58638.4, 57, 49, 63, 1, 0]
16:17:19:104:0.0846252 out [214, 56417.4, 57893.6, 58639.1, 54, 69, 43, 9, 0]
16:18:53:665:0.224281 out [218, 57045.2, 58174.1, 58733.7, 39, 45, 67, 7, 0]
16:22:26:923:0.632019 out [215, 56607.3, 57898, 58946.9, 64, 59, 46, 3, 0]
16:22:55:730:0.693619 out [219, 57078.1, 58352.6, 58975.7, 39, 53, 57, 10, 0]
16:22:57:479:0.495255 out [217, 56789.7, 58102.8, 58977.5, 62, 47, 63, 4, 0]
16:28:06:562:0.43972 out [221, 57219.7, 58572.8, 59286.6, 46, 56, 49, 8, 0]
16:28:46:297:0.27494 out [220, 57200.6, 58528.3, 59326.3, 50, 41, 60, 6, 0]
16:29:23:645:0.648354 out [222, 57310, 58621.8, 59363.6, 47, 50, 34, 2, 0]
16:29:39:387:0.157242 out [223, 57359.9, 58630.3, 59379.4, 49, 47, 42, 5, 0]
16:30:07:498:0.168747 out [226, 57627.3, 58733.7, 59407.5, 49, 58, 50, 7, 0]
16:31:01:835:0.324638 out [225, 57583.7, 58639.4, 59461.8, 45, 52, 51, 9, 0]
16:33:21:540:0.47374 out [224, 57540.6, 58638.4, 59601.5, 57, 68, 40, 1, 0]
16:35:08:196:0.0948639 out [228, 57740.8, 58975.7, 59708.2, 45, 55, 47, 10, 0]
16:35:52:258:0.642952 out [229, 58000.8, 58977.5, 59752.3, 53, 41, 53, 4, 0]
16:36:54:917:0.824692 out [227, 57738.5, 58946.9, 59814.9, 59, 45, 54, 3, 0]
16:38:04:653:0.666443 out [235, 58515.2, 59461.8, 59884.7, 40, 58, 51, 9, 0]
16:38:30:310:0.306496 out [232, 58265.8, 59363.6, 59910.3, 38, 52, 47, 2, 0]
16:38:54:147:0.352165 out [231, 58036.9, 59326.3, 59934.1, 47, 48, 50, 6, 0]
16:41:16:186:0.374062 out [234, 58365.8, 59407.5, 60076.2, 49, 57, 40, 7, 0]
16:42:00:618:0.774765 out [233, 58302.9, 59379.4, 60120.6, 54, 50, 65, 5, 0]
16:43:12:510:0.380142 out [230, 58020.7, 59286.6, 60192.5, 57, 57, 54, 8, 0]
16:43:31:839:0.489334 out [236, 58517.4, 59601.5, 60211.8, 47, 52, 47, 1, 0]
16:47:20:538:0.206451 out [238, 58859, 59752.3, 60440.5, 47, 45, 45, 4, 0]
16:47:25:459:0.519882 out [239, 58892.4, 59814.9, 60445.5, 44, 45, 60, 3, 0]
16:48:01:443:0.191475 out [237, 58775.7, 59708.2, 60481.4, 54, 48, 49, 10, 0]
16:49:09:613:0.212128 out [240, 58903.7, 59884.7, 60549.6, 45, 53, 49, 9, 0]
16:51:06:969:0.620247 out [241, 58961, 59910.3, 60667, 52, 39, 53, 2, 0]
16:51:37:921:0.340485 out [242, 59033.4, 59934.1, 60697.9, 50, 53, 55, 6, 0]
16:52:46:792:0.0855942 out [244, 59548.3, 60120.6, 60766.8, 42, 58, 43, 5, 0]
16:54:16:673:0.39415 out [246, 59629.8, 60211.8, 60856.7, 45, 54, 52, 1, 0]
16:55:03:116:0.646713 out [245, 59562.8, 60192.5, 60903.1, 46, 36, 58, 8, 0]
16:55:50:296:0.228355 out [243, 59147.7, 60076.2, 60950.3, 58, 44, 50, 7, 0]
16:59:13:850:0.616951 out [249, 59782.3, 60481.4, 61153.9, 37, 39, 50, 10, 0]
16:59:25:709:0.717842 out [248, 59687.1, 60445.5, 61165.7, 51, 41, 54, 3, 0]
17:00:37:330:0.516762 out [247, 59676.3, 60440.5, 61237.3, 58, 68, 64, 4, 0]
17:00:42:453:0.969093 out [250, 60103.7, 60549.6, 61242.5, 55, 49, 42, 9, 0]
17:02:21:265:0.577408 out [252, 60635.1, 60697.9, 61341.3, 46, 46, 55, 6, 0]
17:02:59:617:0.180916 out [251, 60255.3, 60667, 61379.6, 52, 55, 41, 2, 0]
17:06:08:697:0.265167 out [253, 60678.4, 60766.8, 61568.7, 52, 59, 40, 5, 0]
17:06:53:111:0.430664 out [255, 60824.6, 60903.1, 61613.1, 47, 54, 53, 8, 0]
17:07:08:855:0.493088 out [256, 60911.1, 60950.3, 61628.9, 52, 38, 49, 7, 0]
17:09:37:148:0.206253 out [254, 60817, 60856.7, 61777.1, 56, 41, 49, 1, 0]
17:12:13:338:0.197304 out [258, 61255.2, 61256.2, 61933.3, 46, 54, 38, 4, 0]
17:12:33:997:0.194839 out [259, 61368.6, 61369.6, 61954, 42, 54, 47, 6, 0]
17:14:29:780:0.398918 out [257, 61241.8, 61242.8, 62069.8, 52, 50, 47, 3, 0]
17:23:50:017:0.822815 out [261, 61854.6, 61855.6, 62630, 45, 39, 39, 2, 0]
17:24:03:907:0.644821 out [260, 61778.1, 61779.1, 62643.9, 50, 58, 38, 1, 0]
17:26:17:253:0.965927 out [263, 62056.1, 62057.1, 62777.3, 51, 57, 49, 5, 0]
17:28:26:479:0.824615 out [262, 62015.4, 62016.4, 62906.5, 48, 45, 49, 4, 0]
17:28:28:299:0.29216 out [264, 62075.9, 62076.9, 62908.3, 53, 43, 49, 3, 0]
17:35:35:012:0.657715 out [265, 62747.3, 62748.3, 63335, 38, 45, 51, 1, 0]
17:44:53:551:0.156593 out [266, 63223.6, 63224.6, 63893.6, 42, 50, 46, 2, 0]
17:45:10:774:0.454666 out [267, 63270.5, 63271.5, 63910.8, 41, 52, 55, 3, 0]
17:53:36:750:0.718666 out [269, 63676, 63677, 64416.8, 60, 41, 48, 4, 0]
17:54:02:383:0.496834 out [268, 63616.2, 63617.2, 64442.4, 54, 55, 38, 1, 0]
17:54:12:693:0.747116 out [270, 63750.9, 63751.9, 64452.7, 46, 58, 53, 5, 0]
17:58:44:518:0.162323 out [271, 64056, 64057, 64724.5, 43, 45, 75, 2, 0]
18:00:16:350:0.0276337 out [272, 64128.4, 64129.4, 64816.4, 49, 52, 55, 3, 0]
18:09:54:904:0.666496 out [273, 64573.2, 64574.2, 65394.9, 55, 34, 49, 1, 0]
18:09:57:323:0.463989 out [274, 64735.8, 64736.8, 65397.3, 42, 53, 53, 2, 0]
18:12:19:220:0.0656662 out [276, 65005.3, 65006.3, 65539.2, 54, 49, 43, 4, 0]
18:16:55:789:0.401604 out [275, 64931.8, 64932.8, 65815.8, 74, 49, 58, 3, 0]
18:36:41:182:0.808472 out [277, 66363.9, 66364.9, 67001.2, 43, 62, 46, 1, 0]
18:40:19:038:0.111282 out [278, 66560.2, 66561.2, 67219, 52, 46, 55, 2, 0]
18:45:38:340:0.790344 out [279, 67014.5, 67015.5, 67538.3, 38, 47, 43, 1, 0]
19:01:14:827:0.747894 out [280, 67701.6, 67702.6, 68474.8, 58, 44, 45, 1, 0]
19:09:05:786:0.288811 out [281, 68083.8, 68084.8, 68945.8, 62, 38, 59, 2, 0]
19:57:20:997:0.0584641 out [282, 71148.9, 71149.9, 71841, 56, 43, 45, 1, 0]
33:52:11:455:0.482079 out [284, 121381, 121382, 121931, 53, 57, 54, 2, 0]
33:54:12:225:0.248886 out [283, 121326, 121327, 122052, 66, 48, 46, 1, 0]
34:07:25:569:0.64357 out [287, 122354, 122355, 122846, 42, 63, 62, 3, 0]
34:08:12:777:0.296616 out [285, 122165, 122166, 122893, 57, 53, 57, 1, 0]
34:10:32:221:0.283508 out [286, 122336, 122337, 123032, 54, 57, 52, 2, 0]
34:16:02:365:0.191055 out [288, 122646, 122647, 123362, 44, 60, 56, 4, 0]
34:21:29:533:0.429695 out [290, 123172, 123173, 123690, 41, 48, 51, 2, 0]
34:22:44:789:0.957596 out [289, 123021, 123022, 123765, 72, 55, 51, 1, 0]
34:31:43:380:0.245354 out [293, 123651, 123690, 124303, 51, 42, 51, 2, 0]
34:32:01:988:0.392426 out [291, 123536, 123537, 124322, 53, 50, 47, 3, 0]
34:32:32:887:0.201859 out [292, 123650, 123651, 124353, 54, 54, 46, 4, 0]
35:05:27:241:0.783691 out [295, 125786, 125787, 126327, 48, 52, 43, 2, 0]
35:06:53:521:0.758629 out [294, 125648, 125649, 126414, 55, 32, 48, 1, 0]
35:14:15:930:0.0967712 out [298, 126269, 126327, 126856, 49, 54, 50, 2, 0]
35:14:19:126:0.452995 out [296, 126129, 126130, 126859, 54, 55, 47, 3, 0]
35:14:51:231:0.434418 out [297, 126207, 126208, 126891, 55, 57, 54, 4, 0]
35:23:52:748:0.951508 out [299, 126876, 126877, 127433, 46, 56, 38, 1, 0]
35:29:59:720:0.427109 out [300, 127043, 127044, 127800, 62, 51, 49, 2, 0]
35:35:17:087:0.39431 out [301, 127344, 127345, 128117, 61, 37, 49, 3, 0]
35:37:16:258:0.40242 out [303, 127542, 127543, 128236, 57, 46, 53, 4, 0]
35:40:22:195:0.939613 out [302, 127490, 127491, 128422, 64, 62, 59, 1, 0]
35:40:29:982:0.45826 out [304, 127577, 127800, 128430, 58, 44, 51, 2, 0]
35:46:58:965:0.681221 out [305, 127650, 128117, 128819, 55, 47, 49, 3, 0]
35:51:31:857:0.510162 out [306, 128460, 128461, 129092, 52, 54, 51, 1, 0]
35:54:21:654:0.207779 out [307, 128638, 128639, 129262, 48, 50, 54, 2, 0]
35:57:46:474:0.00720215 out [308, 128856, 128857, 129466, 49, 43, 44, 3, 0]
35:58:26:925:0.9506 out [309, 128931, 128932, 129507, 54, 55, 44, 4, 0]
36:00:11:182:0.621147 out [310, 129030, 129092, 129611, 47, 37, 53, 1, 0]
36:12:01:356:0.43251 out [311, 129584, 129585, 130321, 59, 61, 41, 2, 0]
36:18:09:405:0.411316 out [312, 129781, 129782, 130689, 63, 44, 60, 1, 0]
36:19:53:399:0.961067 out [313, 130121, 130122, 130793, 45, 62, 55, 3, 0]
36:22:53:294:0.01548 out [314, 130168, 130169, 130973, 52, 54, 59, 4, 0]
36:24:14:710:0.163666 out [315, 130288, 130289, 131055, 50, 42, 53, 5, 0]
36:25:27:543:0.0818329 out [316, 130300, 130301, 131128, 49, 52, 50, 6, 0]
36:28:23:822:0.71917 out [317, 130672, 130673, 131304, 47, 50, 71, 2, 0]
36:30:56:761:0.614395 out [320, 130779, 130780, 131457, 45, 45, 49, 1, 0]
36:31:23:351:0.199295 out [322, 130834, 130836, 131483, 46, 51, 57, 9, 0]
36:31:45:851:0.312233 out [321, 130834, 130835, 131506, 44, 58, 50, 3, 0]
36:32:40:413:0.708282 out [318, 130679, 130680, 131560, 62, 57, 48, 7, 0]
36:32:49:504:0.376007 out [323, 130847, 130848, 131570, 42, 55, 43, 10, 0]
36:34:26:678:0.697731 out [324, 130852, 130973, 131667, 39, 54, 45, 4, 0]
36:34:35:402:0.204109 out [319, 130685, 130686, 131675, 66, 58, 48, 8, 0]
36:37:35:078:0.939987 out [325, 131272, 131273, 131855, 40, 46, 42, 5, 0]
36:42:00:366:0.515709 out [326, 131351, 131352, 132120, 59, 56, 63, 2, 0]
36:45:08:077:0.524734 out [328, 131637, 131638, 132308, 49, 48, 43, 1, 0]
36:47:55:308:0.221413 out [329, 131661, 131662, 132475, 62, 55, 58, 3, 0]
36:48:14:055:0.190636 out [327, 131454, 131455, 132494, 66, 51, 43, 6, 0]
36:50:19:131:0.544662 out [331, 131914, 131915, 132619, 50, 61, 41, 5, 0]
36:52:18:579:0.252792 out [330, 131910, 131911, 132739, 54, 38, 37, 4, 0]
36:53:41:573:0.155952 out [332, 132036, 132037, 132822, 55, 57, 35, 7, 0]
36:54:55:174:0.725128 out [334, 132198, 132199, 132895, 48, 43, 63, 2, 0]
36:56:53:559:0.729172 out [335, 132293, 132294, 133014, 47, 55, 55, 9, 0]
36:57:21:811:0.852051 out [336, 132455, 132456, 133042, 49, 52, 54, 1, 0]
36:57:55:633:0.642746 out [333, 132089, 132090, 133076, 59, 52, 57, 8, 0]
37:11:16:230:0.572296 out [337, 133156, 133157, 133876, 47, 48, 49, 1, 0]
37:11:35:884:0.547783 out [338, 133201, 133202, 133896, 53, 42, 63, 2, 0]
37:15:46:694:0.975449 out [339, 133208, 133209, 134147, 57, 54, 56, 3, 0]
37:16:05:130:0.925728 out [342, 133647, 133648, 134165, 39, 66, 33, 6, 0]
37:16:17:018:0.406464 out [341, 133443, 133444, 134177, 52, 50, 49, 5, 0]
37:17:49:662:0.691666 out [340, 133360, 133361, 134270, 61, 63, 59, 4, 0]
37:21:49:857:0.318474 out [344, 133764, 133765, 134510, 61, 51, 49, 8, 0]
37:22:33:585:0.140778 out [343, 133691, 133692, 134554, 52, 48, 42, 7, 0]
37:23:24:869:0.632317 out [345, 133891, 133892, 134605, 55, 57, 49, 1, 0]
37:25:01:451:0.311661 out [348, 134067, 134068, 134701, 52, 35, 47, 10, 0]
37:25:50:392:0.58876 out [349, 134091, 134147, 134750, 44, 45, 54, 3, 0]
37:25:57:670:0.862747 out [347, 134025, 134026, 134758, 49, 45, 44, 9, 0]
37:27:27:140:0.701843 out [351, 134201, 134202, 134847, 47, 56, 50, 5, 0]
37:28:12:510:0.054184 out [350, 134165, 134166, 134893, 51, 49, 39, 6, 0]
37:29:52:443:0.926407 out [346, 133985, 133986, 134992, 71, 54, 65, 2, 0]
37:32:30:623:0.297287 out [352, 134365, 134366, 135151, 54, 55, 48, 4, 0]
37:33:31:659:0.10585 out [354, 134648, 134649, 135212, 36, 43, 46, 1, 0]
37:35:47:127:0.555992 out [353, 134464, 134510, 135347, 57, 55, 47, 8, 0]
37:39:29:085:0.608078 out [357, 134972, 134973, 135569, 40, 39, 56, 6, 0]
37:40:48:679:0.405762 out [355, 134789, 134790, 135649, 54, 48, 44, 3, 0]
37:42:07:852:0.799965 out [356, 134947, 134948, 135728, 51, 46, 40, 5, 0]
37:49:59:228:0.92244 out [358, 135375, 135376, 136199, 59, 42, 43, 1, 0]
37:53:08:478:0.309227 out [359, 135661, 135662, 136388, 45, 56, 49, 2, 0]
37:53:34:448:0.3629 out [360, 135690, 135691, 136414, 55, 36, 47, 3, 0]
37:55:39:200:0.653625 out [362, 135730, 135731, 136539, 51, 59, 47, 5, 0]
37:55:51:996:0.966911 out [361, 135728, 135729, 136552, 53, 52, 62, 4, 0]
37:56:52:249:0.894691 out [365, 135865, 135866, 136612, 55, 51, 42, 8, 0]
37:58:27:599:0.733902 out [364, 135804, 135805, 136708, 60, 36, 51, 7, 0]
37:59:12:734:0.727455 out [363, 135764, 135765, 136753, 58, 49, 45, 6, 0]
38:00:32:921:0.578003 out [366, 135975, 135976, 136833, 57, 49, 58, 9, 0]
38:00:39:816:0.808296 out [367, 135982, 135983, 136840, 55, 50, 42, 10, 0]
38:03:07:239:0.0328903 out [369, 136088, 136388, 136987, 45, 46, 46, 2, 0]
38:04:26:737:0.281944 out [370, 136211, 136414, 137067, 44, 66, 49, 3, 0]
38:04:56:275:0.00834656 out [368, 136015, 136199, 137096, 53, 61, 53, 1, 0]
38:06:06:082:0.788612 out [373, 136549, 136612, 137166, 41, 57, 50, 8, 0]
38:08:06:275:0.192406 out [372, 136486, 136552, 137286, 49, 52, 48, 4, 0]
38:08:14:252:0.761986 out [371, 136372, 136539, 137294, 49, 53, 61, 5, 0]
38:10:09:314:0.461853 out [376, 136678, 136833, 137409, 41, 63, 44, 9, 0]
38:13:33:374:0.873306 out [374, 136601, 136708, 137613, 58, 53, 56, 7, 0]
38:14:52:164:0.0941162 out [377, 136679, 136840, 137692, 61, 70, 40, 10, 0]
38:15:03:121:0.395256 out [375, 136651, 136753, 137703, 65, 45, 55, 6, 0]
38:15:22:380:0.15435 out [378, 136680, 136987, 137722, 57, 38, 38, 2, 0]
38:16:02:376:0.448372 out [381, 136874, 137166, 137762, 40, 47, 52, 8, 0]
38:16:50:005:0.0227432 out [379, 136693, 137067, 137810, 55, 56, 45, 3, 0]
38:18:05:830:0.0359039 out [380, 136841, 137096, 137886, 51, 53, 44, 1, 0]
38:20:10:277:0.274826 out [384, 136970, 137409, 138010, 42, 47, 42, 9, 0]
38:21:55:188:0.473442 out [382, 136897, 137286, 138115, 55, 49, 49, 4, 0]
38:21:59:989:0.458778 out [383, 136946, 137294, 138120, 51, 48, 45, 5, 0]
38:25:41:385:0.331848 out [385, 136980, 137613, 138341, 58, 53, 45, 7, 0]
38:26:22:904:0.374817 out [387, 137548, 137703, 138383, 48, 40, 58, 6, 0]
38:27:12:525:0.813393 out [389, 137714, 137762, 138433, 46, 48, 46, 8, 0]
38:28:16:820:0.555023 out [391, 137802, 137886, 138497, 46, 44, 45, 1, 0]
38:29:37:984:0.404305 out [386, 137174, 137692, 138578, 54, 54, 55, 10, 0]
38:29:50:194:0.524101 out [388, 137710, 137722, 138590, 49, 60, 39, 2, 0]
38:30:00:257:0.903389 out [392, 137855, 138010, 138600, 42, 58, 42, 9, 0]
38:30:20:105:0.176262 out [390, 137802, 137810, 138620, 53, 48, 51, 3, 0]
38:31:48:988:0.10511 out [394, 138015, 138120, 138709, 45, 40, 49, 5, 0]
38:36:03:116:0.969398 out [393, 138007, 138115, 138963, 53, 61, 48, 4, 0]
38:40:12:903:0.705482 out [402, 138595, 138620, 139213, 40, 58, 49, 3, 0]
38:40:46:206:0.847481 out [396, 138172, 138383, 139246, 54, 33, 45, 6, 0]
38:40:52:594:0.715958 out [397, 138215, 138433, 139253, 50, 56, 46, 8, 0]
38:40:55:924:0.671463 out [399, 138493, 138578, 139256, 53, 39, 51, 10, 0]
38:41:13:983:0.807449 out [398, 138476, 138497, 139274, 53, 57, 45, 1, 0]
38:41:25:594:0.058876 out [400, 138503, 138590, 139286, 34, 49, 42, 2, 0]
38:41:49:779:0.735855 out [395, 138063, 138341, 139310, 59, 53, 44, 7, 0]
38:45:36:894:0.322281 out [401, 138521, 138600, 139537, 56, 48, 46, 9, 0]
38:45:40:442:0.13636 out [403, 138709, 138710, 139540, 56, 47, 50, 5, 0]
38:48:20:756:0.389503 out [404, 138714, 138963, 139701, 54, 59, 50, 4, 0]
38:50:20:464:0.497047 out [405, 138740, 139213, 139820, 54, 39, 48, 3, 0]
38:51:41:049:0.287277 out [407, 138961, 139253, 139901, 38, 50, 48, 8, 0]
38:52:13:144:0.241219 out [411, 139027, 139310, 139933, 43, 45, 53, 7, 0]
38:53:24:973:0.31131 out [406, 138854, 139246, 140005, 49, 55, 54, 6, 0]
38:53:28:097:0.839241 out [408, 138982, 139256, 140008, 45, 50, 50, 10, 0]
38:53:32:368:0.12606 out [413, 139176, 139540, 140012, 39, 60, 41, 5, 0]
38:55:11:483:0.252007 out [410, 139001, 139286, 140111, 53, 52, 42, 2, 0]
38:56:28:797:0.870117 out [412, 139113, 139537, 140189, 46, 52, 55, 9, 0]
38:56:39:584:0.777313 out [409, 138985, 139274, 140200, 52, 60, 42, 1, 0]
38:59:06:222:0.382027 out [414, 139220, 139701, 140346, 49, 43, 32, 4, 0]
38:59:44:880:0.761581 out [417, 139309, 139933, 140385, 36, 42, 45, 7, 0]
39:00:34:349:0.160225 out [415, 139225, 139820, 140434, 47, 55, 43, 3, 0]
39:01:59:452:0.916176 out [416, 139281, 139901, 140519, 48, 43, 60, 8, 0]
39:05:59:497:0.998932 out [420, 139409, 140012, 140759, 54, 59, 52, 5, 0]
39:06:37:832:0.771736 out [418, 139350, 140005, 140798, 50, 60, 56, 6, 0]
39:07:00:072:0.559387 out [422, 139482, 140189, 140820, 38, 51, 50, 9, 0]
39:07:58:050:0.810844 out [423, 139504, 140200, 140878, 48, 43, 42, 1, 0]
39:08:23:353:0.46225 out [421, 139412, 140111, 140903, 54, 60, 39, 2, 0]
39:08:35:264:0.572578 out [419, 139405, 140008, 140915, 53, 56, 45, 10, 0]
39:13:31:636:0.38459 out [427, 139628, 140519, 141212, 52, 50, 58, 8, 0]
39:13:58:709:0.269554 out [424, 139552, 140346, 141239, 54, 47, 47, 4, 0]
39:14:14:572:0.616203 out [430, 139731, 140820, 141255, 37, 51, 46, 9, 0]
39:14:28:596:0.3255 out [426, 139604, 140434, 141269, 50, 47, 40, 3, 0]
39:16:01:509:0.0814667 out [432, 139764, 140903, 141362, 41, 58, 54, 2, 0]
39:17:12:642:0.389328 out [429, 139712, 140798, 141433, 51, 41, 62, 6, 0]
39:17:53:002:0.966911 out [425, 139581, 140385, 141473, 53, 45, 55, 7, 0]
39:18:22:675:0.895981 out [428, 139652, 140759, 141503, 48, 43, 41, 5, 0]
39:20:49:007:0.358177 out [431, 139745, 140878, 141649, 45, 55, 58, 1, 0]
39:21:34:058:0.215172 out [433, 139825, 140915, 141694, 56, 51, 36, 10, 0]
39:24:12:164:0.0512314 out [436, 139940, 141255, 141852, 38, 50, 49, 9, 0]
39:24:34:516:0.875443 out [434, 139921, 141212, 141875, 38, 56, 49, 8, 0]
39:25:30:720:0.165833 out [435, 139929, 141239, 141931, 43, 40, 52, 4, 0]
39:27:33:305:0.358109 out [438, 140010, 141362, 142053, 47, 58, 50, 2, 0]
39:28:42:042:0.303261 out [437, 140003, 141269, 142122, 63, 50, 50, 3, 0]
39:28:46:939:0.800842 out [439, 140088, 141433, 142127, 42, 45, 52, 6, 0]
39:28:55:267:0.357712 out [441, 140394, 141503, 142135, 49, 52, 53, 5, 0]
39:31:43:314:0.708885 out [442, 140504, 141649, 142303, 46, 49, 51, 1, 0]
39:31:58:189:0.25248 out [440, 140240, 141473, 142318, 52, 55, 54, 7, 0]
39:35:24:001:0.980408 out [443, 140512, 141694, 142524, 58, 52, 54, 10, 0]
39:35:43:170:0.686493 out [444, 140620, 141852, 142543, 50, 52, 38, 9, 0]
39:38:09:955:0.261406 out [446, 140728, 141931, 142690, 55, 43, 52, 4, 0]
39:40:10:311:0.0520935 out [448, 140765, 142122, 142810, 48, 55, 52, 3, 0]
39:40:24:189:0.0895462 out [445, 140703, 141875, 142824, 60, 51, 54, 8, 0]
39:40:51:454:0.018074 out [450, 140894, 142135, 142851, 49, 57, 42, 5, 0]
39:41:09:713:0.299522 out [447, 140746, 142053, 142870, 53, 46, 50, 2, 0]
39:43:18:089:0.63221 out [452, 141027, 142318, 142998, 45, 41, 63, 7, 0]
39:43:26:762:0.753258 out [451, 140904, 142303, 143007, 41, 43, 62, 1, 0]
39:45:17:179:0.111656 out [453, 141101, 142524, 143117, 42, 44, 46, 10, 0]
39:46:48:750:0.862442 out [454, 141105, 142543, 143209, 39, 54, 53, 9, 0]
39:47:20:124:0.771294 out [449, 140869, 142127, 143240, 71, 49, 50, 6, 0]
39:50:17:248:0.722801 out [455, 141125, 142690, 143417, 44, 52, 49, 4, 0]
39:51:41:240:0.923248 out [457, 141233, 142824, 143501, 45, 46, 66, 8, 0]
39:53:14:414:0.401779 out [462, 141586, 143117, 143594, 37, 51, 53, 10, 0]
39:53:31:027:0.863823 out [461, 141525, 143007, 143611, 44, 50, 45, 1, 0]
39:54:46:812:0.690765 out [458, 141268, 142851, 143687, 51, 45, 53, 5, 0]
39:54:48:481:0.645905 out [456, 141197, 142810, 143688, 55, 52, 64, 3, 0]
39:56:01:594:0.910538 out [463, 141612, 143209, 143762, 40, 37, 60, 9, 0]
39:56:29:269:0.189201 out [459, 141359, 142870, 143789, 60, 46, 52, 2, 0]
39:56:45:801:0.313171 out [460, 141445, 142998, 143806, 51, 49, 46, 7, 0]
40:00:31:487:0.731705 out [464, 141648, 143240, 144031, 42, 51, 51, 6, 0]
40:02:11:392:0.41346 out [467, 141954, 143594, 144131, 44, 37, 41, 10, 0]
40:02:42:542:0.258583 out [465, 141678, 143417, 144163, 46, 49, 54, 4, 0]
40:03:52:536:0.893471 out [469, 142124, 143687, 144233, 33, 56, 43, 5, 0]
40:04:26:674:0.757874 out [466, 141792, 143501, 144267, 48, 42, 55, 8, 0]
40:04:31:141:0.464149 out [468, 142068, 143611, 144271, 57, 49, 48, 1, 0]
40:04:55:497:0.420227 out [470, 142135, 143688, 144295, 45, 59, 54, 3, 0]
40:07:15:739:0.909637 out [471, 142242, 143762, 144436, 50, 55, 44, 9, 0]
40:08:02:159:0.385048 out [473, 142311, 143806, 144482, 39, 59, 57, 7, 0]
40:09:41:973:0.625099 out [472, 142293, 143789, 144582, 54, 51, 49, 2, 0]
40:13:04:509:0.817444 out [474, 142332, 144031, 144785, 49, 36, 45, 6, 0]
40:13:36:337:0.995995 out [478, 142787, 144267, 144816, 33, 48, 51, 8, 0]
40:13:55:325:0.664436 out [475, 142389, 144131, 144835, 54, 40, 43, 10, 0]
40:15:06:213:0.545021 out [477, 142647, 144233, 144906, 48, 47, 54, 5, 0]
40:16:16:277:0.78331 out [476, 142519, 144163, 144976, 54, 50, 39, 4, 0]
40:19:00:244:0.285095 out [479, 142806, 144271, 145140, 62, 47, 56, 1, 0]
40:19:09:115:0.480888 out [480, 142869, 144295, 145149, 60, 54, 54, 3, 0]
40:20:13:446:0.497978 out [481, 143030, 144436, 145213, 54, 46, 59, 9, 0]
40:20:35:985:0.0844498 out [482, 143077, 144482, 145236, 59, 46, 49, 7, 0]
40:23:39:877:0.954399 out [484, 143327, 144785, 145420, 44, 53, 48, 6, 0]
40:24:16:598:0.0429535 out [483, 143179, 144582, 145457, 52, 53, 61, 2, 0]
40:27:42:256:0.19799 out [485, 143336, 144816, 145662, 53, 37, 39, 8, 0]
40:28:57:200:0.936089 out [487, 143369, 144906, 145737, 61, 60, 48, 5, 0]
40:29:43:284:0.243645 out [490, 143563, 145149, 145783, 39, 60, 48, 3, 0]
40:29:52:046:0.913208 out [489, 143500, 145140, 145792, 55, 43, 45, 1, 0]
40:29:54:065:0.678108 out [486, 143344, 144835, 145794, 58, 49, 61, 10, 0]
40:31:07:352:0.0312195 out [488, 143489, 144976, 145867, 56, 45, 49, 4, 0]
40:32:49:140:0.198364 out [491, 143616, 145213, 145969, 55, 48, 51, 9, 0]
40:33:48:890:0.157211 out [492, 143690, 145236, 146029, 52, 67, 51, 7, 0]
40:34:37:308:0.641899 out [493, 143855, 145420, 146077, 49, 62, 37, 6, 0]
40:35:11:614:0.475311 out [494, 143926, 145457, 146112, 37, 44, 52, 2, 0]
40:38:41:991:0.248741 out [497, 144066, 145783, 146322, 45, 54, 46, 3, 0]
40:39:55:572:0.77359 out [495, 143936, 145662, 146396, 55, 59, 52, 8, 0]
40:40:23:373:0.381271 out [498, 144308, 145792, 146423, 40, 50, 40, 1, 0]
40:41:15:628:0.93232 out [496, 144046, 145737, 146476, 56, 40, 50, 5, 0]
40:42:12:099:0.814621 out [501, 144809, 145969, 146532, 40, 50, 41, 9, 0]
40:42:13:901:0.844086 out [500, 144571, 145867, 146534, 45, 55, 60, 4, 0]
40:42:34:692:0.361893 out [502, 144858, 146029, 146555, 34, 44, 50, 7, 0]
40:42:49:029:0.11097 out [499, 144315, 145794, 146569, 50, 55, 44, 10, 0]
40:43:49:886:0.97821 out [503, 144902, 146077, 146630, 46, 45, 41, 6, 0]
40:46:19:263:0.242928 out [505, 145240, 146322, 146779, 39, 49, 40, 3, 0]
40:48:34:818:0.887917 out [506, 145393, 146396, 146915, 46, 58, 59, 8, 0]
40:49:11:667:0.390076 out [507, 145407, 146423, 146952, 39, 44, 45, 1, 0]
40:50:43:054:0.166451 out [504, 145108, 146112, 147043, 56, 59, 47, 2, 0]
40:52:10:687:0.0974655 out [508, 145468, 146476, 147131, 44, 57, 51, 5, 0]
40:53:31:859:0.525337 out [510, 145675, 146534, 147212, 54, 54, 55, 4, 0]
40:54:38:670:0.317307 out [512, 145757, 146569, 147279, 47, 39, 47, 10, 0]
40:55:20:979:0.464333 out [509, 145586, 146532, 147321, 51, 44, 42, 9, 0]
40:55:49:934:0.0921783 out [511, 145702, 146555, 147350, 59, 47, 53, 7, 0]
40:57:21:032:0.152931 out [514, 145805, 146779, 147441, 46, 44, 53, 3, 0]
40:57:35:757:0.384911 out [513, 145795, 146630, 147456, 62, 45, 56, 6, 0]
41:02:49:588:0.921349 out [516, 145885, 146952, 147770, 59, 47, 40, 1, 0]
41:03:58:233:0.0863876 out [515, 145818, 146915, 147838, 62, 49, 50, 8, 0]
41:04:19:692:0.000595093 out [520, 146786, 147279, 147860, 44, 52, 55, 10, 0]
41:04:52:811:0.771599 out [517, 146043, 147043, 147893, 52, 34, 38, 2, 0]
41:07:01:448:0.234764 out [522, 146828, 147350, 148021, 49, 53, 51, 7, 0]
41:07:41:272:0.128456 out [521, 146790, 147321, 148061, 48, 52, 37, 9, 0]
41:07:41:623:0.321999 out [518, 146138, 147131, 148062, 67, 48, 36, 5, 0]
41:07:51:908:0.328262 out [519, 146372, 147212, 148072, 49, 46, 59, 4, 0]
41:08:39:391:0.598907 out [524, 146947, 147456, 148119, 48, 56, 45, 6, 0]
41:12:36:757:0.714622 out [523, 146855, 147441, 148357, 56, 39, 40, 3, 0]
41:14:25:006:0.772797 out [528, 147581, 147893, 148465, 43, 36, 50, 2, 0]
41:16:01:764:0.535301 out [525, 147392, 147770, 148562, 47, 43, 48, 1, 0]
41:17:26:676:0.936501 out [526, 147437, 147838, 148647, 43, 47, 50, 8, 0]
41:18:07:679:0.185669 out [527, 147568, 147860, 148688, 54, 49, 56, 10, 0]
41:18:10:407:0.264252 out [531, 148016, 148062, 148690, 46, 57, 55, 5, 0]
41:18:16:086:0.192078 out [530, 147925, 148061, 148696, 45, 48, 53, 9, 0]
41:20:28:266:0.927521 out [529, 147598, 148021, 148828, 54, 37, 61, 7, 0]
41:21:49:757:0.192207 out [532, 148296, 148297, 148910, 44, 45, 50, 4, 0]
41:22:21:624:0.0125427 out [533, 148332, 148333, 148942, 43, 43, 47, 6, 0]
41:26:59:173:0.927856 out [534, 148484, 148485, 149219, 41, 60, 39, 2, 0]
41:29:43:345:0.966888 out [535, 148575, 148576, 149383, 52, 63, 47, 1, 0]
41:37:13:104:0.628159 out [537, 149180, 149181, 149833, 46, 55, 48, 4, 0]
41:38:18:118:0.763519 out [538, 149259, 149260, 149898, 40, 52, 50, 2, 0]
41:39:01:344:0.55545 out [536, 149044, 149045, 149941, 62, 39, 54, 3, 0]
41:39:42:530:0.495239 out [539, 149422, 149423, 149983, 43, 55, 46, 1, 0]
41:43:00:842:0.695786 out [540, 149511, 149512, 150181, 47, 36, 49, 5, 0]
41:50:50:501:0.674248 out [541, 149705, 149706, 150651, 58, 57, 50, 6, 0]
41:57:37:975:0.409103 out [542, 150208, 150209, 151058, 54, 60, 57, 1, 0]
42:01:47:766:0.039444 out [544, 150724, 150725, 151308, 45, 52, 50, 3, 0]
42:04:01:935:0.747696 out [543, 150565, 150566, 151442, 60, 56, 49, 2, 0]
42:06:52:789:0.931847 out [547, 151030, 151031, 151613, 49, 50, 45, 6, 0]
42:08:52:329:0.442574 out [546, 150984, 150985, 151732, 58, 40, 53, 5, 0]
42:11:04:942:0.245079 out [545, 150974, 150975, 151865, 49, 53, 45, 4, 0]
42:14:09:120:0.541168 out [548, 151095, 151096, 152049, 66, 51, 57, 1, 0]
42:19:02:110:0.493256 out [549, 151580, 151581, 152342, 61, 45, 50, 2, 0]
42:22:40:902:0.967049 out [550, 151923, 151924, 152561, 57, 39, 44, 3, 0]
42:39:27:826:0.256348 out [551, 152909, 152910, 153568, 51, 50, 45, 1, 0]
42:40:08:526:0.556564 out [552, 152975, 152976, 153609, 53, 53, 48, 2, 0]
42:49:51:033:0.437325 out [553, 153660, 153661, 154191, 48, 43, 48, 1, 0]
42:53:42:761:0.501862 out [554, 153813, 153814, 154423, 53, 54, 65, 2, 0]
43:06:11:848:0.78595 out [555, 154564, 154565, 155172, 48, 63, 49, 1, 0]
43:08:26:396:0.633698 out [556, 154613, 154614, 155306, 64, 44, 60, 2, 0]
43:17:17:801:0.0354767 out [557, 155372, 155373, 155838, 50, 38, 46, 1, 0]
43:29:38:476:0.105286 out [558, 155925, 155926, 156578, 50, 48, 58, 1, 0]
43:56:07:912:0.91864 out [559, 157645, 157646, 158168, 51, 61, 46, 1, 0]
57:16:25:626:0.609398 out [560, 205571, 205572, 206186, 47, 38, 43, 1, 0]
58:17:12:808:0.83844 out [561, 209337, 209338, 209833, 38, 49, 46, 1, 0]
58:46:00:485:0.0240479 out [562, 210848, 210849, 211560, 54, 49, 48, 1, 0]
58:47:29:164:0.589478 out [563, 210953, 210954, 211649, 50, 51, 41, 2, 0]
58:50:00:610:0.0965271 out [564, 211090, 211091, 211801, 58, 42, 57, 3, 0]
58:54:08:063:0.930107 out [565, 211417, 211418, 212048, 48, 53, 55, 4, 0]
58:57:46:507:0.204605 out [567, 211669, 211670, 212267, 52, 52, 46, 2, 0]
58:59:22:499:0.411728 out [566, 211491, 211560, 212362, 65, 52, 51, 1, 0]
59:02:40:058:0.851791 out [568, 211827, 211828, 212560, 58, 48, 55, 3, 0]
59:04:02:512:0.1614 out [569, 212004, 212048, 212643, 49, 54, 61, 4, 0]
59:07:37:612:0.293793 out [570, 212360, 212361, 212858, 52, 52, 56, 2, 0]
59:22:11:512:0.698723 out [572, 213162, 213163, 213732, 51, 44, 40, 2, 0]
59:24:28:603:0.742195 out [573, 213227, 213228, 213869, 43, 48, 44, 3, 0]
59:26:49:883:0.781982 out [574, 213434, 213435, 214010, 50, 48, 58, 4, 0]
59:26:56:177:0.696777 out [571, 213127, 213128, 214016, 60, 47, 41, 1, 0]
59:32:21:604:0.938652 out [575, 213571, 213732, 214342, 45, 53, 56, 2, 0]
59:34:57:172:0.153618 out [576, 213747, 213869, 214497, 54, 54, 43, 3, 0]
59:34:58:241:0.533424 out [578, 213932, 214016, 214498, 44, 57, 62, 1, 0]
59:36:52:326:0.472427 out [577, 213894, 214010, 214612, 50, 63, 60, 4, 0]
59:43:16:485:0.808113 out [580, 214398, 214497, 214996, 41, 53, 48, 3, 0]
59:44:59:923:0.609474 out [579, 214024, 214342, 215100, 59, 51, 55, 2, 0]
59:49:33:284:0.391953 out [581, 214719, 214720, 215373, 48, 43, 34, 1, 0]
59:53:34:002:0.644135 out [582, 215044, 215045, 215614, 47, 44, 47, 3, 0]
59:56:45:402:0.766777 out [584, 215165, 215166, 215805, 51, 49, 44, 2, 0]
59:57:44:812:0.113358 out [583, 215079, 215080, 215865, 59, 65, 53, 4, 0]
60:00:51:852:0.345612 out [585, 215360, 215373, 216052, 61, 42, 46, 1, 0]
60:04:23:818:0.0591125 out [586, 215400, 215614, 216264, 51, 43, 58, 3, 0]
60:05:05:027:0.762558 out [587, 215667, 215805, 216305, 44, 53, 54, 2, 0]
60:20:05:511:0.131836 out [588, 216334, 216335, 217206, 59, 41, 59, 1, 0]
60:22:22:772:0.686554 out [589, 216662, 216663, 217343, 44, 68, 63, 2, 0]
60:30:02:438:0.385559 out [590, 216948, 216949, 217802, 52, 54, 53, 3, 0]
60:30:30:778:0.0824432 out [591, 217134, 217135, 217831, 42, 46, 50, 4, 0]
60:32:09:008:0.324219 out [594, 217413, 217414, 217929, 44, 60, 53, 5, 0]
60:32:49:560:0.983253 out [592, 217375, 217376, 217970, 33, 53, 62, 1, 0]
60:32:57:523:0.146225 out [593, 217396, 217397, 217978, 44, 51, 58, 2, 0]
60:34:19:147:0.92688 out [595, 217467, 217468, 218059, 37, 36, 57, 6, 0]
60:37:45:744:0.441582 out [596, 217543, 217544, 218266, 46, 55, 57, 7, 0]
60:37:55:291:0.277481 out [597, 217560, 217561, 218275, 49, 50, 38, 8, 0]
60:41:02:618:0.653847 out [599, 217711, 217712, 218463, 52, 47, 64, 10, 0]
60:41:10:244:0.103027 out [598, 217617, 217618, 218470, 57, 42, 45, 9, 0]
60:43:47:102:0.982666 out [600, 217731, 217802, 218627, 48, 52, 39, 3, 0]
60:46:56:258:0.499695 out [604, 218264, 218265, 218816, 37, 36, 57, 5, 0]
60:48:36:472:0.324921 out [603, 218203, 218204, 218916, 45, 54, 51, 4, 0]
60:50:11:004:0.297806 out [607, 218485, 218486, 219011, 47, 45, 57, 8, 0]
60:51:16:759:0.852959 out [605, 218354, 218355, 219077, 51, 51, 57, 6, 0]
60:51:20:348:0.40448 out [606, 218386, 218387, 219080, 35, 46, 53, 7, 0]
60:52:29:047:0.203613 out [602, 218184, 218185, 219149, 48, 46, 48, 2, 0]
60:52:57:509:0.343697 out [601, 218132, 218133, 219178, 56, 47, 43, 1, 0]
60:56:21:443:0.240715 out [609, 218740, 218741, 219381, 43, 53, 43, 3, 0]
60:57:50:776:0.722504 out [608, 218615, 218616, 219471, 50, 53, 49, 9, 0]
61:00:56:322:0.151733 out [612, 219032, 219033, 219656, 46, 46, 37, 8, 0]
61:01:18:584:0.0278397 out [610, 218943, 218944, 219679, 46, 45, 41, 4, 0]
61:02:19:671:0.694351 out [613, 219110, 219111, 219740, 51, 64, 56, 6, 0]
61:03:09:580:0.483032 out [611, 218979, 218980, 219790, 48, 46, 49, 5, 0]
61:06:01:848:0.966194 out [614, 219364, 219365, 219962, 41, 39, 55, 1, 0]
61:07:09:954:0.619957 out [615, 219416, 219417, 220030, 39, 58, 47, 2, 0]
61:11:51:681:0.233002 out [619, 219691, 219692, 220312, 43, 50, 50, 4, 0]
61:12:28:247:0.949196 out [620, 219701, 219702, 220348, 51, 58, 47, 9, 0]
61:14:37:096:0.579147 out [621, 219806, 219807, 220477, 44, 48, 32, 5, 0]
61:14:38:778:0.982712 out [617, 219591, 219592, 220479, 54, 57, 52, 7, 0]
61:14:52:874:0.602867 out [622, 219847, 219848, 220493, 54, 40, 54, 6, 0]
61:15:48:369:0.25943 out [618, 219676, 219677, 220548, 58, 52, 43, 8, 0]
61:15:57:049:0.138618 out [616, 219434, 219435, 220557, 67, 44, 50, 3, 0]
61:20:08:004:0.170967 out [623, 219924, 219926, 220808, 54, 46, 39, 10, 0]
61:20:38:225:0.0219116 out [624, 220078, 220079, 220838, 53, 47, 46, 1, 0]
61:22:21:857:0.879784 out [627, 220206, 220348, 220942, 41, 45, 41, 9, 0]
61:23:46:398:0.0184326 out [625, 220174, 220175, 221026, 62, 50, 39, 2, 0]
61:25:50:017:0.0527954 out [629, 220422, 220479, 221150, 41, 54, 64, 7, 0]
61:26:31:866:0.105225 out [628, 220373, 220477, 221192, 47, 54, 49, 5, 0]
61:28:19:408:0.188011 out [633, 220600, 220808, 221299, 43, 51, 48, 10, 0]
61:28:53:890:0.604164 out [630, 220452, 220493, 221334, 50, 48, 40, 6, 0]
61:30:55:950:0.0247498 out [626, 220181, 220312, 221456, 69, 61, 48, 4, 0]
61:31:16:824:0.518349 out [631, 220455, 220548, 221477, 54, 50, 47, 8, 0]
61:31:27:867:0.199089 out [634, 220646, 220838, 221488, 44, 55, 47, 1, 0]
61:31:39:765:0.856888 out [632, 220546, 220557, 221500, 59, 66, 37, 3, 0]
61:35:16:909:0.765938 out [635, 220785, 220942, 221717, 51, 55, 49, 9, 0]
61:35:47:945:0.403244 out [636, 220830, 221026, 221748, 47, 63, 39, 2, 0]
61:37:22:434:0.70929 out [637, 220834, 221150, 221842, 52, 41, 49, 7, 0]
61:38:23:176:0.46096 out [639, 221158, 221299, 221903, 47, 54, 39, 10, 0]
61:40:16:416:0.0601883 out [638, 220909, 221192, 222016, 50, 51, 45, 5, 0]
61:42:05:143:0.29026 out [641, 221417, 221456, 222125, 49, 53, 58, 4, 0]
61:42:05:504:0.245499 out [640, 221276, 221334, 222126, 54, 36, 53, 6, 0]
61:46:25:640:0.115334 out [643, 221695, 221696, 222386, 43, 63, 52, 3, 0]
61:47:23:874:0.719215 out [642, 221667, 221668, 222444, 58, 53, 56, 1, 0]
61:50:23:929:0.519249 out [646, 221905, 221906, 222624, 45, 48, 61, 8, 0]
61:50:30:656:0.92289 out [645, 221891, 221892, 222631, 55, 49, 55, 7, 0]
61:50:44:429:0.594589 out [648, 221997, 221998, 222644, 40, 52, 48, 10, 0]
61:50:59:304:0.476334 out [650, 222147, 222148, 222659, 39, 42, 51, 4, 0]
61:51:37:319:0.0589676 out [644, 221886, 221887, 222697, 57, 42, 47, 2, 0]
61:53:30:467:0.094017 out [649, 222077, 222078, 222810, 48, 43, 48, 5, 0]
61:54:13:608:0.31411 out [647, 221934, 221935, 222854, 61, 53, 43, 9, 0]
61:56:10:926:0.324989 out [653, 222345, 222444, 222971, 41, 49, 58, 1, 0]
61:57:10:114:0.73806 out [651, 222213, 222214, 223030, 47, 49, 47, 6, 0]
61:59:20:670:0.195724 out [652, 222287, 222386, 223161, 54, 53, 46, 3, 0]
62:00:43:222:0.91198 out [656, 222479, 222644, 223243, 43, 59, 52, 10, 0]
62:03:47:634:0.277893 out [657, 222752, 222753, 223428, 51, 63, 52, 2, 0]
62:04:33:428:0.808357 out [655, 222413, 222631, 223473, 56, 55, 41, 7, 0]
62:04:58:900:0.764061 out [658, 222759, 222760, 223499, 57, 57, 53, 4, 0]
62:05:09:101:0.0276337 out [654, 222350, 222624, 223509, 60, 40, 60, 8, 0]
62:05:13:540:0.947105 out [660, 222817, 222854, 223514, 37, 39, 54, 9, 0]
62:07:55:267:0.71846 out [659, 222800, 222810, 223675, 56, 44, 52, 5, 0]
62:08:04:714:0.184502 out [661, 222838, 222971, 223685, 48, 38, 54, 1, 0]
62:12:54:216:0.178635 out [663, 222956, 223161, 223974, 52, 52, 42, 3, 0]
62:14:37:031:0.214455 out [664, 223047, 223243, 224077, 55, 38, 50, 10, 0]
62:14:53:016:0.63604 out [662, 222847, 223030, 224093, 57, 43, 44, 6, 0]
62:15:59:603:0.261139 out [665, 223066, 223428, 224160, 45, 53, 54, 2, 0]
62:16:26:660:0.899452 out [671, 223634, 223685, 224187, 46, 44, 49, 1, 0]
62:16:34:994:0.581917 out [666, 223103, 223473, 224195, 52, 46, 45, 7, 0]
62:16:49:892:0.767097 out [667, 223345, 223499, 224210, 50, 64, 46, 4, 0]
62:17:26:175:0.945023 out [669, 223492, 223514, 224246, 60, 54, 37, 9, 0]
62:17:49:852:0.477768 out [670, 223577, 223675, 224270, 46, 46, 59, 5, 0]
62:22:39:970:0.532158 out [668, 223367, 223509, 224560, 66, 58, 59, 8, 0]
62:24:06:132:0.623413 out [675, 223995, 224160, 224646, 36, 54, 48, 2, 0]
62:26:50:764:0.206772 out [676, 224040, 224187, 224811, 44, 55, 54, 1, 0]
62:26:55:875:0.382713 out [673, 223903, 224077, 224816, 62, 49, 44, 10, 0]
62:27:10:066:0.337875 out [679, 224134, 224246, 224830, 39, 66, 47, 9, 0]
62:27:52:873:0.282173 out [674, 223994, 224093, 224873, 50, 59, 55, 6, 0]
62:27:58:326:0.239876 out [672, 223863, 223974, 224878, 56, 57, 49, 3, 0]
62:28:37:412:0.0677032 out [680, 224218, 224270, 224917, 38, 48, 51, 5, 0]
62:28:38:528:0.849342 out [678, 224075, 224210, 224919, 44, 57, 56, 4, 0]
62:29:08:623:0.28463 out [677, 224066, 224195, 224949, 47, 47, 50, 7, 0]
62:32:57:400:0.0809708 out [682, 224293, 224646, 225177, 33, 46, 52, 2, 0]
62:35:28:422:0.742325 out [683, 224303, 224811, 225328, 37, 62, 65, 1, 0]
62:38:23:773:0.285751 out [687, 224433, 224878, 225504, 35, 55, 57, 3, 0]
62:39:16:180:0.535606 out [681, 224292, 224560, 225556, 63, 49, 57, 8, 0]
62:39:46:842:0.0308151 out [689, 224634, 224919, 225587, 54, 44, 53, 4, 0]
62:40:24:643:0.268471 out [684, 224365, 224816, 225625, 52, 56, 48, 10, 0]
62:40:26:263:0.979797 out [688, 224522, 224917, 225626, 51, 62, 43, 5, 0]
62:41:09:090:0.764885 out [691, 224938, 225177, 225669, 42, 56, 54, 2, 0]
62:41:25:412:0.485413 out [686, 224428, 224873, 225685, 57, 42, 64, 6, 0]
62:41:53:540:0.146713 out [685, 224402, 224830, 225714, 55, 46, 58, 9, 0]
62:42:53:941:0.163902 out [690, 224787, 224949, 225774, 52, 58, 53, 7, 0]
62:45:18:848:0.392517 out [692, 224947, 225328, 225919, 48, 41, 43, 1, 0]
62:50:27:539:0.0738297 out [694, 225128, 225556, 226228, 43, 55, 49, 8, 0]
62:50:35:538:0.708168 out [696, 225476, 225625, 226236, 38, 40, 54, 10, 0]
62:50:52:956:0.933861 out [695, 225424, 225587, 226253, 42, 50, 51, 4, 0]
62:51:07:794:0.0630493 out [693, 224984, 225504, 226268, 57, 58, 55, 3, 0]
62:52:20:527:0.844315 out [699, 225551, 225685, 226341, 46, 55, 51, 6, 0]
62:52:29:758:0.397537 out [700, 225568, 225714, 226350, 47, 41, 55, 9, 0]
62:52:32:630:0.911308 out [698, 225536, 225669, 226353, 42, 54, 50, 2, 0]
62:53:07:976:0.870972 out [697, 225504, 225626, 226388, 60, 45, 49, 5, 0]
62:57:45:027:0.84391 out [701, 225643, 225774, 226665, 55, 44, 45, 7, 0]
62:58:16:705:0.821617 out [702, 225660, 225919, 226697, 58, 49, 34, 1, 0]
63:01:25:910:0.968262 out [705, 225887, 226253, 226886, 48, 36, 42, 4, 0]
63:01:42:419:0.349152 out [703, 225670, 226228, 226902, 50, 47, 52, 8, 0]
63:02:03:906:0.34063 out [706, 225890, 226268, 226924, 47, 47, 48, 3, 0]
63:03:18:877:0.736122 out [709, 226087, 226353, 226999, 48, 46, 45, 2, 0]
63:03:38:832:0.0717392 out [707, 225911, 226341, 227019, 49, 50, 49, 6, 0]
63:03:44:698:0.110611 out [710, 226191, 226388, 227025, 47, 40, 55, 5, 0]
63:04:21:549:0.876244 out [704, 225680, 226236, 227062, 59, 48, 49, 10, 0]
63:07:13:619:0.509727 out [708, 226080, 226350, 227234, 58, 49, 48, 9, 0]
63:08:21:621:0.819527 out [713, 226401, 226886, 227302, 39, 43, 45, 4, 0]
63:09:52:649:0.565727 out [711, 226209, 226665, 227393, 51, 46, 62, 7, 0]
63:12:38:495:0.953735 out [712, 226303, 226697, 227558, 51, 57, 46, 1, 0]
63:13:34:912:0.990196 out [716, 226707, 226999, 227615, 47, 50, 52, 2, 0]
63:14:00:697:0.0277863 out [719, 226800, 227062, 227641, 36, 61, 34, 10, 0]
63:15:32:573:0.104889 out [714, 226601, 226902, 227733, 59, 61, 49, 8, 0]
63:16:09:658:0.255203 out [715, 226674, 226924, 227770, 51, 56, 47, 3, 0]
63:16:15:737:0.903221 out [720, 226843, 227234, 227776, 34, 52, 50, 9, 0]
63:17:05:579:0.134972 out [717, 226717, 227019, 227826, 45, 54, 53, 6, 0]
63:17:14:211:0.986168 out [718, 226762, 227025, 227834, 56, 41, 54, 5, 0]
63:21:26:890:0.062912 out [722, 226983, 227393, 228087, 37, 59, 39, 7, 0]
63:21:47:165:0.614708 out [721, 226871, 227302, 228107, 52, 40, 47, 4, 0]
63:22:00:217:0.938194 out [723, 227001, 227558, 228120, 41, 58, 44, 1, 0]
63:22:14:204:0.379257 out [725, 227184, 227641, 228134, 42, 56, 49, 10, 0]
63:26:13:681:0.79911 out [724, 227178, 227615, 228374, 49, 40, 46, 2, 0]
63:28:13:503:0.708061 out [727, 227220, 227770, 228494, 48, 50, 38, 3, 0]
63:29:39:223:0.161873 out [730, 227545, 227834, 228579, 59, 46, 47, 5, 0]
63:29:44:827:0.609238 out [728, 227523, 227776, 228585, 51, 44, 50, 9, 0]
63:29:46:896:0.300896 out [726, 227205, 227733, 228587, 53, 53, 58, 8, 0]
63:33:50:115:0.0800552 out [732, 227723, 228107, 228830, 49, 57, 52, 4, 0]
63:34:04:804:0.0653305 out [729, 227538, 227826, 228845, 59, 52, 46, 6, 0]
63:35:00:230:0.977379 out [733, 227747, 228120, 228900, 61, 57, 46, 1, 0]
63:35:02:573:0.231873 out [731, 227545, 228087, 228903, 44, 52, 47, 7, 0]
63:36:00:534:0.197578 out [734, 228092, 228134, 228961, 51, 41, 60, 10, 0]
63:40:28:702:0.46769 out [735, 228104, 228374, 229229, 49, 41, 48, 2, 0]
63:41:29:282:0.457123 out [736, 228105, 228494, 229289, 58, 43, 50, 3, 0]
63:43:05:011:0.178741 out [738, 228181, 228585, 229385, 54, 45, 38, 9, 0]
63:43:08:734:0.629402 out [737, 228142, 228579, 229389, 52, 54, 48, 5, 0]
63:45:36:399:0.934944 out [739, 228233, 228587, 229536, 63, 37, 50, 8, 0]
63:46:24:714:0.754974 out [742, 228257, 228900, 229585, 47, 56, 43, 1, 0]
63:46:31:894:0.613991 out [743, 228405, 228903, 229592, 47, 48, 49, 7, 0]
63:46:39:686:0.347733 out [740, 228237, 228830, 229600, 53, 42, 61, 4, 0]
63:48:29:249:0.674019 out [741, 228249, 228845, 229709, 49, 60, 50, 6, 0]
63:52:00:492:0.974602 out [744, 228431, 228961, 229920, 53, 51, 43, 10, 0]
63:54:10:217:0.076622 out [745, 228446, 229229, 230050, 51, 37, 38, 2, 0]
63:54:42:338:0.492714 out [748, 228838, 229389, 230082, 51, 49, 48, 5, 0]
63:54:55:877:0.52565 out [747, 228763, 229385, 230096, 52, 62, 47, 9, 0]
63:55:29:525:0.720917 out [746, 228532, 229289, 230130, 46, 49, 51, 3, 0]
63:58:04:671:0.348083 out [750, 228854, 229585, 230285, 55, 47, 46, 1, 0]
63:58:36:514:0.574371 out [752, 228912, 229600, 230317, 51, 49, 53, 4, 0]
63:59:05:652:0.492844 out [751, 228868, 229592, 230346, 50, 65, 42, 7, 0]
63:59:24:632:0.824669 out [749, 228852, 229536, 230365, 51, 64, 49, 8, 0]
64:02:04:841:0.686165 out [754, 229269, 229920, 230525, 41, 51, 40, 10, 0]
64:03:28:912:0.00901031 out [753, 229055, 229709, 230609, 57, 57, 33, 6, 0]
64:04:24:159:0.0394135 out [757, 229345, 230096, 230664, 41, 37, 56, 9, 0]
64:06:25:187:0.552368 out [756, 229333, 230082, 230785, 50, 49, 36, 5, 0]
64:07:38:715:0.931808 out [755, 229324, 230050, 230859, 58, 59, 43, 2, 0]
64:07:39:856:0.789505 out [758, 229391, 230130, 230860, 47, 45, 50, 3, 0]
64:07:53:878:0.723206 out [759, 229444, 230285, 230874, 44, 55, 55, 1, 0]
64:09:54:273:0.447906 out [760, 229530, 230317, 230994, 57, 49, 54, 4, 0]
64:12:11:650:0.540672 out [762, 229562, 230365, 231132, 53, 49, 56, 8, 0]
64:13:07:188:0.943779 out [761, 229530, 230346, 231187, 60, 39, 67, 7, 0]
64:14:07:760:0.885704 out [763, 229564, 230525, 231248, 48, 56, 36, 10, 0]
64:16:13:192:0.534103 out [769, 230368, 230874, 231373, 37, 47, 53, 1, 0]
64:16:26:400:0.901161 out [764, 229607, 230609, 231386, 48, 52, 48, 6, 0]
64:16:40:775:0.345314 out [767, 229810, 230859, 231401, 39, 49, 44, 2, 0]
64:17:44:840:0.414513 out [765, 229652, 230664, 231465, 55, 46, 60, 9, 0]
64:20:17:080:0.145348 out [766, 229780, 230785, 231617, 55, 55, 45, 5, 0]
64:20:42:236:0.827362 out [768, 229987, 230860, 231642, 55, 49, 33, 3, 0]
64:20:53:291:0.646469 out [770, 230464, 230994, 231653, 47, 41, 56, 4, 0]
64:24:32:982:0.689369 out [772, 230693, 231187, 231873, 45, 67, 47, 7, 0]
64:25:16:326:0.614441 out [773, 230794, 231248, 231916, 55, 50, 50, 10, 0]
64:25:44:125:0.11927 out [776, 231027, 231401, 231944, 41, 52, 45, 2, 0]
64:26:06:092:0.626778 out [774, 230910, 231373, 231966, 46, 46, 50, 1, 0]
64:28:36:881:0.805336 out [771, 230599, 231132, 232117, 50, 44, 49, 8, 0]
64:29:06:462:0.438499 out [775, 230911, 231386, 232146, 44, 57, 46, 6, 0]
64:31:32:309:0.751572 out [780, 231217, 231653, 232292, 42, 41, 46, 4, 0]
64:32:04:372:0.79612 out [777, 231040, 231465, 232324, 57, 54, 52, 9, 0]
64:33:35:516:0.669334 out [778, 231047, 231617, 232416, 52, 55, 59, 5, 0]
64:35:20:969:0.371857 out [779, 231183, 231642, 232521, 47, 53, 61, 3, 0]
64:36:29:706:0.649841 out [781, 231317, 231873, 232590, 54, 53, 50, 7, 0]
64:36:54:949:0.750557 out [782, 231320, 231916, 232615, 45, 42, 52, 10, 0]
64:37:18:037:0.627831 out [783, 231388, 231944, 232638, 53, 42, 59, 2, 0]
64:38:48:426:0.342766 out [784, 231612, 231966, 232728, 49, 51, 64, 1, 0]
64:41:14:115:0.679253 out [785, 231644, 232117, 232874, 55, 50, 67, 8, 0]
64:42:02:807:0.985771 out [786, 231731, 232146, 232923, 49, 44, 52, 6, 0]
64:43:55:860:0.313072 out [787, 231794, 232292, 233036, 54, 52, 54, 4, 0]
64:45:19:293:0.0103683 out [789, 232061, 232416, 233119, 45, 64, 59, 5, 0]
64:45:43:578:0.990593 out [788, 231955, 232324, 233144, 55, 46, 43, 9, 0]
64:48:59:492:0.997375 out [792, 232440, 232615, 233339, 56, 44, 58, 10, 0]
64:49:58:113:0.0811844 out [793, 232479, 232638, 233398, 53, 43, 50, 2, 0]
64:50:00:409:0.704819 out [791, 232288, 232590, 233400, 54, 49, 44, 7, 0]
64:52:08:576:0.652184 out [790, 232127, 232521, 233529, 68, 45, 42, 3, 0]
64:54:18:885:0.431641 out [794, 232494, 232728, 233659, 56, 59, 45, 1, 0]
64:54:36:794:0.371666 out [795, 232500, 232874, 233677, 48, 44, 51, 8, 0]
64:55:32:480:0.114189 out [797, 232612, 233036, 233732, 41, 44, 45, 4, 0]
64:56:07:551:0.237167 out [796, 232510, 232923, 233768, 50, 55, 44, 6, 0]
64:59:40:259:0.268967 out [799, 232714, 233144, 233980, 51, 44, 52, 9, 0]
65:01:06:087:0.827484 out [800, 232744, 233339, 234066, 57, 45, 50, 10, 0]
65:01:56:340:0.616432 out [798, 232713, 233119, 234116, 61, 41, 54, 5, 0]
65:02:28:537:0.976471 out [803, 233243, 233529, 234149, 55, 71, 51, 3, 0]
65:03:14:369:0.431702 out [802, 233235, 233400, 234194, 48, 68, 45, 7, 0]
65:04:52:119:0.822304 out [801, 232955, 233398, 234292, 65, 48, 50, 2, 0]
65:05:52:610:0.211029 out [805, 233497, 233677, 234353, 44, 51, 49, 8, 0]
65:05:53:811:0.692993 out [806, 233591, 233732, 234354, 45, 46, 50, 4, 0]
65:07:28:878:0.391212 out [804, 233484, 233659, 234449, 50, 49, 36, 1, 0]
65:10:52:270:0.72982 out [808, 233932, 233980, 234652, 45, 58, 47, 9, 0]
65:10:53:681:0.0384521 out [807, 233925, 233926, 234654, 51, 54, 54, 6, 0]
65:14:49:467:0.828148 out [809, 234045, 234066, 234889, 54, 59, 50, 10, 0]
65:18:36:398:0.659302 out [811, 234408, 234409, 235116, 45, 38, 42, 3, 0]
65:20:57:367:0.547585 out [812, 234545, 234546, 235257, 53, 41, 58, 1, 0]
65:22:02:572:0.861267 out [813, 234624, 234625, 235323, 44, 56, 63, 4, 0]
65:22:09:505:0.271507 out [810, 234357, 234358, 235330, 61, 54, 58, 2, 0]
65:22:18:114:0.443375 out [814, 234785, 234786, 235338, 43, 47, 44, 5, 0]
65:27:56:022:0.698952 out [817, 235034, 235035, 235676, 48, 53, 58, 8, 0]
65:29:13:788:0.168503 out [816, 234986, 234987, 235754, 56, 67, 54, 7, 0]
65:29:19:181:0.270195 out [818, 235068, 235069, 235759, 47, 46, 50, 9, 0]
65:29:37:418:0.759895 out [815, 234915, 234916, 235777, 48, 39, 46, 6, 0]
65:33:17:527:0.215553 out [820, 235489, 235490, 235998, 46, 56, 46, 1, 0]
65:33:49:760:0.777069 out [819, 235193, 235194, 236030, 51, 51, 43, 3, 0]
65:47:58:106:0.588913 out [823, 236233, 236234, 236878, 42, 56, 47, 3, 0]
65:51:15:366:0.37838 out [822, 236208, 236209, 237075, 54, 45, 42, 1, 0]
65:51:57:342:0.883659 out [821, 235823, 235824, 237117, 72, 40, 42, 2, 0]
65:55:06:748:0.300148 out [825, 236501, 236502, 237307, 56, 57, 40, 5, 0]
65:57:28:221:0.0107574 out [826, 236812, 236813, 237448, 35, 51, 49, 6, 0]
65:58:00:225:0.925995 out [824, 236440, 236441, 237480, 63, 39, 56, 4, 0]
66:01:12:258:0.957458 out [827, 236956, 236957, 237672, 51, 48, 41, 3, 0]
66:08:09:733:0.656479 out [828, 237389, 237390, 238090, 53, 39, 56, 1, 0]
66:08:48:673:0.763824 out [829, 237450, 237451, 238129, 52, 49, 50, 2, 0]
66:13:48:804:0.338051 out [830, 237780, 237781, 238429, 51, 53, 54, 3, 0]
66:28:04:787:0.237717 out [831, 238693, 238694, 239285, 43, 40, 46, 1, 0]
66:33:21:058:0.0678711 out [832, 239035, 239036, 239601, 48, 41, 65, 2, 0]
66:38:11:734:0.926773 out [833, 239268, 239269, 239892, 47, 45, 61, 3, 0]
66:40:55:253:0.930641 out [834, 239278, 239279, 240055, 48, 61, 46, 4, 0]
66:55:57:871:0.132446 out [835, 240303, 240304, 240958, 57, 47, 49, 1, 0]
66:56:07:045:0.193268 out [836, 240412, 240413, 240967, 46, 52, 51, 2, 0]
67:04:25:348:0.62001 out [837, 240905, 240906, 241465, 54, 49, 48, 3, 0]
67:07:44:876:0.201225 out [840, 241184, 241185, 241665, 49, 42, 45, 4, 0]
67:08:48:224:0.335266 out [839, 241068, 241069, 241728, 42, 41, 62, 2, 0]
67:09:39:300:0.571991 out [838, 241055, 241056, 241779, 57, 55, 43, 1, 0]
67:18:44:608:0.861519 out [841, 241773, 241774, 242325, 45, 47, 45, 2, 0]
67:28:14:990:0.28833 out [842, 242341, 242342, 242895, 44, 55, 59, 1, 0]
67:59:01:768:0.652512 out [843, 244157, 244158, 244742, 54, 49, 43, 1, 0]
68:06:41:159:0.738136 out [844, 244467, 244468, 245201, 51, 41, 49, 2, 0]
81:27:45:075:0.0280151 out [845, 292617, 292618, 293265, 47, 57, 54, 1, 0]
81:46:20:576:0.901985 out [846, 293537, 293538, 294381, 59, 43, 49, 1, 0]
82:00:32:991:0.768433 out [847, 294617, 294618, 295233, 49, 46, 38, 1, 0]
82:06:35:677:0.47934 out [848, 294870, 294871, 295596, 50, 56, 52, 2, 0]
82:06:46:883:0.0858002 out [849, 294957, 294958, 295607, 61, 54, 46, 3, 0]
82:07:38:735:0.427048 out [850, 294957, 294959, 295659, 45, 59, 56, 4, 0]
82:29:35:688:0.28447 out [851, 296357, 296358, 296976, 47, 47, 45, 1, 0]
82:35:47:692:0.4711 out [852, 296666, 296667, 297348, 50, 45, 43, 2, 0]
82:48:51:997:0.804237 out [853, 297656, 297657, 298132, 42, 57, 56, 1, 0]
83:06:24:462:0.181641 out [854, 298490, 298491, 299184, 57, 58, 45, 1, 0]
83:08:36:590:0.0312195 out [855, 298544, 298545, 299317, 53, 44, 45, 2, 0]
83:11:39:618:0.695808 out [856, 298767, 298768, 299500, 57, 59, 41, 3, 0]
83:12:54:049:0.108101 out [857, 299086, 299087, 299574, 43, 38, 38, 4, 0]
83:17:32:129:0.992081 out [858, 299197, 299198, 299852, 49, 33, 52, 1, 0]
83:22:29:465:0.174271 out [861, 299695, 299696, 300149, 41, 52, 51, 4, 0]
83:23:14:318:0.461014 out [859, 299444, 299445, 300194, 54, 53, 36, 2, 0]
83:24:20:100:0.731445 out [860, 299590, 299591, 300260, 45, 49, 43, 3, 0]
83:31:03:253:0.0923615 out [862, 300086, 300087, 300663, 40, 52, 49, 1, 0]
83:32:59:215:0.0722275 out [863, 300251, 300252, 300779, 46, 55, 53, 2, 0]
83:41:02:602:0.867676 out [865, 300711, 300712, 301263, 56, 51, 43, 1, 0]
83:41:10:674:0.556328 out [864, 300650, 300651, 301271, 47, 57, 38, 3, 0]
83:43:00:145:0.737244 out [867, 300862, 300863, 301380, 42, 55, 44, 2, 0]
83:43:13:695:0.795609 out [866, 300778, 300779, 301394, 45, 49, 49, 4, 0]
83:50:30:019:0.899513 out [869, 301018, 301271, 301830, 41, 44, 41, 3, 0]
83:50:50:891:0.417648 out [868, 300958, 301263, 301851, 49, 58, 39, 1, 0]
83:53:01:186:0.503555 out [871, 301134, 301394, 301981, 53, 46, 41, 4, 0]
83:54:41:194:0.661285 out [870, 301112, 301380, 302081, 57, 52, 50, 2, 0]
83:59:48:245:0.941856 out [874, 301678, 301981, 302388, 44, 49, 44, 4, 0]
84:01:14:085:0.777977 out [872, 301346, 301830, 302474, 61, 54, 39, 3, 0]
84:01:36:495:0.72728 out [873, 301389, 301851, 302496, 56, 51, 59, 1, 0]
84:02:11:808:0.19104 out [875, 301784, 302081, 302532, 43, 61, 48, 2, 0]
84:08:19:320:0.626808 out [877, 302054, 302400, 302899, 33, 58, 54, 9, 0]
84:09:02:674:0.748711 out [876, 301976, 302388, 302943, 46, 47, 49, 4, 0]
84:15:30:870:0.799355 out [880, 302146, 302532, 303331, 50, 46, 47, 2, 0]
84:16:23:541:0.838936 out [878, 302068, 302474, 303384, 60, 49, 37, 3, 0]
84:17:38:687:0.0234528 out [879, 302072, 302496, 303459, 64, 41, 48, 1, 0]
84:22:01:261:0.696007 out [881, 302291, 302899, 303721, 57, 53, 49, 9, 0]
84:22:29:963:0.0144882 out [882, 302321, 302943, 303750, 59, 49, 48, 4, 0]
84:26:59:893:0.479233 out [885, 302606, 303459, 304020, 41, 31, 49, 1, 0]
84:29:03:581:0.746941 out [884, 302568, 303384, 304144, 49, 55, 50, 3, 0]
84:29:15:431:0.865578 out [883, 302449, 303331, 304155, 66, 48, 49, 2, 0]
84:36:25:895:0.412186 out [886, 302631, 303721, 304586, 50, 41, 45, 9, 0]
84:36:47:086:0.275536 out [887, 303172, 303750, 304607, 57, 54, 45, 4, 0]
84:40:41:533:0.730942 out [888, 303323, 304020, 304842, 58, 37, 42, 1, 0]
84:41:25:694:0.775063 out [889, 303517, 304144, 304886, 51, 43, 56, 3, 0]
84:41:30:119:0.919258 out [890, 303596, 304155, 304890, 53, 50, 62, 2, 0]
84:48:47:582:0.559875 out [891, 304085, 304586, 305328, 49, 43, 42, 9, 0]
84:50:29:984:0.231979 out [894, 304474, 304886, 305430, 39, 55, 46, 3, 0]
84:51:28:250:0.528366 out [893, 304333, 304842, 305488, 43, 47, 51, 1, 0]
84:53:16:573:0.458702 out [892, 304316, 304607, 305597, 56, 53, 44, 4, 0]
84:53:34:352:0.22438 out [895, 304612, 304890, 305614, 50, 55, 27, 2, 0]
85:01:02:529:0.836281 out [898, 305033, 305488, 306063, 44, 46, 60, 1, 0]
85:03:42:548:0.835381 out [897, 305004, 305430, 306223, 54, 52, 55, 3, 0]
85:04:19:536:0.394005 out [896, 304908, 305328, 306260, 54, 49, 42, 9, 0]
85:04:20:132:0.269485 out [900, 305278, 305614, 306260, 43, 53, 51, 2, 0]
85:08:03:609:0.413727 out [899, 305058, 305597, 306484, 57, 51, 50, 4, 0]
85:15:07:113:0.115486 out [901, 305678, 306063, 306907, 57, 62, 43, 1, 0]
85:16:46:988:0.976509 out [904, 306057, 306261, 307007, 54, 49, 43, 2, 0]
85:16:55:225:0.878891 out [902, 305684, 306223, 307015, 59, 50, 57, 3, 0]
85:19:30:325:0.169044 out [903, 305958, 306260, 307170, 61, 36, 44, 9, 0]
85:23:44:162:0.4338 out [905, 306062, 306484, 307424, 64, 56, 53, 4, 0]
85:25:11:957:0.312614 out [909, 306302, 307170, 307512, 26, 54, 50, 9, 0]
85:27:04:034:0.69239 out [907, 306212, 307007, 307624, 40, 49, 43, 2, 0]
85:28:06:745:0.150337 out [906, 306181, 306907, 307687, 52, 39, 48, 1, 0]
85:29:16:342:0.940102 out [908, 306292, 307015, 307756, 54, 49, 54, 3, 0]
85:37:46:772:0.998581 out [910, 306304, 307424, 308267, 62, 57, 47, 4, 0]
85:38:12:270:0.410713 out [912, 306422, 307624, 308292, 44, 56, 45, 2, 0]
85:39:25:497:0.23848 out [913, 306470, 307687, 308365, 50, 49, 48, 1, 0]
85:39:41:848:0.197304 out [914, 306517, 307756, 308382, 50, 55, 59, 3, 0]
85:40:26:953:0.878029 out [911, 306360, 307512, 308427, 61, 40, 52, 9, 0]
85:49:45:699:0.76593 out [916, 306592, 308292, 308986, 56, 56, 41, 2, 0]
85:50:13:679:0.926788 out [917, 306612, 308365, 309014, 40, 52, 42, 1, 0]
85:51:05:368:0.63726 out [919, 306702, 308427, 309065, 44, 49, 54, 9, 0]
85:51:22:274:0.757706 out [915, 306526, 308267, 309082, 48, 37, 43, 4, 0]
85:52:02:128:0.599083 out [918, 306665, 308382, 309122, 48, 47, 39, 3, 0]
86:02:19:399:0.798859 out [921, 306755, 309014, 309739, 55, 54, 41, 1, 0]
86:02:41:821:0.284065 out [922, 306818, 309065, 309762, 47, 39, 46, 9, 0]
86:03:04:303:0.699959 out [924, 306868, 309122, 309784, 39, 59, 47, 3, 0]
86:04:20:127:0.316391 out [923, 306828, 309082, 309860, 52, 45, 53, 4, 0]
86:05:14:186:0.10891 out [920, 306738, 308986, 309914, 57, 57, 47, 2, 0]
86:13:58:683:0.835091 out [927, 307142, 309784, 310439, 44, 44, 53, 3, 0]
86:15:04:595:0.960938 out [926, 307092, 309762, 310505, 46, 52, 51, 9, 0]
86:16:15:017:0.534317 out [925, 307078, 309739, 310575, 56, 53, 49, 1, 0]
86:18:14:917:0.601501 out [929, 307377, 309914, 310695, 56, 39, 45, 2, 0]
86:18:30:849:0.56311 out [928, 307280, 309860, 310711, 59, 57, 43, 4, 0]
86:23:34:341:0.180458 out [930, 307420, 310439, 311014, 43, 46, 51, 3, 0]
86:27:24:914:0.979591 out [932, 307700, 310575, 311245, 48, 47, 52, 1, 0]
86:28:13:583:0.88797 out [931, 307446, 310505, 311294, 46, 42, 52, 9, 0]
86:30:28:712:0.577332 out [933, 307899, 310695, 311429, 49, 54, 61, 2, 0]
86:32:06:194:0.61924 out [934, 307900, 310711, 311526, 55, 62, 43, 4, 0]
86:33:17:777:0.455536 out [935, 307939, 311014, 311598, 44, 55, 43, 3, 0]
86:38:49:670:0.192924 out [936, 307945, 311245, 311930, 53, 45, 53, 1, 0]
86:39:09:910:0.0127106 out [937, 307960, 311294, 311950, 45, 56, 55, 9, 0]
86:41:43:759:0.112968 out [939, 308076, 311526, 312104, 39, 49, 32, 4, 0]
86:42:46:557:0.260315 out [940, 308079, 311598, 312167, 45, 49, 45, 3, 0]
86:45:17:490:0.203918 out [938, 308074, 311429, 312317, 50, 43, 51, 2, 0]
86:48:09:895:0.474495 out [942, 308142, 311950, 312490, 40, 38, 58, 9, 0]
86:51:53:206:0.538956 out [941, 308090, 311930, 312713, 58, 41, 59, 1, 0]
86:52:56:612:0.446991 out [943, 308148, 312104, 312777, 42, 35, 48, 4, 0]
86:56:57:085:0.861557 out [944, 308172, 312167, 313017, 53, 59, 56, 3, 0]
86:57:25:982:0.803955 out [945, 308484, 312317, 313046, 52, 63, 61, 2, 0]
87:02:56:688:0.67363 out [946, 308627, 312490, 313377, 62, 60, 44, 9, 0]
87:03:06:225:0.627296 out [947, 308637, 312713, 313386, 48, 54, 55, 1, 0]
87:04:17:241:0.393845 out [948, 308645, 312777, 313457, 39, 70, 58, 4, 0]
87:06:39:596:0.637932 out [950, 308749, 313046, 313600, 46, 51, 55, 2, 0]
87:13:38:629:0.253334 out [949, 308692, 313017, 314019, 55, 57, 52, 3, 0]
87:15:00:627:0.312057 out [953, 309027, 313457, 314101, 45, 47, 33, 4, 0]
87:16:28:836:0.024086 out [954, 309125, 313600, 314189, 44, 54, 56, 2, 0]
87:16:37:320:0.367065 out [951, 308853, 313377, 314197, 52, 47, 49, 9, 0]
87:16:41:514:0.464325 out [952, 308930, 313386, 314202, 51, 46, 60, 1, 0]
87:24:44:709:0.312935 out [955, 309195, 314019, 314685, 42, 44, 48, 3, 0]
87:28:39:149:0.00488281 out [956, 309223, 314101, 314919, 50, 56, 51, 4, 0]
87:30:06:604:0.719658 out [959, 309346, 314202, 315007, 61, 40, 51, 1, 0]
87:30:51:795:0.0471573 out [957, 309291, 314189, 315052, 54, 44, 56, 2, 0]
87:31:09:101:0.705353 out [958, 309301, 314197, 315069, 49, 49, 45, 9, 0]
87:38:58:199:0.00943756 out [961, 309514, 314919, 315538, 43, 57, 53, 4, 0]
87:40:45:765:0.737885 out [964, 310030, 315069, 315646, 47, 30, 36, 9, 0]
87:41:18:963:0.432404 out [960, 309353, 314685, 315679, 58, 59, 46, 3, 0]
87:42:22:796:0.173996 out [963, 309697, 315052, 315743, 49, 53, 47, 2, 0]
87:43:52:856:0.690498 out [962, 309605, 315007, 315833, 56, 49, 50, 1, 0]
87:49:07:962:0.540573 out [966, 310326, 315646, 316148, 39, 40, 52, 9, 0]
87:51:10:112:0.996597 out [968, 310404, 315743, 316270, 40, 51, 50, 2, 0]
87:52:23:310:0.991379 out [965, 310126, 315538, 316343, 57, 57, 43, 4, 0]
87:54:15:677:0.27916 out [967, 310374, 315679, 316456, 57, 48, 50, 3, 0]
87:56:57:568:0.830177 out [969, 310451, 315833, 316618, 42, 48, 54, 1, 0]
87:57:24:182:0.633896 out [970, 310492, 316148, 316644, 42, 51, 51, 9, 0]
88:01:55:534:0.500763 out [972, 310655, 316343, 316916, 47, 46, 52, 4, 0]
88:05:49:288:0.5457 out [971, 310566, 316270, 317149, 48, 52, 44, 2, 0]
88:06:28:904:0.0472488 out [973, 310996, 316456, 317189, 56, 50, 43, 3, 0]
88:09:11:848:0.461388 out [974, 311024, 316618, 317352, 48, 51, 70, 1, 0]
88:09:18:500:0.643822 out [975, 311196, 316644, 317359, 41, 72, 54, 9, 0]
88:11:09:678:0.527115 out [976, 311235, 316916, 317470, 37, 43, 39, 4, 0]
88:16:24:229:0.945015 out [978, 311294, 317189, 317784, 46, 35, 44, 3, 0]
88:17:57:128:0.446266 out [977, 311280, 317149, 317877, 54, 63, 67, 2, 0]
88:22:01:096:0.799538 out [980, 311643, 317359, 318121, 54, 43, 45, 9, 0]
88:22:39:608:0.424973 out [979, 311526, 317352, 318160, 48, 43, 52, 1, 0]
88:24:26:704:0.139542 out [981, 311787, 317470, 318267, 52, 43, 62, 4, 0]
88:27:11:146:0.896599 out [983, 311923, 317877, 318431, 37, 57, 47, 2, 0]
88:29:57:301:0.175499 out [982, 311882, 317784, 318597, 50, 53, 50, 3, 0]
88:33:32:674:0.646759 out [985, 312001, 318160, 318813, 41, 50, 51, 1, 0]
88:34:38:875:0.736473 out [984, 311992, 318121, 318879, 53, 68, 44, 9, 0]
88:37:34:711:0.522484 out [986, 312003, 318267, 319055, 55, 38, 46, 4, 0]
88:38:33:230:0.0213089 out [987, 312054, 318431, 319113, 41, 42, 41, 2, 0]
88:43:00:213:0.770844 out [988, 312279, 318597, 319380, 52, 42, 48, 3, 0]
88:46:20:497:0.55571 out [989, 312305, 318813, 319580, 43, 60, 50, 1, 0]
88:48:15:262:0.342285 out [990, 312362, 318879, 319695, 58, 54, 40, 9, 0]
88:50:23:494:0.889641 out [992, 312389, 319113, 319823, 51, 54, 50, 2, 0]
88:51:02:684:0.124924 out [991, 312383, 319055, 319863, 58, 37, 59, 4, 0]
88:56:08:514:0.745285 out [993, 312393, 319380, 320169, 50, 52, 45, 3, 0]
88:58:15:280:0.509521 out [994, 312508, 319580, 320295, 46, 49, 62, 1, 0]
89:00:27:540:0.655518 out [995, 312509, 319695, 320428, 53, 54, 56, 9, 0]
89:00:33:315:0.244652 out [996, 312614, 319823, 320433, 41, 43, 49, 2, 0]
89:03:23:128:0.455688 out [997, 312672, 319863, 320603, 53, 54, 42, 4, 0]
89:08:37:735:0.390785 out [998, 312716, 320169, 320918, 48, 59, 37, 3, 0]
89:13:03:635:0.0217361 out [1001, 312938, 320433, 321184, 50, 49, 52, 2, 0]
89:13:04:652:0.329422 out [1000, 312727, 320428, 321185, 45, 53, 48, 9, 0]
89:13:22:805:0.824402 out [999, 312717, 320295, 321203, 56, 59, 50, 1, 0]
89:16:40:010:0.65934 out [1002, 313044, 320603, 321400, 55, 58, 49, 4, 0]
89:22:02:654:0.247955 out [1003, 313082, 320918, 321723, 53, 52, 54, 3, 0]
89:22:25:930:0.220726 out [1004, 313127, 321184, 321746, 41, 34, 60, 2, 0]
89:24:56:614:0.381508 out [1006, 313357, 321203, 321897, 44, 57, 41, 1, 0]
89:27:04:306:0.266357 out [1005, 313295, 321185, 322024, 52, 45, 47, 9, 0]
89:29:53:220:0.412926 out [1007, 313532, 321400, 322193, 52, 52, 46, 4, 0]
89:33:53:817:0.132263 out [1008, 313536, 321723, 322434, 55, 54, 48, 3, 0]
89:35:26:166:0.486458 out [1009, 313584, 321746, 322526, 58, 44, 44, 2, 0]
89:37:07:843:0.84182 out [1010, 313614, 321897, 322628, 48, 51, 52, 1, 0]
89:39:33:480:0.256348 out [1012, 313671, 322193, 322773, 45, 56, 44, 4, 0]
89:41:24:627:0.630356 out [1011, 313657, 322024, 322885, 57, 44, 58, 9, 0]
89:45:32:631:0.693703 out [1013, 313725, 322434, 323133, 47, 38, 50, 3, 0]
89:47:13:134:0.247643 out [1015, 313848, 322628, 323233, 41, 43, 49, 1, 0]
89:47:36:970:0.796852 out [1014, 313825, 322526, 323257, 47, 42, 42, 2, 0]
89:54:11:954:0.368454 out [1016, 313851, 322773, 323652, 58, 62, 44, 4, 0]
89:56:53:423:0.276619 out [1017, 313885, 322885, 323813, 50, 45, 40, 9, 0]
89:57:02:816:0.0914001 out [1020, 314137, 323257, 323823, 48, 46, 58, 2, 0]
89:57:41:378:0.614838 out [1018, 313976, 323133, 323861, 52, 58, 58, 3, 0]
90:00:55:790:0.416176 out [1019, 314077, 323233, 324056, 44, 57, 44, 1, 0]
90:06:14:994:0.212418 out [1022, 314156, 323813, 324375, 38, 52, 55, 9, 0]
90:08:45:121:0.458061 out [1024, 314272, 323861, 324525, 50, 55, 40, 3, 0]
90:08:49:907:0.555038 out [1021, 314142, 323652, 324530, 54, 43, 55, 4, 0]
90:10:38:825:0.314934 out [1023, 314228, 323823, 324639, 52, 45, 63, 2, 0]
90:13:58:165:0.456779 out [1025, 314305, 324056, 324838, 60, 40, 58, 1, 0]
90:18:01:937:0.170036 out [1028, 314343, 324639, 325082, 42, 43, 54, 2, 0]
90:18:40:036:0.412247 out [1027, 314341, 324530, 325120, 47, 49, 43, 4, 0]
90:19:26:404:0.411873 out [1026, 314333, 324525, 325166, 52, 63, 47, 3, 0]
90:23:26:023:0.391327 out [1029, 314370, 324838, 325406, 46, 40, 40, 1, 0]
90:27:40:666:0.145882 out [1030, 314461, 325082, 325661, 43, 51, 51, 2, 0]
90:28:20:476:0.300797 out [1031, 314655, 325120, 325700, 49, 64, 48, 4, 0]
90:31:10:230:0.109367 out [1032, 314663, 325166, 325870, 47, 53, 43, 3, 0]
90:35:27:054:0.962311 out [1033, 314741, 325406, 326127, 60, 47, 40, 1, 0]
90:37:40:004:0.883919 out [1034, 314764, 325661, 326260, 46, 47, 47, 2, 0]
90:40:36:558:0.0369568 out [1035, 314765, 325700, 326437, 58, 50, 39, 4, 0]
90:42:54:445:0.0108871 out [1036, 314897, 325870, 326574, 49, 46, 51, 3, 0]
90:47:20:996:0.39772 out [1037, 314957, 326127, 326841, 63, 52, 59, 1, 0]
90:49:27:351:0.663338 out [1038, 315018, 326260, 326967, 52, 44, 51, 2, 0]
90:52:12:538:0.598763 out [1039, 315147, 326437, 327133, 57, 60, 50, 4, 0]
90:54:48:071:0.300804 out [1040, 315205, 326574, 327288, 55, 60, 54, 3, 0]
90:56:41:406:0.540215 out [1041, 315291, 326841, 327401, 40, 46, 50, 1, 0]
90:59:18:380:0.0681229 out [1042, 315322, 326967, 327558, 53, 45, 48, 2, 0]
91:04:22:186:0.93 out [1043, 315382, 327133, 327862, 56, 53, 44, 4, 0]
91:05:10:272:0.445572 out [1044, 315451, 327288, 327910, 48, 60, 43, 3, 0]
91:06:23:041:0.027916 out [1045, 315527, 327401, 327983, 55, 54, 59, 1, 0]
91:10:30:306:0.0673599 out [1046, 315532, 327558, 328230, 59, 53, 53, 2, 0]
91:13:57:286:0.784615 out [1048, 315817, 327910, 328437, 48, 56, 56, 3, 0]
91:15:51:158:0.967461 out [1049, 315844, 327983, 328551, 37, 54, 45, 1, 0]
91:15:52:767:0.231834 out [1047, 315621, 327862, 328553, 49, 54, 46, 4, 0]
91:22:10:491:0.135635 out [1051, 316086, 328437, 328930, 39, 54, 38, 3, 0]
91:22:20:439:0.337219 out [1050, 315885, 328230, 328940, 63, 68, 55, 2, 0]
91:23:48:856:0.740036 out [1052, 316455, 328551, 329029, 35, 55, 39, 1, 0]
91:27:17:940:0.741028 out [1053, 316697, 328553, 329238, 54, 48, 44, 4, 0]
91:30:30:187:0.657944 out [1054, 316829, 328930, 329430, 46, 51, 38, 3, 0]
91:32:02:840:0.790787 out [1055, 316849, 328940, 329523, 51, 60, 53, 2, 0]
91:35:53:939:0.0445862 out [1056, 316863, 329029, 329754, 62, 53, 55, 1, 0]
91:36:07:666:0.203537 out [1057, 316901, 329238, 329768, 50, 48, 51, 4, 0]
91:43:29:540:0.530388 out [1058, 317246, 329430, 330210, 67, 45, 47, 3, 0]
91:43:42:259:0.242645 out [1059, 317280, 329523, 330222, 51, 54, 33, 2, 0]
91:45:38:704:0.0964279 out [1061, 317440, 329768, 330339, 51, 48, 54, 4, 0]
91:47:03:721:0.395676 out [1060, 317344, 329754, 330424, 56, 56, 51, 1, 0]
91:55:43:299:0.845879 out [1063, 318020, 330222, 330943, 59, 52, 45, 2, 0]
91:55:46:616:0.456215 out [1064, 318033, 330339, 330947, 50, 54, 54, 4, 0]
91:57:03:938:0.358086 out [1062, 317861, 330210, 331024, 57, 47, 33, 3, 0]
92:00:57:824:0.198502 out [1065, 318037, 330424, 331258, 65, 54, 57, 1, 0]
92:06:17:381:0.523865 out [1067, 318139, 330947, 331577, 54, 62, 37, 4, 0]
92:06:25:971:0.973747 out [1068, 318154, 331024, 331586, 51, 51, 60, 3, 0]
92:08:50:637:0.545914 out [1069, 318329, 331258, 331731, 40, 44, 43, 1, 0]
92:09:18:651:0.0904007 out [1066, 318077, 330943, 331759, 62, 49, 52, 2, 0]
92:15:25:128:0.235191 out [1070, 318450, 331577, 332125, 55, 50, 52, 4, 0]
92:18:00:571:0.756287 out [1072, 318640, 331731, 332281, 45, 48, 49, 1, 0]
92:18:05:329:0.192085 out [1071, 318614, 331586, 332285, 57, 46, 45, 3, 0]
92:18:30:013:0.613075 out [1073, 318921, 331759, 332310, 50, 45, 54, 2, 0]
92:25:52:254:0.870338 out [1074, 318975, 332125, 332752, 49, 57, 49, 4, 0]
92:29:33:849:0.132057 out [1076, 319202, 332285, 332974, 56, 57, 49, 3, 0]
92:30:03:183:0.658119 out [1075, 319121, 332281, 333003, 60, 52, 39, 1, 0]
92:31:12:094:0.975395 out [1077, 319223, 332310, 333072, 60, 67, 49, 2, 0]
92:35:46:649:0.117943 out [1078, 319236, 332752, 333347, 50, 53, 63, 4, 0]
92:38:58:106:0.782028 out [1080, 319317, 333003, 333538, 45, 44, 47, 1, 0]
92:39:22:675:0.739357 out [1079, 319251, 332974, 333563, 50, 49, 56, 3, 0]
92:40:59:643:0.834587 out [1081, 319504, 333072, 333660, 45, 58, 58, 2, 0]
92:45:27:066:0.573212 out [1082, 319642, 333347, 333927, 57, 37, 49, 4, 0]
92:47:23:350:0.727699 out [1084, 319908, 333563, 334043, 41, 58, 49, 3, 0]
92:48:49:650:0.487564 out [1083, 319727, 333538, 334130, 56, 48, 56, 1, 0]
92:50:10:060:0.0443573 out [1085, 320585, 333660, 334210, 49, 39, 63, 2, 0]
92:56:26:605:0.759285 out [1086, 320661, 333927, 334587, 54, 42, 42, 4, 0]
92:57:32:883:0.999084 out [1087, 320740, 334043, 334653, 55, 40, 44, 3, 0]
92:59:17:777:0.732513 out [1089, 320958, 334210, 334758, 40, 72, 48, 2, 0]
92:59:50:809:0.938644 out [1088, 320806, 334130, 334791, 55, 47, 51, 1, 0]
93:04:57:479:0.339409 out [1091, 321373, 334653, 335097, 49, 50, 40, 3, 0]
93:07:35:042:0.753433 out [1092, 321390, 334758, 335255, 46, 62, 50, 2, 0]
93:08:31:534:0.194206 out [1090, 321055, 334587, 335312, 55, 60, 45, 4, 0]
93:11:10:555:0.937576 out [1093, 322281, 334791, 335471, 53, 38, 44, 1, 0]
