09:24:43:795:0.115067 out [0, 33361.1, 33362.2, 33883.8, 44, 49, 49, 1, 0]
09:31:54:109:0.592987 out [1, 33795.8, 33796.8, 34314.1, 43, 44, 44, 2, 0]
10:04:08:629:0.553391 out [2, 35665.8, 35666.8, 36248.6, 42, 49, 49, 1, 0]
10:04:23:297:0.152115 out [3, 35681.7, 35682.7, 36263.3, 46, 54, 49, 2, 0]
10:15:15:395:0.617081 out [4, 36115.5, 36116.5, 36915.4, 68, 47, 52, 3, 0]
10:16:58:973:0.949982 out [5, 36402.4, 36403.4, 37019, 53, 59, 38, 1, 0]
10:40:05:227:0.44043 out [7, 37756.9, 37757.9, 38405.2, 44, 50, 47, 2, 0]
10:40:56:232:0.15921 out [6, 37657.5, 37658.5, 38456.2, 59, 51, 38, 1, 0]
10:46:29:088:0.92305 out [8, 38296.4, 38297.4, 38789.1, 47, 54, 34, 3, 0]
11:06:05:240:0.163399 out [9, 39567, 39568, 39965.2, 38, 51, 47, 1, 0]
11:09:12:956:0.551147 out [10, 39576.3, 39577.3, 40153, 53, 39, 51, 2, 0]
11:11:08:403:0.812958 out [11, 39600.8, 39601.8, 40268.4, 54, 47, 64, 3, 0]
11:17:07:976:0.126266 out [12, 39943.2, 39944.2, 40628, 61, 51, 44, 4, 0]
11:18:59:424:0.618317 out [13, 40081.3, 40082.3, 40739.4, 51, 69, 50, 1, 0]
11:29:07:137:0.581421 out [14, 40715.3, 40716.3, 41347.1, 48, 47, 37, 2, 0]
11:33:08:809:0.820724 out [15, 41050.2, 41051.2, 41588.8, 45, 43, 42, 1, 0]
11:41:57:920:0.19899 out [16, 41497.5, 41498.5, 42117.9, 38, 51, 51, 2, 0]
11:46:03:728:0.783203 out [17, 41678.5, 41679.5, 42363.7, 39, 54, 38, 1, 0]
11:48:02:553:0.138329 out [18, 41887.2, 41888.2, 42482.6, 50, 57, 45, 3, 0]
11:51:00:570:0.223404 out [19, 41996.2, 41997.2, 42660.6, 56, 63, 56, 4, 0]
11:57:34:303:0.174568 out [20, 42553.2, 42554.2, 43054.3, 42, 41, 51, 1, 0]
12:01:15:643:0.912865 out [21, 42576.6, 42577.6, 43275.6, 51, 41, 61, 2, 0]
12:05:36:499:0.443604 out [22, 42839.5, 42840.5, 43536.5, 61, 45, 46, 3, 0]
12:13:57:952:0.731682 out [23, 43233, 43234, 44038, 53, 47, 54, 1, 0]
12:14:37:913:0.801743 out [24, 43324.3, 43325.3, 44077.9, 48, 54, 53, 2, 0]
12:16:52:628:0.35939 out [25, 43467.9, 43468.9, 44212.6, 45, 38, 45, 4, 0]
12:20:58:592:0.453552 out [26, 43533.9, 43534.9, 44458.6, 55, 58, 48, 5, 0]
12:21:20:622:0.379852 out [27, 43758.8, 43759.8, 44480.6, 46, 45, 34, 3, 0]
12:24:04:826:0.792313 out [28, 43815.6, 43816.6, 44644.8, 53, 67, 49, 6, 0]
12:28:08:861:0.118866 out [30, 44172, 44173, 44888.9, 55, 66, 47, 1, 0]
12:28:32:865:0.295959 out [29, 43849.4, 43850.4, 44912.9, 61, 46, 49, 7, 0]
12:29:30:234:0.55484 out [31, 44242.2, 44243.3, 44970.2, 47, 47, 44, 2, 0]
12:35:24:695:0.0746307 out [33, 44647.4, 44648.4, 45324.7, 46, 53, 48, 4, 0]
12:35:40:334:0.974838 out [32, 44480.9, 44481.9, 45340.3, 56, 52, 40, 3, 0]
12:36:30:647:0.476746 out [35, 44794.2, 44795.2, 45390.6, 40, 46, 55, 6, 0]
12:38:23:195:0.255829 out [34, 44776.2, 44777.2, 45503.2, 56, 50, 46, 5, 0]
12:41:11:662:0.66687 out [36, 44973.6, 44974.6, 45671.7, 42, 45, 44, 1, 0]
12:44:59:755:0.0893555 out [37, 45152.1, 45153.1, 45899.8, 56, 48, 59, 2, 0]
12:47:26:342:0.0930634 out [40, 45428.4, 45429.4, 46046.3, 47, 58, 46, 4, 0]
12:47:29:423:0.902107 out [39, 45403.8, 45404.8, 46049.4, 49, 48, 42, 3, 0]
12:48:01:582:0.344604 out [44, 45598, 45599, 46081.6, 41, 52, 54, 9, 0]
12:49:27:379:0.665924 out [38, 45170.2, 45171.2, 46167.4, 58, 55, 39, 7, 0]
12:52:17:472:0.68541 out [42, 45576.5, 45577.5, 46337.5, 52, 62, 47, 6, 0]
12:54:01:194:0.453789 out [41, 45555.2, 45556.2, 46441.2, 57, 46, 41, 5, 0]
12:54:15:758:0.457733 out [43, 45595.3, 45596.3, 46455.8, 58, 58, 41, 8, 0]
13:01:09:701:0.044632 out [45, 46179, 46180, 46869.7, 47, 43, 51, 1, 0]
13:02:17:771:0.115852 out [46, 46212.7, 46213.7, 46937.8, 53, 53, 57, 2, 0]
13:03:27:161:0.272598 out [47, 46363.7, 46364.7, 47007.2, 46, 60, 59, 3, 0]
13:04:45:517:0.781807 out [48, 46365.3, 46366.3, 47085.5, 54, 40, 48, 4, 0]
13:06:07:184:0.433533 out [50, 46427.2, 46428.2, 47167.2, 44, 51, 46, 7, 0]
13:06:24:897:0.722794 out [49, 46391.5, 46392.5, 47184.9, 55, 57, 57, 6, 0]
13:07:01:905:0.956818 out [52, 46575.1, 46576.1, 47221.9, 40, 50, 51, 8, 0]
13:07:17:394:0.342972 out [51, 46564.1, 46565.1, 47237.4, 48, 51, 43, 5, 0]
13:10:57:277:0.947975 out [53, 46691.9, 46692.9, 47457.3, 53, 51, 58, 9, 0]
13:13:16:601:0.784851 out [58, 47079.3, 47085.5, 47596.6, 46, 50, 40, 4, 0]
13:13:25:437:0.63311 out [54, 46882, 46883, 47605.4, 51, 56, 57, 1, 0]
13:16:14:557:0.67305 out [55, 46950.8, 46951.8, 47774.6, 53, 38, 49, 2, 0]
13:16:22:543:0.725563 out [56, 46976, 46977, 47782.5, 55, 43, 50, 10, 0]
13:18:33:055:0.833008 out [61, 47217.8, 47221.9, 47913.1, 49, 52, 41, 8, 0]
13:20:09:585:0.140373 out [59, 47131.7, 47167.2, 48009.6, 57, 58, 42, 7, 0]
13:20:46:271:0.856857 out [60, 47187.5, 47188.5, 48046.3, 51, 44, 45, 6, 0]
13:22:00:545:0.275284 out [57, 47062.2, 47063.2, 48120.5, 69, 42, 58, 3, 0]
13:22:25:905:0.557228 out [62, 47313, 47314, 48145.9, 54, 37, 62, 5, 0]
13:23:09:896:0.0429688 out [63, 47343, 47457.3, 48189.9, 59, 44, 53, 9, 0]
13:26:22:368:0.220474 out [66, 47417.3, 47774.6, 48382.4, 44, 49, 47, 2, 0]
13:26:47:545:0.854713 out [65, 47378, 47605.4, 48407.5, 50, 53, 54, 1, 0]
13:27:24:715:0.394714 out [64, 47343.7, 47596.6, 48444.7, 54, 47, 54, 4, 0]
13:30:01:161:0.514977 out [69, 47482.8, 48009.6, 48601.2, 39, 61, 61, 7, 0]
13:32:23:145:0.416 out [68, 47482.3, 47913.1, 48743.1, 55, 52, 48, 8, 0]
13:33:11:389:0.786865 out [67, 47441.3, 47782.5, 48791.4, 58, 41, 48, 10, 0]
13:34:39:874:0.930527 out [71, 47539.7, 48120.5, 48879.9, 49, 53, 42, 3, 0]
13:34:54:978:0.431847 out [70, 47504.1, 48046.3, 48895, 58, 49, 41, 6, 0]
13:36:45:001:0.5327 out [72, 47611.3, 48145.9, 49005, 51, 38, 43, 5, 0]
13:37:52:631:0.885269 out [74, 47868.6, 48382.4, 49072.6, 46, 50, 58, 2, 0]
13:38:30:394:0.663147 out [76, 48132.4, 48444.7, 49110.4, 53, 55, 48, 4, 0]
13:39:02:673:0.948029 out [73, 47844.8, 48189.9, 49142.7, 55, 51, 51, 9, 0]
13:41:09:849:0.484184 out [75, 47910.7, 48407.5, 49269.8, 57, 58, 46, 1, 0]
13:42:06:981:0.0622253 out [77, 48182.5, 48601.2, 49327, 48, 47, 45, 7, 0]
13:44:48:829:0.73645 out [79, 48232.4, 48791.4, 49488.8, 56, 59, 39, 10, 0]
13:45:53:137:0.44574 out [78, 48193.6, 48743.1, 49553.1, 60, 48, 49, 8, 0]
13:48:32:488:0.536575 out [81, 48284.6, 48895, 49712.5, 57, 51, 43, 6, 0]
13:50:42:782:0.393196 out [80, 48272.2, 48879.9, 49842.8, 66, 65, 46, 3, 0]
13:51:36:379:0.793457 out [86, 48833.1, 49269.9, 49896.4, 48, 47, 55, 1, 0]
13:51:43:247:0.270874 out [83, 48401.9, 49072.6, 49903.2, 52, 43, 43, 2, 0]
13:52:07:030:0.830673 out [85, 48775.4, 49142.7, 49927, 49, 44, 44, 9, 0]
13:52:11:899:0.291733 out [82, 48401.8, 49005, 49931.9, 52, 49, 46, 5, 0]
13:52:35:738:0.111382 out [84, 48523.2, 49110.4, 49955.7, 52, 57, 46, 4, 0]
13:54:32:818:0.249588 out [87, 48901.3, 49327, 50072.8, 51, 53, 50, 7, 0]
13:55:15:243:0.603043 out [88, 48904.9, 49488.8, 50115.2, 45, 56, 45, 10, 0]
14:00:05:334:0.568863 out [94, 49495.7, 49927, 50405.3, 35, 52, 50, 9, 0]
14:00:14:250:0.943069 out [89, 49115.1, 49553.1, 50414.3, 51, 59, 45, 8, 0]
14:01:43:441:0.229301 out [96, 49693.1, 49955.7, 50503.4, 43, 50, 49, 4, 0]
14:02:54:533:0.308319 out [95, 49555.2, 49931.9, 50574.5, 50, 57, 52, 5, 0]
14:02:56:714:0.515572 out [92, 49344.8, 49896.4, 50576.7, 49, 53, 49, 1, 0]
14:02:58:680:0.935196 out [90, 49269.6, 49712.5, 50578.7, 54, 54, 45, 6, 0]
14:03:57:119:0.916252 out [91, 49292.9, 49842.8, 50637.1, 57, 39, 51, 3, 0]
14:04:53:313:0.633804 out [93, 49362.2, 49903.2, 50693.3, 53, 44, 36, 2, 0]
14:07:23:437:0.968689 out [97, 49693.9, 50072.8, 50843.4, 55, 45, 44, 7, 0]
14:09:30:417:0.209106 out [100, 49775.5, 50414.3, 50970.4, 40, 42, 60, 8, 0]
14:10:14:914:0.873962 out [98, 49741, 50115.2, 51014.9, 55, 52, 45, 10, 0]
14:11:53:956:0.115204 out [99, 49746.6, 50405.3, 51114, 51, 58, 48, 9, 0]
14:13:21:848:0.486382 out [103, 50000.3, 50576.7, 51201.8, 42, 50, 55, 1, 0]
14:14:36:053:0.746109 out [102, 49856.5, 50574.5, 51276.1, 41, 44, 55, 5, 0]
14:14:46:239:0.663155 out [101, 49852.4, 50503.4, 51286.2, 53, 58, 55, 4, 0]
14:15:28:283:0.962135 out [105, 50210.7, 50637.1, 51328.3, 38, 55, 60, 3, 0]
14:15:35:866:0.813141 out [106, 50249.4, 50693.3, 51335.9, 46, 34, 53, 2, 0]
14:16:42:871:0.479874 out [104, 50206.7, 50578.7, 51402.9, 57, 43, 52, 6, 0]
14:18:19:111:0.773521 out [107, 50329, 50843.4, 51499.1, 48, 42, 50, 7, 0]
14:21:01:287:0.326294 out [109, 50465.3, 51014.9, 51661.3, 45, 47, 64, 10, 0]
14:21:22:838:0.803322 out [108, 50419.4, 50970.4, 51682.8, 51, 47, 48, 8, 0]
14:23:53:485:0.35009 out [112, 50771, 51276.1, 51833.5, 38, 48, 56, 5, 0]
14:24:53:127:0.286942 out [111, 50701, 51201.9, 51893.1, 54, 49, 52, 1, 0]
14:25:00:941:0.425758 out [114, 51023.9, 51328.3, 51900.9, 41, 54, 48, 3, 0]
14:26:26:892:0.178566 out [110, 50531.4, 51114, 51986.9, 51, 60, 56, 9, 0]
14:26:59:772:0.0867233 out [113, 50839.9, 51286.2, 52019.8, 42, 54, 47, 4, 0]
14:27:36:231:0.662376 out [117, 51165.5, 51499.1, 52056.2, 40, 33, 52, 7, 0]
14:28:05:921:0.0281677 out [115, 51071, 51335.9, 52085.9, 49, 44, 52, 2, 0]
14:29:44:072:0.264153 out [116, 51154, 51402.9, 52184.1, 48, 45, 58, 6, 0]
14:33:05:739:0.593536 out [118, 51219.8, 51661.3, 52385.7, 51, 38, 45, 10, 0]
14:34:43:089:0.108093 out [121, 51372.2, 51893.1, 52483.1, 42, 43, 55, 1, 0]
14:35:18:003:0.127678 out [119, 51238.4, 51682.8, 52518, 53, 53, 47, 8, 0]
14:36:11:391:0.823944 out [124, 51550.9, 52019.8, 52571.4, 46, 49, 55, 4, 0]
14:37:07:147:0.418053 out [122, 51374.5, 51900.9, 52627.1, 39, 45, 45, 3, 0]
14:38:09:920:0.313461 out [126, 51577.7, 52085.9, 52689.9, 48, 48, 48, 2, 0]
14:38:56:975:0.834473 out [123, 51540.6, 51986.9, 52737, 53, 59, 53, 9, 0]
14:39:17:340:0.449364 out [120, 51283.3, 51833.5, 52757.3, 55, 45, 61, 5, 0]
14:42:22:987:0.604317 out [125, 51575.5, 52056.2, 52943, 62, 52, 48, 7, 0]
14:44:55:303:0.860291 out [128, 51780.4, 52385.7, 53095.3, 49, 48, 60, 10, 0]
14:46:26:474:0.385292 out [127, 51690.4, 52184.1, 53186.5, 63, 55, 49, 6, 0]
14:47:28:859:0.631714 out [134, 52236.5, 52737, 53248.9, 43, 51, 42, 9, 0]
14:47:55:623:0.656448 out [129, 51928.6, 52483.1, 53275.6, 53, 47, 41, 1, 0]
14:48:24:264:0.174088 out [135, 52244.3, 52757.3, 53304.3, 42, 43, 61, 5, 0]
14:48:32:790:0.906677 out [131, 52133.9, 52571.4, 53312.8, 46, 47, 48, 4, 0]
14:49:26:410:0.35479 out [130, 52024.4, 52518, 53366.4, 51, 48, 53, 8, 0]
14:50:48:674:0.752815 out [132, 52184, 52627.1, 53448.7, 55, 55, 56, 3, 0]
14:51:16:357:0.948479 out [133, 52220.2, 52689.9, 53476.4, 46, 45, 47, 2, 0]
14:53:23:839:0.0624619 out [136, 52276.5, 52943, 53603.8, 43, 47, 46, 7, 0]
14:56:13:949:0.546989 out [141, 52792.9, 53304.3, 53773.9, 39, 50, 52, 5, 0]
14:58:23:444:0.166359 out [137, 52420.6, 53095.3, 53903.4, 53, 63, 41, 10, 0]
14:58:46:478:0.691826 out [139, 52511.2, 53248.9, 53926.5, 44, 52, 41, 9, 0]
15:00:10:456:0.911812 out [140, 52523.8, 53275.6, 54010.5, 50, 54, 33, 1, 0]
15:00:41:703:0.0702667 out [138, 52482.3, 53186.5, 54041.7, 55, 59, 45, 6, 0]
15:00:48:780:0.306038 out [144, 53053, 53448.7, 54048.8, 43, 41, 51, 3, 0]
15:01:32:588:0.744888 out [143, 52937.8, 53366.4, 54092.6, 54, 51, 56, 8, 0]
15:03:17:241:0.268883 out [145, 53081.1, 53476.4, 54197.2, 45, 57, 45, 2, 0]
15:03:57:680:0.260025 out [142, 52794.9, 53312.8, 54237.7, 50, 56, 49, 4, 0]
15:06:29:597:0.930275 out [146, 53273.3, 53603.8, 54389.6, 46, 36, 37, 7, 0]
15:07:27:428:0.50853 out [148, 53715.2, 53903.4, 54447.4, 36, 43, 45, 10, 0]
15:09:03:458:0.734283 out [147, 53438.7, 53774, 54543.5, 50, 55, 47, 5, 0]
15:11:02:951:0.645042 out [152, 54080.4, 54081.7, 54663, 40, 48, 46, 6, 0]
15:11:47:356:0.330467 out [150, 54016.4, 54017.4, 54707.4, 44, 42, 51, 1, 0]
15:13:11:428:0.891731 out [153, 54199.4, 54200.4, 54791.4, 42, 46, 55, 2, 0]
15:14:43:215:0.0922546 out [151, 54079.7, 54080.7, 54883.2, 48, 48, 67, 3, 0]
15:16:00:610:0.270096 out [154, 54209.1, 54210.1, 54960.6, 46, 53, 42, 8, 0]
15:16:29:523:0.0201111 out [149, 53911.4, 53926.5, 54989.5, 65, 48, 44, 9, 0]
15:16:41:845:0.635963 out [155, 54288, 54289, 55001.8, 49, 44, 56, 4, 0]
15:24:14:048:0.550201 out [156, 54609.5, 54610.5, 55454, 55, 54, 44, 5, 0]
15:26:33:388:0.418747 out [157, 54825.4, 54826.4, 55593.4, 47, 50, 36, 1, 0]
15:27:33:717:0.543198 out [159, 54901.8, 54902.8, 55653.7, 48, 51, 48, 3, 0]
15:27:38:774:0.797989 out [160, 54917.9, 54918.9, 55658.8, 52, 47, 52, 6, 0]
15:29:18:356:0.439186 out [158, 54834.5, 54835.5, 55758.4, 52, 49, 42, 2, 0]
15:31:26:012:0.499405 out [162, 55198.6, 55199.6, 55886, 40, 45, 55, 7, 0]
15:32:53:379:0.943039 out [166, 55340.3, 55454.1, 55973.4, 48, 64, 39, 5, 0]
15:34:02:833:0.652092 out [163, 55268.7, 55269.8, 56042.8, 49, 41, 44, 8, 0]
15:36:45:445:0.419861 out [165, 55300.5, 55301.6, 56205.4, 55, 56, 45, 10, 0]
15:36:56:418:0.626381 out [161, 55154.2, 55155.2, 56216.4, 59, 64, 62, 4, 0]
15:37:24:155:0.416084 out [164, 55290.3, 55291.3, 56244.2, 56, 50, 55, 9, 0]
15:39:02:809:0.765961 out [167, 55402.8, 55593.4, 56342.8, 42, 47, 59, 1, 0]
15:39:06:233:0.108665 out [168, 55455.3, 55653.7, 56346.2, 47, 52, 37, 3, 0]
15:41:28:628:0.579285 out [170, 55543.9, 55758.4, 56488.6, 52, 67, 35, 2, 0]
15:41:38:887:0.0536346 out [169, 55511.4, 55658.8, 56498.9, 63, 40, 46, 6, 0]
15:43:52:309:0.115555 out [171, 55732.4, 55886, 56632.3, 52, 41, 53, 7, 0]
15:44:51:248:0.120049 out [172, 55745.6, 55973.4, 56691.2, 47, 43, 47, 5, 0]
15:47:25:720:0.242645 out [173, 55837.4, 56042.8, 56845.7, 51, 48, 50, 8, 0]
15:48:29:905:0.637886 out [175, 56169.4, 56216.4, 56909.9, 43, 40, 46, 4, 0]
15:49:09:078:0.793671 out [176, 56186.8, 56244.2, 56949.1, 46, 43, 51, 9, 0]
15:49:43:216:0.104248 out [177, 56202.3, 56342.8, 56983.2, 44, 54, 53, 1, 0]
15:51:49:138:0.0177994 out [174, 56048.9, 56205.4, 57109.1, 55, 59, 55, 10, 0]
15:53:35:673:0.328949 out [178, 56401.6, 56402.6, 57215.7, 51, 51, 46, 3, 0]
15:54:06:387:0.307861 out [179, 56417.4, 56488.6, 57246.4, 45, 61, 42, 2, 0]
15:55:28:917:0.713715 out [180, 56607.3, 56608.3, 57328.9, 55, 51, 47, 6, 0]
15:56:08:067:0.724777 out [181, 56669.7, 56670.7, 57368.1, 53, 58, 46, 7, 0]
16:06:46:869:0.130684 out [183, 57200.6, 57201.6, 58006.9, 55, 53, 45, 4, 0]
16:06:48:064:0.926697 out [182, 57045.2, 57046.2, 58008.1, 55, 61, 47, 1, 0]
16:09:12:384:0.450508 out [186, 57359.9, 57360.9, 58152.4, 52, 46, 44, 5, 0]
16:10:52:065:0.699173 out [185, 57310, 57311, 58252.1, 59, 46, 49, 2, 0]
16:11:36:071:0.327759 out [184, 57219.7, 57220.7, 58296.1, 65, 58, 49, 3, 0]
16:12:16:118:0.340088 out [187, 57627.3, 57628.3, 58336.1, 48, 50, 55, 6, 0]
16:13:32:550:0.208641 out [188, 57738.5, 57739.5, 58412.6, 49, 60, 36, 7, 0]
16:18:14:294:0.782234 out [189, 57740.8, 57741.8, 58694.3, 57, 44, 50, 8, 0]
16:19:04:445:0.185257 out [190, 58000.8, 58001.8, 58744.4, 40, 55, 52, 9, 0]
16:21:51:874:0.270988 out [191, 58265.8, 58266.8, 58911.9, 52, 53, 46, 1, 0]
16:25:35:497:0.250153 out [192, 58302.9, 58303.9, 59135.5, 57, 68, 46, 2, 0]
16:25:39:253:0.912521 out [194, 58515.2, 58516.2, 59139.3, 53, 68, 39, 4, 0]
16:27:27:845:0.279289 out [193, 58365.8, 58366.8, 59247.8, 53, 54, 47, 3, 0]
16:29:34:775:0.90139 out [195, 58517.4, 58518.4, 59374.8, 59, 51, 41, 5, 0]
16:31:33:453:0.551842 out [197, 58892.4, 58893.4, 59493.5, 35, 53, 51, 7, 0]
16:32:15:614:0.0313873 out [196, 58775.7, 58776.7, 59535.6, 47, 48, 35, 6, 0]
16:35:20:422:0.13018 out [199, 58961, 58962, 59720.4, 53, 49, 48, 1, 0]
16:35:32:393:0.21859 out [198, 58903.7, 58904.7, 59732.4, 58, 42, 57, 8, 0]
16:36:05:547:0.561241 out [200, 59033.4, 59034.4, 59765.5, 42, 46, 47, 9, 0]
16:39:48:539:0.27095 out [201, 59147.7, 59148.7, 59988.5, 50, 45, 56, 2, 0]
16:41:22:755:0.948616 out [202, 59548.3, 59549.3, 60082.8, 47, 44, 53, 3, 0]
16:43:55:963:0.135315 out [204, 59629.8, 59630.8, 60236, 42, 53, 41, 5, 0]
16:44:20:955:0.522133 out [205, 59676.3, 59677.3, 60261, 48, 51, 40, 6, 0]
16:45:45:475:0.910736 out [206, 59782.3, 59783.3, 60345.5, 39, 49, 47, 1, 0]
16:46:01:126:0.914574 out [203, 59562.8, 59563.8, 60361.1, 58, 50, 51, 4, 0]
16:55:50:205:0.874992 out [207, 60103.7, 60104.7, 60950.2, 50, 53, 54, 2, 0]
16:57:25:166:0.599823 out [208, 60255.3, 60256.3, 61045.2, 54, 48, 54, 3, 0]
16:59:08:429:0.787231 out [209, 60635.1, 60636.1, 61148.4, 47, 50, 34, 1, 0]
17:02:46:985:0.0488434 out [210, 60678.4, 60679.4, 61367, 40, 52, 49, 4, 0]
17:06:46:640:0.425278 out [212, 60824.6, 60825.6, 61606.6, 51, 51, 58, 6, 0]
17:07:58:879:0.0927658 out [211, 60817, 60818, 61678.9, 69, 56, 45, 5, 0]
17:13:45:620:0.982719 out [213, 61241.8, 61242.8, 62025.6, 53, 58, 43, 1, 0]
17:13:58:943:0.544937 out [214, 61255.2, 61256.2, 62038.9, 57, 38, 55, 2, 0]
17:23:26:020:0.962311 out [215, 61778.1, 61779.1, 62606, 59, 46, 53, 3, 0]
17:24:37:721:0.502853 out [218, 62056.1, 62057.1, 62677.7, 41, 53, 57, 1, 0]
17:24:59:691:0.601349 out [217, 62015.4, 62016.4, 62699.7, 47, 45, 46, 5, 0]
17:25:10:052:0.324844 out [219, 62075.9, 62076.9, 62710.1, 48, 59, 56, 2, 0]
17:25:25:255:0.467964 out [216, 61854.6, 61855.6, 62725.3, 53, 49, 40, 4, 0]
17:40:48:760:0.062767 out [220, 62747.3, 62748.3, 63648.8, 54, 47, 48, 1, 0]
17:47:38:173:0.996521 out [221, 63270.5, 63271.5, 64058.2, 52, 54, 49, 2, 0]
17:53:33:372:0.322632 out [222, 63616.2, 63617.2, 64413.4, 53, 41, 51, 3, 0]
17:55:54:687:0.481476 out [224, 63750.9, 63751.9, 64554.7, 46, 52, 51, 4, 0]
17:59:12:906:0.642509 out [223, 63676, 63677, 64752.9, 64, 48, 44, 1, 0]
18:02:15:187:0.418533 out [225, 64056, 64057, 64935.2, 53, 56, 43, 5, 0]
18:10:23:513:0.925148 out [226, 64573.2, 64574.2, 65423.5, 57, 40, 55, 2, 0]
18:11:19:100:0.779129 out [227, 64931.8, 64932.8, 65479.1, 49, 62, 50, 1, 0]
18:36:30:583:0.950592 out [228, 66363.9, 66364.9, 66990.6, 48, 42, 56, 1, 0]
18:40:09:187:0.843872 out [229, 66560.2, 66561.2, 67209.2, 56, 45, 58, 2, 0]
18:47:54:092:0.898918 out [230, 67014.5, 67015.5, 67674.1, 58, 60, 63, 1, 0]
19:03:18:279:0.159142 out [231, 68083.8, 68084.8, 68598.3, 48, 64, 54, 1, 0]
19:54:59:723:0.648621 out [232, 71148.9, 71149.9, 71699.7, 55, 57, 60, 1, 0]
34:07:03:558:0.146072 out [234, 122311, 122312, 122824, 46, 47, 52, 2, 0]
34:08:45:546:0.0973511 out [233, 122295, 122296, 122926, 54, 47, 42, 1, 0]
34:46:29:460:0.290504 out [235, 124654, 124655, 125189, 43, 47, 48, 1, 0]
34:49:26:113:0.638474 out [237, 124851, 124852, 125366, 46, 45, 64, 3, 0]
34:51:49:867:0.249084 out [236, 124843, 124844, 125510, 62, 37, 39, 2, 0]
35:04:10:955:0.837799 out [238, 125616, 125617, 126251, 59, 68, 53, 1, 0]
35:08:16:504:0.290176 out [239, 125800, 125801, 126497, 56, 51, 60, 2, 0]
35:18:06:260:0.813309 out [241, 126443, 126444, 127086, 48, 51, 45, 3, 0]
35:18:58:748:0.200012 out [240, 126429, 126430, 127139, 53, 54, 55, 1, 0]
35:27:50:428:0.822113 out [242, 127081, 127082, 127670, 51, 46, 49, 2, 0]
35:30:51:462:0.497307 out [243, 127375, 127376, 127851, 41, 52, 48, 1, 0]
35:36:29:249:0.305321 out [246, 127742, 127743, 128189, 44, 57, 52, 4, 0]
35:36:42:454:0.559875 out [244, 127646, 127647, 128202, 43, 48, 41, 3, 0]
35:40:06:365:0.693237 out [247, 127763, 127851, 128406, 46, 55, 38, 1, 0]
35:40:57:634:0.760452 out [245, 127725, 127726, 128458, 60, 60, 55, 2, 0]
35:44:38:725:0.266602 out [248, 127946, 128189, 128679, 47, 46, 54, 4, 0]
35:45:58:726:0.395752 out [249, 128002, 128202, 128759, 46, 49, 46, 3, 0]
35:51:05:933:0.953835 out [250, 128438, 128439, 129066, 48, 56, 63, 1, 0]
35:54:13:137:0.39164 out [251, 128470, 128471, 129253, 60, 55, 54, 2, 0]
35:56:41:167:0.553497 out [252, 128975, 128976, 129401, 37, 43, 43, 3, 0]
36:00:27:794:0.674469 out [254, 129078, 129079, 129628, 43, 59, 44, 1, 0]
36:01:48:464:0.569641 out [253, 129030, 129031, 129708, 48, 48, 66, 4, 0]
36:03:07:306:0.0313721 out [255, 129098, 129253, 129787, 50, 42, 38, 2, 0]
36:08:11:375:0.315811 out [256, 129121, 129401, 130091, 49, 53, 43, 3, 0]
36:11:17:340:0.456558 out [257, 129280, 129600, 130277, 39, 46, 50, 9, 0]
36:12:06:903:0.0252228 out [259, 129738, 129739, 130327, 51, 36, 43, 4, 0]
36:16:20:055:0.735184 out [260, 129825, 129826, 130580, 47, 62, 52, 2, 0]
36:18:12:921:0.755936 out [258, 129621, 129628, 130693, 61, 47, 60, 1, 0]
36:26:11:239:0.712311 out [261, 130381, 130382, 131171, 53, 46, 52, 3, 0]
36:27:35:053:0.985191 out [263, 130498, 130499, 131255, 49, 47, 43, 9, 0]
36:27:53:434:0.959007 out [264, 130600, 130601, 131273, 54, 43, 49, 2, 0]
36:30:20:029:0.530121 out [265, 130796, 130797, 131420, 45, 63, 50, 1, 0]
36:31:19:159:0.224106 out [262, 130429, 130430, 131479, 65, 50, 45, 4, 0]
36:37:38:660:0.0457687 out [267, 131196, 131255, 131859, 41, 48, 54, 9, 0]
36:38:05:706:0.410553 out [266, 131068, 131171, 131886, 52, 57, 39, 3, 0]
36:39:28:974:0.531319 out [268, 131248, 131273, 131969, 48, 36, 62, 2, 0]
36:42:13:902:0.0701904 out [270, 131411, 131479, 132134, 45, 57, 43, 4, 0]
36:42:49:945:0.694115 out [269, 131365, 131420, 132170, 50, 39, 57, 1, 0]
36:50:47:550:0.87812 out [272, 131980, 131981, 132648, 54, 40, 46, 2, 0]
36:50:54:993:0.757797 out [271, 131930, 131931, 132655, 43, 49, 43, 3, 0]
36:51:20:953:0.594757 out [273, 132010, 132011, 132681, 38, 56, 56, 9, 0]
36:54:43:591:0.603828 out [274, 132248, 132249, 132884, 39, 55, 48, 1, 0]
36:59:59:464:0.856697 out [275, 132315, 132316, 133199, 54, 47, 53, 4, 0]
37:01:24:472:0.249176 out [277, 132474, 132655, 133284, 36, 41, 51, 3, 0]
37:03:40:994:0.566109 out [279, 132747, 132884, 133421, 34, 60, 50, 1, 0]
37:04:37:871:0.303703 out [276, 132446, 132648, 133478, 53, 49, 48, 2, 0]
37:06:26:119:0.322922 out [278, 132663, 132681, 133586, 60, 39, 56, 9, 0]
37:12:20:262:0.293961 out [280, 132750, 133199, 133940, 52, 49, 39, 4, 0]
37:13:46:310:0.47509 out [282, 133072, 133421, 134026, 50, 53, 40, 1, 0]
37:15:00:023:0.967484 out [281, 132857, 133284, 134100, 52, 51, 64, 3, 0]
37:17:57:064:0.118126 out [284, 133358, 133586, 134277, 51, 64, 52, 9, 0]
37:18:44:794:0.462898 out [283, 133092, 133478, 134325, 53, 55, 51, 2, 0]
37:27:37:206:0.867912 out [285, 133422, 133940, 134857, 64, 52, 54, 4, 0]
37:28:04:276:0.0413208 out [287, 133451, 134100, 134884, 56, 45, 42, 3, 0]
37:29:49:760:0.737709 out [289, 133690, 134325, 134990, 51, 56, 47, 2, 0]
37:29:55:478:0.593163 out [286, 133424, 134026, 134995, 60, 45, 53, 1, 0]
37:33:51:787:0.751488 out [288, 133538, 134277, 135232, 51, 61, 49, 9, 0]
37:38:35:104:0.302696 out [290, 133897, 134857, 135515, 45, 46, 48, 4, 0]
37:41:51:248:0.408203 out [291, 133952, 134884, 135711, 53, 62, 50, 3, 0]
37:43:25:604:0.458694 out [293, 134352, 134995, 135806, 49, 53, 49, 1, 0]
37:43:54:872:0.635727 out [292, 134294, 134990, 135835, 53, 62, 43, 2, 0]
37:45:58:135:0.517006 out [294, 134374, 135232, 135958, 46, 47, 48, 9, 0]
37:51:18:496:0.155624 out [295, 134383, 135515, 136278, 52, 39, 55, 4, 0]
37:52:51:544:0.244247 out [298, 134689, 135835, 136372, 40, 56, 47, 2, 0]
37:55:09:230:0.693298 out [297, 134637, 135806, 136509, 42, 59, 54, 1, 0]
37:55:37:838:0.636833 out [296, 134436, 135711, 136538, 46, 41, 48, 3, 0]
37:58:52:456:0.998306 out [299, 134718, 135958, 136732, 57, 46, 54, 9, 0]
38:02:36:100:0.278336 out [300, 134794, 136278, 136956, 43, 43, 52, 4, 0]
38:08:15:243:0.503601 out [301, 134884, 136372, 137295, 59, 43, 53, 2, 0]
38:10:14:438:0.999207 out [303, 134923, 136538, 137414, 54, 46, 51, 3, 0]
38:11:06:263:0.0539246 out [302, 134899, 136509, 137466, 49, 71, 54, 1, 0]
38:11:32:325:0.814278 out [304, 135011, 136732, 137492, 53, 42, 54, 9, 0]
38:17:14:166:0.425735 out [305, 135213, 136956, 137834, 57, 46, 49, 4, 0]
38:22:47:097:0.568138 out [306, 135325, 137295, 138167, 62, 44, 55, 2, 0]
38:23:32:394:0.886597 out [309, 135591, 137492, 138212, 56, 52, 44, 9, 0]
38:24:25:169:0.183357 out [307, 135482, 137414, 138265, 57, 51, 49, 3, 0]
38:25:08:546:0.694382 out [308, 135527, 137466, 138309, 52, 48, 60, 1, 0]
38:27:08:018:0.368347 out [310, 135683, 137834, 138428, 46, 41, 50, 4, 0]
38:33:11:241:0.950211 out [312, 135800, 138212, 138791, 45, 45, 52, 9, 0]
38:38:06:307:0.546791 out [313, 135813, 138265, 139086, 49, 38, 44, 3, 0]
38:38:15:995:0.940384 out [311, 135700, 138167, 139096, 54, 55, 47, 2, 0]
38:39:52:610:0.341248 out [314, 135856, 138309, 139193, 56, 50, 51, 1, 0]
38:43:28:364:0.244232 out [316, 135986, 138791, 139408, 44, 61, 48, 9, 0]
38:43:59:298:0.880753 out [315, 135930, 138428, 139439, 60, 43, 53, 4, 0]
38:50:39:030:0.956993 out [318, 136037, 139096, 139839, 51, 42, 62, 2, 0]
38:51:41:687:0.290512 out [320, 136102, 139408, 139902, 35, 54, 50, 9, 0]
38:52:12:111:0.0093689 out [319, 136065, 139193, 139932, 54, 42, 54, 1, 0]
38:52:30:032:0.176743 out [317, 136034, 139086, 139950, 60, 56, 50, 3, 0]
38:55:09:951:0.257477 out [321, 136115, 139439, 140110, 47, 50, 43, 4, 0]
39:03:04:589:0.297211 out [323, 136191, 139902, 140585, 40, 53, 55, 9, 0]
39:05:43:320:0.167862 out [324, 136224, 139932, 140743, 48, 64, 49, 1, 0]
39:07:29:659:0.192406 out [322, 136138, 139839, 140850, 62, 51, 49, 2, 0]
39:07:40:632:0.872902 out [325, 136270, 139950, 140861, 66, 49, 44, 3, 0]
39:08:17:077:0.225052 out [326, 136275, 140110, 140897, 52, 44, 55, 4, 0]
39:13:30:105:0.384338 out [327, 136337, 140585, 141210, 42, 55, 52, 9, 0]
39:14:24:161:0.255753 out [328, 136454, 140743, 141264, 44, 60, 46, 1, 0]
39:18:34:797:0.715103 out [331, 136574, 140897, 141515, 40, 49, 40, 4, 0]
39:19:18:441:0.582596 out [329, 136530, 140850, 141558, 42, 47, 42, 2, 0]
39:21:01:196:0.700012 out [330, 136561, 140861, 141661, 57, 55, 51, 3, 0]
39:25:08:375:0.381531 out [332, 136688, 141210, 141908, 47, 44, 56, 9, 0]
39:25:18:441:0.302765 out [333, 136691, 141264, 141918, 44, 43, 69, 1, 0]
39:31:40:546:0.00762177 out [334, 136780, 141515, 142301, 53, 51, 55, 4, 0]
39:33:50:188:0.675392 out [335, 136813, 141558, 142430, 64, 57, 59, 2, 0]
39:34:27:677:0.172173 out [336, 136815, 141661, 142468, 55, 50, 59, 3, 0]
39:35:39:612:0.196579 out [337, 136914, 141908, 142540, 52, 53, 52, 9, 0]
39:38:47:505:0.365433 out [338, 137013, 141918, 142728, 44, 45, 46, 1, 0]
39:44:52:073:0.475899 out [339, 137021, 142301, 143092, 52, 53, 43, 4, 0]
39:46:00:200:0.602592 out [341, 137057, 142468, 143160, 45, 44, 62, 3, 0]
39:47:53:707:0.87014 out [343, 137467, 142728, 143274, 43, 54, 50, 1, 0]
39:48:21:667:0.00941467 out [340, 137036, 142430, 143302, 60, 50, 45, 2, 0]
39:50:37:083:0.94548 out [342, 137406, 142540, 143437, 63, 55, 55, 9, 0]
39:55:16:260:0.0056076 out [344, 137518, 143092, 143716, 45, 51, 54, 4, 0]
39:56:02:525:0.0564957 out [345, 137729, 143160, 143763, 47, 54, 54, 3, 0]
39:59:11:911:0.652222 out [347, 137898, 143302, 143952, 44, 46, 51, 2, 0]
40:02:02:918:0.227951 out [348, 137900, 143437, 144123, 52, 42, 52, 9, 0]
40:03:17:107:0.854095 out [346, 137870, 143274, 144197, 61, 61, 40, 1, 0]
40:06:32:406:0.557289 out [349, 137930, 143716, 144392, 48, 55, 42, 4, 0]
40:09:17:178:0.831306 out [350, 138043, 143763, 144557, 49, 37, 35, 3, 0]
40:10:21:342:0.107025 out [351, 138056, 143952, 144621, 54, 50, 44, 2, 0]
40:13:34:493:0.27504 out [352, 138118, 144123, 144814, 48, 59, 46, 9, 0]
40:16:22:518:0.267433 out [354, 138203, 144392, 144983, 40, 43, 58, 4, 0]
40:17:51:210:0.703651 out [356, 138240, 144621, 145071, 30, 43, 51, 2, 0]
40:20:00:320:0.201675 out [353, 138163, 144197, 145200, 62, 36, 49, 1, 0]
40:20:10:105:0.420868 out [355, 138225, 144557, 145210, 43, 63, 51, 3, 0]
40:27:53:069:0.595284 out [357, 138355, 144814, 145673, 56, 57, 52, 9, 0]
40:31:00:449:0.929588 out [359, 138417, 145071, 145860, 55, 43, 44, 2, 0]
40:31:36:682:0.21032 out [361, 138451, 145210, 145897, 41, 44, 53, 3, 0]
40:31:51:060:0.155266 out [360, 138441, 145200, 145911, 52, 57, 57, 1, 0]
40:32:04:889:0.553421 out [358, 138405, 144983, 145925, 58, 47, 62, 4, 0]
40:39:23:649:0.845619 out [362, 138465, 145673, 146364, 40, 55, 52, 9, 0]
40:40:49:579:0.688019 out [365, 138769, 145911, 146450, 40, 53, 49, 1, 0]
40:41:49:749:0.306625 out [366, 138804, 145925, 146510, 46, 43, 57, 4, 0]
40:42:22:585:0.0867691 out [364, 138709, 145897, 146543, 38, 45, 44, 3, 0]
40:44:38:846:0.292442 out [363, 138630, 145860, 146679, 49, 51, 58, 2, 0]
40:52:06:895:0.135422 out [369, 139101, 146510, 147127, 40, 55, 57, 4, 0]
40:52:19:311:0.755272 out [367, 138915, 146364, 147139, 52, 56, 45, 9, 0]
40:52:28:614:0.0885544 out [370, 139106, 146543, 147149, 36, 43, 50, 3, 0]
40:53:14:980:0.427284 out [368, 138994, 146450, 147195, 48, 40, 58, 1, 0]
40:55:34:943:0.873901 out [371, 139108, 146679, 147335, 50, 41, 58, 2, 0]
41:01:47:234:0.613106 out [373, 139309, 147139, 147707, 35, 40, 57, 9, 0]
41:03:38:620:0.23172 out [372, 139279, 147127, 147819, 48, 45, 46, 4, 0]
41:04:31:507:0.849785 out [375, 139413, 147195, 147872, 47, 46, 54, 1, 0]
41:08:09:022:0.502037 out [374, 139371, 147149, 148089, 62, 57, 48, 3, 0]
41:09:19:070:0.911499 out [376, 139450, 147335, 148159, 52, 55, 44, 2, 0]
41:15:10:606:0.745003 out [377, 140040, 147707, 148511, 54, 49, 43, 9, 0]
41:15:53:717:0.725441 out [379, 140194, 147872, 148554, 49, 58, 63, 1, 0]
41:15:55:574:0.425385 out [378, 140098, 147819, 148556, 59, 48, 54, 4, 0]
41:17:25:226:0.725266 out [381, 140337, 148159, 148645, 43, 43, 49, 2, 0]
41:19:38:365:0.663216 out [380, 140271, 148089, 148778, 48, 47, 48, 3, 0]
41:27:33:343:0.114136 out [383, 140686, 148554, 149253, 43, 55, 34, 1, 0]
41:27:54:217:0.390846 out [382, 140339, 148511, 149274, 49, 48, 53, 9, 0]
41:28:02:173:0.875092 out [384, 140749, 148556, 149282, 50, 56, 48, 4, 0]
41:30:13:371:0.571777 out [385, 140888, 148645, 149413, 51, 35, 53, 2, 0]
41:32:58:825:0.34623 out [386, 140918, 148778, 149579, 49, 49, 56, 3, 0]
41:38:34:663:0.965057 out [387, 141004, 149253, 149915, 51, 58, 43, 1, 0]
41:41:24:276:0.343178 out [389, 141071, 149282, 150084, 51, 60, 54, 4, 0]
41:41:28:275:0.469208 out [388, 141068, 149274, 150088, 57, 48, 42, 9, 0]
41:42:15:277:0.99971 out [390, 141101, 149413, 150135, 47, 41, 36, 2, 0]
41:47:00:798:0.651527 out [391, 141124, 149579, 150421, 52, 49, 59, 3, 0]
41:51:32:441:0.923119 out [394, 141226, 150088, 150692, 40, 48, 40, 9, 0]
41:52:12:016:0.304398 out [392, 141162, 149915, 150732, 57, 40, 48, 1, 0]
41:54:00:584:0.914589 out [396, 141306, 150421, 150841, 31, 50, 51, 3, 0]
41:54:18:878:0.0225754 out [395, 141272, 150135, 150859, 47, 41, 49, 2, 0]
41:56:28:238:0.504791 out [393, 141223, 150084, 150988, 61, 54, 51, 4, 0]
41:59:21:167:0.211105 out [397, 141443, 150692, 151161, 37, 53, 45, 9, 0]
42:06:06:497:0.817017 out [398, 141454, 150732, 151566, 47, 79, 62, 1, 0]
42:06:55:973:0.981834 out [401, 141853, 150988, 151616, 39, 37, 52, 4, 0]
42:07:24:011:0.463142 out [400, 141629, 150859, 151644, 48, 63, 68, 2, 0]
42:10:19:030:0.855156 out [399, 141489, 150841, 151819, 59, 48, 56, 3, 0]
42:14:44:510:0.865334 out [402, 141880, 151161, 152085, 68, 53, 53, 9, 0]
42:16:37:483:0.771851 out [403, 141959, 151566, 152197, 41, 50, 47, 1, 0]
42:18:01:326:0.614906 out [405, 142036, 151644, 152281, 54, 40, 52, 2, 0]
42:19:29:151:0.116898 out [406, 142061, 151819, 152369, 42, 49, 45, 3, 0]
42:19:53:293:0.903877 out [404, 142029, 151616, 152393, 59, 48, 44, 4, 0]
42:27:05:713:0.509682 out [407, 142207, 152197, 152826, 55, 57, 40, 1, 0]
42:27:12:388:0.105515 out [408, 142257, 152281, 152832, 51, 54, 45, 2, 0]
42:27:27:343:0.340042 out [409, 142296, 152369, 152847, 42, 54, 45, 3, 0]
42:30:00:692:0.479256 out [410, 142391, 152393, 153001, 49, 47, 48, 4, 0]
42:38:06:578:0.0245819 out [413, 142616, 152847, 153487, 46, 50, 43, 3, 0]
42:38:14:669:0.955925 out [411, 142492, 152826, 153495, 49, 51, 49, 1, 0]
42:40:04:879:0.84343 out [412, 142538, 152832, 153605, 54, 45, 60, 2, 0]
42:41:01:741:0.28981 out [414, 142638, 153001, 153662, 55, 35, 28, 4, 0]
42:45:43:373:0.12439 out [416, 143034, 153495, 153943, 44, 45, 45, 1, 0]
42:46:05:564:0.601212 out [415, 142803, 153487, 153966, 40, 47, 56, 3, 0]
42:47:27:705:0.151825 out [417, 143048, 153605, 154048, 41, 43, 58, 2, 0]
42:49:42:801:0.440506 out [418, 143160, 153662, 154183, 46, 55, 52, 4, 0]
42:54:36:414:0.720398 out [420, 143357, 153966, 154476, 51, 49, 46, 3, 0]
42:55:01:862:0.00223541 out [419, 143212, 153943, 154502, 45, 45, 41, 1, 0]
42:57:12:886:0.257034 out [421, 143364, 154048, 154633, 52, 42, 43, 2, 0]
42:58:39:874:0.0519104 out [422, 143383, 154183, 154720, 50, 42, 49, 4, 0]
43:04:01:672:0.270233 out [423, 143417, 154476, 155042, 49, 50, 43, 3, 0]
43:05:41:868:0.445808 out [424, 143569, 154502, 155142, 42, 48, 51, 1, 0]
43:08:26:910:0.0317307 out [425, 143969, 154633, 155307, 47, 55, 65, 2, 0]
43:11:58:283:0.151085 out [426, 144045, 154720, 155518, 49, 45, 38, 4, 0]
43:16:10:409:0.0986328 out [428, 144238, 155142, 155770, 58, 54, 51, 1, 0]
43:18:01:747:0.911461 out [427, 144238, 155042, 155882, 59, 62, 49, 3, 0]
43:19:30:511:0.417397 out [429, 144309, 155307, 155971, 55, 54, 55, 2, 0]
43:21:49:954:0.310425 out [430, 144575, 155518, 156110, 58, 46, 56, 4, 0]
43:23:26:101:0.142487 out [431, 144679, 155770, 156206, 36, 33, 45, 1, 0]
43:27:51:036:0.880096 out [433, 145103, 155971, 156471, 49, 54, 54, 2, 0]
43:28:36:198:0.635658 out [432, 145042, 155882, 156516, 44, 45, 50, 3, 0]
43:32:57:489:0.628395 out [434, 145113, 156110, 156777, 61, 49, 34, 4, 0]
43:37:09:088:0.343773 out [437, 145552, 156516, 157029, 48, 41, 51, 3, 0]
43:38:53:726:0.363335 out [435, 145262, 156206, 157134, 63, 43, 46, 1, 0]
43:39:36:293:0.447647 out [436, 145375, 156471, 157176, 62, 55, 44, 2, 0]
43:41:24:648:0.451958 out [438, 145609, 156777, 157285, 39, 49, 49, 4, 0]
43:47:45:079:0.980598 out [439, 145992, 157029, 157665, 48, 48, 58, 3, 0]
43:49:55:275:0.0480042 out [441, 146411, 157176, 157795, 51, 58, 50, 2, 0]
43:50:25:998:0.00847626 out [440, 146010, 157134, 157826, 57, 49, 58, 1, 0]
43:52:40:712:0.575661 out [442, 146665, 157285, 157961, 62, 49, 50, 4, 0]
43:57:28:217:0.245399 out [443, 146863, 157665, 158248, 51, 38, 46, 3, 0]
43:59:15:238:0.452255 out [444, 146964, 157795, 158355, 49, 52, 40, 2, 0]
43:59:54:609:0.387695 out [445, 147537, 157826, 158395, 47, 53, 63, 1, 0]
44:02:51:556:0.62471 out [446, 147543, 157961, 158572, 54, 47, 57, 4, 0]
44:07:18:125:0.550163 out [447, 147735, 158248, 158838, 53, 46, 56, 3, 0]
44:09:27:589:0.926613 out [449, 148226, 158395, 158968, 46, 39, 50, 1, 0]
44:09:43:003:0.40451 out [448, 148083, 158355, 158983, 50, 53, 51, 2, 0]
44:12:53:074:0.6745 out [450, 148234, 158572, 159173, 48, 52, 45, 4, 0]
44:16:31:782:0.58654 out [451, 148292, 158838, 159392, 46, 58, 56, 3, 0]
44:18:39:602:0.396454 out [454, 148811, 159173, 159520, 33, 52, 70, 4, 0]
44:20:52:660:0.739388 out [452, 148485, 158968, 159653, 56, 46, 66, 1, 0]
44:21:38:334:0.0410843 out [453, 148604, 158983, 159698, 57, 36, 37, 2, 0]
44:29:42:008:0.909264 out [457, 150011, 159653, 160182, 44, 50, 62, 1, 0]
44:30:05:177:0.334824 out [456, 149628, 159520, 160205, 53, 37, 62, 4, 0]
44:30:37:933:0.785477 out [458, 150086, 159698, 160238, 45, 37, 60, 2, 0]
44:31:15:872:0.825661 out [455, 148952, 159392, 160276, 63, 50, 45, 3, 0]
44:39:05:526:0.441208 out [460, 150541, 160205, 160746, 45, 38, 51, 4, 0]
44:40:07:483:0.307472 out [462, 150975, 160276, 160807, 45, 62, 50, 3, 0]
44:40:17:411:0.517731 out [459, 150503, 160182, 160817, 47, 57, 43, 1, 0]
44:42:58:650:0.825134 out [461, 150765, 160238, 160979, 59, 44, 51, 2, 0]
44:48:20:626:0.30481 out [463, 151108, 160746, 161301, 50, 39, 48, 4, 0]
44:49:27:374:0.574844 out [464, 151313, 160807, 161367, 47, 59, 56, 3, 0]
44:51:33:487:0.612907 out [465, 151396, 160817, 161493, 48, 58, 44, 1, 0]
44:53:32:792:0.0743866 out [466, 151448, 160979, 161613, 49, 51, 44, 2, 0]
44:58:08:548:0.605698 out [469, 152544, 161493, 161889, 42, 58, 54, 1, 0]
44:58:27:972:0.641724 out [468, 152522, 161367, 161908, 51, 57, 59, 3, 0]
45:00:02:480:0.925339 out [467, 151615, 161301, 162002, 62, 64, 40, 4, 0]
45:03:50:820:0.931213 out [470, 152648, 161613, 162231, 52, 50, 47, 2, 0]
45:07:17:717:0.616409 out [471, 154412, 161889, 162438, 38, 57, 54, 1, 0]
57:17:26:657:0.309128 out [472, 205888, 205889, 206247, 30, 49, 52, 1, 0]
58:09:22:926:0.172806 out [473, 208806, 208807, 209363, 44, 49, 38, 1, 0]
58:27:48:504:0.565788 out [474, 209840, 209841, 210469, 46, 51, 53, 1, 0]
58:28:03:686:0.0318909 out [475, 209860, 209861, 210484, 49, 39, 47, 2, 0]
58:33:51:245:0.0376282 out [476, 210298, 210299, 210831, 44, 52, 42, 3, 0]
58:42:14:927:0.166534 out [477, 210708, 210709, 211335, 49, 49, 48, 1, 0]
58:49:00:303:0.444458 out [478, 211128, 211129, 211740, 42, 39, 46, 2, 0]
58:54:23:620:0.440079 out [479, 211465, 211466, 212064, 50, 57, 56, 1, 0]
59:06:16:919:0.0793762 out [481, 212295, 212296, 212777, 42, 52, 46, 1, 0]
59:07:22:614:0.699913 out [480, 212047, 212048, 212843, 61, 46, 64, 2, 0]
59:10:31:671:0.360565 out [482, 212404, 212405, 213032, 51, 45, 65, 3, 0]
59:14:26:993:0.970467 out [483, 212624, 212625, 213267, 60, 44, 49, 4, 0]
59:17:21:044:0.241501 out [484, 212823, 212824, 213441, 49, 49, 51, 1, 0]
59:17:22:620:0.67659 out [485, 212887, 212888, 213443, 45, 40, 50, 2, 0]
59:19:39:612:0.0625992 out [486, 212955, 213032, 213580, 46, 47, 64, 3, 0]
59:25:15:588:0.17115 out [487, 212986, 213267, 213916, 53, 35, 56, 4, 0]
59:26:51:654:0.296066 out [489, 213043, 213443, 214012, 48, 57, 60, 2, 0]
59:29:09:769:0.234802 out [488, 213005, 213441, 214150, 53, 52, 43, 1, 0]
59:33:02:405:0.463768 out [490, 213642, 213643, 214382, 52, 56, 53, 3, 0]
59:34:03:771:0.0405121 out [491, 213974, 213975, 214444, 46, 53, 57, 4, 0]
59:48:44:395:0.53125 out [492, 214665, 214666, 215324, 51, 62, 58, 1, 0]
59:51:39:849:0.670959 out [493, 214911, 214912, 215500, 49, 35, 51, 2, 0]
59:54:13:730:0.657173 out [495, 215184, 215185, 215654, 40, 46, 58, 4, 0]
59:57:03:872:0.124268 out [494, 215173, 215174, 215824, 53, 34, 48, 3, 0]
60:00:04:240:0.130974 out [497, 215538, 215539, 216004, 44, 42, 45, 2, 0]
60:01:49:964:0.245392 out [496, 215460, 215461, 216110, 55, 60, 49, 1, 0]
60:04:57:506:0.937172 out [498, 215557, 215654, 216298, 61, 54, 55, 4, 0]
60:05:26:690:0.957214 out [499, 215761, 215824, 216327, 50, 39, 47, 3, 0]
60:11:20:365:0.579201 out [500, 215858, 216000, 216680, 42, 56, 44, 9, 0]
60:12:34:924:0.803329 out [501, 216066, 216067, 216755, 43, 53, 59, 2, 0]
60:15:46:185:0.379578 out [502, 216177, 216178, 216946, 53, 62, 49, 1, 0]
60:17:17:681:0.988312 out [504, 216387, 216388, 217038, 49, 41, 51, 4, 0]
60:18:56:759:0.179665 out [503, 216368, 216369, 217137, 52, 47, 52, 3, 0]
60:21:32:967:0.471268 out [506, 216399, 216755, 217293, 45, 43, 42, 2, 0]
60:23:56:732:0.308533 out [507, 216424, 216946, 217437, 41, 43, 44, 1, 0]
60:26:53:894:0.174721 out [505, 216388, 216680, 217614, 55, 38, 48, 9, 0]
60:30:05:455:0.885078 out [508, 216492, 217038, 217805, 54, 51, 48, 4, 0]
60:33:31:051:0.988747 out [509, 216588, 217137, 218011, 56, 44, 41, 3, 0]
60:33:36:347:0.357491 out [510, 216755, 217293, 218016, 56, 44, 52, 2, 0]
60:36:08:319:0.944122 out [511, 216954, 217437, 218168, 55, 45, 46, 1, 0]
60:38:10:206:0.347206 out [512, 216961, 217614, 218290, 43, 50, 50, 9, 0]
60:42:23:544:0.542053 out [513, 217033, 217805, 218544, 56, 49, 44, 4, 0]
60:45:41:001:0.553825 out [515, 217227, 218016, 218741, 44, 48, 53, 2, 0]
60:46:01:493:0.984512 out [516, 217360, 218168, 218761, 45, 33, 60, 1, 0]
60:47:18:016:0.381004 out [514, 217088, 218011, 218838, 60, 48, 48, 3, 0]
60:50:22:793:0.905548 out [517, 217374, 218290, 219023, 52, 44, 42, 9, 0]
60:54:14:515:0.129379 out [518, 217636, 218544, 219255, 46, 43, 44, 4, 0]
60:57:40:233:0.962898 out [519, 217675, 218741, 219460, 55, 57, 42, 2, 0]
60:58:44:216:0.402344 out [521, 217744, 218838, 219524, 44, 52, 43, 3, 0]
60:59:02:683:0.600311 out [520, 217732, 218761, 219543, 46, 43, 59, 1, 0]
61:01:09:153:0.62442 out [522, 217788, 219023, 219669, 51, 51, 48, 9, 0]
61:05:30:680:0.134659 out [523, 217795, 219255, 219931, 46, 54, 41, 4, 0]
61:06:47:313:0.170868 out [524, 217984, 219460, 220007, 44, 58, 51, 2, 0]
61:11:30:811:0.68409 out [527, 218364, 219669, 220291, 38, 45, 49, 9, 0]
61:12:54:402:0.110535 out [526, 218348, 219543, 220374, 46, 51, 43, 1, 0]
61:14:33:597:0.80014 out [525, 218192, 219524, 220474, 55, 50, 62, 3, 0]
61:15:57:551:0.0731049 out [529, 218421, 220007, 220558, 42, 41, 60, 2, 0]
61:17:21:975:0.944954 out [528, 218389, 219931, 220642, 53, 39, 53, 4, 0]
61:23:22:584:0.238487 out [532, 218551, 220474, 221003, 43, 43, 58, 3, 0]
61:23:37:568:0.697006 out [531, 218539, 220374, 221018, 47, 57, 58, 1, 0]
61:25:57:550:0.802261 out [530, 218488, 220291, 221158, 66, 44, 52, 9, 0]
61:31:21:077:0.120407 out [533, 218704, 220558, 221481, 52, 49, 38, 2, 0]
61:32:35:138:0.770134 out [534, 218749, 220642, 221555, 53, 41, 51, 4, 0]
61:34:18:072:0.13269 out [536, 218857, 221018, 221658, 41, 53, 50, 1, 0]
61:36:02:451:0.849968 out [535, 218756, 221003, 221762, 56, 55, 38, 3, 0]
61:36:03:973:0.932846 out [537, 218862, 221158, 221764, 43, 43, 44, 9, 0]
61:43:02:812:0.812027 out [538, 218877, 221481, 222183, 54, 53, 52, 2, 0]
61:44:57:157:0.891853 out [539, 218884, 221555, 222297, 46, 55, 59, 4, 0]
61:47:19:763:0.96714 out [541, 218945, 221762, 222440, 43, 47, 59, 3, 0]
61:47:24:628:0.895935 out [540, 218885, 221658, 222445, 46, 51, 48, 1, 0]
61:49:15:680:0.0891724 out [542, 219041, 221764, 222556, 58, 56, 49, 9, 0]
61:52:05:416:0.385826 out [544, 219214, 222297, 222725, 37, 58, 44, 4, 0]
61:55:55:332:0.67952 out [543, 219064, 222183, 222955, 49, 43, 61, 2, 0]
61:59:18:765:0.373405 out [545, 219233, 222440, 223159, 57, 41, 49, 3, 0]
61:59:25:099:0.820862 out [546, 219329, 222445, 223165, 50, 49, 49, 1, 0]
62:01:22:093:0.246231 out [547, 219331, 222556, 223282, 44, 57, 45, 9, 0]
62:03:43:719:0.625244 out [548, 219343, 222725, 223424, 47, 57, 44, 4, 0]
62:07:23:891:0.0191879 out [549, 219537, 222955, 223644, 48, 55, 60, 2, 0]
62:10:06:605:0.227791 out [552, 219620, 223282, 223807, 35, 47, 52, 9, 0]
62:12:16:369:0.273911 out [550, 219539, 223159, 223936, 51, 45, 53, 3, 0]
62:13:33:123:0.704277 out [551, 219568, 223165, 224013, 65, 50, 43, 1, 0]
62:14:56:629:0.28804 out [553, 219675, 223424, 224097, 48, 53, 42, 4, 0]
62:19:52:858:0.0683823 out [555, 219749, 223807, 224393, 45, 60, 50, 9, 0]
62:21:17:162:0.15316 out [554, 219706, 223644, 224477, 46, 59, 46, 2, 0]
62:21:38:457:0.194649 out [556, 219827, 223936, 224498, 47, 58, 51, 3, 0]
62:25:06:956:0.978714 out [558, 219944, 224097, 224707, 37, 47, 38, 4, 0]
62:25:20:067:0.123329 out [557, 219868, 224013, 224720, 48, 44, 49, 1, 0]
62:30:24:636:0.631477 out [559, 220082, 224393, 225025, 46, 53, 66, 9, 0]
62:33:37:482:0.854355 out [560, 220121, 224477, 225217, 49, 58, 53, 2, 0]
62:33:54:030:0.764091 out [562, 220200, 224707, 225234, 44, 55, 45, 4, 0]
62:37:25:176:0.985252 out [563, 220288, 224720, 225445, 45, 46, 51, 1, 0]
62:38:15:565:0.0576706 out [561, 220146, 224498, 225496, 64, 49, 53, 3, 0]
62:41:16:009:0.91732 out [564, 220515, 225025, 225676, 46, 50, 48, 9, 0]
62:44:49:822:0.357239 out [565, 220560, 225217, 225890, 46, 47, 54, 2, 0]
62:46:42:371:0.811928 out [566, 220607, 225234, 226002, 41, 65, 45, 4, 0]
62:48:01:255:0.355896 out [567, 220647, 225445, 226081, 48, 54, 46, 1, 0]
62:52:53:973:0.831642 out [568, 220664, 225496, 226374, 55, 58, 62, 3, 0]
62:53:18:257:0.121696 out [569, 220668, 225676, 226398, 44, 49, 47, 9, 0]
62:58:47:264:0.677658 out [570, 220717, 225890, 226727, 54, 54, 44, 2, 0]
63:00:10:579:0.522743 out [571, 220838, 226002, 226811, 47, 46, 41, 4, 0]
63:00:39:947:0.933807 out [572, 220982, 226081, 226840, 57, 59, 44, 1, 0]
63:05:09:684:0.0143814 out [573, 221042, 226374, 227110, 50, 46, 46, 3, 0]
63:06:22:679:0.226128 out [574, 221055, 226398, 227183, 45, 51, 52, 9, 0]
63:10:45:721:0.752373 out [576, 221223, 226811, 227446, 46, 39, 47, 4, 0]
63:12:43:610:0.87915 out [575, 221202, 226727, 227564, 57, 43, 55, 2, 0]
63:14:37:328:0.432289 out [577, 221252, 226840, 227677, 56, 43, 38, 1, 0]
63:18:20:490:0.0871658 out [578, 221257, 227110, 227900, 55, 55, 47, 3, 0]
63:22:13:179:0.929535 out [579, 221368, 227183, 228133, 58, 43, 42, 9, 0]
63:23:43:115:0.420143 out [580, 221448, 227446, 228223, 55, 51, 55, 4, 0]
63:23:54:760:0.704796 out [582, 221510, 227677, 228235, 35, 52, 41, 1, 0]
63:27:25:038:0.272659 out [581, 221506, 227564, 228445, 54, 60, 48, 2, 0]
63:31:13:794:0.185844 out [583, 221623, 227900, 228674, 47, 51, 54, 3, 0]
63:34:42:065:0.639847 out [584, 221632, 228133, 228882, 48, 47, 55, 9, 0]
63:37:34:976:0.93383 out [585, 221644, 228223, 229055, 52, 60, 59, 4, 0]
63:39:13:810:0.368889 out [586, 221688, 228235, 229154, 62, 57, 45, 1, 0]
63:42:27:075:0.977127 out [588, 221714, 228674, 229347, 43, 44, 48, 3, 0]
63:43:24:504:0.845016 out [587, 221700, 228445, 229405, 68, 44, 49, 2, 0]
63:48:22:888:0.0366745 out [591, 221972, 229154, 229703, 39, 49, 48, 1, 0]
63:49:16:049:0.367851 out [590, 221833, 229055, 229756, 45, 53, 47, 4, 0]
63:50:39:375:0.245995 out [589, 221765, 228882, 229839, 63, 48, 55, 9, 0]
63:55:43:942:0.880981 out [592, 221982, 229347, 230144, 42, 57, 46, 3, 0]
63:59:33:174:0.241562 out [595, 222103, 229756, 230373, 41, 51, 49, 4, 0]
64:00:12:585:0.692352 out [593, 222012, 229405, 230413, 68, 57, 59, 2, 0]
64:00:21:376:0.846809 out [594, 222087, 229703, 230421, 55, 51, 56, 1, 0]
64:03:54:685:0.890694 out [596, 222154, 229839, 230635, 51, 49, 50, 9, 0]
64:06:40:686:0.499542 out [597, 222245, 230144, 230801, 46, 52, 59, 3, 0]
64:12:50:562:0.55159 out [598, 222277, 230373, 231171, 56, 58, 55, 4, 0]
64:13:00:717:0.316719 out [600, 222290, 230421, 231181, 48, 40, 54, 1, 0]
64:13:17:941:0.090126 out [599, 222281, 230413, 231198, 53, 41, 51, 2, 0]
64:17:59:083:0.924789 out [602, 222371, 230801, 231479, 38, 39, 53, 3, 0]
64:19:02:569:0.0537415 out [601, 222321, 230635, 231543, 48, 56, 49, 9, 0]
64:24:44:010:0.365173 out [604, 222474, 231181, 231884, 55, 48, 48, 1, 0]
64:26:12:120:0.755836 out [603, 222380, 231171, 231972, 49, 58, 51, 4, 0]
64:26:19:863:0.28611 out [605, 222477, 231198, 231980, 52, 54, 46, 2, 0]
64:33:12:904:0.787704 out [607, 222613, 231543, 232393, 61, 41, 53, 9, 0]
64:34:28:744:0.722458 out [606, 222538, 231479, 232469, 58, 44, 51, 3, 0]
64:38:37:110:0.662697 out [609, 222725, 231972, 232717, 45, 55, 40, 4, 0]
64:39:05:462:0.527512 out [608, 222721, 231884, 232745, 57, 46, 51, 1, 0]
64:39:14:448:0.0940552 out [610, 222748, 231980, 232754, 48, 49, 39, 2, 0]
64:42:20:933:0.35025 out [612, 222954, 232469, 232941, 40, 51, 44, 3, 0]
64:45:12:401:0.933907 out [611, 222812, 232393, 233112, 55, 50, 50, 9, 0]
64:49:14:951:0.739143 out [613, 222956, 232717, 233355, 42, 52, 48, 4, 0]
64:51:44:345:0.0678101 out [614, 222994, 232745, 233504, 48, 57, 54, 1, 0]
64:52:19:664:0.367912 out [615, 223108, 232754, 233540, 42, 58, 46, 2, 0]
64:55:19:003:0.43251 out [616, 223171, 232941, 233719, 48, 40, 67, 3, 0]
64:57:05:711:0.571526 out [617, 223345, 233112, 233826, 47, 50, 48, 9, 0]
65:01:04:787:0.918472 out [618, 223371, 233355, 234065, 48, 57, 51, 4, 0]
65:03:15:338:0.207626 out [619, 223404, 233504, 234195, 60, 54, 51, 1, 0]
65:03:30:487:0.66024 out [620, 223406, 233540, 234210, 45, 45, 57, 2, 0]
65:08:08:900:0.69754 out [621, 223537, 233719, 234489, 57, 49, 60, 3, 0]
65:10:05:117:0.680527 out [623, 223661, 234065, 234605, 36, 59, 50, 4, 0]
65:10:13:036:0.198044 out [622, 223619, 233826, 234613, 50, 51, 48, 9, 0]
65:12:04:364:0.908195 out [624, 223754, 234195, 234724, 40, 46, 40, 1, 0]
65:16:34:941:0.615486 out [625, 223764, 234210, 234995, 51, 53, 50, 2, 0]
65:21:26:448:0.627045 out [627, 223833, 234605, 235286, 50, 38, 46, 4, 0]
65:22:34:948:0.727036 out [626, 223798, 234489, 235355, 49, 51, 46, 3, 0]
65:22:44:765:0.0365601 out [628, 224021, 234613, 235365, 55, 43, 58, 9, 0]
65:26:35:395:0.322372 out [629, 224028, 234724, 235595, 55, 44, 39, 1, 0]
65:30:34:014:0.236427 out [630, 224035, 234995, 235834, 45, 58, 50, 2, 0]
65:34:18:196:0.941902 out [633, 224213, 235365, 236058, 49, 39, 54, 9, 0]
65:35:00:449:0.467636 out [632, 224115, 235355, 236100, 56, 57, 44, 3, 0]
65:37:19:955:0.984238 out [631, 224036, 235286, 236240, 56, 51, 61, 4, 0]
65:38:57:449:0.043396 out [634, 224332, 235595, 236337, 54, 48, 54, 1, 0]
65:40:18:782:0.589485 out [635, 224349, 235834, 236419, 38, 61, 48, 2, 0]
65:48:37:023:0.261192 out [636, 224441, 236058, 236917, 63, 49, 69, 9, 0]
65:49:39:828:0.58725 out [638, 224667, 236240, 236980, 49, 56, 57, 4, 0]
65:51:31:091:0.888 out [637, 224515, 236100, 237091, 64, 53, 46, 3, 0]
65:53:02:360:0.904816 out [640, 224711, 236419, 237182, 53, 37, 65, 2, 0]
65:53:40:760:0.150627 out [639, 224672, 236337, 237221, 59, 46, 57, 1, 0]
65:59:14:982:0.110695 out [641, 224749, 236917, 237555, 48, 47, 49, 9, 0]
66:01:18:225:0.824074 out [644, 225005, 237182, 237678, 37, 47, 51, 2, 0]
66:01:23:243:0.617325 out [642, 224848, 236980, 237683, 46, 55, 61, 4, 0]
66:05:37:279:0.661301 out [643, 224924, 237091, 237937, 58, 45, 44, 3, 0]
66:06:03:681:0.453972 out [645, 225006, 237221, 237964, 49, 47, 52, 1, 0]
66:09:34:709:0.64418 out [648, 225180, 237683, 238175, 47, 64, 46, 4, 0]
66:12:12:286:0.192207 out [646, 225021, 237555, 238332, 47, 42, 54, 9, 0]
66:12:13:085:0.224419 out [647, 225033, 237678, 238333, 55, 50, 47, 2, 0]
66:15:32:773:0.895935 out [649, 225235, 237937, 238533, 51, 41, 56, 3, 0]
66:18:36:109:0.686714 out [650, 225329, 237964, 238716, 55, 60, 46, 1, 0]
66:21:15:580:0.0136871 out [651, 225419, 238175, 238876, 59, 50, 39, 4, 0]
66:24:03:686:0.200958 out [652, 225456, 238333, 239044, 62, 55, 44, 2, 0]
66:27:03:761:0.113434 out [653, 225498, 238533, 239224, 58, 60, 39, 3, 0]
66:28:23:830:0.598289 out [654, 225552, 238716, 239304, 51, 49, 52, 1, 0]
66:30:53:222:0.107895 out [655, 225705, 238876, 239453, 46, 61, 46, 4, 0]
66:33:30:612:0.131531 out [656, 225719, 239044, 239611, 55, 42, 56, 2, 0]
66:37:07:836:0.192947 out [657, 225725, 239224, 239828, 56, 53, 64, 3, 0]
66:38:53:550:0.923355 out [658, 225739, 239304, 239934, 51, 38, 55, 1, 0]
66:44:18:326:0.4366 out [659, 225942, 239453, 240258, 59, 55, 58, 4, 0]
66:44:53:413:0.540848 out [660, 225947, 239611, 240293, 53, 52, 39, 2, 0]
66:48:31:643:0.124039 out [661, 225965, 239828, 240512, 48, 56, 52, 3, 0]
66:49:32:073:0.113998 out [662, 225977, 239934, 240572, 49, 50, 47, 1, 0]
66:54:39:583:0.37117 out [665, 226188, 240512, 240880, 38, 60, 42, 3, 0]
66:55:10:513:0.0182114 out [664, 226112, 240293, 240911, 47, 52, 44, 2, 0]
66:56:13:503:0.539238 out [663, 226000, 240258, 240974, 57, 39, 31, 4, 0]
66:58:36:415:0.506516 out [666, 226226, 240572, 241116, 45, 40, 45, 1, 0]
67:04:03:510:0.0627747 out [667, 226272, 240880, 241444, 48, 38, 40, 3, 0]
67:04:45:985:0.557304 out [669, 226419, 240974, 241486, 51, 56, 45, 4, 0]
67:07:57:523:0.611221 out [668, 226335, 240911, 241678, 63, 54, 58, 2, 0]
67:08:09:542:0.111145 out [670, 226509, 241116, 241690, 58, 41, 47, 1, 0]
67:12:20:937:0.629852 out [671, 226562, 241444, 241941, 48, 54, 48, 3, 0]
67:17:47:968:0.360245 out [672, 226592, 241486, 242268, 55, 57, 59, 4, 0]
67:19:14:050:0.531685 out [674, 227048, 241690, 242354, 60, 56, 66, 1, 0]
67:19:40:917:0.153107 out [673, 226739, 241678, 242381, 65, 57, 47, 2, 0]
67:21:25:213:0.685738 out [675, 227205, 241941, 242485, 52, 46, 55, 3, 0]
67:27:14:534:0.338844 out [677, 227336, 242354, 242835, 45, 61, 59, 1, 0]
67:28:52:809:0.254944 out [678, 227344, 242381, 242933, 45, 50, 52, 2, 0]
67:30:27:900:0.598419 out [676, 227240, 242268, 243028, 61, 48, 38, 4, 0]
67:33:13:447:0.67028 out [679, 227411, 242485, 243193, 47, 51, 59, 3, 0]
67:36:09:217:0.31707 out [680, 227480, 242835, 243369, 40, 57, 45, 1, 0]
67:37:48:370:0.468033 out [681, 227490, 242933, 243468, 47, 47, 54, 2, 0]
67:39:45:481:0.934036 out [682, 227560, 243028, 243585, 43, 43, 44, 4, 0]
67:43:07:764:0.639748 out [683, 227621, 243193, 243788, 44, 49, 51, 3, 0]
67:46:20:530:0.975784 out [685, 227666, 243468, 243981, 34, 50, 46, 2, 0]
67:49:08:688:0.416519 out [686, 227698, 243585, 244149, 48, 49, 60, 4, 0]
67:49:48:657:0.144585 out [684, 227647, 243369, 244189, 62, 57, 46, 1, 0]
67:55:29:797:0.623123 out [687, 227751, 243788, 244530, 63, 42, 41, 3, 0]
67:57:34:304:0.785767 out [688, 227818, 243981, 244654, 58, 43, 41, 2, 0]
67:59:14:930:0.333725 out [689, 228057, 244149, 244755, 49, 44, 55, 4, 0]
67:59:15:986:0.866585 out [690, 228131, 244189, 244756, 50, 44, 43, 1, 0]
68:05:28:144:0.506088 out [692, 228253, 244654, 245128, 40, 46, 51, 2, 0]
68:05:48:851:0.00654602 out [691, 228198, 244530, 245149, 50, 45, 52, 3, 0]
68:08:36:673:0.335258 out [693, 228259, 244755, 245317, 53, 48, 51, 4, 0]
68:10:18:528:0.534119 out [694, 228259, 244756, 245419, 55, 48, 47, 1, 0]
68:12:51:180:0.588356 out [696, 228544, 245149, 245571, 36, 54, 53, 3, 0]
68:14:41:970:0.82061 out [695, 228423, 245128, 245682, 50, 65, 42, 2, 0]
68:18:36:609:0.808701 out [698, 228768, 245419, 245917, 49, 48, 44, 1, 0]
68:19:54:573:0.871391 out [697, 228716, 245317, 245995, 52, 50, 43, 4, 0]
68:21:15:818:0.991844 out [699, 228883, 245571, 246076, 44, 53, 55, 3, 0]
68:23:29:061:0.445015 out [700, 228897, 245682, 246209, 42, 58, 52, 2, 0]
68:29:25:576:0.267021 out [703, 229051, 246076, 246566, 42, 51, 51, 3, 0]
68:29:29:651:0.774734 out [701, 228919, 245917, 246570, 62, 54, 51, 1, 0]
68:29:45:827:0.263206 out [702, 228925, 245995, 246586, 51, 46, 40, 4, 0]
68:31:21:423:0.466057 out [704, 229055, 246209, 246681, 40, 46, 39, 2, 0]
68:37:12:329:0.347534 out [707, 229242, 246586, 247032, 39, 41, 47, 4, 0]
68:39:25:837:0.192459 out [706, 229090, 246570, 247166, 54, 53, 54, 1, 0]
68:41:11:670:0.573563 out [705, 229089, 246566, 247272, 60, 61, 52, 3, 0]
68:41:20:751:0.940651 out [708, 229488, 246681, 247281, 51, 52, 47, 2, 0]
68:46:52:757:0.629868 out [709, 229599, 247032, 247613, 44, 38, 49, 4, 0]
68:47:27:436:0.0899887 out [710, 229722, 247166, 247647, 42, 53, 49, 1, 0]
68:48:18:361:0.0839081 out [711, 229855, 247272, 247698, 46, 49, 40, 3, 0]
68:49:49:148:0.492332 out [712, 229870, 247281, 247789, 41, 53, 58, 2, 0]
68:56:12:867:0.64724 out [714, 230114, 247647, 248173, 50, 38, 48, 1, 0]
68:57:53:271:0.410057 out [716, 230285, 247789, 248273, 42, 45, 54, 2, 0]
68:59:32:671:0.662399 out [713, 230103, 247613, 248373, 51, 61, 49, 4, 0]
69:00:25:526:0.495453 out [715, 230146, 247698, 248426, 53, 46, 57, 3, 0]
69:05:15:871:0.298454 out [717, 230342, 248173, 248716, 42, 64, 50, 1, 0]
69:07:02:167:0.698524 out [718, 230449, 248273, 248822, 46, 70, 43, 2, 0]
69:08:06:026:0.132248 out [719, 230694, 248373, 248886, 42, 45, 55, 4, 0]
81:11:53:544:0.262482 out [720, 230801, 291600, 292314, 50, 52, 55, 4, 0]
81:20:59:050:0.818588 out [721, 230895, 292314, 292859, 54, 55, 47, 4, 0]
81:30:34:087:0.766388 out [722, 230973, 292859, 293434, 46, 49, 64, 4, 0]
81:36:26:689:0.377121 out [723, 231073, 293434, 293787, 37, 60, 56, 4, 0]
81:48:56:170:0.240288 out [724, 231129, 293787, 294536, 57, 51, 63, 4, 0]
82:00:09:729:0.366737 out [725, 231385, 294536, 295210, 52, 48, 50, 4, 0]
82:12:05:468:0.323738 out [726, 231465, 295210, 295925, 59, 52, 55, 4, 0]
82:22:13:909:0.101112 out [727, 231549, 295925, 296534, 46, 58, 59, 4, 0]
82:31:21:956:0.670937 out [728, 231605, 296534, 297082, 50, 47, 51, 4, 0]
82:41:56:884:0.245644 out [729, 231607, 297082, 297717, 45, 46, 52, 4, 0]
82:52:44:941:0.251122 out [730, 231718, 297717, 298365, 53, 43, 52, 4, 0]
83:00:11:799:0.638664 out [731, 231902, 298365, 298812, 40, 50, 52, 4, 0]
83:13:09:509:0.611595 out [732, 232081, 298812, 299590, 61, 46, 64, 4, 0]
83:24:10:540:0.00383759 out [733, 232113, 299590, 300251, 42, 59, 33, 4, 0]
83:35:32:287:0.969246 out [734, 232172, 300251, 300932, 60, 53, 47, 4, 0]
83:43:58:927:0.345482 out [735, 232406, 300932, 301439, 43, 55, 46, 4, 0]
83:58:25:297:0.952454 out [736, 232451, 301439, 302305, 67, 57, 56, 4, 0]
84:10:47:931:0.169861 out [737, 232544, 302305, 303048, 64, 53, 53, 4, 0]
84:15:13:323:0.704315 out [738, 232819, 302400, 303313, 58, 54, 57, 9, 0]
84:25:51:350:0.226349 out [739, 232821, 303048, 303951, 52, 55, 56, 4, 0]
84:28:59:403:0.975632 out [740, 232962, 303313, 304139, 57, 42, 44, 9, 0]
84:42:40:918:0.584564 out [742, 233190, 304139, 304961, 52, 75, 48, 9, 0]
84:43:28:696:0.633835 out [741, 233016, 303951, 305009, 59, 58, 52, 4, 0]
84:56:35:064:0.397903 out [744, 233331, 305009, 305795, 59, 48, 52, 4, 0]
85:02:10:029:0.992393 out [743, 233232, 304961, 306130, 73, 38, 44, 9, 0]
85:09:30:462:0.989494 out [745, 233335, 305795, 306570, 48, 43, 50, 4, 0]
85:10:51:353:0.605156 out [746, 233364, 306130, 306651, 37, 36, 51, 9, 0]
85:20:46:736:0.402748 out [747, 233382, 306570, 307247, 45, 57, 44, 4, 0]
85:22:34:697:0.282272 out [748, 233467, 306651, 307355, 51, 46, 52, 9, 0]
85:35:32:971:0.151382 out [750, 233911, 307355, 308133, 54, 42, 50, 9, 0]
85:35:51:171:0.391319 out [749, 233593, 307247, 308151, 61, 53, 47, 4, 0]
85:46:13:332:0.933807 out [752, 234260, 308151, 308773, 48, 43, 38, 4, 0]
85:48:37:055:0.376633 out [751, 234061, 308133, 308917, 49, 37, 40, 9, 0]
85:55:38:820:0.816971 out [753, 234281, 308773, 309339, 35, 54, 53, 4, 0]
85:58:07:909:0.322914 out [754, 234456, 308917, 309488, 35, 62, 42, 9, 0]
86:06:04:325:0.830032 out [755, 234491, 309339, 309964, 51, 46, 53, 4, 0]
86:10:27:362:0.808952 out [756, 234562, 309488, 310227, 50, 61, 61, 9, 0]
86:21:28:573:0.761307 out [758, 234701, 310227, 310889, 43, 45, 59, 9, 0]
86:22:05:367:0.187622 out [757, 234618, 309964, 310925, 65, 53, 44, 4, 0]
86:33:11:503:0.526604 out [759, 234763, 310889, 311592, 50, 55, 50, 9, 0]
86:35:20:111:0.622528 out [760, 234802, 310925, 311720, 47, 48, 43, 4, 0]
86:42:41:041:0.0847549 out [761, 234984, 311592, 312161, 39, 61, 44, 9, 0]
86:48:17:898:0.884087 out [762, 235077, 311720, 312498, 61, 44, 41, 4, 0]
86:56:17:707:0.072319 out [763, 235087, 312161, 312978, 56, 58, 50, 9, 0]
87:00:53:296:0.962601 out [764, 235521, 312498, 313253, 50, 54, 46, 4, 0]
87:07:48:859:0.00272369 out [765, 235674, 312978, 313669, 56, 42, 50, 9, 0]
87:16:43:688:0.546593 out [766, 235953, 313253, 314204, 59, 51, 56, 4, 0]
87:19:05:246:0.916023 out [767, 236068, 313669, 314345, 51, 50, 55, 9, 0]
87:26:56:560:0.52018 out [768, 236138, 314204, 314817, 43, 38, 66, 4, 0]
87:30:53:448:0.540489 out [769, 236561, 314345, 315053, 52, 52, 58, 9, 0]
87:40:23:254:0.0200882 out [771, 236919, 315053, 315623, 47, 38, 49, 9, 0]
87:40:47:480:0.336746 out [770, 236714, 314817, 315647, 52, 44, 50, 4, 0]
87:51:32:412:0.762794 out [773, 237070, 315647, 316292, 47, 44, 41, 4, 0]
87:55:34:327:0.651924 out [772, 236930, 315623, 316534, 57, 56, 43, 9, 0]
88:07:24:445:0.777641 out [774, 237281, 316292, 317244, 55, 54, 62, 4, 0]
88:07:29:510:0.829468 out [775, 237601, 316534, 317250, 57, 49, 44, 9, 0]
88:18:41:207:0.269966 out [776, 237756, 317244, 317921, 42, 59, 42, 4, 0]
88:21:27:577:0.642532 out [777, 238110, 317250, 318088, 60, 40, 60, 9, 0]
88:30:23:251:0.370323 out [778, 238342, 317921, 318623, 46, 55, 65, 4, 0]
88:35:06:464:0.266464 out [779, 240355, 318088, 318906, 55, 52, 63, 9, 0]
88:44:13:175:0.166573 out [780, 241701, 318623, 319453, 57, 50, 50, 4, 0]
88:46:19:259:0.0687256 out [781, 243167, 318906, 319579, 49, 46, 44, 9, 0]
88:55:05:822:0.506943 out [782, 243214, 319453, 320106, 46, 50, 46, 4, 0]
89:03:47:162:0.685226 out [783, 243642, 319579, 320627, 59, 45, 55, 9, 0]
89:08:04:397:0.240273 out [784, 244277, 320106, 320884, 50, 50, 54, 4, 0]
89:20:55:597:0.877884 out [785, 292026, 320627, 321656, 59, 52, 46, 9, 0]
89:21:26:927:0.724068 out [786, 294216, 320884, 321687, 46, 57, 44, 4, 0]
89:32:27:883:0.496262 out [787, 295012, 321656, 322348, 48, 36, 50, 9, 0]
89:34:53:240:0.0882416 out [788, 295813, 321687, 322493, 47, 39, 48, 4, 0]
89:43:21:912:0.751724 out [789, 296272, 322348, 323002, 51, 53, 41, 9, 0]
89:45:35:804:0.448456 out [790, 297564, 322493, 323136, 41, 60, 49, 4, 0]
89:54:26:047:0.790649 out [791, 298015, 323002, 323666, 44, 46, 67, 9, 0]
89:55:30:453:0.795357 out [792, 298131, 323136, 323730, 40, 50, 61, 4, 0]
90:05:58:604:0.935364 out [793, 298224, 323666, 324359, 53, 50, 54, 9, 0]
90:09:01:048:0.775192 out [794, 298425, 323730, 324541, 51, 47, 48, 4, 0]
90:17:05:127:0.307007 out [795, 299186, 324541, 325025, 44, 38, 52, 4, 0]
90:27:27:256:0.238602 out [796, 299510, 325025, 325647, 54, 48, 54, 4, 0]
90:37:56:177:0.945351 out [797, 299987, 325647, 326276, 47, 49, 47, 4, 0]
90:47:32:099:0.649239 out [798, 300177, 326276, 326852, 48, 38, 43, 4, 0]
91:02:03:275:0.923134 out [799, 300604, 326852, 327723, 60, 54, 50, 4, 0]
91:10:32:018:0.880798 out [800, 300637, 327723, 328232, 43, 43, 45, 4, 0]
91:20:37:581:0.129578 out [801, 300742, 328232, 328838, 52, 44, 46, 4, 0]
91:29:22:050:0.484756 out [802, 300963, 328838, 329362, 44, 53, 49, 4, 0]
91:38:17:497:0.47818 out [803, 300978, 329362, 329897, 46, 66, 38, 4, 0]
91:48:55:525:0.366074 out [804, 301165, 329897, 330536, 44, 54, 57, 4, 0]
91:58:14:265:0.54187 out [805, 301191, 330536, 331094, 44, 46, 55, 4, 0]
92:06:49:342:0.292221 out [806, 301618, 331094, 331609, 47, 44, 64, 4, 0]
92:17:26:836:0.352333 out [807, 301844, 331609, 332247, 44, 53, 47, 4, 0]
92:29:57:464:0.21772 out [808, 301894, 332247, 332997, 53, 59, 51, 4, 0]
92:40:33:226:0.10582 out [809, 301950, 332997, 333633, 47, 44, 57, 4, 0]
92:50:27:694:0.531166 out [810, 301966, 333633, 334228, 48, 51, 54, 4, 0]
93:00:53:019:0.90155 out [811, 302151, 334228, 334853, 44, 40, 56, 4, 0]
