09:24:43:795:0.115067 out [0, 33361.1, 33362.2, 33883.8, 44, 49, 49, 1, 0]
09:31:54:109:0.592987 out [1, 33795.8, 33796.8, 34314.1, 43, 44, 44, 2, 0]
10:04:08:629:0.553391 out [2, 35665.8, 35666.8, 36248.6, 42, 49, 49, 1, 0]
10:04:23:297:0.152115 out [3, 35681.7, 35682.7, 36263.3, 46, 54, 49, 2, 0]
10:15:15:395:0.617081 out [4, 36115.5, 36116.5, 36915.4, 68, 47, 52, 3, 0]
10:16:58:973:0.949982 out [5, 36402.4, 36403.4, 37019, 53, 59, 38, 1, 0]
10:40:05:227:0.44043 out [7, 37756.9, 37757.9, 38405.2, 44, 50, 47, 2, 0]
10:40:56:232:0.15921 out [6, 37657.5, 37658.5, 38456.2, 59, 51, 38, 1, 0]
10:46:29:088:0.92305 out [8, 38296.4, 38297.4, 38789.1, 47, 54, 34, 3, 0]
11:01:17:421:0.54081 out [9, 39279.2, 39280.2, 39677.4, 38, 51, 47, 1, 0]
11:09:03:657:0.654358 out [10, 39567, 39568, 40143.7, 53, 39, 51, 2, 0]
11:10:43:942:0.925049 out [11, 39576.3, 39577.3, 40243.9, 54, 47, 64, 3, 0]
11:11:25:600:0.943161 out [12, 39600.8, 39601.8, 40285.6, 61, 51, 44, 4, 0]
11:16:41:321:0.323944 out [13, 39943.2, 39944.2, 40601.3, 51, 69, 50, 1, 0]
11:20:14:863:0.344742 out [15, 40276.2, 40277.2, 40814.9, 45, 43, 42, 2, 0]
11:28:55:626:0.688553 out [16, 40715.3, 40716.3, 41335.6, 38, 51, 51, 1, 0]
11:33:02:493:0.33532 out [14, 40081.3, 40082.3, 41582.5, 48, 47, 37, 5, 0]
11:35:35:359:0.737946 out [17, 41050.2, 41051.2, 41735.4, 39, 54, 38, 2, 0]
11:41:32:896:0.403862 out [18, 41497.5, 41498.5, 42092.9, 50, 57, 45, 1, 0]
11:45:42:870:0.504929 out [19, 41678.5, 41679.5, 42342.9, 56, 63, 56, 3, 0]
11:46:28:288:0.789345 out [20, 41887.2, 41888.2, 42388.3, 42, 41, 51, 2, 0]
11:51:35:279:0.971672 out [21, 41996.2, 41997.2, 42695.3, 51, 41, 61, 4, 0]
11:59:51:996:0.372772 out [24, 42576.6, 42577.6, 43192, 48, 54, 53, 3, 0]
12:00:20:764:0.504028 out [23, 42572.6, 42573.6, 43220.8, 53, 47, 54, 2, 0]
12:00:50:177:0.708221 out [22, 42553.2, 42554.2, 43250.2, 61, 45, 46, 1, 0]
12:04:10:442:0.347122 out [25, 42826.2, 42827.2, 43450.4, 45, 38, 45, 4, 0]
12:12:34:760:0.0675354 out [27, 43233, 43234, 43954.8, 46, 45, 34, 2, 0]
12:15:53:518:0.198563 out [28, 43324.3, 43325.3, 44153.5, 53, 67, 49, 1, 0]
12:17:30:673:0.901154 out [30, 43533.9, 43534.9, 44250.7, 55, 66, 47, 4, 0]
12:21:26:832:0.684113 out [31, 43758.8, 43759.8, 44486.8, 47, 47, 44, 5, 0]
12:22:06:705:0.706192 out [33, 43849.4, 43850.4, 44526.7, 46, 53, 48, 8, 0]
12:22:11:357:0.327057 out [29, 43467.9, 43468.9, 44531.4, 61, 46, 49, 3, 0]
12:23:12:268:0.419815 out [26, 42839.5, 42840.5, 44592.3, 55, 58, 48, 6, 0]
12:24:35:033:0.842636 out [32, 43815.6, 43816.6, 44675, 56, 52, 40, 7, 0]
12:27:18:690:0.0602112 out [35, 44242.2, 44243.3, 44838.7, 40, 46, 55, 2, 0]
12:28:19:045:0.914246 out [34, 44172, 44173, 44899, 56, 50, 46, 1, 0]
12:32:59:039:0.146973 out [36, 44480.9, 44481.9, 45179, 42, 45, 44, 4, 0]
12:36:35:034:0.163071 out [37, 44647.4, 44648.4, 45395, 56, 48, 59, 3, 0]
12:36:52:118:0.965698 out [40, 44794.2, 44795.2, 45412.1, 47, 58, 46, 7, 0]
12:37:01:822:0.612358 out [39, 44776.2, 44777.2, 45421.8, 49, 48, 42, 6, 0]
12:40:35:649:0.00262451 out [44, 45152.1, 45153.1, 45635.6, 41, 52, 54, 9, 0]
12:42:51:118:0.689133 out [38, 44774, 44775, 45771.1, 58, 55, 39, 5, 0]
12:42:57:590:0.0922546 out [42, 45016.6, 45017.6, 45777.6, 52, 62, 47, 2, 0]
12:44:19:537:0.0441208 out [41, 44973.6, 44974.6, 45859.5, 57, 46, 41, 1, 0]
12:44:20:915:0.367676 out [45, 45170.2, 45171.2, 45860.9, 47, 43, 51, 10, 0]
12:44:56:480:0.112625 out [43, 45036, 45037, 45896.5, 58, 58, 41, 8, 0]
12:47:27:293:0.509079 out [47, 45403.8, 45404.8, 46047.3, 46, 60, 59, 3, 0]
12:47:56:857:0.123924 out [46, 45351.8, 45352.8, 46076.9, 53, 53, 57, 4, 0]
12:49:08:683:0.541847 out [48, 45428.4, 45429.4, 46148.7, 54, 40, 48, 6, 0]
12:50:56:646:0.699097 out [50, 45555.2, 45635.7, 46256.6, 44, 51, 46, 9, 0]
12:52:10:105:0.604721 out [49, 45536.7, 45537.7, 46330.1, 55, 57, 57, 7, 0]
12:53:01:685:0.290482 out [54, 45734.5, 45860.9, 46381.7, 39, 62, 44, 10, 0]
12:54:20:036:0.867287 out [51, 45576.5, 45771.1, 46460, 48, 40, 44, 5, 0]
12:55:38:807:0.544853 out [52, 45595.3, 45777.6, 46538.8, 49, 58, 62, 2, 0]
12:57:54:611:0.599518 out [57, 46212.7, 46213.7, 46674.6, 34, 42, 48, 6, 0]
12:58:20:342:0.763092 out [53, 45598, 45859.5, 46700.3, 58, 39, 46, 1, 0]
12:59:18:880:0.810333 out [55, 46113.4, 46114.4, 46758.9, 41, 51, 55, 3, 0]
13:01:55:322:0.273804 out [59, 46365.3, 46366.3, 46915.3, 47, 46, 50, 8, 0]
13:02:29:196:0.609093 out [56, 46179, 46180, 46949.2, 50, 46, 54, 4, 0]
13:05:24:265:0.234543 out [61, 46427.2, 46428.2, 47124.3, 45, 58, 44, 10, 0]
13:06:25:326:0.525284 out [62, 46564.1, 46565.1, 47185.3, 42, 59, 62, 2, 0]
13:06:27:945:0.980621 out [58, 46363.7, 46364.7, 47187.9, 45, 48, 49, 7, 0]
13:07:22:317:0.317558 out [60, 46391.5, 46392.5, 47242.3, 58, 42, 49, 9, 0]
13:07:31:367:0.624832 out [63, 46575.1, 46576.1, 47251.4, 43, 47, 49, 5, 0]
13:08:12:065:0.660072 out [65, 46882, 46883, 47292.1, 50, 49, 59, 1, 3]
13:08:27:331:0.123901 out [66, 46892.3, 46893.3, 47307.3, 45, 45, 48, 3, 3]
13:11:14:540:0.497375 out [64, 46691.9, 46692.9, 47474.5, 51, 48, 52, 6, 0]
13:11:29:807:0.476593 out [67, 46950.8, 46951.8, 47489.8, 49, 60, 48, 4, 3]
13:12:59:661:0.496307 out [73, 47172.5, 47251.4, 47579.7, 45, 51, 50, 5, 3]
13:13:10:117:0.106033 out [68, 46976, 46977, 47590.1, 55, 46, 49, 8, 3]
13:13:14:737:0.492706 out [70, 47062.2, 47185.3, 47594.7, 55, 39, 51, 2, 3]
13:15:01:502:0.0391006 out [72, 47131.7, 47242.3, 47701.5, 51, 54, 67, 9, 3]
13:16:15:671:0.225693 out [71, 47079.3, 47187.9, 47775.7, 53, 56, 37, 7, 3]
13:16:45:735:0.981133 out [69, 47016.5, 47124.3, 47805.7, 64, 42, 53, 10, 3]
13:18:39:138:0.463165 out [75, 47217.8, 47307.3, 47919.1, 62, 63, 52, 3, 3]
13:18:45:109:0.110023 out [74, 47187.5, 47292.1, 47925.1, 55, 54, 54, 1, 3]
13:19:13:877:0.00476837 out [77, 47343, 47489.8, 47953.9, 52, 42, 47, 4, 3]
13:19:26:312:0.733795 out [79, 47378, 47590.1, 47966.3, 50, 42, 42, 8, 3]
13:19:35:441:0.45694 out [76, 47313, 47474.5, 47975.4, 60, 45, 49, 6, 3]
13:20:34:740:0.0872498 out [80, 47417.3, 47594.7, 48034.7, 59, 35, 46, 2, 3]
13:21:53:463:0.501671 out [81, 47441.3, 47701.5, 48113.5, 48, 49, 55, 9, 3]
13:23:21:951:0.347092 out [78, 47343.7, 47579.7, 48202, 62, 45, 54, 5, 3]
13:23:50:711:0.0888748 out [83, 47482.8, 47805.7, 48230.7, 45, 48, 52, 10, 3]
13:26:19:881:0.454208 out [82, 47482.3, 47775.7, 48379.9, 68, 47, 56, 7, 3]
13:26:21:606:0.309631 out [84, 47504.1, 47919.1, 48381.6, 47, 41, 49, 3, 3]
13:26:24:570:0.185402 out [85, 47539.7, 47925.1, 48384.6, 45, 56, 37, 1, 3]
13:26:27:114:0.308098 out [87, 47818.1, 47966.3, 48387.1, 54, 48, 38, 8, 3]
13:27:35:779:0.671959 out [89, 47868.6, 48034.7, 48455.8, 52, 58, 50, 2, 3]
13:28:33:367:0.590645 out [86, 47611.3, 47953.9, 48513.4, 50, 55, 37, 4, 3]
13:28:56:481:0.372574 out [88, 47844.8, 47975.4, 48536.5, 67, 46, 47, 6, 3]
13:30:49:141:0.443542 out [90, 47910.7, 48113.5, 48649.1, 54, 62, 52, 9, 3]
13:31:09:871:0.92469 out [92, 48132.4, 48230.7, 48669.9, 52, 43, 50, 10, 3]
13:32:10:929:0.197601 out [91, 48061.1, 48202, 48730.9, 50, 46, 46, 5, 3]
13:33:05:824:0.754051 out [96, 48272.2, 48387.1, 48785.8, 46, 49, 40, 8, 2]
13:33:35:882:0.585815 out [94, 48193.6, 48381.6, 48815.9, 44, 54, 45, 3, 2]
13:35:05:235:0.476784 out [98, 48401.8, 48513.4, 48905.2, 39, 51, 44, 4, 2]
13:35:16:761:0.977486 out [93, 48182.5, 48379.9, 48916.8, 49, 55, 45, 7, 2]
13:35:50:587:0.295418 out [97, 48284.6, 48455.8, 48950.6, 48, 44, 43, 2, 2]
13:37:03:605:0.626945 out [101, 48576.7, 48669.9, 49023.6, 38, 55, 60, 10, 2]
13:37:32:666:0.72831 out [95, 48232.4, 48384.6, 49052.7, 67, 47, 53, 1, 2]
13:38:47:582:0.531265 out [99, 48401.9, 48536.5, 49127.6, 56, 48, 47, 6, 2]
13:39:15:571:0.398621 out [100, 48523.2, 48649.1, 49155.6, 55, 47, 60, 9, 2]
13:39:44:378:0.709679 out [102, 48728.3, 48730.9, 49184.4, 47, 49, 37, 5, 2]
13:42:13:391:0.763283 out [104, 48833.1, 48834.1, 49333.4, 52, 45, 51, 3, 2]
13:42:19:021:0.39843 out [103, 48775.4, 48785.8, 49339, 43, 45, 42, 8, 2]
13:44:23:134:0.881859 out [105, 48901.3, 48905.2, 49463.1, 47, 44, 43, 4, 2]
13:46:00:055:0.363251 out [107, 49115.1, 49116.1, 49560.1, 49, 46, 49, 1, 2]
13:46:59:136:0.74057 out [106, 48904.9, 48916.8, 49619.1, 57, 52, 53, 7, 2]
13:48:17:928:0.634239 out [108, 49269.6, 49270.6, 49697.9, 51, 44, 59, 2, 2]
13:50:44:606:0.859756 out [111, 49362.2, 49363.2, 49844.6, 48, 58, 60, 6, 2]
13:51:23:574:0.616028 out [109, 49292.9, 49293.9, 49883.6, 55, 46, 55, 5, 2]
13:52:05:311:0.848236 out [110, 49344.8, 49345.9, 49925.3, 49, 53, 46, 3, 2]
13:52:41:538:0.889481 out [112, 49495.7, 49496.7, 49961.5, 46, 59, 42, 4, 2]
13:54:59:092:0.948509 out [113, 49555.2, 49556.2, 50099.1, 48, 43, 41, 8, 2]
13:57:12:186:0.386253 out [115, 49693.9, 49695.1, 50232.2, 45, 48, 47, 7, 2]
13:58:01:524:0.720741 out [114, 49693.1, 49694.1, 50281.5, 55, 46, 47, 1, 2]
13:58:33:311:0.53257 out [116, 49741, 49742, 50313.3, 50, 47, 47, 2, 2]
13:58:37:065:0.612389 out [118, 49775.5, 49776.5, 50317.1, 54, 42, 45, 10, 2]
13:58:46:139:0.116432 out [122, 49898.5, 49961.5, 50326.1, 39, 51, 47, 4, 2]
13:58:52:109:0.616829 out [117, 49746.6, 49747.6, 50332.1, 65, 40, 45, 9, 2]
13:58:54:029:0.339386 out [119, 49852.4, 49853.4, 50334, 45, 52, 63, 6, 2]
14:00:41:273:0.709442 out [121, 49866.8, 49925.3, 50441.3, 48, 60, 52, 3, 2]
14:01:05:051:0.312592 out [120, 49856.5, 49883.6, 50465.1, 53, 51, 43, 5, 2]
14:01:19:276:0.814606 out [123, 50000.3, 50099.1, 50479.3, 42, 44, 50, 8, 2]
14:04:55:208:0.447197 out [124, 50206.7, 50232.2, 50695.2, 43, 51, 44, 7, 2]
14:05:50:617:0.783691 out [126, 50249.4, 50313.3, 50750.6, 53, 45, 43, 2, 2]
14:06:58:776:0.296761 out [125, 50210.7, 50281.5, 50818.8, 56, 63, 44, 1, 2]
14:07:06:477:0.696968 out [128, 50329, 50330, 50826.5, 54, 57, 59, 4, 2]
14:07:46:571:0.320606 out [130, 50465.3, 50466.3, 50866.6, 48, 47, 47, 3, 3]
14:07:56:581:0.685139 out [129, 50419.4, 50420.4, 50876.6, 46, 50, 48, 6, 3]
14:08:39:416:0.956093 out [127, 50306, 50317.1, 50919.4, 50, 52, 38, 10, 2]
14:10:21:898:0.684097 out [132, 50562.9, 50563.9, 51021.9, 54, 63, 43, 8, 3]
14:10:33:794:0.676853 out [131, 50531.4, 50532.4, 51033.8, 45, 52, 47, 5, 3]
14:13:14:700:0.408054 out [134, 50701, 50702, 51194.7, 61, 55, 46, 7, 3]
14:13:57:557:0.337833 out [135, 50771, 50772, 51237.6, 57, 41, 47, 2, 3]
14:14:01:287:0.547661 out [136, 50839.9, 50840.9, 51241.3, 44, 69, 57, 1, 3]
14:14:05:098:0.118855 out [133, 50643.6, 50644.6, 51245.1, 50, 42, 42, 9, 3]
14:16:37:519:0.373966 out [137, 51023.9, 51024.9, 51397.5, 44, 58, 62, 3, 3]
14:17:44:057:0.685448 out [139, 51071, 51072, 51464.1, 40, 55, 49, 5, 3]
14:17:44:962:0.947918 out [138, 51026.2, 51027.2, 51465, 43, 52, 38, 4, 3]
14:18:26:621:0.0408936 out [141, 51165.5, 51166.5, 51506.6, 43, 53, 49, 8, 3]
14:19:05:329:0.321934 out [140, 51154, 51155, 51545.3, 44, 49, 51, 6, 3]
14:19:57:065:0.687729 out [143, 51238.4, 51239.4, 51597.1, 45, 45, 57, 2, 3]
14:21:29:008:0.0691109 out [144, 51283.3, 51284.3, 51689, 45, 52, 49, 1, 3]
14:23:00:675:0.68071 out [142, 51219.8, 51220.8, 51780.7, 48, 53, 49, 7, 3]
14:25:25:221:0.488548 out [145, 51372.2, 51373.2, 51925.2, 52, 52, 53, 9, 3]
14:25:49:792:0.824341 out [148, 51550.9, 51552, 51949.8, 39, 45, 46, 4, 3]
14:26:06:024:0.0574608 out [146, 51374.5, 51375.5, 51966, 65, 57, 54, 10, 3]
14:26:45:534:0.106327 out [147, 51540.6, 51541.6, 52005.5, 54, 52, 46, 3, 3]
14:28:42:647:0.776199 out [150, 51577.7, 51578.7, 52122.6, 55, 52, 48, 6, 3]
14:28:55:242:0.74881 out [152, 51780.4, 51781.4, 52135.2, 42, 46, 55, 2, 3]
14:28:58:603:0.267265 out [151, 51690.4, 51691.4, 52138.6, 51, 61, 52, 1, 3]
14:29:16:619:0.568897 out [149, 51575.5, 51576.5, 52156.6, 55, 59, 51, 5, 3]
14:31:53:901:0.794268 out [153, 51832.5, 51833.5, 52313.9, 46, 53, 42, 7, 3]
14:33:44:799:0.220515 out [154, 51928.6, 51929.6, 52424.8, 49, 44, 56, 8, 2]
14:37:03:483:0.522547 out [155, 52024.4, 52025.4, 52623.5, 55, 54, 44, 3, 2]
14:37:46:018:0.458528 out [156, 52133.9, 52134.9, 52666, 47, 50, 36, 4, 2]
14:39:06:194:0.726361 out [161, 52276.5, 52277.5, 52746.2, 40, 45, 55, 9, 2]
14:39:08:978:0.74931 out [158, 52220.2, 52221.2, 52749, 48, 51, 48, 2, 2]
14:39:20:972:0.9823 out [159, 52236.5, 52237.5, 52761, 52, 47, 52, 5, 2]
14:40:37:559:0.852777 out [157, 52184, 52185, 52837.6, 52, 49, 42, 1, 2]
14:42:25:079:0.964889 out [162, 52420.6, 52421.6, 52945.1, 49, 41, 44, 7, 2]
14:43:17:920:0.306055 out [160, 52244.3, 52245.3, 52997.9, 59, 64, 62, 6, 2]
14:43:22:757:0.336344 out [165, 52523.8, 52623.5, 53002.8, 48, 64, 39, 3, 2]
14:45:19:544:0.914437 out [164, 52511.2, 52512.2, 53119.5, 55, 56, 45, 10, 2]
14:45:54:322:0.713328 out [163, 52482.3, 52483.3, 53154.3, 56, 50, 55, 8, 2]
14:49:06:373:0.857332 out [168, 52937.8, 52938.8, 53346.4, 46, 56, 49, 1, 2]
14:49:34:803:0.839756 out [167, 52794.9, 52795.9, 53374.8, 54, 44, 48, 4, 2]
14:49:59:130:0.342318 out [166, 52792.9, 52793.9, 53399.1, 48, 46, 55, 2, 2]
14:52:09:463:0.671518 out [170, 53081.1, 53082.1, 53529.5, 52, 48, 44, 5, 2]
14:52:18:965:0.882612 out [169, 53053, 53054, 53539, 43, 36, 53, 3, 2]
14:55:12:699:0.916435 out [171, 53273.3, 53274.3, 53712.7, 38, 46, 41, 6, 2]
14:58:16:849:0.763943 out [172, 53438.7, 53439.7, 53896.8, 44, 50, 51, 1, 2]
15:03:03:942:0.00236893 out [173, 53715.2, 53716.2, 54183.9, 47, 49, 50, 2, 2]
15:03:05:374:0.723507 out [174, 53737.8, 53738.8, 54185.4, 36, 49, 53, 3, 2]
15:06:32:798:0.427177 out [176, 54016.4, 54017.4, 54392.8, 45, 46, 42, 4, 3]
15:07:34:706:0.38044 out [177, 54052.8, 54053.8, 54454.7, 46, 44, 55, 5, 3]
15:08:51:073:0.777344 out [179, 54080.4, 54081.7, 54531.1, 47, 53, 55, 7, 3]
15:09:31:859:0.533859 out [175, 53911.4, 53912.4, 54571.9, 56, 58, 51, 1, 2]
15:09:45:178:0.0067215 out [180, 54199.4, 54200.4, 54585.2, 48, 51, 44, 2, 3]
15:09:46:524:0.708344 out [178, 54079.7, 54080.7, 54586.5, 51, 46, 47, 6, 3]
15:10:52:267:0.829491 out [181, 54209.1, 54210.1, 54652.3, 50, 44, 50, 3, 3]
15:13:34:838:0.112427 out [182, 54288, 54289, 54814.8, 55, 40, 45, 8, 3]
15:13:56:454:0.792572 out [183, 54433.7, 54434.7, 54836.5, 39, 54, 49, 4, 3]
15:14:16:767:0.214371 out [184, 54459, 54460, 54856.8, 47, 55, 41, 5, 3]
15:18:52:808:0.391167 out [188, 54782.1, 54783.1, 55132.8, 40, 41, 49, 3, 3]
15:18:55:322:0.901321 out [187, 54661, 54662, 55135.3, 52, 55, 44, 2, 3]
15:19:12:962:0.893082 out [186, 54609.5, 54610.5, 55153, 54, 45, 51, 1, 3]
15:19:18:637:0.324883 out [185, 54554.4, 54555.4, 55158.6, 58, 54, 46, 7, 3]
15:21:18:170:0.826508 out [189, 54825.4, 54826.4, 55278.2, 50, 51, 50, 6, 3]
15:22:59:107:0.586456 out [190, 54834.5, 54835.5, 55379.1, 48, 42, 40, 8, 3]
15:23:16:097:0.440315 out [192, 54917.9, 54918.9, 55396.1, 56, 42, 54, 5, 3]
15:23:47:032:0.157494 out [191, 54901.8, 54902.8, 55427, 63, 59, 56, 4, 3]
15:25:05:984:0.540535 out [194, 55154.2, 55155.2, 55506, 33, 49, 41, 1, 3]
15:25:21:572:0.502686 out [193, 55072.2, 55073.2, 55521.6, 43, 60, 52, 9, 3]
15:27:47:756:0.00202179 out [195, 55198.6, 55199.6, 55667.8, 59, 50, 49, 2, 3]
15:29:30:319:0.575859 out [199, 55340.3, 55341.3, 55770.3, 46, 42, 52, 10, 3]
15:29:34:515:0.115334 out [196, 55268.7, 55269.8, 55774.5, 55, 58, 49, 3, 3]
15:30:17:462:0.285591 out [198, 55300.5, 55301.6, 55817.5, 50, 56, 52, 7, 3]
15:31:09:587:0.101532 out [202, 55479.4, 55480.4, 55869.6, 46, 48, 57, 8, 3]
15:31:36:334:0.987236 out [201, 55455.3, 55456.3, 55896.3, 48, 53, 48, 4, 3]
15:31:42:332:0.856728 out [197, 55290.3, 55291.3, 55902.3, 67, 62, 48, 6, 3]
15:33:16:449:0.122978 out [203, 55511.4, 55512.4, 55996.4, 48, 49, 44, 1, 2]
15:34:15:694:0.687439 out [205, 55732.4, 55733.4, 56055.7, 40, 42, 68, 2, 2]
15:34:45:917:0.798592 out [200, 55402.8, 55403.8, 56085.9, 58, 51, 54, 5, 3]
15:35:15:460:0.0148926 out [204, 55543.9, 55545, 56115.5, 64, 58, 50, 9, 2]
15:36:02:307:0.747032 out [206, 55745.6, 55770.3, 56162.3, 43, 53, 39, 10, 2]
15:39:14:329:0.81546 out [208, 55853.2, 55854.2, 56354.3, 53, 49, 55, 7, 2]
15:40:31:539:0.755417 out [207, 55837.4, 55838.4, 56431.5, 54, 55, 38, 3, 2]
15:42:36:013:0.746811 out [209, 56048.9, 56049.9, 56556, 56, 53, 47, 1, 2]
15:44:45:898:0.904396 out [211, 56186.8, 56187.8, 56685.9, 55, 54, 47, 4, 2]
15:46:26:342:0.962814 out [212, 56202.3, 56203.3, 56786.3, 60, 58, 56, 5, 2]
15:47:30:905:0.940605 out [210, 56169.4, 56170.4, 56850.9, 58, 49, 55, 2, 2]
15:48:07:525:0.250031 out [213, 56401.6, 56402.6, 56887.5, 47, 43, 44, 6, 2]
15:48:47:314:0.317299 out [214, 56417.4, 56418.4, 56927.3, 50, 49, 47, 7, 2]
15:53:18:960:0.783554 out [215, 56607.3, 56608.3, 57199, 53, 40, 47, 1, 2]
15:53:54:830:0.629898 out [217, 56789.7, 56790.7, 57234.8, 43, 58, 41, 4, 2]
15:54:27:894:0.779755 out [216, 56669.7, 56670.7, 57267.9, 51, 48, 58, 3, 2]
15:59:06:115:0.0804291 out [219, 57078.1, 57079.1, 57546.1, 45, 63, 43, 5, 2]
16:00:14:387:0.294365 out [218, 57045.2, 57046.2, 57614.4, 57, 54, 47, 2, 2]
16:02:12:785:0.799576 out [222, 57310, 57311, 57732.8, 43, 52, 38, 3, 2]
16:02:29:905:0.689789 out [220, 57200.6, 57201.6, 57749.9, 47, 54, 50, 1, 2]
16:04:54:110:0.727859 out [221, 57219.7, 57220.7, 57894.1, 66, 51, 52, 6, 2]
16:06:30:422:0.68808 out [223, 57359.9, 57360.9, 57990.4, 50, 46, 56, 4, 2]
16:08:07:396:0.540237 out [224, 57540.6, 57541.6, 58087.4, 46, 52, 51, 7, 2]
16:08:44:275:0.403572 out [227, 57738.5, 57739.5, 58124.3, 49, 62, 50, 3, 3]
16:09:02:132:0.0720444 out [226, 57627.3, 57628.3, 58142.1, 57, 40, 55, 2, 3]
16:10:07:098:0.029686 out [225, 57583.7, 57584.7, 58207.1, 53, 56, 43, 5, 2]
16:10:17:768:0.860413 out [228, 57740.8, 57741.8, 58217.8, 48, 42, 56, 8, 3]
16:13:36:953:0.529907 out [231, 58036.9, 58037.9, 58417, 48, 64, 54, 6, 3]
16:14:49:947:0.493149 out [229, 58000.8, 58001.8, 58489.9, 56, 45, 58, 1, 3]
16:15:06:279:0.803825 out [230, 58020.7, 58021.7, 58506.3, 58, 60, 63, 4, 3]
16:18:53:198:0.257996 out [234, 58365.8, 58366.8, 58733.2, 52, 49, 48, 5, 3]
16:19:25:704:0.653336 out [232, 58265.8, 58266.8, 58765.7, 55, 57, 60, 2, 3]
16:20:34:307:0.820869 out [233, 58302.9, 58303.9, 58834.3, 56, 47, 44, 3, 3]
16:21:51:567:0.907883 out [235, 58515.2, 58516.2, 58911.6, 50, 48, 47, 1, 3]
16:22:18:758:0.873535 out [236, 58517.4, 58518.4, 58938.8, 47, 62, 49, 4, 3]
16:27:07:867:0.0240173 out [237, 58775.7, 58776.7, 59227.9, 61, 52, 61, 2, 3]
16:27:55:777:0.332855 out [240, 58903.7, 58904.7, 59275.8, 41, 50, 53, 6, 3]
16:28:13:767:0.969681 out [238, 58859, 58860, 59293.8, 50, 40, 39, 3, 3]
16:28:52:334:0.234787 out [239, 58892.4, 58893.4, 59332.3, 48, 43, 59, 5, 3]
16:30:45:837:0.789131 out [242, 59033.4, 59034.4, 59445.8, 47, 47, 45, 4, 3]
16:31:10:098:0.472191 out [241, 58961, 58962, 59470.1, 53, 47, 48, 1, 3]
16:33:37:748:0.175217 out [243, 59147.7, 59148.7, 59617.7, 42, 61, 43, 7, 2]
16:42:03:102:0.799011 out [246, 59629.8, 59630.8, 60123.1, 52, 59, 46, 3, 2]
16:42:24:099:0.798752 out [248, 59687.1, 59688.1, 60144.1, 46, 38, 44, 5, 2]
16:43:13:424:0.812866 out [247, 59676.3, 59677.3, 60193.4, 49, 42, 61, 4, 2]
16:43:14:518:0.948151 out [244, 59548.3, 59549.3, 60194.5, 69, 55, 48, 1, 2]
16:43:44:124:0.123169 out [245, 59562.8, 59563.8, 60224.1, 60, 50, 53, 2, 2]
16:43:52:803:0.855492 out [249, 59782.3, 59783.3, 60232.8, 48, 48, 50, 6, 2]
16:48:10:487:0.39679 out [250, 60103.7, 60104.7, 60490.5, 41, 56, 48, 7, 2]
16:52:28:620:0.760513 out [251, 60255.3, 60256.3, 60748.6, 47, 48, 54, 1, 2]
16:57:00:486:0.830307 out [252, 60635.1, 60636.1, 61020.5, 34, 50, 55, 2, 2]
16:59:18:613:0.851143 out [253, 60678.4, 60679.4, 61158.6, 41, 51, 54, 3, 2]
17:02:33:587:0.421967 out [255, 60824.6, 60825.6, 61353.6, 59, 52, 52, 4, 2]
17:03:04:056:0.709839 out [254, 60817, 60818, 61384.1, 54, 64, 58, 1, 2]
17:05:55:114:0.927841 out [256, 60911.1, 60912.1, 61555.1, 57, 66, 58, 5, 2]
17:06:15:974:0.296165 out [257, 61241.8, 61242.8, 61576, 41, 51, 64, 2, 3]
17:08:30:260:0.212494 out [259, 61368.6, 61369.6, 61710.3, 32, 48, 64, 4, 3]
17:08:34:688:0.425613 out [258, 61255.2, 61256.2, 61714.7, 50, 57, 37, 3, 3]
17:17:04:281:0.627251 out [261, 61854.6, 61855.6, 62224.3, 32, 53, 50, 2, 3]
17:19:33:941:0.660477 out [260, 61778.1, 61779.1, 62373.9, 59, 53, 45, 1, 3]
17:20:10:263:0.809753 out [262, 62015.4, 62016.4, 62410.3, 47, 55, 60, 3, 3]
17:22:05:809:0.808327 out [264, 62075.9, 62076.9, 62525.8, 48, 57, 58, 5, 3]
17:25:13:260:0.361267 out [263, 62056.1, 62057.1, 62713.3, 69, 47, 45, 4, 3]
17:34:46:260:0.480476 out [265, 62747.3, 62748.3, 63286.3, 49, 49, 40, 1, 2]
17:41:24:946:0.489883 out [267, 63270.5, 63271.5, 63684.9, 47, 48, 43, 3, 2]
17:43:18:872:0.623039 out [266, 63223.6, 63224.6, 63798.9, 52, 44, 43, 2, 2]
17:48:10:900:0.307251 out [268, 63616.2, 63617.2, 64090.9, 49, 45, 63, 1, 2]
17:50:42:111:0.115051 out [269, 63676, 63677, 64242.1, 58, 40, 48, 4, 2]
17:52:41:399:0.0770111 out [270, 63750.9, 63751.9, 64361.4, 56, 54, 48, 3, 2]
17:55:02:742:0.49704 out [271, 64056, 64057, 64502.7, 46, 40, 39, 2, 2]
17:58:51:540:0.185524 out [272, 64128.4, 64129.4, 64731.5, 56, 46, 55, 1, 2]
18:06:40:268:0.539024 out [274, 64735.8, 64736.8, 65200.3, 54, 49, 43, 1, 2]
18:08:48:630:0.688263 out [273, 64573.2, 64574.2, 65328.6, 74, 49, 58, 2, 2]
18:09:45:088:0.324142 out [275, 64931.8, 64932.8, 65385.1, 43, 62, 46, 3, 3]
18:10:48:962:0.841583 out [276, 65005.3, 65006.3, 65449, 52, 46, 55, 4, 3]
18:32:53:661:0.615921 out [277, 66363.9, 66364.9, 66773.7, 38, 47, 43, 1, 2]
18:39:03:131:0.872726 out [278, 66560.2, 66561.2, 67143.1, 58, 44, 45, 2, 2]
18:47:47:060:0.191704 out [279, 67014.5, 67015.5, 67667.1, 62, 38, 59, 1, 2]
18:56:24:881:0.643845 out [280, 67701.6, 67702.6, 68184.9, 56, 43, 45, 1, 2]
19:02:25:807:0.0626984 out [281, 68083.8, 68084.8, 68545.8, 53, 60, 50, 2, 2]
19:53:27:872:0.789932 out [282, 71148.9, 71149.9, 71607.9, 45, 58, 53, 1, 2]
33:22:56:474:0.405838 out [283, 119824, 119825, 120176, 48, 41, 52, 1, 3]
33:30:17:684:0.439255 out [284, 120225, 120226, 120618, 43, 43, 47, 1, 3]
33:47:53:852:0.661682 out [285, 121162, 121163, 121674, 54, 62, 53, 1, 2]
33:54:04:509:0.76236 out [286, 121648, 121649, 122045, 43, 36, 43, 2, 2]
34:04:04:709:0.534241 out [287, 122165, 122166, 122645, 37, 38, 42, 1, 2]
34:12:25:484:0.184814 out [288, 122646, 122647, 123145, 64, 47, 56, 1, 3]
34:14:12:730:0.0534973 out [289, 122856, 122857, 123253, 50, 50, 49, 2, 3]
34:27:59:611:0.379219 out [290, 123536, 123537, 124080, 61, 51, 43, 1, 3]
34:42:09:650:0.62101 out [292, 124513, 124514, 124930, 41, 45, 50, 2, 2]
34:42:13:397:0.500587 out [291, 124432, 124433, 124933, 45, 54, 45, 1, 2]
34:48:22:681:0.364609 out [293, 124821, 124822, 125303, 54, 46, 51, 3, 2]
35:12:11:473:0.634315 out [294, 126207, 126208, 126731, 50, 52, 61, 1, 3]
35:15:12:873:0.309685 out [295, 126566, 126567, 126913, 48, 57, 53, 2, 3]
35:21:23:701:0.584412 out [298, 126922, 126923, 127284, 43, 53, 37, 2, 3]
35:21:55:495:0.708061 out [297, 126902, 126903, 127315, 52, 44, 51, 3, 3]
35:23:04:571:0.819855 out [296, 126876, 126877, 127385, 59, 69, 55, 1, 3]
35:23:50:013:0.310028 out [299, 127043, 127044, 127430, 45, 46, 50, 4, 3]
35:35:57:080:0.563141 out [300, 127650, 127651, 128157, 50, 43, 54, 1, 2]
35:44:56:513:0.462616 out [301, 128258, 128259, 128697, 39, 62, 52, 1, 2]
35:49:06:651:0.257111 out [302, 128526, 128527, 128947, 40, 63, 50, 2, 2]
36:00:54:924:0.621178 out [303, 129221, 129222, 129655, 35, 58, 54, 1, 2]
36:01:10:288:0.879944 out [304, 129223, 129224, 129670, 52, 40, 55, 2, 2]
36:01:51:885:0.00268555 out [305, 129251, 129252, 129712, 54, 38, 57, 3, 2]
36:04:31:741:0.756989 out [306, 129461, 129462, 129872, 46, 49, 47, 4, 2]
36:16:53:800:0.814224 out [307, 130121, 130122, 130614, 56, 47, 46, 1, 3]
36:19:48:713:0.417603 out [309, 130346, 130347, 130789, 40, 48, 44, 3, 3]
36:20:40:438:0.473297 out [308, 130288, 130289, 130840, 59, 51, 52, 2, 3]
36:23:59:425:0.0188599 out [310, 130679, 130680, 131039, 41, 53, 44, 1, 3]
36:26:44:650:0.506569 out [311, 130821, 130822, 131205, 51, 43, 59, 3, 3]
36:28:03:977:0.699829 out [312, 130834, 130835, 131284, 54, 54, 43, 4, 3]
36:36:10:155:0.0718079 out [314, 131261, 131262, 131770, 53, 38, 60, 2, 2]
36:37:09:600:0.0877151 out [313, 131231, 131232, 131830, 55, 42, 49, 1, 2]
36:38:17:032:0.68869 out [316, 131369, 131370, 131897, 53, 59, 40, 4, 2]
36:38:40:671:0.131683 out [315, 131351, 131352, 131921, 49, 47, 30, 3, 2]
36:39:16:900:0.0316391 out [318, 131454, 131455, 131957, 52, 46, 37, 6, 2]
36:41:08:232:0.521606 out [317, 131415, 131416, 132068, 58, 56, 57, 5, 2]
36:43:07:759:0.987427 out [319, 131623, 131624, 132188, 51, 55, 57, 7, 2]
36:45:40:761:0.457993 out [320, 131793, 131794, 132341, 53, 52, 48, 2, 2]
36:46:46:060:0.948921 out [321, 131914, 131915, 132406, 51, 51, 43, 1, 2]
36:48:59:708:0.316399 out [322, 132036, 132037, 132540, 53, 58, 44, 3, 2]
36:50:05:292:0.656494 out [326, 132172, 132173, 132605, 41, 44, 62, 8, 2]
36:51:45:248:0.802734 out [324, 132089, 132090, 132705, 48, 45, 33, 5, 2]
36:52:31:876:0.965668 out [330, 132338, 132341, 132752, 47, 56, 41, 2, 2]
36:52:46:309:0.195114 out [328, 132231, 132232, 132766, 52, 47, 59, 9, 2]
36:52:49:113:0.435341 out [327, 132198, 132199, 132769, 52, 45, 57, 7, 2]
36:52:59:469:0.694687 out [329, 132271, 132272, 132779, 49, 49, 48, 10, 2]
36:53:14:036:0.284996 out [325, 132111, 132112, 132794, 62, 48, 64, 6, 2]
36:53:35:614:0.575935 out [323, 132088, 132089, 132816, 77, 47, 52, 4, 2]
36:55:38:149:0.620201 out [331, 132369, 132406, 132938, 40, 51, 56, 1, 2]
36:57:17:161:0.194397 out [332, 132631, 132632, 133037, 46, 52, 50, 3, 2]
36:59:51:782:0.48365 out [333, 132648, 132649, 133192, 49, 45, 37, 8, 2]
37:04:04:340:0.00928497 out [334, 132900, 132901, 133444, 52, 49, 59, 2, 2]
37:04:46:830:0.156876 out [335, 132981, 132982, 133487, 51, 40, 48, 1, 2]
37:09:35:830:0.933167 out [336, 133342, 133343, 133776, 45, 79, 62, 3, 3]
37:10:32:815:0.496994 out [337, 133360, 133361, 133833, 57, 60, 45, 4, 3]
37:10:57:505:0.76265 out [338, 133491, 133492, 133858, 46, 59, 58, 1, 3]
37:11:40:773:0.0794678 out [339, 133554, 133555, 133901, 41, 47, 51, 2, 3]
37:14:47:355:0.6772 out [340, 133647, 133648, 134087, 52, 41, 63, 5, 3]
37:16:02:572:0.0849762 out [341, 133764, 133765, 134163, 39, 53, 48, 6, 3]
37:16:22:980:0.932785 out [344, 133820, 133821, 134183, 46, 48, 50, 8, 3]
37:18:00:641:0.710831 out [343, 133794, 133795, 134281, 53, 48, 51, 7, 3]
37:18:07:090:0.050293 out [346, 133938, 133939, 134287, 46, 50, 43, 2, 3]
37:18:54:592:0.264725 out [342, 133786, 133787, 134335, 64, 48, 45, 3, 3]
37:19:44:468:0.933655 out [348, 134067, 134068, 134384, 40, 48, 51, 9, 3]
37:20:13:562:0.506271 out [345, 133927, 133928, 134414, 53, 59, 50, 1, 3]
37:21:04:887:0.30867 out [347, 134025, 134026, 134465, 56, 44, 45, 4, 3]
37:21:37:605:0.970932 out [351, 134165, 134166, 134498, 43, 45, 44, 6, 3]
37:21:39:356:0.258942 out [349, 134089, 134090, 134499, 45, 45, 41, 5, 3]
37:23:49:692:0.130638 out [352, 134193, 134194, 134630, 51, 63, 49, 8, 3]
37:23:55:040:0.60228 out [350, 134127, 134128, 134635, 51, 63, 50, 10, 3]
37:24:08:838:0.315155 out [354, 134201, 134287, 134649, 46, 57, 49, 2, 3]
37:25:19:382:0.939484 out [355, 134256, 134335, 134719, 45, 55, 61, 3, 3]
37:26:13:059:0.712006 out [357, 134433, 134434, 134773, 36, 43, 46, 1, 3]
37:26:20:053:0.900864 out [353, 134194, 134281, 134780, 52, 35, 55, 7, 3]
37:27:28:105:0.963852 out [356, 134365, 134384, 134848, 49, 51, 55, 9, 3]
37:29:10:350:0.285126 out [360, 134586, 134587, 134950, 40, 39, 56, 6, 3]
37:29:59:388:0.707306 out [358, 134435, 134465, 134999, 54, 48, 44, 4, 3]
37:30:05:036:0.40802 out [359, 134543, 134544, 135005, 51, 46, 40, 5, 3]
37:31:55:148:0.971153 out [362, 134648, 134649, 135115, 45, 56, 49, 2, 3]
37:32:05:089:0.213516 out [361, 134593, 134630, 135125, 59, 42, 43, 8, 3]
37:32:13:500:0.116898 out [363, 134675, 134676, 135134, 55, 36, 47, 10, 3]
37:35:45:378:0.243042 out [364, 134758, 134759, 135345, 53, 52, 62, 3, 2]
37:37:46:333:0.0732117 out [365, 134882, 134883, 135466, 51, 59, 47, 1, 2]
37:40:51:036:0.410881 out [368, 135145, 135146, 135651, 55, 51, 42, 2, 2]
37:40:51:100:0.721909 out [366, 134972, 134973, 135651, 58, 49, 45, 6, 2]
37:42:01:057:0.117058 out [367, 135083, 135084, 135721, 60, 36, 51, 4, 2]
37:43:58:325:0.19014 out [369, 135240, 135241, 135838, 57, 49, 58, 5, 2]
37:44:48:428:0.901268 out [372, 135396, 135397, 135888, 49, 62, 44, 8, 2]
37:45:23:191:0.560341 out [370, 135333, 135334, 135923, 55, 50, 42, 7, 2]
37:45:41:033:0.180786 out [371, 135375, 135376, 135941, 53, 61, 53, 3, 2]
37:50:26:264:0.936043 out [375, 135748, 135749, 136226, 39, 52, 48, 4, 2]
37:50:36:109:0.654022 out [373, 135728, 135729, 136236, 49, 49, 47, 1, 2]
37:50:37:699:0.788643 out [379, 135854, 135855, 136238, 43, 47, 53, 5, 2]
37:51:31:782:0.0249329 out [374, 135732, 135733, 136292, 50, 55, 42, 2, 2]
37:51:59:151:0.539398 out [378, 135804, 135805, 136319, 43, 52, 46, 10, 2]
37:52:45:686:0.129166 out [382, 135982, 135983, 136366, 47, 50, 55, 7, 2]
37:53:45:588:0.231636 out [380, 135895, 135896, 136426, 56, 55, 53, 8, 2]
37:53:49:358:0.854843 out [377, 135796, 135797, 136429, 61, 52, 38, 9, 2]
37:54:14:125:0.257088 out [376, 135764, 135765, 136454, 63, 52, 43, 6, 2]
37:54:22:590:0.395523 out [381, 135975, 135976, 136463, 49, 50, 53, 3, 2]
37:59:26:083:0.130981 out [386, 136211, 136292, 136766, 43, 54, 43, 2, 2]
37:59:38:758:0.526947 out [384, 136072, 136236, 136779, 56, 41, 58, 1, 2]
38:00:12:145:0.927574 out [385, 136085, 136238, 136812, 51, 50, 34, 5, 2]
38:00:49:891:0.714241 out [383, 136015, 136226, 136850, 56, 46, 66, 4, 2]
38:01:27:251:0.71907 out [387, 136486, 136487, 136887, 40, 44, 49, 3, 2]
38:02:04:031:0.420303 out [388, 136503, 136504, 136924, 47, 49, 47, 6, 2]
38:04:50:399:0.570061 out [389, 136549, 136550, 137090, 51, 52, 59, 7, 2]
38:05:47:004:0.580093 out [392, 136655, 136656, 137147, 41, 61, 48, 10, 2]
38:05:48:790:0.236069 out [390, 136601, 136602, 137149, 45, 52, 49, 8, 2]
38:05:52:857:0.276512 out [391, 136646, 136647, 137153, 48, 46, 48, 9, 2]
38:07:17:728:0.484848 out [395, 136720, 136812, 137238, 51, 47, 50, 5, 3]
38:07:24:241:0.461899 out [398, 136898, 136924, 137244, 31, 52, 42, 6, 3]
38:08:26:929:0.337242 out [396, 136796, 136850, 137307, 47, 52, 41, 4, 3]
38:08:53:131:0.223419 out [394, 136680, 136779, 137333, 55, 43, 55, 1, 2]
38:09:06:109:0.643677 out [393, 136679, 136766, 137346, 53, 64, 41, 2, 2]
38:09:34:725:0.388599 out [397, 136897, 136898, 137375, 61, 35, 57, 3, 3]
38:11:03:156:0.291153 out [401, 136984, 137149, 137463, 32, 50, 54, 8, 3]
38:13:20:585:0.312035 out [399, 136936, 137090, 137601, 56, 58, 49, 7, 3]
38:14:28:921:0.653893 out [402, 137042, 137153, 137669, 66, 50, 40, 9, 3]
38:15:35:097:0.795631 out [400, 136970, 137147, 137735, 59, 48, 50, 10, 3]
38:15:36:566:0.353134 out [403, 137174, 137238, 137737, 48, 58, 44, 5, 3]
38:16:53:679:0.14801 out [405, 137208, 137307, 137814, 55, 55, 51, 4, 3]
38:17:00:439:0.717987 out [404, 137196, 137244, 137820, 52, 46, 48, 6, 3]
38:18:09:388:0.922028 out [406, 137253, 137333, 137889, 59, 51, 54, 1, 3]
38:18:38:123:0.257233 out [408, 137478, 137479, 137918, 48, 54, 59, 3, 3]
38:18:44:632:0.278038 out [407, 137460, 137461, 137925, 54, 59, 50, 2, 3]
38:19:11:958:0.462311 out [409, 137548, 137549, 137952, 46, 53, 47, 8, 3]
38:22:10:070:0.298983 out [410, 137710, 137711, 138130, 45, 37, 48, 7, 3]
38:28:25:697:0.72513 out [411, 138007, 138008, 138506, 53, 65, 53, 1, 3]
38:28:59:122:0.132374 out [412, 138063, 138064, 138539, 44, 44, 50, 2, 3]
38:37:33:201:0.805083 out [415, 138583, 138584, 139053, 45, 54, 59, 2, 2]
38:37:49:072:0.342111 out [414, 138521, 138522, 139069, 53, 50, 60, 1, 2]
38:38:24:751:0.926465 out [413, 138503, 138504, 139105, 54, 41, 49, 3, 2]
38:41:15:105:0.313135 out [417, 138874, 138875, 139275, 40, 52, 50, 5, 2]
38:41:46:774:0.317277 out [416, 138799, 138800, 139307, 53, 39, 51, 4, 2]
38:44:18:557:0.972265 out [418, 138921, 138922, 139459, 50, 63, 50, 6, 2]
38:44:30:446:0.630312 out [419, 139027, 139028, 139470, 54, 36, 46, 7, 2]
38:46:10:463:0.542534 out [420, 139113, 139114, 139570, 47, 37, 67, 1, 2]
38:46:40:967:0.54439 out [421, 139137, 139138, 139601, 48, 42, 55, 2, 2]
38:48:38:551:0.234079 out [424, 139225, 139226, 139719, 45, 56, 50, 9, 2]
38:49:07:839:0.0479813 out [425, 139308, 139309, 139748, 44, 59, 38, 4, 2]
38:50:01:162:0.796331 out [422, 139152, 139153, 139801, 52, 38, 57, 3, 2]
38:50:34:923:0.193289 out [423, 139176, 139177, 139835, 68, 44, 57, 8, 2]
38:52:14:987:0.00745201 out [426, 139409, 139410, 139935, 49, 39, 48, 5, 2]
38:52:18:779:0.403593 out [428, 139433, 139459, 139939, 34, 47, 51, 6, 2]
38:53:53:638:0.251854 out [427, 139412, 139413, 140034, 54, 72, 61, 10, 2]
38:55:21:206:0.771446 out [429, 139552, 139553, 140121, 52, 53, 46, 7, 2]
38:56:35:108:0.308388 out [430, 139628, 139629, 140195, 58, 52, 54, 1, 2]
38:57:04:347:0.972466 out [432, 139825, 139826, 140224, 46, 45, 53, 3, 2]
38:58:37:477:0.310253 out [431, 139745, 139746, 140317, 55, 43, 52, 2, 2]
38:59:48:554:0.0390739 out [433, 139929, 139930, 140389, 46, 49, 48, 4, 2]
39:00:30:749:0.207092 out [436, 140017, 140018, 140431, 44, 43, 55, 8, 2]
39:00:37:099:0.813057 out [435, 140010, 140011, 140437, 45, 38, 56, 6, 2]
39:00:40:233:0.686996 out [434, 139940, 139941, 140440, 44, 37, 42, 5, 2]
39:05:11:429:0.129673 out [437, 140044, 140045, 140711, 54, 46, 53, 9, 2]
39:07:20:971:0.172882 out [438, 140245, 140246, 140841, 58, 40, 51, 1, 2]
39:07:35:675:0.356937 out [439, 140326, 140327, 140856, 54, 44, 46, 2, 2]
39:07:44:623:0.254848 out [440, 140371, 140372, 140865, 43, 48, 38, 3, 2]
39:07:57:837:0.690903 out [442, 140512, 140513, 140878, 44, 54, 37, 5, 3]
39:09:15:234:0.207703 out [445, 140625, 140626, 140955, 45, 40, 47, 8, 3]
39:10:25:108:0.260704 out [444, 140616, 140617, 141025, 48, 58, 59, 7, 3]
39:10:59:277:0.367188 out [441, 140504, 140505, 141059, 50, 41, 51, 4, 3]
39:12:09:538:0.947655 out [443, 140575, 140576, 141130, 65, 57, 57, 6, 3]
39:13:07:047:0.747208 out [447, 140746, 140747, 141187, 50, 49, 37, 9, 3]
39:13:21:722:0.347809 out [446, 140703, 140704, 141202, 55, 42, 57, 10, 3]
39:14:38:609:0.999325 out [450, 140857, 140865, 141279, 44, 51, 46, 3, 3]
39:15:14:812:0.749054 out [448, 140765, 140841, 141315, 51, 55, 50, 1, 3]
39:16:39:356:0.469776 out [449, 140829, 140856, 141399, 55, 50, 34, 2, 3]
39:18:16:114:0.958359 out [452, 141027, 141028, 141496, 45, 50, 41, 7, 3]
39:18:29:837:0.748123 out [454, 141105, 141106, 141510, 51, 60, 49, 8, 3]
39:19:29:491:0.0737534 out [455, 141122, 141130, 141569, 52, 43, 49, 6, 3]
39:19:50:417:0.0575867 out [453, 141091, 141092, 141590, 44, 52, 60, 4, 3]
39:20:29:111:0.199928 out [451, 141002, 141003, 141629, 72, 55, 63, 5, 3]
39:20:44:033:0.519341 out [457, 141233, 141234, 141644, 43, 40, 37, 10, 3]
39:22:10:456:0.374313 out [456, 141125, 141187, 141730, 57, 54, 47, 9, 3]
39:22:45:994:0.13736 out [458, 141297, 141298, 141766, 51, 62, 47, 3, 3]
39:23:58:331:0.874443 out [459, 141359, 141360, 141838, 50, 45, 48, 1, 3]
39:24:44:470:0.569756 out [461, 141525, 141527, 141884, 36, 42, 50, 7, 3]
39:26:22:530:0.116631 out [463, 141586, 141587, 141983, 44, 54, 50, 8, 3]
39:28:32:982:0.013298 out [462, 141573, 141574, 142113, 57, 48, 44, 6, 3]
39:28:45:030:0.458046 out [460, 141525, 141526, 142125, 65, 47, 46, 2, 3]
39:31:09:283:0.958031 out [464, 141782, 141783, 142269, 63, 45, 49, 3, 3]
39:34:12:271:0.87307 out [467, 142068, 142069, 142452, 40, 55, 47, 5, 2]
39:35:47:512:0.639595 out [469, 142159, 142160, 142548, 48, 42, 41, 6, 2]
39:36:17:807:0.204796 out [466, 142050, 142051, 142578, 44, 53, 48, 4, 2]
39:36:56:651:0.479317 out [468, 142135, 142136, 142617, 47, 48, 47, 2, 2]
39:37:57:379:0.468513 out [465, 141980, 141981, 142677, 57, 51, 52, 1, 2]
39:41:47:140:0.442444 out [471, 142419, 142420, 142907, 45, 50, 52, 7, 2]
39:41:52:016:0.954971 out [470, 142402, 142403, 142912, 54, 57, 43, 3, 2]
39:44:26:314:0.359261 out [472, 142511, 142512, 143066, 60, 57, 47, 5, 2]
39:44:46:872:0.986389 out [473, 142519, 142520, 143087, 55, 63, 52, 8, 2]
39:45:42:366:0.214348 out [474, 142601, 142602, 143142, 48, 43, 53, 4, 2]
39:46:46:616:0.392685 out [475, 142730, 142731, 143207, 49, 70, 44, 1, 2]
39:52:28:214:0.985443 out [477, 142918, 142919, 143548, 67, 54, 59, 3, 2]
39:52:33:090:0.484215 out [476, 142869, 142870, 143553, 65, 48, 49, 2, 2]
39:54:41:761:0.246277 out [478, 143109, 143110, 143682, 45, 40, 43, 5, 2]
39:54:59:330:0.0700912 out [479, 143327, 143328, 143699, 37, 50, 49, 1, 2]
39:57:16:551:0.142288 out [480, 143336, 143337, 143837, 47, 42, 38, 4, 2]
39:58:22:402:0.0257721 out [482, 143513, 143514, 143902, 49, 49, 54, 7, 2]
39:58:28:713:0.184906 out [484, 143616, 143617, 143909, 25, 53, 48, 2, 2]
39:59:36:125:0.864578 out [481, 143344, 143345, 143976, 54, 53, 37, 6, 2]
40:00:28:709:0.64296 out [483, 143518, 143520, 144029, 48, 45, 55, 8, 2]
40:01:57:829:0.639984 out [486, 143667, 143668, 144118, 37, 47, 39, 9, 2]
40:01:58:246:0.817184 out [485, 143651, 143652, 144118, 44, 46, 51, 3, 2]
40:03:18:727:0.758957 out [488, 143789, 143790, 144199, 37, 47, 56, 1, 2]
40:05:45:533:0.917023 out [487, 143690, 143691, 144346, 61, 40, 48, 5, 2]
40:07:33:222:0.87233 out [490, 144066, 144067, 144453, 51, 48, 55, 4, 3]
40:08:48:099:0.871231 out [489, 143936, 143937, 144528, 59, 57, 45, 2, 2]
40:11:08:366:0.2668 out [491, 144223, 144224, 144668, 49, 44, 41, 1, 3]
40:11:33:257:0.39534 out [494, 144338, 144339, 144693, 40, 55, 55, 7, 3]
40:12:02:831:0.560684 out [493, 144315, 144316, 144723, 44, 43, 56, 6, 3]
40:12:23:994:0.341446 out [492, 144308, 144309, 144744, 45, 46, 51, 3, 3]
40:13:31:071:0.637703 out [495, 144347, 144348, 144811, 58, 59, 39, 5, 3]
40:15:57:470:0.85817 out [497, 144588, 144589, 144957, 46, 57, 44, 4, 3]
40:17:31:290:0.94751 out [498, 144651, 144652, 145051, 54, 45, 60, 8, 3]
40:17:53:617:0.423607 out [496, 144571, 144572, 145074, 58, 59, 40, 2, 3]
40:18:46:415:0.970398 out [499, 144739, 144740, 145126, 47, 50, 60, 1, 3]
40:21:51:135:0.519577 out [502, 144911, 144912, 145311, 41, 57, 49, 6, 3]
40:22:10:497:0.330261 out [500, 144818, 144819, 145330, 48, 50, 59, 3, 3]
40:22:49:087:0.302757 out [501, 144889, 144890, 145369, 52, 38, 49, 5, 3]
40:24:15:879:0.0193329 out [503, 144999, 145000, 145456, 55, 46, 44, 4, 3]
40:24:51:283:0.117844 out [504, 145050, 145051, 145491, 50, 51, 58, 7, 3]
40:29:07:553:0.649498 out [506, 145393, 145394, 145748, 57, 50, 41, 2, 3]
40:31:03:666:0.346146 out [507, 145496, 145497, 145864, 40, 39, 52, 3, 2]
40:32:07:885:0.0446472 out [505, 145352, 145353, 145928, 62, 47, 42, 1, 3]
40:34:34:775:0.697304 out [510, 145675, 145676, 146075, 42, 54, 56, 6, 2]
40:35:47:940:0.735413 out [509, 145611, 145612, 146148, 48, 37, 54, 5, 2]
40:36:37:164:0.203239 out [508, 145586, 145587, 146197, 54, 61, 53, 4, 2]
40:38:03:463:0.791443 out [511, 145757, 145758, 146283, 53, 48, 46, 2, 2]
40:39:31:388:0.469292 out [512, 145904, 145905, 146371, 45, 62, 40, 3, 2]
40:41:13:935:0.428215 out [513, 146043, 146044, 146474, 43, 51, 51, 1, 2]
40:43:29:686:0.474396 out [514, 146104, 146105, 146610, 46, 55, 42, 6, 2]
40:47:25:103:0.115631 out [515, 146366, 146367, 146845, 45, 45, 42, 2, 2]
40:48:59:695:0.839478 out [516, 146418, 146419, 146940, 52, 42, 43, 3, 2]
40:52:30:696:0.701599 out [518, 146623, 146624, 147151, 49, 36, 44, 4, 2]
40:52:55:956:0.861092 out [517, 146578, 146579, 147176, 64, 51, 62, 1, 2]
40:53:07:642:0.207695 out [519, 146828, 146829, 147188, 38, 45, 50, 5, 2]
40:57:34:031:0.323029 out [520, 146855, 146856, 147454, 53, 51, 51, 2, 2]
41:01:55:981:0.205536 out [521, 147162, 147163, 147716, 57, 44, 63, 3, 2]
41:07:02:113:0.748146 out [522, 147568, 147569, 148022, 51, 51, 40, 1, 2]
41:14:02:326:0.852394 out [523, 147994, 147995, 148442, 52, 46, 52, 2, 3]
41:17:08:399:0.582458 out [525, 148276, 148277, 148628, 42, 47, 51, 3, 3]
41:17:39:325:0.419022 out [524, 148193, 148194, 148659, 38, 54, 60, 1, 3]
41:25:42:683:0.64389 out [526, 148575, 148576, 149143, 57, 32, 58, 2, 3]
41:28:29:641:0.0299072 out [528, 148907, 148908, 149310, 51, 36, 47, 3, 3]
41:29:04:026:0.281906 out [527, 148755, 148756, 149344, 60, 66, 46, 1, 3]
41:30:53:561:0.795784 out [530, 149086, 149087, 149454, 40, 49, 38, 5, 3]
41:31:02:052:0.478386 out [529, 149080, 149081, 149462, 42, 48, 68, 4, 3]
41:36:35:964:0.817596 out [531, 149180, 149181, 149796, 53, 44, 55, 2, 2]
41:43:03:117:0.535187 out [532, 149708, 149709, 150183, 46, 50, 47, 1, 2]
41:54:27:640:0.591217 out [533, 150429, 150430, 150868, 50, 45, 61, 1, 2]
41:59:24:008:0.978439 out [534, 150565, 150566, 151164, 43, 60, 49, 2, 2]
42:02:37:247:0.421814 out [535, 150974, 150975, 151357, 38, 54, 52, 1, 2]
42:06:38:356:0.122566 out [536, 151030, 151031, 151598, 52, 46, 52, 3, 2]
42:08:53:173:0.783852 out [537, 151095, 151096, 151733, 66, 53, 40, 4, 2]
42:18:49:137:0.12175 out [538, 151923, 151924, 152329, 52, 43, 54, 1, 3]
42:37:49:163:0.668228 out [539, 152975, 152976, 153469, 60, 51, 53, 1, 2]
42:43:12:771:0.740509 out [540, 153410, 153411, 153793, 38, 51, 54, 2, 2]
42:47:57:383:0.681847 out [541, 153578, 153579, 154077, 48, 38, 67, 1, 2]
42:52:20:693:0.451477 out [542, 153813, 153814, 154341, 52, 42, 49, 2, 2]
43:02:05:003:0.0685196 out [543, 154564, 154565, 154925, 41, 43, 55, 1, 2]
43:04:37:386:0.0231171 out [544, 154613, 154614, 155077, 58, 65, 69, 2, 2]
43:21:10:177:0.0778427 out [546, 155680, 155681, 156070, 58, 55, 53, 2, 3]
43:21:36:199:0.343277 out [545, 155675, 155676, 156096, 45, 52, 43, 1, 3]
43:25:09:394:0.832207 out [547, 155925, 155926, 156309, 56, 49, 43, 3, 3]
43:27:26:755:0.621506 out [548, 156091, 156092, 156447, 48, 46, 52, 2, 3]
43:31:03:328:0.703476 out [549, 156287, 156288, 156663, 47, 53, 42, 1, 3]
43:54:30:848:0.0134735 out [550, 157645, 157646, 158071, 54, 50, 65, 1, 2]
57:42:17:723:0.307205 out [551, 207287, 207288, 207738, 49, 53, 54, 1, 2]
58:52:33:826:0.0198364 out [553, 211563, 211564, 211954, 42, 51, 54, 2, 2]
58:52:41:265:0.653206 out [552, 211469, 211470, 211961, 49, 51, 51, 1, 2]
58:55:59:229:0.590965 out [555, 211820, 211821, 212159, 46, 50, 54, 4, 2]
58:57:31:435:0.34906 out [554, 211796, 211797, 212251, 52, 50, 40, 3, 2]
59:08:03:417:0.814804 out [557, 212396, 212397, 212883, 54, 47, 58, 2, 2]
59:08:46:167:0.412354 out [556, 212345, 212346, 212926, 58, 50, 62, 1, 2]
59:15:38:123:0.894287 out [558, 212884, 212885, 213338, 49, 50, 47, 2, 3]
59:21:30:400:0.200439 out [559, 213207, 213208, 213690, 53, 54, 44, 1, 3]
59:25:59:687:0.640739 out [560, 213550, 213551, 213960, 58, 51, 49, 2, 3]
59:30:50:050:0.871445 out [561, 213828, 213829, 214250, 43, 58, 48, 1, 3]
59:31:26:749:0.321533 out [562, 213849, 213851, 214287, 55, 48, 48, 3, 3]
59:33:08:186:0.20546 out [563, 213983, 213984, 214388, 44, 52, 43, 2, 2]
59:39:06:304:0.142548 out [564, 214209, 214210, 214746, 50, 56, 51, 4, 2]
59:39:57:026:0.302887 out [566, 214281, 214282, 214797, 55, 60, 54, 1, 2]
59:39:57:931:0.103302 out [568, 214448, 214449, 214798, 42, 56, 67, 3, 2]
59:41:31:916:0.909767 out [565, 214240, 214241, 214892, 51, 41, 56, 5, 2]
59:43:36:808:0.0220947 out [567, 214428, 214429, 215017, 60, 48, 42, 2, 2]
59:48:49:471:0.424652 out [569, 214821, 214822, 215329, 52, 45, 40, 1, 2]
59:51:39:502:0.840591 out [571, 215139, 215140, 215500, 44, 55, 73, 3, 2]
59:52:41:082:0.897736 out [570, 215123, 215124, 215561, 56, 45, 44, 2, 2]
59:56:10:046:0.970917 out [575, 215370, 215371, 215770, 44, 51, 59, 1, 2]
59:56:42:912:0.330223 out [572, 215180, 215181, 215803, 59, 37, 54, 4, 2]
59:59:46:079:0.454971 out [573, 215237, 215238, 215986, 50, 55, 51, 6, 2]
60:00:05:444:0.530083 out [574, 215286, 215287, 216005, 49, 38, 46, 7, 2]
60:01:38:261:0.669708 out [576, 215381, 215382, 216098, 48, 65, 45, 8, 2]
60:03:31:302:0.877975 out [577, 215758, 215759, 216211, 52, 45, 57, 2, 2]
60:04:11:615:0.542007 out [578, 215778, 215779, 216252, 52, 52, 48, 1, 2]
60:06:12:488:0.636566 out [579, 215954, 215955, 216372, 51, 61, 65, 3, 2]
60:08:31:194:0.508148 out [580, 215972, 215973, 216511, 59, 63, 53, 4, 2]
60:11:44:803:0.905083 out [581, 216256, 216257, 216705, 43, 48, 42, 1, 3]
60:12:45:807:0.617737 out [582, 216345, 216346, 216766, 45, 43, 44, 2, 3]
60:20:49:491:0.840912 out [583, 216808, 216809, 217249, 44, 43, 52, 1, 3]
60:24:34:748:0.621536 out [585, 217021, 217022, 217475, 47, 48, 53, 3, 3]
60:25:01:475:0.199295 out [584, 216984, 216985, 217501, 54, 45, 49, 2, 3]
60:26:16:605:0.551315 out [586, 217096, 217097, 217577, 51, 45, 50, 4, 3]
60:27:52:552:0.836967 out [587, 217218, 217219, 217673, 44, 44, 40, 5, 3]
60:30:30:372:0.217728 out [588, 217305, 217306, 217830, 60, 44, 60, 1, 3]
60:31:13:564:0.44986 out [589, 217451, 217452, 217874, 44, 46, 45, 6, 3]
60:33:50:445:0.747925 out [591, 217607, 217608, 218030, 39, 60, 61, 3, 2]
60:34:51:676:0.441742 out [592, 217632, 217633, 218092, 42, 52, 52, 4, 2]
60:34:54:736:0.618591 out [590, 217591, 217592, 218095, 52, 62, 54, 2, 2]
60:36:35:180:0.962158 out [593, 217730, 217731, 218195, 37, 46, 46, 5, 2]
60:37:14:712:0.500168 out [594, 217812, 217813, 218235, 39, 56, 58, 7, 2]
60:39:23:665:0.765358 out [595, 217844, 217845, 218364, 55, 44, 37, 1, 2]
60:42:45:449:0.927879 out [596, 218136, 218137, 218565, 41, 43, 47, 2, 2]
60:43:55:548:0.142029 out [598, 218194, 218195, 218636, 43, 50, 49, 4, 2]
60:45:36:073:0.850227 out [600, 218303, 218304, 218736, 38, 48, 37, 6, 2]
60:45:48:088:0.328911 out [597, 218178, 218179, 218748, 56, 56, 52, 3, 2]
60:46:49:008:0.18689 out [599, 218272, 218273, 218809, 53, 46, 57, 5, 2]
60:48:03:814:0.779831 out [601, 218359, 218360, 218884, 44, 54, 49, 7, 2]
60:50:30:761:0.889053 out [605, 218631, 218632, 219031, 40, 47, 40, 9, 2]
60:51:06:540:0.408684 out [604, 218611, 218612, 219067, 37, 60, 56, 2, 2]
60:52:06:944:0.924904 out [602, 218468, 218469, 219127, 54, 53, 43, 1, 2]
60:54:07:007:0.719589 out [606, 218662, 218663, 219247, 47, 50, 48, 4, 2]
60:54:57:114:0.0771637 out [603, 218559, 218560, 219297, 60, 54, 46, 8, 2]
60:56:25:215:0.1819 out [607, 218720, 218721, 219385, 55, 42, 38, 10, 2]
60:57:19:981:0.164528 out [608, 218933, 218934, 219440, 58, 56, 47, 3, 2]
60:58:10:574:0.958946 out [613, 219045, 219067, 219491, 49, 43, 45, 2, 2]
60:58:22:801:0.584793 out [611, 219022, 219023, 219503, 43, 56, 36, 7, 2]
60:58:29:162:0.827087 out [609, 218953, 218954, 219509, 56, 52, 54, 5, 2]
61:00:01:598:0.247673 out [614, 219055, 219127, 219602, 47, 55, 48, 1, 2]
61:00:19:200:0.171066 out [612, 219040, 219041, 219619, 52, 51, 37, 9, 2]
61:01:18:532:0.904221 out [610, 218985, 218986, 219679, 63, 61, 39, 6, 2]
61:03:15:966:0.0960693 out [615, 219076, 219247, 219796, 42, 49, 45, 4, 2]
61:03:27:236:0.525681 out [617, 219157, 219385, 219807, 42, 37, 39, 10, 2]
61:04:02:693:0.491127 out [616, 219146, 219297, 219843, 49, 60, 48, 8, 2]
61:06:34:404:0.846741 out [622, 219691, 219692, 219994, 41, 63, 59, 1, 3]
61:07:41:822:0.796013 out [618, 219434, 219440, 220062, 57, 53, 43, 3, 2]
61:08:02:578:0.406883 out [620, 219586, 219587, 220083, 54, 48, 59, 5, 2]
61:08:12:473:0.639229 out [619, 219448, 219491, 220092, 52, 56, 56, 2, 2]
61:09:35:119:0.416786 out [621, 219595, 219596, 220175, 54, 55, 47, 7, 2]
61:10:42:412:0.85379 out [625, 219847, 219848, 220242, 45, 54, 54, 8, 3]
61:11:08:472:0.00830078 out [624, 219840, 219841, 220268, 50, 42, 51, 6, 3]
61:11:59:685:0.47113 out [626, 219897, 219898, 220320, 50, 53, 48, 9, 3]
61:12:34:349:0.823547 out [627, 219913, 219914, 220354, 48, 41, 45, 10, 3]
61:13:01:003:0.0503998 out [623, 219800, 219801, 220381, 50, 57, 51, 4, 3]
61:14:37:381:0.220413 out [628, 220077, 220078, 220477, 38, 66, 36, 1, 3]
61:17:30:350:0.424362 out [629, 220174, 220175, 220650, 53, 59, 53, 2, 3]
61:19:32:448:0.26181 out [631, 220279, 220280, 220772, 47, 50, 56, 5, 3]
61:20:02:854:0.189468 out [630, 220243, 220244, 220803, 52, 47, 49, 3, 3]
61:25:28:014:0.989449 out [634, 220806, 220807, 221128, 34, 53, 45, 3, 3]
61:26:05:183:0.990074 out [633, 220709, 220710, 221165, 44, 38, 58, 2, 3]
61:27:29:288:0.771225 out [632, 220607, 220608, 221249, 60, 41, 50, 1, 3]
61:28:05:851:0.78907 out [636, 220864, 220865, 221286, 48, 44, 37, 5, 3]
61:28:22:519:0.659592 out [635, 220862, 220863, 221303, 49, 61, 45, 4, 3]
61:28:52:642:0.078949 out [637, 220920, 220921, 221333, 41, 47, 51, 6, 3]
61:29:37:993:0.769241 out [639, 220986, 220987, 221378, 44, 57, 43, 8, 3]
61:29:44:288:0.913322 out [638, 220951, 220952, 221384, 51, 42, 60, 7, 3]
61:33:22:026:0.413513 out [640, 221024, 221025, 221602, 60, 50, 54, 9, 3]
61:36:58:452:0.478958 out [643, 221381, 221382, 221818, 50, 49, 40, 3, 2]
61:37:13:929:0.556442 out [641, 221296, 221297, 221834, 55, 40, 54, 1, 2]
61:37:35:843:0.607498 out [642, 221298, 221299, 221856, 56, 55, 49, 2, 2]
61:39:14:334:0.275795 out [644, 221533, 221534, 221954, 43, 49, 51, 4, 2]
61:42:00:662:0.419868 out [646, 221671, 221672, 222121, 45, 42, 40, 6, 2]
61:44:18:438:0.526703 out [645, 221648, 221649, 222258, 56, 43, 51, 5, 2]
61:45:13:014:0.908386 out [647, 221786, 221787, 222313, 55, 57, 48, 7, 2]
61:46:15:967:0.890335 out [652, 222021, 222022, 222376, 42, 51, 36, 8, 2]
61:46:21:460:0.178925 out [648, 221935, 221936, 222381, 38, 51, 45, 1, 2]
61:48:05:870:0.544983 out [650, 221989, 221990, 222486, 49, 51, 44, 3, 2]
61:48:24:351:0.629807 out [651, 221999, 222000, 222504, 46, 39, 58, 4, 2]
61:49:35:966:0.196205 out [655, 222073, 222121, 222576, 41, 62, 35, 6, 2]
61:50:21:451:0.942993 out [649, 221985, 221986, 222621, 53, 43, 45, 2, 2]
61:50:32:718:0.476845 out [653, 222024, 222025, 222633, 52, 38, 57, 9, 2]
61:50:45:969:0.119621 out [654, 222027, 222028, 222646, 60, 44, 55, 10, 2]
61:53:02:955:0.159332 out [658, 222118, 222376, 222783, 42, 55, 54, 8, 2]
61:53:36:622:0.423317 out [659, 222234, 222381, 222817, 52, 35, 48, 1, 2]
61:53:51:003:0.0671616 out [656, 222087, 222258, 222831, 55, 49, 56, 5, 2]
61:54:15:048:0.62323 out [657, 222089, 222313, 222855, 49, 56, 57, 7, 2]
61:56:09:344:0.406273 out [660, 222341, 222486, 222969, 52, 42, 56, 3, 2]
61:56:34:119:0.508888 out [661, 222448, 222504, 222994, 47, 32, 66, 4, 2]
61:57:26:471:0.985008 out [663, 222477, 222621, 223046, 43, 53, 52, 2, 2]
61:59:38:877:0.693871 out [662, 222456, 222576, 223179, 59, 53, 59, 6, 2]
62:01:01:615:0.328384 out [665, 222700, 222701, 223262, 47, 55, 38, 10, 2]
62:02:03:761:0.308815 out [664, 222520, 222633, 223324, 57, 60, 58, 9, 2]
62:02:15:023:0.7108 out [666, 222822, 222823, 223335, 46, 62, 50, 1, 2]
62:04:20:526:0.780678 out [668, 223041, 223042, 223461, 43, 44, 53, 4, 2]
62:06:39:158:0.111168 out [667, 223026, 223027, 223599, 50, 41, 36, 3, 2]
62:07:19:792:0.832447 out [671, 223266, 223267, 223640, 37, 48, 53, 6, 3]
62:07:46:236:0.293388 out [669, 223191, 223192, 223666, 45, 51, 41, 2, 2]
62:08:18:514:0.938427 out [672, 223302, 223303, 223699, 54, 44, 43, 7, 3]
62:09:01:187:0.344624 out [674, 223408, 223409, 223741, 49, 43, 42, 8, 3]
62:09:04:316:0.650463 out [670, 223255, 223256, 223744, 51, 52, 55, 5, 3]
62:09:39:625:0.218941 out [673, 223388, 223389, 223780, 46, 37, 51, 1, 3]
62:11:28:982:0.107712 out [675, 223550, 223551, 223889, 40, 54, 49, 4, 3]
62:12:58:195:0.387913 out [676, 223584, 223585, 223978, 40, 48, 51, 9, 3]
62:14:19:739:0.584518 out [677, 223668, 223669, 224060, 53, 49, 48, 2, 3]
62:15:01:652:0.962757 out [680, 223763, 223764, 224102, 42, 46, 60, 6, 3]
62:15:43:562:0.216354 out [679, 223753, 223754, 224144, 48, 49, 61, 5, 3]
62:16:10:555:0.386616 out [678, 223735, 223736, 224171, 46, 46, 58, 3, 3]
62:19:34:876:0.7267 out [681, 223911, 223912, 224375, 48, 45, 51, 1, 3]
62:20:40:936:0.542583 out [683, 223931, 223932, 224441, 46, 57, 52, 7, 3]
62:20:41:652:0.834488 out [684, 223937, 223938, 224442, 57, 33, 46, 8, 3]
62:21:18:126:0.646591 out [682, 223913, 223914, 224478, 65, 54, 44, 4, 3]
62:21:32:255:0.0683746 out [685, 223957, 223958, 224492, 57, 60, 52, 10, 3]
62:22:14:784:0.157587 out [688, 224144, 224145, 224535, 44, 36, 56, 5, 3]
62:23:04:161:0.305977 out [687, 224095, 224096, 224584, 53, 50, 47, 2, 3]
62:23:07:574:0.394299 out [686, 224044, 224045, 224588, 56, 38, 46, 9, 3]
62:25:20:604:0.903294 out [689, 224170, 224171, 224721, 58, 47, 50, 3, 3]
62:26:39:948:0.486877 out [690, 224302, 224303, 224800, 60, 42, 59, 6, 3]
62:26:43:310:0.280945 out [691, 224348, 224375, 224803, 51, 38, 52, 1, 3]
62:28:45:537:0.336899 out [692, 224543, 224544, 224926, 43, 45, 63, 4, 3]
62:32:15:579:0.499198 out [693, 224691, 224692, 225136, 42, 40, 63, 2, 3]
62:33:09:990:0.0629053 out [694, 224735, 224736, 225190, 53, 48, 57, 3, 2]
62:35:07:059:0.55751 out [696, 224802, 224803, 225307, 45, 47, 33, 6, 2]
62:35:17:435:0.934199 out [697, 224834, 224835, 225317, 49, 59, 49, 1, 2]
62:35:30:327:0.0712624 out [695, 224783, 224784, 225330, 58, 42, 39, 5, 2]
62:36:56:586:0.553586 out [698, 224876, 224877, 225417, 48, 46, 54, 7, 2]
62:37:33:027:0.807129 out [699, 224917, 224918, 225453, 59, 46, 53, 8, 2]
62:40:45:248:0.486651 out [704, 225223, 225224, 225645, 46, 57, 48, 10, 2]
62:41:22:781:0.0554037 out [700, 225139, 225140, 225683, 49, 55, 44, 2, 2]
62:41:27:384:0.862913 out [701, 225176, 225177, 225687, 48, 49, 59, 4, 2]
62:41:32:887:0.631608 out [703, 225218, 225219, 225693, 46, 43, 52, 9, 2]
62:42:51:577:0.147212 out [706, 225269, 225317, 225772, 46, 45, 47, 1, 2]
62:43:27:524:0.922205 out [707, 225382, 225383, 225808, 45, 56, 61, 5, 2]
62:44:18:359:0.553648 out [708, 225434, 225435, 225858, 44, 46, 54, 7, 2]
62:44:19:351:0.412918 out [705, 225253, 225307, 225859, 49, 48, 48, 6, 2]
62:44:21:522:0.911681 out [702, 225200, 225201, 225862, 64, 43, 45, 3, 2]
62:44:51:333:0.679749 out [709, 225462, 225463, 225891, 43, 61, 54, 8, 2]
62:47:05:615:0.92653 out [713, 225602, 225693, 226026, 35, 50, 39, 9, 2]
62:48:13:112:0.830665 out [711, 225494, 225683, 226093, 49, 55, 40, 2, 2]
62:49:16:334:0.0203424 out [710, 225464, 225645, 226156, 50, 39, 48, 10, 2]
62:49:39:092:0.770185 out [712, 225558, 225687, 226179, 45, 57, 53, 4, 2]
62:50:17:614:0.651587 out [716, 225674, 225858, 226218, 46, 58, 53, 7, 2]
62:51:32:839:0.622953 out [717, 225682, 225859, 226293, 45, 50, 43, 6, 2]
62:52:05:755:0.335238 out [715, 225652, 225808, 226326, 51, 50, 50, 5, 2]
62:52:06:938:0.842024 out [718, 225847, 225862, 226327, 36, 61, 34, 3, 2]
62:52:19:137:0.694636 out [714, 225648, 225772, 226339, 51, 41, 46, 1, 2]
62:55:51:076:0.386597 out [719, 225859, 225891, 226551, 65, 50, 51, 8, 2]
62:57:02:860:0.737005 out [723, 226075, 226179, 226623, 46, 53, 59, 4, 2]
62:57:04:750:0.12044 out [722, 225948, 226156, 226625, 44, 52, 66, 10, 2]
62:58:21:187:0.922814 out [720, 225881, 226026, 226701, 60, 43, 35, 9, 2]
62:58:43:939:0.623931 out [721, 225882, 226093, 226724, 60, 50, 48, 2, 2]
62:58:44:386:0.449614 out [727, 226255, 226327, 226724, 44, 46, 53, 3, 2]
62:59:00:459:0.967665 out [725, 226162, 226293, 226740, 52, 48, 58, 6, 2]
62:59:39:859:0.309652 out [724, 226082, 226218, 226780, 45, 49, 41, 7, 2]
62:59:52:839:0.0120187 out [728, 226259, 226339, 226793, 40, 37, 52, 1, 2]
63:01:06:654:0.364565 out [726, 226226, 226326, 226867, 52, 54, 39, 5, 2]
63:05:08:940:0.576307 out [730, 226379, 226623, 227109, 45, 59, 54, 4, 2]
63:05:51:547:0.102801 out [731, 226406, 226625, 227152, 46, 51, 62, 10, 2]
63:06:17:524:0.299362 out [729, 226269, 226551, 227178, 60, 68, 48, 8, 2]
63:06:21:852:0.850561 out [735, 226597, 226740, 227182, 54, 50, 53, 6, 2]
63:07:54:957:0.953696 out [734, 226588, 226725, 227275, 52, 45, 49, 3, 2]
63:08:10:485:0.113076 out [732, 226416, 226701, 227290, 61, 57, 46, 9, 2]
63:08:30:176:0.416091 out [733, 226452, 226724, 227310, 57, 44, 50, 2, 2]
63:08:35:539:0.145044 out [738, 226672, 226867, 227316, 53, 41, 53, 5, 3]
63:09:06:647:0.0875192 out [737, 226662, 226793, 227347, 46, 54, 51, 1, 2]
63:09:35:189:0.334921 out [736, 226621, 226780, 227375, 52, 59, 58, 7, 2]
63:12:03:771:0.0947442 out [740, 226738, 227152, 227524, 39, 46, 38, 10, 3]
63:12:15:272:0.945707 out [739, 226695, 227109, 227535, 48, 52, 52, 4, 3]
63:13:02:023:0.207001 out [741, 226836, 227178, 227582, 48, 49, 53, 8, 3]
63:14:39:179:0.135519 out [742, 226863, 227182, 227679, 51, 43, 51, 6, 3]
63:15:06:499:0.324637 out [743, 226884, 227275, 227706, 48, 47, 48, 3, 3]
63:15:29:441:0.792612 out [746, 226956, 227316, 227729, 46, 49, 51, 5, 3]
63:16:33:340:0.193276 out [744, 226903, 227290, 227793, 41, 48, 46, 9, 3]
63:16:48:071:0.460967 out [745, 226921, 227310, 227808, 52, 42, 55, 2, 3]
63:17:15:444:0.891577 out [748, 226984, 227375, 227835, 42, 57, 44, 7, 3]
63:19:28:614:0.787941 out [751, 227116, 227582, 227969, 43, 50, 36, 8, 3]
63:19:29:638:0.0652366 out [750, 227012, 227535, 227970, 56, 52, 47, 4, 3]
63:19:53:625:0.967043 out [749, 226997, 227524, 227994, 52, 49, 53, 10, 3]
63:20:07:624:0.13885 out [747, 226976, 227347, 228008, 60, 39, 44, 1, 3]
63:20:53:292:0.73072 out [753, 227259, 227707, 228053, 39, 57, 53, 3, 3]
63:21:13:735:0.371667 out [755, 227337, 227793, 228074, 33, 51, 35, 9, 3]
63:22:14:260:0.141092 out [754, 227261, 227729, 228134, 46, 45, 57, 5, 3]
63:23:16:701:0.336699 out [756, 227380, 227808, 228197, 43, 49, 58, 2, 3]
63:23:43:480:0.260641 out [752, 227168, 227679, 228223, 44, 64, 44, 6, 3]
63:24:57:564:0.838857 out [759, 227506, 227970, 228298, 38, 45, 46, 4, 3]
63:26:07:127:0.323347 out [757, 227418, 227835, 228367, 56, 76, 51, 7, 3]
63:26:11:574:0.931712 out [760, 227521, 227994, 228372, 42, 62, 57, 10, 3]
63:26:47:070:0.509392 out [758, 227455, 227969, 228407, 56, 43, 53, 8, 3]
63:26:58:602:0.956385 out [761, 227560, 228008, 228419, 51, 49, 54, 1, 3]
63:27:32:383:0.547098 out [764, 227862, 228134, 228452, 43, 42, 52, 5, 3]
63:28:14:911:0.734565 out [762, 227755, 228053, 228495, 52, 33, 39, 3, 3]
63:28:24:977:0.269799 out [763, 227787, 228074, 228505, 48, 39, 45, 9, 3]
63:30:49:728:0.241308 out [766, 228030, 228223, 228650, 52, 43, 37, 6, 3]
63:31:26:271:0.945388 out [765, 227904, 228197, 228686, 54, 59, 61, 2, 3]
63:32:33:682:0.194753 out [767, 228142, 228298, 228754, 49, 51, 51, 4, 2]
63:34:46:590:0.406013 out [771, 228443, 228444, 228887, 43, 48, 40, 8, 2]
63:35:46:700:0.645042 out [770, 228430, 228431, 228947, 42, 51, 40, 1, 2]
63:36:31:302:0.24855 out [772, 228505, 228506, 228991, 51, 43, 58, 3, 2]
63:36:47:697:0.395487 out [769, 228292, 228372, 229008, 58, 40, 40, 10, 2]
63:37:00:994:0.323523 out [768, 228223, 228367, 229021, 54, 53, 51, 7, 2]
63:38:33:537:0.547661 out [773, 228595, 228596, 229114, 55, 53, 59, 5, 2]
63:39:57:475:0.180222 out [774, 228623, 228624, 229197, 58, 60, 47, 9, 2]
63:41:42:413:0.574768 out [776, 228822, 228823, 229302, 43, 44, 42, 4, 2]
63:42:58:337:0.985588 out [777, 228992, 228993, 229378, 47, 42, 41, 1, 2]
63:43:51:136:0.0975037 out [775, 228719, 228720, 229431, 50, 61, 35, 2, 2]
63:46:30:831:0.796242 out [778, 229045, 229046, 229591, 56, 44, 47, 3, 2]
63:48:07:224:0.641396 out [779, 229111, 229112, 229687, 53, 48, 48, 6, 2]
63:48:21:891:0.12146 out [780, 229342, 229343, 229702, 40, 60, 59, 4, 2]
63:51:01:975:0.182129 out [784, 229498, 229499, 229862, 41, 55, 55, 2, 2]
63:52:02:479:0.395462 out [782, 229385, 229386, 229922, 55, 46, 56, 1, 2]
63:53:11:090:0.056015 out [781, 229374, 229375, 229991, 53, 57, 53, 5, 2]
63:53:57:969:0.9188 out [786, 229619, 229620, 230038, 49, 44, 57, 3, 2]
63:54:38:085:0.767342 out [785, 229519, 229520, 230078, 47, 57, 42, 8, 2]
63:55:01:919:0.257713 out [783, 229406, 229407, 230102, 52, 45, 38, 7, 2]
63:55:51:454:0.766823 out [787, 229692, 229693, 230151, 45, 50, 51, 6, 2]
63:56:53:368:0.40303 out [788, 229696, 229697, 230213, 48, 47, 53, 9, 2]
64:00:37:910:0.393311 out [789, 229749, 229750, 230438, 75, 48, 42, 4, 2]
64:00:54:201:0.689316 out [790, 229893, 229894, 230454, 52, 45, 46, 2, 2]
64:04:45:605:0.585648 out [794, 230170, 230171, 230686, 49, 48, 57, 6, 2]
64:04:59:446:0.512772 out [796, 230288, 230289, 230699, 39, 52, 54, 8, 2]
64:05:11:319:0.0541992 out [791, 230045, 230046, 230711, 66, 55, 36, 1, 2]
64:05:42:964:0.153839 out [792, 230058, 230059, 230743, 68, 46, 60, 3, 2]
64:05:57:089:0.141441 out [795, 230270, 230271, 230757, 51, 64, 56, 7, 2]
64:06:14:313:0.18338 out [793, 230148, 230149, 230774, 50, 55, 44, 5, 2]
64:07:27:629:0.45993 out [797, 230439, 230440, 230848, 47, 46, 54, 4, 3]
64:11:13:147:0.030426 out [799, 230622, 230623, 231073, 45, 46, 52, 9, 3]
64:11:53:000:0.692917 out [798, 230490, 230491, 231113, 62, 45, 50, 2, 3]
64:12:59:762:0.363983 out [802, 230831, 230832, 231180, 42, 43, 48, 5, 3]
64:13:24:852:0.613998 out [800, 230742, 230743, 231205, 46, 46, 34, 1, 3]
64:15:35:463:0.545395 out [801, 230761, 230762, 231335, 53, 64, 48, 3, 3]
64:17:21:668:0.536736 out [805, 230993, 230994, 231442, 50, 54, 56, 7, 3]
64:17:23:202:0.00498199 out [807, 231072, 231073, 231443, 50, 49, 36, 9, 3]
64:17:34:527:0.33667 out [804, 230972, 230973, 231455, 53, 55, 55, 6, 3]
64:18:14:538:0.409782 out [803, 230925, 230926, 231495, 52, 51, 54, 4, 3]
64:19:18:014:0.602257 out [806, 231065, 231066, 231558, 52, 51, 49, 8, 3]
64:22:01:507:0.942749 out [808, 231330, 231331, 231722, 42, 58, 42, 1, 3]
64:23:37:449:0.0991364 out [810, 231420, 231421, 231817, 47, 48, 37, 3, 3]
64:24:53:213:0.778091 out [812, 231528, 231529, 231893, 40, 49, 47, 5, 3]
64:26:09:718:0.835426 out [809, 231368, 231369, 231970, 61, 45, 43, 2, 3]
64:27:08:229:0.431702 out [811, 231524, 231525, 232028, 57, 67, 53, 4, 3]
64:28:52:165:0.710999 out [813, 231688, 231689, 232132, 51, 46, 46, 6, 3]
64:34:13:482:0.389046 out [815, 232018, 232019, 232453, 45, 49, 43, 2, 2]
64:35:45:103:0.300644 out [814, 231966, 231967, 232545, 48, 46, 46, 1, 2]
64:37:11:894:0.865585 out [816, 232143, 232144, 232632, 47, 51, 38, 3, 2]
64:38:35:796:0.0515747 out [817, 232226, 232227, 232716, 48, 50, 55, 4, 2]
64:42:20:166:0.922165 out [818, 232382, 232383, 232940, 52, 56, 58, 5, 2]
64:43:42:073:0.72625 out [819, 232423, 232424, 233022, 55, 51, 58, 6, 2]
64:44:16:995:0.895935 out [820, 232588, 232589, 233057, 47, 53, 36, 1, 2]
64:44:17:827:0.945305 out [821, 232600, 232601, 233058, 52, 52, 44, 2, 2]
64:46:16:276:0.218964 out [823, 232653, 232654, 233176, 57, 42, 52, 3, 2]
64:46:47:600:0.963188 out [822, 232627, 232628, 233208, 58, 46, 58, 7, 2]
64:47:39:109:0.680725 out [824, 232738, 232739, 233259, 47, 62, 45, 4, 2]
64:50:20:753:0.372742 out [826, 232899, 232900, 233421, 48, 43, 48, 9, 2]
64:51:08:324:0.317528 out [825, 232855, 232856, 233468, 47, 63, 41, 8, 2]
64:51:46:259:0.296967 out [829, 233024, 233025, 233506, 47, 37, 55, 6, 2]
64:52:59:713:0.432861 out [828, 232968, 232969, 233580, 59, 41, 58, 5, 2]
64:53:10:650:0.737907 out [830, 233042, 233057, 233591, 54, 49, 28, 1, 2]
64:53:18:999:0.412132 out [827, 232936, 232937, 233599, 59, 51, 58, 10, 2]
64:54:13:653:0.639389 out [832, 233197, 233198, 233654, 52, 47, 46, 3, 2]
64:54:35:013:0.0172501 out [831, 233191, 233192, 233675, 45, 51, 41, 2, 2]
64:58:37:900:0.532318 out [833, 233452, 233453, 233918, 51, 50, 49, 4, 2]
65:00:44:215:0.321136 out [834, 233470, 233471, 234044, 52, 49, 41, 7, 2]
65:00:50:975:0.632263 out [836, 233550, 233551, 234051, 46, 57, 49, 6, 2]
65:03:20:923:0.212601 out [835, 233490, 233491, 234201, 63, 52, 49, 8, 2]
65:05:45:100:0.992752 out [837, 233861, 233862, 234345, 54, 45, 49, 1, 2]
65:08:30:604:0.481293 out [839, 234129, 234130, 234511, 43, 53, 43, 3, 3]
65:09:16:484:0.328819 out [838, 233903, 233904, 234556, 61, 43, 47, 2, 2]
65:11:49:346:0.77179 out [840, 234230, 234231, 234709, 53, 41, 60, 4, 3]
65:14:58:708:0.876205 out [841, 234454, 234455, 234899, 52, 49, 42, 1, 3]
65:17:05:858:0.0995331 out [842, 234584, 234585, 235026, 38, 41, 56, 2, 3]
65:23:10:034:0.442497 out [843, 234951, 234952, 235390, 52, 48, 54, 1, 3]
65:24:37:555:0.414749 out [844, 235020, 235021, 235478, 57, 50, 48, 3, 3]
65:24:50:263:0.685776 out [845, 235028, 235029, 235490, 50, 48, 58, 2, 3]
65:26:21:598:0.600937 out [846, 235203, 235204, 235582, 46, 55, 61, 4, 3]
65:26:27:857:0.178284 out [848, 235250, 235251, 235588, 39, 49, 51, 6, 3]
65:27:43:324:0.631287 out [847, 235245, 235246, 235663, 45, 46, 69, 5, 3]
65:30:34:902:0.794434 out [849, 235446, 235447, 235835, 45, 53, 33, 1, 3]
65:36:51:366:0.444183 out [850, 235564, 235565, 236211, 56, 59, 53, 2, 2]
65:38:46:073:0.183609 out [851, 235668, 235669, 236326, 49, 47, 55, 3, 2]
65:46:55:618:0.733002 out [853, 236343, 236344, 236816, 39, 58, 48, 2, 2]
65:47:16:832:0.190109 out [852, 236206, 236207, 236837, 53, 49, 48, 1, 2]
65:47:49:058:0.519913 out [854, 236403, 236404, 236869, 41, 67, 45, 3, 2]
65:55:06:638:0.910843 out [856, 236761, 236762, 237307, 50, 54, 46, 5, 2]
65:55:10:693:0.905426 out [855, 236725, 236726, 237311, 48, 47, 45, 4, 2]
65:56:40:118:0.86747 out [857, 236928, 236929, 237400, 44, 48, 45, 1, 2]
66:06:58:015:0.425278 out [861, 237694, 237695, 238018, 31, 43, 53, 4, 3]
66:09:15:232:0.319427 out [859, 237550, 237551, 238155, 58, 42, 61, 2, 2]
66:09:33:996:0.886803 out [860, 237682, 237683, 238174, 55, 56, 40, 3, 3]
66:09:34:598:0.648621 out [858, 237532, 237533, 238175, 55, 60, 33, 1, 2]
66:17:45:859:0.740807 out [862, 237747, 237748, 238666, 41, 52, 51, 5, 1]
66:27:18:143:0.636299 out [863, 238674, 238675, 239238, 61, 52, 42, 1, 3]
66:31:58:782:0.543732 out [864, 239027, 239028, 239519, 56, 47, 54, 2, 3]
66:47:11:685:0.438705 out [865, 239883, 239884, 240432, 54, 56, 49, 1, 2]
81:07:09:717:0.457367 out [867, 291719, 291720, 292030, 43, 51, 63, 2, 3]
81:09:13:228:0.277756 out [866, 291668, 291669, 292153, 63, 44, 47, 1, 3]
81:18:36:033:0.335281 out [868, 292340, 292341, 292716, 42, 47, 35, 1, 3]
81:30:16:743:0.387772 out [869, 292904, 292905, 293417, 49, 55, 52, 1, 3]
82:07:34:431:0.904388 out [870, 295046, 295047, 295654, 74, 52, 34, 1, 2]
82:30:47:881:0.239487 out [871, 296658, 296659, 297048, 46, 39, 63, 1, 3]
82:41:27:488:0.39624 out [872, 297297, 297298, 297687, 44, 47, 74, 1, 2]
82:43:11:403:0.301788 out [873, 297319, 297320, 297791, 52, 54, 42, 2, 2]
82:48:22:052:0.954269 out [875, 297733, 297734, 298102, 45, 73, 50, 3, 2]
82:48:53:350:0.35379 out [874, 297725, 297726, 298133, 56, 56, 40, 1, 2]
82:51:25:192:0.526413 out [877, 297924, 297925, 298285, 47, 44, 53, 4, 2]
82:52:02:085:0.0644836 out [876, 297856, 297857, 298322, 52, 43, 51, 2, 2]
82:57:44:541:0.298462 out [878, 298230, 298231, 298665, 52, 31, 35, 1, 2]
83:05:58:304:0.943634 out [880, 298660, 298661, 299158, 50, 56, 42, 3, 2]
83:06:56:619:0.692398 out [879, 298633, 298634, 299217, 62, 47, 53, 2, 2]
83:07:17:342:0.667175 out [881, 298909, 298910, 299237, 37, 51, 47, 1, 3]
83:15:16:249:0.310089 out [882, 299319, 299320, 299716, 47, 55, 60, 1, 3]
83:15:41:213:0.327003 out [883, 299334, 299335, 299741, 53, 47, 55, 2, 3]
83:20:52:138:0.874603 out [884, 299727, 299728, 300052, 44, 66, 49, 1, 3]
83:23:00:250:0.509811 out [885, 299840, 299841, 300180, 42, 49, 41, 2, 3]
83:25:12:972:0.605301 out [886, 299973, 299974, 300313, 44, 40, 33, 3, 3]
83:25:30:007:0.229401 out [887, 299994, 299995, 300330, 48, 66, 52, 4, 3]
83:30:24:463:0.679863 out [888, 300025, 300026, 300624, 46, 43, 48, 5, 3]
83:33:03:788:0.128448 out [889, 300305, 300306, 300784, 52, 55, 48, 1, 2]
83:35:59:825:0.907303 out [890, 300345, 300346, 300960, 56, 54, 51, 2, 2]
83:40:02:692:0.777229 out [891, 300811, 300812, 301203, 44, 49, 43, 1, 2]
83:40:46:639:0.17215 out [892, 300904, 300905, 301247, 38, 49, 51, 3, 2]
83:42:57:491:0.973473 out [893, 300984, 300985, 301377, 43, 42, 48, 2, 2]
83:49:57:277:0.277542 out [894, 301355, 301356, 301797, 51, 44, 58, 1, 2]
83:50:26:231:0.175018 out [895, 301382, 301383, 301826, 51, 40, 46, 2, 2]
83:55:58:619:0.988037 out [896, 301810, 301811, 302159, 41, 51, 49, 1, 2]
84:01:47:674:0.439026 out [897, 301960, 301961, 302508, 54, 43, 44, 2, 2]
84:02:29:624:0.344421 out [898, 302137, 302138, 302550, 51, 59, 39, 3, 2]
84:06:08:817:0.438675 out [899, 302240, 302241, 302769, 64, 58, 43, 1, 2]
84:07:18:674:0.132896 out [901, 302452, 302453, 302839, 46, 57, 57, 5, 3]
84:09:40:867:0.359711 out [900, 302391, 302392, 302981, 57, 56, 41, 4, 2]
84:12:40:001:0.489235 out [902, 302691, 302692, 303160, 48, 48, 45, 2, 3]
84:16:22:586:0.388184 out [904, 302896, 302897, 303383, 55, 55, 55, 3, 3]
84:16:42:064:0.837051 out [905, 303008, 303009, 303402, 55, 58, 44, 4, 3]
84:16:43:038:0.615776 out [903, 302786, 302787, 303403, 63, 50, 43, 1, 3]
84:20:35:510:0.367943 out [906, 303236, 303237, 303636, 48, 46, 42, 2, 3]
84:23:04:343:0.926025 out [907, 303370, 303371, 303784, 39, 62, 46, 5, 3]
84:25:08:898:0.706985 out [908, 303444, 303445, 303909, 53, 45, 54, 1, 3]
84:27:45:017:0.307831 out [909, 303591, 303592, 304065, 58, 52, 37, 3, 3]
84:28:57:409:0.27179 out [911, 303841, 303842, 304137, 33, 63, 54, 2, 3]
84:29:46:423:0.245026 out [910, 303627, 303628, 304186, 58, 49, 40, 4, 3]
84:41:00:620:0.511604 out [912, 304409, 304410, 304861, 41, 53, 53, 1, 2]
84:43:18:406:0.212402 out [913, 304485, 304486, 304998, 55, 49, 57, 2, 2]
84:44:13:233:0.0384979 out [914, 304560, 304561, 305053, 49, 46, 52, 3, 2]
84:45:07:841:0.194702 out [916, 304714, 304715, 305108, 41, 47, 55, 5, 2]
84:45:35:419:0.656349 out [915, 304634, 304635, 305135, 52, 39, 50, 4, 2]
84:49:46:927:0.441193 out [918, 304896, 304897, 305387, 46, 42, 50, 1, 2]
84:49:57:000:0.649048 out [917, 304774, 304775, 305397, 62, 54, 53, 6, 2]
84:51:47:878:0.138138 out [919, 305125, 305126, 305508, 45, 50, 49, 2, 2]
84:54:34:480:0.604721 out [920, 305140, 305141, 305674, 54, 61, 55, 3, 2]
84:55:50:201:0.0989914 out [924, 305329, 305330, 305750, 44, 57, 44, 8, 2]
84:55:51:250:0.168396 out [921, 305180, 305181, 305751, 57, 46, 55, 4, 2]
84:56:45:573:0.545052 out [923, 305301, 305302, 305806, 43, 48, 51, 7, 2]
84:57:06:816:0.393448 out [926, 305344, 305345, 305827, 49, 50, 52, 10, 2]
84:57:44:789:0.767815 out [922, 305284, 305285, 305865, 49, 48, 63, 5, 2]
84:59:33:006:0.171776 out [927, 305560, 305561, 305973, 38, 57, 38, 1, 2]
84:59:40:697:0.751595 out [925, 305337, 305338, 305981, 52, 63, 61, 9, 2]
85:02:16:652:0.484489 out [928, 305692, 305693, 306137, 49, 47, 45, 2, 2]
85:05:53:334:0.1604 out [930, 305872, 305873, 306353, 48, 69, 48, 4, 2]
85:05:54:465:0.349747 out [929, 305735, 305736, 306354, 53, 55, 47, 3, 2]
85:07:54:298:0.472 out [931, 305886, 305887, 306474, 66, 62, 42, 5, 2]
85:12:31:714:0.470459 out [932, 306319, 306320, 306752, 39, 42, 52, 1, 3]
85:12:37:439:0.942909 out [933, 306320, 306321, 306757, 53, 46, 39, 2, 3]
85:13:21:549:0.10524 out [934, 306324, 306325, 306802, 44, 52, 49, 6, 3]
85:15:20:370:0.823456 out [935, 306464, 306465, 306920, 59, 51, 50, 3, 3]
85:18:12:509:0.479118 out [936, 306593, 306594, 307093, 58, 46, 52, 4, 3]
85:18:46:190:0.683914 out [937, 306660, 306661, 307126, 58, 62, 47, 5, 3]
85:18:49:856:0.55172 out [938, 306706, 306707, 307130, 54, 55, 46, 7, 3]
85:19:24:640:0.154434 out [941, 306739, 306740, 307165, 50, 47, 67, 10, 3]
85:19:42:187:0.52153 out [940, 306725, 306726, 307182, 48, 53, 63, 9, 3]
85:20:07:524:0.599625 out [939, 306716, 306717, 307208, 51, 54, 44, 8, 3]
85:22:23:596:0.312119 out [942, 306878, 306879, 307344, 50, 53, 46, 1, 3]
85:24:01:459:0.41217 out [943, 306948, 306949, 307441, 49, 50, 64, 2, 3]
85:26:18:653:0.528763 out [944, 307186, 307187, 307579, 40, 55, 45, 3, 3]
85:28:55:083:0.709312 out [945, 307187, 307188, 307735, 66, 50, 40, 4, 3]
85:32:37:884:0.577347 out [946, 307483, 307484, 307958, 48, 40, 39, 1, 3]
85:38:54:791:0.941238 out [948, 307887, 307888, 308335, 42, 41, 49, 3, 2]
85:39:05:495:0.225502 out [947, 307824, 307825, 308345, 51, 46, 48, 2, 2]
85:40:34:927:0.495552 out [950, 307965, 307966, 308435, 43, 60, 50, 4, 2]
85:42:03:591:0.449333 out [949, 307963, 307964, 308524, 51, 40, 48, 1, 2]
85:48:41:912:0.860466 out [951, 308469, 308470, 308922, 47, 58, 51, 2, 2]
85:50:27:117:0.703033 out [952, 308480, 308481, 309027, 57, 65, 46, 3, 2]
85:51:24:195:0.194794 out [953, 308562, 308563, 309084, 51, 49, 54, 1, 2]
85:52:48:464:0.34362 out [955, 308730, 308731, 309168, 47, 58, 54, 5, 2]
85:52:56:108:0.328415 out [957, 308762, 308763, 309176, 41, 53, 38, 7, 2]
85:54:41:164:0.682938 out [956, 308756, 308757, 309281, 55, 43, 47, 6, 2]
85:55:01:427:0.553726 out [954, 308600, 308601, 309301, 55, 60, 49, 4, 2]
85:55:58:081:0.978394 out [958, 308819, 308820, 309358, 52, 36, 61, 8, 2]
85:58:27:212:0.416245 out [959, 308981, 308982, 309507, 58, 54, 46, 2, 2]
85:58:32:529:0.491974 out [960, 308996, 308997, 309513, 49, 57, 41, 9, 2]
86:02:57:633:0.846832 out [961, 309318, 309319, 309778, 42, 52, 56, 1, 2]
86:05:34:834:0.670616 out [962, 309418, 309419, 309935, 41, 52, 59, 3, 2]
86:07:25:582:0.820488 out [963, 309501, 309502, 310046, 46, 43, 49, 4, 2]
86:08:24:474:0.870754 out [967, 309682, 309683, 310104, 44, 44, 42, 7, 3]
86:08:50:162:0.00692749 out [966, 309662, 309663, 310130, 50, 55, 40, 6, 3]
86:09:02:413:0.0998383 out [965, 309628, 309629, 310142, 57, 51, 52, 5, 3]
86:09:32:484:0.79612 out [964, 309555, 309556, 310172, 52, 51, 53, 2, 2]
86:09:56:932:0.468964 out [969, 309880, 309881, 310197, 40, 39, 45, 8, 3]
86:10:10:022:0.58308 out [970, 309934, 309935, 310210, 37, 45, 57, 9, 3]
86:11:15:993:0.328644 out [968, 309850, 309851, 310276, 45, 56, 43, 1, 3]
86:13:42:202:0.345444 out [971, 309977, 309978, 310422, 54, 53, 43, 3, 3]
86:17:58:959:0.123207 out [972, 310250, 310251, 310679, 39, 49, 45, 2, 3]
86:18:37:619:0.439198 out [974, 310364, 310365, 310718, 46, 47, 51, 4, 3]
86:19:27:435:0.758663 out [973, 310287, 310288, 310767, 47, 51, 55, 1, 3]
86:20:11:344:0.410015 out [975, 310394, 310395, 310811, 57, 55, 38, 5, 3]
86:20:55:827:0.0324001 out [979, 310505, 310506, 310856, 44, 55, 58, 8, 3]
86:21:44:598:0.102642 out [977, 310471, 310472, 310905, 50, 66, 47, 6, 3]
86:21:57:322:0.884155 out [976, 310458, 310459, 310917, 49, 61, 46, 3, 3]
86:22:19:443:0.16156 out [980, 310528, 310529, 310939, 52, 48, 43, 9, 3]
86:23:38:252:0.339436 out [978, 310499, 310500, 311018, 46, 38, 58, 7, 3]
86:24:11:221:0.963955 out [981, 310554, 310555, 311051, 53, 65, 47, 10, 3]
86:25:44:508:0.506443 out [983, 310654, 310718, 311145, 50, 40, 47, 4, 3]
86:27:09:425:0.0132103 out [984, 310686, 310767, 311229, 48, 51, 57, 1, 3]
86:27:25:895:0.990517 out [982, 310556, 310679, 311246, 53, 43, 49, 2, 3]
86:27:30:121:0.79723 out [985, 310699, 310811, 311250, 51, 55, 44, 5, 3]
86:28:51:045:0.11912 out [989, 310995, 310996, 311331, 38, 49, 52, 9, 3]
86:28:56:261:0.5613 out [986, 310723, 310856, 311336, 57, 54, 58, 8, 3]
86:29:12:779:0.822018 out [987, 310726, 310905, 311353, 49, 49, 56, 6, 3]
86:30:23:240:0.801956 out [988, 310840, 310917, 311423, 45, 59, 52, 3, 3]
86:31:29:600:0.74432 out [990, 311084, 311085, 311490, 47, 65, 46, 7, 3]
86:37:02:944:0.58778 out [991, 311307, 311308, 311823, 54, 65, 54, 1, 2]
86:38:42:801:0.686955 out [993, 311519, 311520, 311923, 36, 45, 55, 3, 2]
86:40:31:856:0.770648 out [994, 311520, 311521, 312032, 46, 47, 55, 4, 2]
86:41:18:467:0.461182 out [997, 311648, 311649, 312078, 45, 57, 49, 7, 2]
86:41:32:353:0.04494 out [995, 311597, 311598, 312092, 44, 55, 48, 5, 2]
86:42:00:551:0.05653 out [1001, 311802, 311823, 312121, 34, 46, 52, 1, 2]
86:42:29:612:0.0314429 out [992, 311503, 311504, 312150, 69, 65, 52, 2, 2]
86:42:59:640:0.827728 out [996, 311640, 311641, 312180, 46, 45, 45, 6, 2]
86:43:56:222:0.658111 out [1000, 311723, 311724, 312236, 45, 44, 47, 10, 2]
86:44:08:848:0.854376 out [998, 311693, 311694, 312249, 57, 49, 55, 8, 2]
86:45:42:186:0.963035 out [999, 311706, 311707, 312342, 62, 50, 46, 9, 2]
86:46:51:979:0.692723 out [1002, 311860, 311923, 312412, 41, 46, 41, 3, 2]
86:48:10:280:0.932644 out [1006, 312062, 312121, 312490, 37, 52, 59, 1, 2]
86:49:24:143:0.304016 out [1004, 312005, 312078, 312564, 49, 52, 53, 7, 2]
86:49:51:307:0.132747 out [1005, 312044, 312092, 312591, 51, 56, 50, 5, 2]
86:51:25:622:0.00709772 out [1003, 311940, 312032, 312686, 60, 46, 46, 4, 2]
86:51:33:307:0.0804138 out [1008, 312104, 312180, 312693, 48, 48, 54, 6, 2]
86:51:40:279:0.0602703 out [1010, 312248, 312249, 312700, 50, 39, 52, 8, 2]
86:52:38:334:0.0573568 out [1009, 312214, 312236, 312758, 46, 46, 38, 10, 2]
86:52:47:217:0.701014 out [1007, 312075, 312150, 312767, 51, 49, 52, 2, 2]
86:53:17:282:0.64096 out [1011, 312321, 312342, 312797, 43, 50, 46, 9, 2]
86:58:31:996:0.252609 out [1012, 312490, 312491, 313112, 65, 43, 57, 1, 2]
86:59:37:223:0.790718 out [1016, 312788, 312789, 313177, 36, 42, 48, 2, 2]
87:00:03:900:0.672508 out [1015, 312743, 312744, 313204, 49, 52, 38, 4, 2]
87:00:17:479:0.758812 out [1014, 312675, 312676, 313217, 49, 50, 40, 5, 2]
87:00:44:397:0.0490227 out [1017, 312850, 312851, 313244, 46, 47, 54, 6, 2]
87:00:57:694:0.0971146 out [1013, 312659, 312660, 313258, 52, 45, 67, 3, 2]
87:03:27:291:0.624619 out [1018, 312892, 312893, 313407, 51, 52, 42, 7, 2]
87:04:30:934:0.775902 out [1020, 313015, 313016, 313471, 48, 53, 49, 9, 2]
87:05:08:809:0.176517 out [1019, 312974, 312975, 313509, 54, 47, 44, 8, 2]
87:05:38:912:0.248684 out [1021, 313046, 313047, 313539, 43, 58, 42, 10, 2]
87:06:12:856:0.910778 out [1022, 313131, 313132, 313573, 43, 38, 49, 1, 2]
87:09:26:175:0.868584 out [1023, 313245, 313246, 313766, 60, 65, 48, 2, 3]
87:10:16:443:0.202568 out [1024, 313325, 313326, 313816, 51, 57, 70, 3, 3]
87:10:51:986:0.450745 out [1025, 313399, 313400, 313852, 49, 57, 36, 4, 3]
87:11:16:065:0.477921 out [1027, 313475, 313476, 313876, 47, 46, 42, 6, 3]
87:11:43:721:0.154762 out [1026, 313431, 313432, 313904, 49, 41, 52, 5, 3]
87:15:36:168:0.486191 out [1028, 313538, 313539, 314136, 61, 39, 48, 7, 3]
87:17:51:346:0.282555 out [1029, 313862, 313863, 314271, 41, 57, 49, 1, 3]
87:21:06:435:0.311867 out [1031, 314051, 314052, 314466, 50, 45, 53, 3, 3]
87:21:19:127:0.864433 out [1030, 313968, 313969, 314479, 56, 43, 40, 2, 3]
87:23:41:675:0.972534 out [1033, 314158, 314159, 314622, 57, 52, 44, 5, 3]
87:23:44:730:0.884148 out [1034, 314160, 314161, 314625, 54, 58, 64, 6, 3]
87:24:33:228:0.000236511 out [1035, 314176, 314177, 314673, 52, 45, 58, 7, 3]
87:24:56:820:0.391251 out [1036, 314209, 314210, 314697, 54, 45, 54, 8, 3]
87:25:23:179:0.826332 out [1032, 314120, 314121, 314723, 62, 55, 55, 4, 3]
87:26:29:916:0.0657654 out [1037, 314245, 314246, 314790, 52, 46, 51, 9, 3]
87:29:46:975:0.0362167 out [1038, 314414, 314415, 314987, 53, 57, 42, 1, 3]
87:31:12:407:0.160355 out [1039, 314573, 314574, 315072, 55, 51, 54, 2, 3]
87:31:15:299:0.15197 out [1040, 314578, 314579, 315075, 46, 52, 53, 3, 3]
87:32:57:087:0.89785 out [1041, 314644, 314645, 315177, 55, 58, 43, 5, 3]
87:34:31:580:0.0958405 out [1042, 314725, 314726, 315272, 53, 61, 49, 4, 2]
87:37:34:515:0.863014 out [1043, 314812, 314813, 315455, 49, 45, 38, 6, 2]
87:37:43:168:0.512894 out [1047, 314909, 314910, 315463, 53, 52, 48, 10, 2]
87:37:48:532:0.340599 out [1046, 314893, 314894, 315469, 54, 62, 41, 9, 2]
87:38:05:152:0.434898 out [1045, 314874, 314875, 315485, 52, 44, 53, 8, 2]
87:38:55:215:0.69648 out [1048, 314956, 314987, 315535, 49, 40, 48, 1, 2]
87:39:20:708:0.71122 out [1044, 314858, 314859, 315561, 63, 42, 55, 7, 2]
87:39:32:153:0.101112 out [1050, 315016, 315075, 315572, 54, 54, 43, 3, 2]
87:41:27:455:0.432083 out [1049, 314973, 315072, 315687, 58, 47, 56, 2, 2]
87:41:37:116:0.945412 out [1051, 315136, 315177, 315697, 54, 57, 54, 5, 2]
87:45:44:856:0.740143 out [1054, 315216, 315463, 315945, 48, 44, 59, 10, 2]
87:45:56:433:0.516647 out [1052, 315138, 315272, 315956, 62, 54, 47, 4, 2]
87:46:25:527:0.106979 out [1057, 315326, 315535, 315986, 51, 50, 52, 1, 2]
87:47:22:760:0.307861 out [1059, 315580, 315581, 316043, 49, 41, 54, 3, 2]
87:47:31:345:0.175888 out [1055, 315292, 315469, 316051, 62, 43, 52, 9, 2]
87:48:13:212:0.766792 out [1053, 315186, 315455, 316093, 55, 55, 51, 6, 2]
87:48:19:861:0.427452 out [1056, 315307, 315485, 316100, 55, 49, 35, 8, 2]
87:48:32:934:0.408333 out [1058, 315342, 315561, 316113, 54, 55, 52, 7, 2]
87:49:18:691:0.760757 out [1060, 315583, 315687, 316159, 57, 51, 44, 2, 2]
87:49:49:390:0.465477 out [1061, 315637, 315697, 316189, 46, 48, 52, 5, 2]
87:52:44:746:0.806435 out [1064, 315718, 315986, 316365, 46, 52, 50, 1, 2]
87:54:00:966:0.461876 out [1063, 315707, 315956, 316441, 50, 54, 47, 4, 2]
87:55:41:901:0.803711 out [1062, 315694, 315945, 316542, 53, 47, 45, 10, 2]
87:56:18:701:0.773384 out [1067, 315916, 316093, 316579, 45, 52, 52, 6, 2]
87:56:43:542:0.262772 out [1066, 315898, 316051, 316604, 53, 50, 44, 9, 2]
87:57:00:719:0.322899 out [1069, 315957, 316113, 316621, 49, 47, 53, 7, 2]
87:57:58:157:0.30777 out [1065, 315854, 316043, 316678, 59, 41, 52, 3, 2]
87:58:43:710:0.171036 out [1070, 316046, 316159, 316724, 57, 46, 52, 2, 2]
87:59:16:801:0.418999 out [1068, 315921, 316100, 316757, 60, 54, 40, 8, 2]
87:59:38:090:0.201668 out [1071, 316136, 316189, 316778, 53, 50, 56, 5, 2]
88:00:00:220:0.968132 out [1072, 316164, 316365, 316800, 44, 46, 45, 1, 2]
88:04:25:839:0.752487 out [1073, 316360, 316441, 317066, 54, 57, 54, 4, 2]
88:05:04:668:0.115906 out [1076, 316463, 316604, 317105, 49, 44, 61, 9, 2]
88:05:28:383:0.419327 out [1077, 316527, 316621, 317128, 58, 61, 44, 7, 2]
88:05:56:904:0.953293 out [1075, 316401, 316579, 317157, 61, 44, 52, 6, 2]
88:06:13:530:0.0441513 out [1079, 316790, 316791, 317174, 43, 64, 50, 3, 2]
88:06:14:126:0.234344 out [1074, 316399, 316542, 317174, 61, 53, 39, 10, 2]
88:07:19:995:0.365692 out [1080, 316826, 316827, 317240, 49, 55, 47, 1, 3]
88:07:39:100:0.775314 out [1082, 316890, 316891, 317259, 42, 44, 55, 8, 3]
88:09:39:753:0.843857 out [1081, 316854, 316855, 317380, 54, 53, 54, 5, 3]
88:11:17:053:0.60141 out [1089, 317147, 317240, 317477, 31, 56, 54, 1, 3]
88:11:18:834:0.13942 out [1078, 316786, 316787, 317479, 59, 39, 46, 2, 2]
88:11:26:185:0.206299 out [1085, 316942, 317128, 317486, 41, 62, 45, 7, 3]
88:12:56:538:0.917282 out [1088, 317102, 317175, 317577, 45, 45, 38, 10, 3]
88:13:11:123:0.357658 out [1084, 316941, 317105, 317591, 50, 46, 51, 9, 3]
88:13:37:337:0.764626 out [1083, 316933, 317066, 317617, 59, 50, 46, 4, 3]
88:14:01:230:0.0492783 out [1087, 317098, 317174, 317641, 49, 51, 42, 3, 3]
88:15:13:202:0.363853 out [1086, 316985, 317157, 317713, 65, 64, 54, 6, 3]
88:18:14:475:0.867821 out [1090, 317363, 317364, 317894, 64, 48, 50, 8, 3]
88:18:35:923:0.657013 out [1091, 317464, 317465, 317916, 54, 47, 38, 5, 3]
88:19:57:325:0.697495 out [1092, 317515, 317516, 317997, 53, 49, 57, 1, 3]
88:22:17:179:0.995132 out [1093, 317602, 317603, 318137, 62, 58, 54, 2, 3]
88:22:53:482:0.421471 out [1095, 317666, 317667, 318173, 49, 43, 46, 4, 3]
88:24:24:874:0.746872 out [1094, 317646, 317647, 318265, 49, 45, 45, 3, 3]
88:25:49:708:0.286835 out [1096, 317855, 317856, 318350, 56, 51, 41, 6, 3]
88:25:57:562:0.55014 out [1097, 317979, 317980, 318358, 48, 48, 43, 5, 3]
88:26:13:795:0.128418 out [1099, 318018, 318019, 318374, 45, 50, 57, 7, 3]
88:28:08:796:0.114517 out [1098, 317999, 318000, 318489, 50, 51, 55, 1, 3]
88:33:24:362:0.963272 out [1101, 318422, 318423, 318804, 33, 46, 45, 3, 2]
88:33:56:894:0.24379 out [1100, 318363, 318364, 318837, 48, 42, 49, 2, 2]
88:35:36:689:0.481331 out [1102, 318455, 318456, 318937, 46, 44, 59, 4, 2]
88:35:51:861:0.788345 out [1103, 318471, 318472, 318952, 49, 61, 41, 5, 2]
88:39:21:537:0.250114 out [1104, 318688, 318689, 319162, 52, 54, 51, 1, 2]
88:46:19:392:0.208649 out [1106, 319084, 319085, 319579, 44, 42, 46, 3, 2]
88:46:29:067:0.761017 out [1105, 319033, 319034, 319589, 51, 54, 49, 2, 2]
88:52:33:038:0.339211 out [1107, 319386, 319387, 319953, 52, 48, 58, 1, 2]
88:52:35:801:0.537109 out [1109, 319602, 319603, 319956, 30, 48, 38, 2, 2]
88:55:15:227:0.921082 out [1110, 319610, 319611, 320115, 44, 55, 49, 3, 2]
88:56:29:995:0.535446 out [1108, 319469, 319470, 320190, 66, 44, 56, 4, 2]
88:56:36:732:0.719971 out [1111, 319665, 319666, 320197, 53, 52, 46, 5, 2]
88:56:38:763:0.584686 out [1112, 319816, 319817, 320199, 47, 48, 45, 6, 2]
89:02:04:563:0.569618 out [1113, 319993, 319994, 320525, 48, 45, 43, 1, 2]
89:05:18:749:0.61145 out [1114, 320158, 320159, 320719, 57, 48, 48, 2, 2]
89:05:58:914:0.269043 out [1116, 320326, 320327, 320759, 52, 46, 57, 4, 2]
89:07:53:513:0.491226 out [1115, 320276, 320277, 320874, 57, 63, 46, 3, 2]
89:08:27:065:0.808846 out [1117, 320346, 320347, 320907, 50, 50, 55, 5, 2]
89:09:54:459:0.0669403 out [1119, 320645, 320646, 320994, 47, 61, 53, 1, 3]
89:12:02:239:0.43956 out [1118, 320499, 320500, 321122, 62, 56, 38, 6, 3]
89:13:46:631:0.702972 out [1120, 320739, 320740, 321227, 51, 43, 53, 2, 3]
89:14:05:926:0.750732 out [1121, 320830, 320831, 321246, 41, 54, 52, 4, 3]
89:17:16:171:0.467377 out [1122, 320951, 320952, 321436, 52, 60, 39, 3, 3]
89:18:39:524:0.471832 out [1123, 321118, 321119, 321520, 43, 45, 52, 1, 3]
89:19:30:427:0.433563 out [1124, 321119, 321120, 321570, 47, 51, 35, 5, 3]
89:23:50:572:0.685791 out [1125, 321341, 321342, 321831, 51, 45, 57, 2, 3]
89:25:51:976:0.448608 out [1126, 321347, 321348, 321952, 65, 45, 48, 4, 3]
89:26:43:164:0.404465 out [1127, 321517, 321518, 322003, 56, 53, 51, 3, 3]
89:27:46:328:0.302933 out [1128, 321558, 321559, 322066, 58, 43, 56, 1, 3]
89:32:22:499:0.378754 out [1129, 321862, 321863, 322342, 51, 43, 44, 2, 3]
89:36:14:936:0.389519 out [1131, 322041, 322042, 322575, 51, 49, 48, 3, 2]
89:36:58:688:0.866211 out [1130, 321984, 321985, 322619, 56, 50, 55, 4, 2]
89:38:01:575:0.365616 out [1132, 322176, 322177, 322682, 47, 58, 56, 1, 2]
89:41:05:563:0.779427 out [1133, 322300, 322301, 322866, 45, 61, 61, 5, 2]
89:42:21:707:0.471443 out [1134, 322377, 322378, 322942, 45, 53, 43, 2, 2]
89:44:08:489:0.100052 out [1136, 322594, 322595, 323048, 51, 61, 42, 3, 2]
89:44:11:081:0.320358 out [1135, 322386, 322387, 323051, 72, 43, 56, 6, 2]
89:46:06:256:0.667686 out [1137, 322716, 322717, 323166, 47, 47, 47, 1, 2]
89:49:22:059:0.326721 out [1138, 322740, 322741, 323362, 53, 54, 58, 4, 2]
89:58:59:965:0.255333 out [1139, 323479, 323480, 323940, 46, 43, 49, 1, 2]
90:00:37:077:0.477051 out [1141, 323648, 323649, 324037, 45, 46, 41, 3, 2]
90:02:00:078:0.616692 out [1140, 323592, 323593, 324120, 56, 46, 58, 2, 2]
90:14:52:682:0.686401 out [1142, 324446, 324447, 324893, 49, 46, 50, 1, 3]
90:21:35:945:0.140434 out [1143, 324880, 324881, 325296, 55, 42, 45, 2, 3]
90:22:27:476:0.0356674 out [1144, 324932, 324933, 325347, 59, 55, 51, 1, 3]
90:26:29:840:0.651108 out [1145, 325283, 325284, 325590, 48, 51, 45, 3, 3]
90:42:35:996:0.182991 out [1146, 326191, 326192, 326556, 42, 48, 53, 1, 2]
90:45:41:544:0.141365 out [1147, 326358, 326359, 326742, 49, 40, 49, 2, 2]
90:54:55:131:0.249977 out [1148, 326756, 326757, 327295, 60, 59, 53, 1, 2]
90:57:33:431:0.706024 out [1149, 327076, 327077, 327453, 35, 44, 45, 2, 2]
91:01:46:047:0.538353 out [1150, 327256, 327257, 327706, 52, 58, 48, 3, 2]
91:17:47:965:0.660645 out [1151, 328129, 328130, 328668, 42, 35, 48, 1, 3]
91:42:55:446:0.138931 out [1152, 329858, 329859, 330175, 47, 55, 47, 1, 2]
