09:24:43:795:0.115067 out [0, 33361.1, 33362.2, 33883.8, 44, 49, 49, 1, 0]
09:31:54:109:0.592987 out [1, 33795.8, 33796.8, 34314.1, 43, 44, 44, 2, 0]
10:04:08:629:0.553391 out [2, 35665.8, 35666.8, 36248.6, 42, 49, 49, 1, 0]
10:04:23:297:0.152115 out [3, 35681.7, 35682.7, 36263.3, 46, 54, 49, 2, 0]
10:15:15:395:0.617081 out [4, 36115.5, 36116.5, 36915.4, 68, 47, 52, 3, 0]
10:16:58:973:0.949982 out [5, 36402.4, 36403.4, 37019, 53, 59, 38, 1, 0]
10:40:05:227:0.44043 out [7, 37756.9, 37757.9, 38405.2, 44, 50, 47, 2, 0]
10:40:56:232:0.15921 out [6, 37657.5, 37658.5, 38456.2, 59, 51, 38, 1, 0]
10:46:29:088:0.92305 out [8, 38296.4, 38297.4, 38789.1, 47, 54, 34, 3, 0]
11:06:05:240:0.163399 out [9, 39567, 39568, 39965.2, 38, 51, 47, 1, 0]
11:09:12:956:0.551147 out [10, 39576.3, 39577.3, 40153, 53, 39, 51, 2, 0]
11:11:08:403:0.812958 out [11, 39600.8, 39601.8, 40268.4, 54, 47, 64, 3, 0]
11:17:07:976:0.126266 out [12, 39943.2, 39944.2, 40628, 61, 51, 44, 4, 0]
11:18:59:424:0.618317 out [13, 40081.3, 40082.3, 40739.4, 51, 69, 50, 1, 0]
11:29:07:137:0.581421 out [14, 40715.3, 40716.3, 41347.1, 48, 47, 37, 2, 0]
11:33:08:809:0.820724 out [15, 41050.2, 41051.2, 41588.8, 45, 43, 42, 1, 0]
11:41:57:920:0.19899 out [16, 41497.5, 41498.5, 42117.9, 38, 51, 51, 2, 0]
11:46:03:728:0.783203 out [17, 41678.5, 41679.5, 42363.7, 39, 54, 38, 1, 0]
11:48:02:553:0.138329 out [18, 41887.2, 41888.2, 42482.6, 50, 57, 45, 3, 0]
11:51:00:570:0.223404 out [19, 41996.2, 41997.2, 42660.6, 56, 63, 56, 4, 0]
11:57:34:303:0.174568 out [20, 42553.2, 42554.2, 43054.3, 42, 41, 51, 1, 0]
12:01:15:643:0.912865 out [21, 42576.6, 42577.6, 43275.6, 51, 41, 61, 2, 0]
12:05:36:499:0.443604 out [22, 42839.5, 42840.5, 43536.5, 61, 45, 46, 3, 0]
12:13:57:952:0.731682 out [23, 43233, 43234, 44038, 53, 47, 54, 1, 0]
12:14:37:913:0.801743 out [24, 43324.3, 43325.3, 44077.9, 48, 54, 53, 2, 0]
12:16:52:628:0.35939 out [25, 43467.9, 43468.9, 44212.6, 45, 38, 45, 4, 0]
12:20:58:592:0.453552 out [26, 43533.9, 43534.9, 44458.6, 55, 58, 48, 5, 0]
12:21:20:622:0.379852 out [27, 43758.8, 43759.8, 44480.6, 46, 45, 34, 3, 0]
12:24:04:826:0.792313 out [28, 43815.6, 43816.6, 44644.8, 53, 67, 49, 6, 0]
12:28:08:861:0.118866 out [30, 44172, 44173, 44888.9, 55, 66, 47, 1, 0]
12:28:32:865:0.295959 out [29, 43849.4, 43850.4, 44912.9, 61, 46, 49, 7, 0]
12:29:30:234:0.55484 out [31, 44242.2, 44243.3, 44970.2, 47, 47, 44, 2, 0]
12:35:24:695:0.0746307 out [33, 44647.4, 44648.4, 45324.7, 46, 53, 48, 4, 0]
12:35:40:334:0.974838 out [32, 44480.9, 44481.9, 45340.3, 56, 52, 40, 3, 0]
12:36:30:647:0.476746 out [35, 44794.2, 44795.2, 45390.6, 40, 46, 55, 6, 0]
12:38:23:195:0.255829 out [34, 44776.2, 44777.2, 45503.2, 56, 50, 46, 5, 0]
12:41:11:662:0.66687 out [36, 44973.6, 44974.6, 45671.7, 42, 45, 44, 1, 0]
12:44:59:755:0.0893555 out [37, 45152.1, 45153.1, 45899.8, 56, 48, 59, 2, 0]
12:47:26:342:0.0930634 out [40, 45428.4, 45429.4, 46046.3, 47, 58, 46, 4, 0]
12:47:29:423:0.902107 out [39, 45403.8, 45404.8, 46049.4, 49, 48, 42, 3, 0]
12:48:01:582:0.344604 out [44, 45598, 45599, 46081.6, 41, 52, 54, 9, 0]
12:49:27:379:0.665924 out [38, 45170.2, 45171.2, 46167.4, 58, 55, 39, 7, 0]
12:52:17:472:0.68541 out [42, 45576.5, 45577.5, 46337.5, 52, 62, 47, 6, 0]
12:54:01:194:0.453789 out [41, 45555.2, 45556.2, 46441.2, 57, 46, 41, 5, 0]
12:54:15:758:0.457733 out [43, 45595.3, 45596.3, 46455.8, 58, 58, 41, 8, 0]
13:01:09:701:0.044632 out [45, 46179, 46180, 46869.7, 47, 43, 51, 1, 0]
13:02:17:771:0.115852 out [46, 46212.7, 46213.7, 46937.8, 53, 53, 57, 2, 0]
13:03:27:161:0.272598 out [47, 46363.7, 46364.7, 47007.2, 46, 60, 59, 3, 0]
13:04:45:517:0.781807 out [48, 46365.3, 46366.3, 47085.5, 54, 40, 48, 4, 0]
13:06:07:184:0.433533 out [50, 46427.2, 46428.2, 47167.2, 44, 51, 46, 7, 0]
13:06:24:897:0.722794 out [49, 46391.5, 46392.5, 47184.9, 55, 57, 57, 6, 0]
13:07:01:905:0.956818 out [52, 46575.1, 46576.1, 47221.9, 40, 50, 51, 8, 0]
13:07:17:394:0.342972 out [51, 46564.1, 46565.1, 47237.4, 48, 51, 43, 5, 0]
13:10:57:277:0.947975 out [53, 46691.9, 46692.9, 47457.3, 53, 51, 58, 9, 0]
13:13:16:601:0.784851 out [58, 47079.3, 47085.5, 47596.6, 46, 50, 40, 4, 0]
13:13:25:437:0.63311 out [54, 46882, 46883, 47605.4, 51, 56, 57, 1, 0]
13:16:14:557:0.67305 out [55, 46950.8, 46951.8, 47774.6, 53, 38, 49, 2, 0]
13:16:22:543:0.725563 out [56, 46976, 46977, 47782.5, 55, 43, 50, 10, 0]
13:18:33:055:0.833008 out [61, 47217.8, 47221.9, 47913.1, 49, 52, 41, 8, 0]
13:20:09:585:0.140373 out [59, 47131.7, 47167.2, 48009.6, 57, 58, 42, 7, 0]
13:20:46:271:0.856857 out [60, 47187.5, 47188.5, 48046.3, 51, 44, 45, 6, 0]
13:22:00:545:0.275284 out [57, 47062.2, 47063.2, 48120.5, 69, 42, 58, 3, 0]
13:22:25:905:0.557228 out [62, 47313, 47314, 48145.9, 54, 37, 62, 5, 0]
13:23:09:896:0.0429688 out [63, 47343, 47457.3, 48189.9, 59, 44, 53, 9, 0]
13:26:22:368:0.220474 out [66, 47417.3, 47774.6, 48382.4, 44, 49, 47, 2, 0]
13:26:47:545:0.854713 out [65, 47378, 47605.4, 48407.5, 50, 53, 54, 1, 0]
13:27:24:715:0.394714 out [64, 47343.7, 47596.6, 48444.7, 54, 47, 54, 4, 0]
13:30:01:161:0.514977 out [69, 47482.8, 48009.6, 48601.2, 39, 61, 61, 7, 0]
13:32:23:145:0.416 out [68, 47482.3, 47913.1, 48743.1, 55, 52, 48, 8, 0]
13:33:11:389:0.786865 out [67, 47441.3, 47782.5, 48791.4, 58, 41, 48, 10, 0]
13:34:39:874:0.930527 out [71, 47539.7, 48120.5, 48879.9, 49, 53, 42, 3, 0]
13:34:54:978:0.431847 out [70, 47504.1, 48046.3, 48895, 58, 49, 41, 6, 0]
13:36:45:001:0.5327 out [72, 47611.3, 48145.9, 49005, 51, 38, 43, 5, 0]
13:37:52:631:0.885269 out [74, 47868.6, 48382.4, 49072.6, 46, 50, 58, 2, 0]
13:38:30:394:0.663147 out [76, 48132.4, 48444.7, 49110.4, 53, 55, 48, 4, 0]
13:39:02:673:0.948029 out [73, 47844.8, 48189.9, 49142.7, 55, 51, 51, 9, 0]
13:41:09:849:0.484184 out [75, 47910.7, 48407.5, 49269.8, 57, 58, 46, 1, 0]
13:42:06:981:0.0622253 out [77, 48182.5, 48601.2, 49327, 48, 47, 45, 7, 0]
13:44:48:829:0.73645 out [79, 48232.4, 48791.4, 49488.8, 56, 59, 39, 10, 0]
13:45:53:137:0.44574 out [78, 48193.6, 48743.1, 49553.1, 60, 48, 49, 8, 0]
13:48:32:488:0.536575 out [81, 48284.6, 48895, 49712.5, 57, 51, 43, 6, 0]
13:50:42:782:0.393196 out [80, 48272.2, 48879.9, 49842.8, 66, 65, 46, 3, 0]
13:51:36:379:0.793457 out [86, 48833.1, 49269.9, 49896.4, 48, 47, 55, 1, 0]
13:51:43:247:0.270874 out [83, 48401.9, 49072.6, 49903.2, 52, 43, 43, 2, 0]
13:52:07:030:0.830673 out [85, 48775.4, 49142.7, 49927, 49, 44, 44, 9, 0]
13:52:11:899:0.291733 out [82, 48401.8, 49005, 49931.9, 52, 49, 46, 5, 0]
13:52:35:738:0.111382 out [84, 48523.2, 49110.4, 49955.7, 52, 57, 46, 4, 0]
13:54:32:818:0.249588 out [87, 48901.3, 49327, 50072.8, 51, 53, 50, 7, 0]
13:55:15:243:0.603043 out [88, 48904.9, 49488.8, 50115.2, 45, 56, 45, 10, 0]
14:00:05:334:0.568863 out [94, 49495.7, 49927, 50405.3, 35, 52, 50, 9, 0]
14:00:14:250:0.943069 out [89, 49115.1, 49553.1, 50414.3, 51, 59, 45, 8, 0]
14:01:43:441:0.229301 out [96, 49693.1, 49955.7, 50503.4, 43, 50, 49, 4, 0]
14:02:54:533:0.308319 out [95, 49555.2, 49931.9, 50574.5, 50, 57, 52, 5, 0]
14:02:56:714:0.515572 out [92, 49344.8, 49896.4, 50576.7, 49, 53, 49, 1, 0]
14:02:58:680:0.935196 out [90, 49269.6, 49712.5, 50578.7, 54, 54, 45, 6, 0]
14:03:57:119:0.916252 out [91, 49292.9, 49842.8, 50637.1, 57, 39, 51, 3, 0]
14:04:53:313:0.633804 out [93, 49362.2, 49903.2, 50693.3, 53, 44, 36, 2, 0]
14:07:23:437:0.968689 out [97, 49693.9, 50072.8, 50843.4, 55, 45, 44, 7, 0]
14:09:30:417:0.209106 out [100, 49775.5, 50414.3, 50970.4, 40, 42, 60, 8, 0]
14:10:14:914:0.873962 out [98, 49741, 50115.2, 51014.9, 55, 52, 45, 10, 0]
14:11:53:956:0.115204 out [99, 49746.6, 50405.3, 51114, 51, 58, 48, 9, 0]
14:13:21:848:0.486382 out [103, 50000.3, 50576.7, 51201.8, 42, 50, 55, 1, 0]
14:14:36:053:0.746109 out [102, 49856.5, 50574.5, 51276.1, 41, 44, 55, 5, 0]
14:14:46:239:0.663155 out [101, 49852.4, 50503.4, 51286.2, 53, 58, 55, 4, 0]
14:15:28:283:0.962135 out [105, 50210.7, 50637.1, 51328.3, 38, 55, 60, 3, 0]
14:15:35:866:0.813141 out [106, 50249.4, 50693.3, 51335.9, 46, 34, 53, 2, 0]
14:16:42:871:0.479874 out [104, 50206.7, 50578.7, 51402.9, 57, 43, 52, 6, 0]
14:18:19:111:0.773521 out [107, 50329, 50843.4, 51499.1, 48, 42, 50, 7, 0]
14:21:01:287:0.326294 out [109, 50465.3, 51014.9, 51661.3, 45, 47, 64, 10, 0]
14:21:22:838:0.803322 out [108, 50419.4, 50970.4, 51682.8, 51, 47, 48, 8, 0]
14:23:53:485:0.35009 out [112, 50771, 51276.1, 51833.5, 38, 48, 56, 5, 0]
14:24:53:127:0.286942 out [111, 50701, 51201.9, 51893.1, 54, 49, 52, 1, 0]
14:25:00:941:0.425758 out [114, 51023.9, 51328.3, 51900.9, 41, 54, 48, 3, 0]
14:26:26:892:0.178566 out [110, 50531.4, 51114, 51986.9, 51, 60, 56, 9, 0]
14:26:59:772:0.0867233 out [113, 50839.9, 51286.2, 52019.8, 42, 54, 47, 4, 0]
14:27:36:231:0.662376 out [117, 51165.5, 51499.1, 52056.2, 40, 33, 52, 7, 0]
14:28:05:921:0.0281677 out [115, 51071, 51335.9, 52085.9, 49, 44, 52, 2, 0]
14:29:44:072:0.264153 out [116, 51154, 51402.9, 52184.1, 48, 45, 58, 6, 0]
14:33:05:739:0.593536 out [118, 51219.8, 51661.3, 52385.7, 51, 38, 45, 10, 0]
14:34:43:089:0.108093 out [121, 51372.2, 51893.1, 52483.1, 42, 43, 55, 1, 0]
14:35:18:003:0.127678 out [119, 51238.4, 51682.8, 52518, 53, 53, 47, 8, 0]
14:36:11:391:0.823944 out [124, 51550.9, 52019.8, 52571.4, 46, 49, 55, 4, 0]
14:37:07:147:0.418053 out [122, 51374.5, 51900.9, 52627.1, 39, 45, 45, 3, 0]
14:38:09:920:0.313461 out [126, 51577.7, 52085.9, 52689.9, 48, 48, 48, 2, 0]
14:38:56:975:0.834473 out [123, 51540.6, 51986.9, 52737, 53, 59, 53, 9, 0]
14:39:17:340:0.449364 out [120, 51283.3, 51833.5, 52757.3, 55, 45, 61, 5, 0]
14:42:22:987:0.604317 out [125, 51575.5, 52056.2, 52943, 62, 52, 48, 7, 0]
14:44:55:303:0.860291 out [128, 51780.4, 52385.7, 53095.3, 49, 48, 60, 10, 0]
14:46:26:474:0.385292 out [127, 51690.4, 52184.1, 53186.5, 63, 55, 49, 6, 0]
14:47:28:859:0.631714 out [134, 52236.5, 52737, 53248.9, 43, 51, 42, 9, 0]
14:47:55:623:0.656448 out [129, 51928.6, 52483.1, 53275.6, 53, 47, 41, 1, 0]
14:48:24:264:0.174088 out [135, 52244.3, 52757.3, 53304.3, 42, 43, 61, 5, 0]
14:48:32:790:0.906677 out [131, 52133.9, 52571.4, 53312.8, 46, 47, 48, 4, 0]
14:49:26:410:0.35479 out [130, 52024.4, 52518, 53366.4, 51, 48, 53, 8, 0]
14:50:48:674:0.752815 out [132, 52184, 52627.1, 53448.7, 55, 55, 56, 3, 0]
14:51:16:357:0.948479 out [133, 52220.2, 52689.9, 53476.4, 46, 45, 47, 2, 0]
14:53:23:839:0.0624619 out [136, 52276.5, 52943, 53603.8, 43, 47, 46, 7, 0]
14:56:13:949:0.546989 out [141, 52792.9, 53304.3, 53773.9, 39, 50, 52, 5, 0]
14:58:23:444:0.166359 out [137, 52420.6, 53095.3, 53903.4, 53, 63, 41, 10, 0]
14:58:46:478:0.691826 out [139, 52511.2, 53248.9, 53926.5, 44, 52, 41, 9, 0]
15:00:10:456:0.911812 out [140, 52523.8, 53275.6, 54010.5, 50, 54, 33, 1, 0]
15:00:41:703:0.0702667 out [138, 52482.3, 53186.5, 54041.7, 55, 59, 45, 6, 0]
15:00:48:780:0.306038 out [144, 53053, 53448.7, 54048.8, 43, 41, 51, 3, 0]
15:01:32:588:0.744888 out [143, 52937.8, 53366.4, 54092.6, 54, 51, 56, 8, 0]
15:03:17:241:0.268883 out [145, 53081.1, 53476.4, 54197.2, 45, 57, 45, 2, 0]
15:03:57:680:0.260025 out [142, 52794.9, 53312.8, 54237.7, 50, 56, 49, 4, 0]
15:06:29:597:0.930275 out [146, 53273.3, 53603.8, 54389.6, 46, 36, 37, 7, 0]
15:07:10:371:0.776176 out [150, 54016.4, 54017.4, 54430.4, 44, 42, 51, 1, 3]
15:07:26:341:0.538574 out [152, 54080.4, 54081.7, 54446.3, 40, 48, 46, 6, 3]
15:07:27:428:0.50853 out [148, 53715.2, 53903.4, 54447.4, 36, 43, 45, 10, 0]
15:09:03:458:0.734283 out [147, 53438.7, 53774, 54543.5, 50, 55, 47, 5, 0]
15:09:14:162:0.0498428 out [153, 54199.4, 54200.4, 54554.2, 42, 46, 55, 2, 3]
15:09:52:155:0.472351 out [151, 54079.7, 54080.7, 54592.2, 48, 48, 67, 3, 3]
15:11:30:472:0.394539 out [154, 54209.1, 54210.1, 54690.5, 46, 53, 42, 8, 3]
15:11:44:466:0.869904 out [155, 54288, 54289, 54704.5, 49, 44, 56, 4, 3]
15:16:29:523:0.0201111 out [149, 53911.4, 53926.5, 54989.5, 65, 48, 44, 9, 0]
15:18:56:242:0.00875854 out [156, 54609.5, 54610.5, 55136.2, 55, 54, 44, 1, 3]
15:21:25:687:0.6436 out [157, 54825.4, 54826.4, 55285.7, 47, 50, 36, 2, 3]
15:22:48:273:0.731781 out [159, 54901.8, 54902.8, 55368.3, 48, 51, 48, 4, 3]
15:22:59:360:0.968185 out [160, 54917.9, 54918.9, 55379.4, 52, 47, 52, 5, 3]
15:23:36:677:0.127434 out [158, 54834.5, 54835.5, 55416.7, 52, 49, 42, 3, 3]
15:27:09:252:0.440048 out [162, 55198.6, 55199.6, 55629.3, 40, 45, 55, 6, 3]
15:28:00:053:0.567482 out [166, 55340.3, 55341.3, 55680.1, 48, 64, 39, 9, 3]
15:28:53:583:0.409859 out [163, 55268.7, 55269.8, 55733.6, 49, 41, 44, 7, 3]
15:30:20:867:0.774559 out [161, 55154.2, 55155.2, 55820.9, 59, 64, 62, 1, 3]
15:30:33:152:0.752472 out [165, 55300.5, 55301.6, 55833.2, 55, 56, 45, 8, 3]
15:31:32:351:0.234032 out [164, 55290.3, 55291.3, 55892.4, 56, 50, 55, 2, 3]
15:31:59:984:0.467102 out [169, 55511.4, 55512.4, 55920, 46, 56, 49, 5, 2]
15:32:10:009:0.217812 out [167, 55402.8, 55403.8, 55930, 48, 46, 55, 4, 3]
15:32:40:998:0.58625 out [168, 55455.3, 55456.3, 55961, 54, 44, 48, 3, 3]
15:33:49:878:0.30217 out [170, 55543.9, 55545, 56029.9, 43, 36, 53, 10, 2]
15:36:20:740:0.325523 out [171, 55732.4, 55733.4, 56180.7, 52, 48, 44, 6, 2]
15:36:24:996:0.893478 out [172, 55745.6, 55746.6, 56185, 38, 46, 41, 7, 2]
15:38:15:479:0.441238 out [173, 55837.4, 55838.4, 56295.5, 44, 50, 51, 1, 2]
15:41:57:613:0.941742 out [174, 56048.9, 56049.9, 56517.6, 47, 49, 50, 2, 2]
15:43:36:925:0.834251 out [175, 56169.4, 56170.4, 56616.9, 36, 49, 53, 3, 2]
15:43:47:681:0.150032 out [177, 56202.3, 56203.3, 56627.7, 45, 46, 42, 5, 2]
15:47:27:234:0.947754 out [176, 56186.8, 56187.8, 56847.2, 56, 58, 51, 4, 2]
15:47:33:693:0.94548 out [178, 56401.6, 56402.6, 56853.7, 46, 44, 55, 1, 2]
15:49:50:683:0.505608 out [179, 56417.4, 56418.4, 56990.7, 51, 46, 47, 6, 2]
15:50:40:182:0.510925 out [181, 56669.7, 56670.7, 57040.2, 46, 54, 51, 3, 2]
15:52:42:877:0.922607 out [180, 56607.3, 56608.3, 57162.9, 54, 58, 58, 2, 2]
15:59:46:031:0.0731659 out [182, 57045.2, 57046.2, 57586, 52, 46, 47, 1, 2]
16:02:26:822:0.782112 out [183, 57200.6, 57201.6, 57746.8, 44, 60, 48, 2, 2]
16:03:06:080:0.440117 out [184, 57219.7, 57220.7, 57786.1, 52, 50, 57, 3, 2]
16:06:08:972:0.362114 out [185, 57310, 57311, 57969, 56, 56, 42, 4, 2]
16:06:28:022:0.856308 out [186, 57359.9, 57360.9, 57988, 53, 55, 63, 5, 2]
16:06:57:812:0.280251 out [187, 57627.3, 57628.3, 58017.8, 42, 57, 55, 1, 3]
16:08:11:461:0.531235 out [189, 57740.8, 57741.8, 58091.5, 40, 41, 49, 7, 3]
16:09:50:688:0.59346 out [188, 57738.5, 57739.5, 58190.7, 48, 61, 47, 6, 3]
16:14:13:557:0.827545 out [190, 58000.8, 58001.8, 58453.6, 50, 51, 50, 2, 3]
16:20:10:442:0.987991 out [191, 58265.8, 58266.8, 58810.4, 48, 42, 40, 1, 3]
16:20:28:136:0.273933 out [192, 58302.9, 58303.9, 58828.1, 63, 59, 56, 3, 3]
16:20:43:987:0.00673676 out [193, 58365.8, 58366.8, 58844, 56, 42, 54, 4, 3]
16:21:09:223:0.805023 out [195, 58517.4, 58518.4, 58869.2, 33, 49, 41, 5, 3]
16:22:44:541:0.82489 out [194, 58515.2, 58516.2, 58964.5, 43, 60, 52, 2, 3]
16:27:24:797:0.580315 out [196, 58775.7, 58776.7, 59244.8, 59, 50, 49, 6, 3]
16:29:58:124:0.562813 out [197, 58892.4, 58893.4, 59398.1, 55, 58, 49, 1, 3]
16:31:03:488:0.14447 out [200, 59033.4, 59034.4, 59463.5, 46, 42, 52, 2, 3]
16:31:17:938:0.588692 out [199, 58961, 58962, 59477.9, 50, 56, 52, 4, 3]
16:31:55:666:0.0104523 out [198, 58903.7, 58904.7, 59515.7, 67, 62, 48, 3, 3]
16:38:33:533:0.130241 out [201, 59147.7, 59148.7, 59913.5, 58, 51, 54, 5, 2]
16:40:09:903:0.0719528 out [203, 59562.8, 59563.8, 60009.9, 46, 48, 57, 2, 2]
16:40:47:794:0.888092 out [202, 59548.3, 59549.3, 60047.8, 48, 53, 48, 1, 2]
16:41:45:665:0.290428 out [206, 59782.3, 59783.3, 60105.7, 40, 42, 68, 6, 2]
16:41:54:840:0.0884399 out [204, 59629.8, 59630.8, 60114.8, 48, 49, 44, 3, 2]
16:44:07:793:0.102814 out [205, 59676.3, 59677.3, 60247.8, 64, 58, 50, 4, 2]
16:48:16:689:0.9534 out [207, 60103.7, 60104.7, 60496.7, 43, 53, 39, 1, 2]
16:54:09:449:0.997498 out [208, 60255.3, 60256.3, 60849.4, 54, 55, 38, 2, 2]
16:58:56:209:0.812714 out [209, 60635.1, 60636.1, 61136.2, 53, 49, 55, 1, 2]
16:59:45:557:0.146622 out [210, 60678.4, 60679.4, 61185.6, 56, 53, 47, 3, 2]
17:02:03:731:0.402946 out [212, 60824.6, 60825.6, 61323.7, 55, 54, 47, 5, 2]
17:04:58:548:0.457695 out [211, 60817, 60818, 61498.5, 58, 49, 55, 4, 2]
17:07:57:625:0.490738 out [214, 61255.2, 61256.2, 61677.6, 47, 43, 44, 2, 3]
17:08:57:175:0.69883 out [213, 61241.8, 61242.8, 61737.2, 60, 58, 56, 1, 3]
17:17:00:456:0.514908 out [215, 61778.1, 61779.1, 62220.5, 50, 49, 47, 1, 3]
17:19:36:046:0.455933 out [216, 61854.6, 61855.6, 62376, 53, 40, 47, 2, 3]
17:20:30:240:0.0441895 out [218, 62056.1, 62057.1, 62430.2, 43, 58, 41, 4, 3]
17:22:11:104:0.989601 out [217, 62015.4, 62016.4, 62531.1, 51, 48, 58, 3, 3]
17:23:02:684:0.819771 out [219, 62075.9, 62076.9, 62582.7, 57, 54, 47, 5, 3]
17:33:35:292:0.564941 out [220, 62747.3, 62748.3, 63215.3, 45, 63, 43, 1, 2]
17:43:39:862:0.707687 out [221, 63270.5, 63271.5, 63819.9, 47, 54, 50, 1, 2]
17:48:18:779:0.299332 out [223, 63676, 63677, 64098.8, 43, 52, 38, 3, 2]
17:51:30:632:0.486893 out [222, 63616.2, 63617.2, 64290.6, 66, 51, 52, 2, 2]
17:53:01:472:0.311569 out [224, 63750.9, 63751.9, 64381.5, 50, 46, 56, 4, 2]
17:56:42:783:0.932281 out [225, 64056, 64057, 64602.8, 46, 52, 51, 1, 2]
18:06:36:577:0.666832 out [226, 64573.2, 64574.2, 65196.6, 53, 56, 43, 2, 2]
18:09:52:758:0.0972443 out [227, 64931.8, 64932.8, 65392.8, 57, 40, 55, 1, 3]
18:32:29:598:0.699165 out [228, 66363.9, 66364.9, 66749.6, 49, 62, 50, 1, 2]
18:37:17:150:0.621964 out [229, 66560.2, 66561.2, 67037.2, 48, 42, 56, 2, 2]
18:45:03:665:0.382935 out [230, 67014.5, 67015.5, 67503.7, 56, 45, 58, 1, 2]
19:02:49:406:0.60627 out [231, 68083.8, 68084.8, 68569.4, 58, 60, 63, 1, 2]
19:52:27:726:0.914001 out [232, 71148.9, 71149.9, 71547.7, 48, 64, 54, 1, 2]
33:18:34:173:0.541618 out [233, 119494, 119495, 119914, 50, 62, 55, 1, 0]
33:37:52:032:0.898499 out [234, 120498, 120499, 121072, 55, 51, 41, 1, 0]
34:08:58:003:0.120972 out [235, 122336, 122337, 122938, 52, 58, 68, 1, 0]
34:35:30:256:0.890846 out [236, 123928, 123929, 124530, 50, 47, 49, 1, 0]
34:47:58:815:0.733505 out [237, 124843, 124844, 125279, 37, 39, 50, 1, 0]
34:50:23:203:0.625275 out [239, 124927, 124928, 125423, 41, 50, 53, 3, 0]
34:50:27:244:0.859291 out [238, 124851, 124852, 125427, 48, 43, 59, 2, 0]
35:05:01:557:0.962967 out [240, 125616, 125617, 126302, 53, 47, 48, 1, 0]
35:06:02:353:0.649689 out [241, 125800, 125801, 126362, 47, 47, 45, 2, 0]
35:27:08:763:0.355804 out [242, 127081, 127082, 127629, 42, 61, 43, 1, 0]
35:39:09:830:0.232216 out [245, 127771, 127772, 128350, 52, 59, 46, 3, 0]
35:40:07:776:0.0968933 out [243, 127646, 127647, 128408, 69, 55, 48, 1, 0]
35:42:07:800:0.980164 out [244, 127763, 127764, 128528, 60, 50, 53, 2, 0]
35:42:25:566:0.223694 out [246, 127943, 127944, 128546, 49, 42, 61, 4, 0]
35:48:34:462:0.75766 out [249, 128470, 128471, 128914, 41, 56, 48, 3, 0]
35:49:22:812:0.690331 out [248, 128438, 128439, 128963, 48, 48, 50, 1, 0]
35:54:46:105:0.393959 out [247, 128002, 128003, 129286, 46, 38, 44, 5, 0]
35:57:16:931:0.633545 out [251, 128975, 128976, 129437, 34, 50, 55, 1, 0]
35:58:57:760:0.628296 out [252, 128977, 128978, 129538, 41, 51, 54, 2, 0]
36:01:35:923:0.164917 out [253, 129030, 129031, 129696, 54, 64, 58, 3, 0]
36:01:49:657:0.532288 out [254, 129098, 129099, 129710, 59, 52, 52, 4, 0]
36:06:00:172:0.0910797 out [250, 128527, 128528, 129960, 47, 48, 54, 6, 0]
36:06:45:604:0.645325 out [258, 129547, 129548, 130006, 32, 48, 64, 1, 0]
36:11:56:962:0.711884 out [256, 129280, 129281, 130317, 41, 51, 64, 8, 0]
36:13:00:559:0.141708 out [260, 129807, 129808, 130381, 32, 53, 50, 3, 0]
36:13:56:212:0.0328674 out [261, 129825, 129826, 130436, 47, 55, 60, 4, 0]
36:17:53:777:0.694298 out [263, 129892, 129893, 130674, 48, 57, 58, 10, 0]
36:18:07:347:0.651077 out [259, 129738, 129739, 130687, 59, 53, 45, 2, 0]
36:20:49:223:0.0230103 out [264, 130044, 130045, 130849, 49, 49, 40, 1, 0]
36:21:15:567:0.957474 out [257, 129411, 129412, 130876, 50, 57, 37, 9, 0]
36:21:22:159:0.541679 out [255, 129121, 129122, 130882, 57, 66, 58, 7, 0]
36:22:21:409:0.735275 out [262, 129879, 129880, 130941, 69, 47, 45, 5, 0]
36:24:09:553:0.160263 out [266, 130464, 130465, 131050, 47, 48, 43, 4, 0]
36:26:46:733:0.0213318 out [265, 130381, 130382, 131207, 52, 44, 43, 3, 0]
36:28:07:308:0.602882 out [267, 130600, 130601, 131287, 49, 45, 63, 6, 0]
36:33:12:181:0.343628 out [268, 130796, 130797, 131592, 58, 40, 48, 2, 0]
36:35:45:548:0.0685959 out [270, 131068, 131069, 131746, 46, 40, 39, 4, 0]
36:37:17:860:0.682083 out [269, 131023, 131024, 131838, 56, 54, 48, 1, 0]
36:41:02:479:0.916168 out [271, 131196, 131197, 132062, 56, 46, 55, 5, 0]
36:48:28:623:0.467995 out [273, 131850, 131851, 132509, 54, 49, 43, 1, 0]
36:48:28:896:0.993233 out [272, 131411, 131412, 132509, 74, 49, 58, 3, 0]
36:51:43:109:0.896255 out [274, 131930, 131931, 132703, 43, 62, 46, 2, 0]
36:53:33:349:0.685265 out [276, 132184, 132185, 132813, 38, 47, 43, 5, 0]
36:53:53:241:0.161896 out [275, 132010, 132011, 132833, 52, 46, 55, 4, 0]
36:58:24:314:0.957214 out [279, 132325, 132326, 133104, 56, 43, 45, 8, 0]
36:58:53:587:0.256027 out [281, 132426, 132427, 133134, 45, 58, 53, 10, 0]
36:58:56:030:0.429436 out [280, 132394, 132395, 133136, 53, 60, 50, 9, 0]
36:59:10:065:0.549995 out [282, 132446, 132509, 133150, 50, 46, 65, 1, 0]
36:59:41:268:0.669678 out [277, 132248, 132249, 133181, 58, 44, 45, 6, 0]
37:02:38:846:0.868256 out [283, 132474, 132510, 133359, 49, 62, 45, 3, 0]
37:02:45:654:0.985977 out [278, 132315, 132316, 133366, 62, 38, 59, 7, 0]
37:04:56:849:0.032547 out [284, 132504, 132703, 133497, 51, 47, 51, 2, 0]
37:06:32:155:0.464317 out [285, 132546, 132813, 133592, 56, 54, 48, 5, 0]
37:07:50:420:0.716431 out [286, 132598, 132833, 133670, 53, 58, 48, 4, 0]
37:09:23:644:0.0903931 out [290, 132857, 133150, 133764, 50, 60, 49, 1, 0]
37:10:46:085:0.0392838 out [287, 132747, 133104, 133846, 48, 41, 52, 8, 0]
37:11:00:434:0.0993423 out [291, 133004, 133181, 133860, 44, 46, 44, 6, 0]
37:12:50:038:0.451485 out [292, 133072, 133359, 133970, 38, 47, 54, 3, 0]
37:14:25:448:0.85936 out [288, 132750, 133134, 134065, 54, 50, 54, 10, 0]
37:15:41:903:0.972771 out [289, 132776, 133136, 134142, 59, 37, 48, 9, 0]
37:16:17:709:0.135201 out [293, 133092, 133366, 134178, 44, 46, 53, 7, 0]
37:18:03:549:0.040535 out [294, 133422, 133497, 134284, 56, 54, 41, 2, 0]
37:18:55:641:0.334274 out [295, 133424, 133592, 134336, 45, 50, 50, 5, 0]
37:21:47:786:0.678055 out [296, 133451, 133670, 134508, 53, 54, 60, 4, 0]
37:22:02:113:0.653877 out [299, 133785, 133860, 134522, 47, 54, 58, 6, 0]
37:22:30:951:0.282387 out [300, 133840, 133970, 134551, 41, 43, 53, 3, 0]
37:22:31:657:0.454781 out [297, 133538, 133764, 134552, 50, 59, 43, 1, 0]
37:24:04:630:0.720833 out [298, 133682, 133846, 134645, 50, 52, 50, 8, 0]
37:26:44:216:0.86528 out [301, 133905, 134065, 134804, 45, 56, 50, 10, 0]
37:28:25:576:0.883057 out [302, 133952, 134142, 134906, 51, 60, 43, 9, 0]
37:28:59:985:0.318878 out [303, 134084, 134178, 134940, 44, 52, 44, 7, 0]
37:30:12:418:0.240143 out [304, 134352, 134353, 135012, 37, 40, 63, 2, 0]
37:35:16:046:0.312881 out [306, 134541, 134542, 135316, 57, 57, 39, 4, 0]
37:35:18:757:0.604195 out [307, 134578, 134579, 135319, 51, 45, 45, 1, 0]
37:35:51:454:0.0773163 out [305, 134374, 134375, 135351, 58, 47, 55, 5, 0]
37:37:32:976:0.956917 out [309, 134689, 134690, 135453, 52, 54, 58, 6, 0]
37:38:22:915:0.215088 out [310, 134736, 134737, 135503, 45, 57, 53, 8, 0]
37:40:13:309:0.51841 out [312, 134984, 134985, 135613, 51, 57, 51, 7, 0]
37:41:21:189:0.854218 out [308, 134607, 134608, 135681, 69, 39, 48, 3, 0]
37:41:55:257:0.655693 out [311, 134923, 134924, 135715, 54, 55, 48, 9, 0]
37:42:13:492:0.165161 out [313, 134985, 134986, 135733, 54, 54, 43, 10, 0]
37:44:41:443:0.705704 out [314, 135011, 135012, 135881, 55, 42, 49, 2, 0]
37:47:44:241:0.240646 out [315, 135213, 135316, 136064, 53, 38, 60, 4, 0]
37:49:09:015:0.136314 out [316, 135325, 135326, 136149, 49, 47, 30, 1, 0]
37:50:52:595:0.31839 out [317, 135482, 135483, 136253, 53, 59, 40, 5, 0]
37:51:51:040:0.511681 out [319, 135591, 135592, 136311, 52, 46, 37, 8, 0]
37:54:23:445:0.107056 out [318, 135527, 135528, 136463, 58, 56, 57, 6, 0]
37:54:31:295:0.127464 out [320, 135683, 135684, 136471, 51, 55, 57, 3, 0]
37:55:12:449:0.699951 out [322, 135813, 135814, 136512, 51, 51, 43, 9, 0]
37:56:30:736:0.286713 out [321, 135800, 135801, 136591, 53, 52, 48, 7, 0]
37:57:58:723:0.743988 out [323, 135930, 135931, 136679, 53, 58, 44, 2, 0]
38:02:16:426:0.521042 out [325, 136037, 136064, 136936, 48, 45, 33, 4, 0]
38:02:23:451:0.298859 out [327, 136102, 136253, 136943, 46, 40, 56, 5, 0]
38:04:04:473:0.688271 out [330, 136224, 136471, 137044, 46, 57, 40, 3, 0]
38:04:15:126:0.00476837 out [324, 135986, 135987, 137055, 77, 47, 52, 10, 0]
38:05:22:706:0.966545 out [326, 136065, 136149, 137123, 62, 48, 64, 1, 0]
38:06:26:817:0.699577 out [328, 136115, 136311, 137187, 53, 46, 52, 8, 0]
38:08:19:184:0.578087 out [329, 136191, 136463, 137299, 62, 49, 50, 6, 0]
38:08:39:642:0.981674 out [331, 136275, 136512, 137320, 51, 47, 39, 9, 0]
38:09:18:476:0.225998 out [333, 136454, 136679, 137358, 49, 60, 44, 2, 0]
38:11:50:139:0.19368 out [332, 136337, 136591, 137510, 56, 49, 60, 7, 0]
38:14:03:810:0.873322 out [334, 136530, 136936, 137644, 46, 49, 51, 4, 0]
38:14:08:244:0.807938 out [338, 137021, 137123, 137648, 46, 49, 49, 1, 0]
38:14:40:899:0.427155 out [335, 136574, 136943, 137681, 45, 48, 59, 5, 0]
38:16:11:999:0.891975 out [336, 136780, 137044, 137772, 52, 41, 45, 3, 0]
38:17:31:870:0.0520782 out [340, 137057, 137299, 137852, 46, 49, 52, 6, 0]
38:19:01:050:0.356606 out [339, 137036, 137187, 137941, 49, 34, 45, 8, 0]
38:19:18:979:0.915764 out [337, 136815, 137055, 137959, 57, 49, 49, 10, 0]
38:23:11:418:0.441368 out [342, 137406, 137407, 138191, 47, 59, 48, 2, 0]
38:23:44:072:0.526672 out [343, 137505, 137510, 138224, 51, 43, 53, 7, 0]
38:24:01:191:0.139915 out [341, 137083, 137320, 138241, 54, 41, 49, 9, 0]
38:24:01:636:0.171227 out [344, 137518, 137644, 138242, 45, 47, 61, 4, 0]
38:26:42:763:0.526035 out [345, 137677, 137678, 138403, 51, 46, 55, 1, 0]
38:27:35:011:0.0693703 out [346, 137773, 137774, 138455, 50, 54, 49, 3, 0]
38:28:57:904:0.969288 out [347, 137870, 137871, 138538, 50, 59, 47, 5, 0]
38:30:38:618:0.388466 out [349, 137900, 137941, 138639, 47, 50, 56, 8, 0]
38:31:02:102:0.607561 out [348, 137898, 137899, 138662, 50, 50, 41, 6, 0]
38:31:35:628:0.378464 out [350, 137972, 137973, 138696, 49, 59, 42, 10, 0]
38:33:04:317:0.760612 out [351, 138043, 138191, 138784, 53, 46, 53, 2, 0]
38:35:19:372:0.229866 out [352, 138056, 138224, 138919, 50, 50, 59, 7, 0]
38:35:20:846:0.713356 out [353, 138118, 138241, 138921, 46, 49, 53, 9, 0]
38:35:52:900:0.655632 out [354, 138240, 138242, 138953, 49, 39, 51, 4, 0]
38:37:27:009:0.532597 out [355, 138253, 138403, 139047, 42, 43, 45, 1, 0]
38:39:34:761:0.00506973 out [356, 138355, 138455, 139175, 48, 43, 55, 3, 0]
38:40:28:033:0.52726 out [358, 138451, 138639, 139228, 39, 54, 50, 8, 0]
38:41:40:396:0.0353394 out [360, 138630, 138696, 139300, 44, 39, 68, 10, 0]
38:43:38:986:0.918833 out [359, 138591, 138662, 139419, 50, 54, 48, 6, 0]
38:44:17:374:0.388363 out [357, 138417, 138538, 139457, 60, 61, 60, 5, 0]
38:47:18:594:0.988564 out [361, 138709, 138784, 139639, 56, 42, 53, 2, 0]
38:47:30:546:0.506145 out [365, 138918, 139047, 139651, 38, 50, 47, 1, 0]
38:48:08:443:0.0880127 out [364, 138915, 138953, 139688, 44, 43, 43, 4, 0]
38:48:29:428:0.769951 out [363, 138898, 138921, 139709, 58, 52, 50, 9, 0]
38:51:25:944:0.272881 out [362, 138871, 138919, 139886, 60, 50, 60, 7, 0]
38:53:05:322:0.257736 out [368, 139279, 139300, 139985, 53, 42, 57, 10, 0]
38:53:49:268:0.347004 out [366, 139108, 139175, 140029, 56, 47, 63, 3, 0]
38:55:26:329:0.512077 out [367, 139186, 139228, 140126, 48, 55, 42, 8, 0]
38:56:32:606:0.884987 out [373, 139665, 139688, 140193, 38, 63, 58, 4, 0]
38:57:54:185:0.614803 out [370, 139402, 139457, 140274, 59, 43, 50, 5, 0]
38:58:28:948:0.601702 out [369, 139371, 139419, 140309, 57, 54, 42, 6, 0]
39:00:22:580:0.0889053 out [371, 139413, 139639, 140423, 51, 54, 39, 2, 0]
39:01:25:630:0.517773 out [372, 139576, 139651, 140486, 54, 49, 49, 1, 0]
39:03:11:735:0.59816 out [374, 139868, 139869, 140592, 50, 33, 51, 9, 0]
39:04:38:054:0.634644 out [376, 140006, 140007, 140678, 47, 50, 52, 10, 0]
39:05:33:880:0.0607452 out [375, 139966, 139967, 140734, 53, 41, 45, 7, 0]
39:06:02:014:0.649971 out [379, 140131, 140193, 140762, 37, 51, 51, 4, 0]
39:07:57:983:0.607841 out [377, 140040, 140041, 140878, 50, 50, 60, 3, 0]
39:09:42:090:0.478928 out [378, 140098, 140126, 140982, 62, 46, 67, 8, 0]
39:09:54:297:0.256283 out [380, 140170, 140274, 140994, 55, 53, 51, 5, 0]
39:10:20:778:0.445772 out [381, 140194, 140309, 141021, 52, 52, 47, 6, 0]
39:10:27:890:0.126114 out [382, 140207, 140423, 141028, 45, 57, 43, 2, 0]
39:11:18:902:0.546291 out [383, 140208, 140486, 141079, 43, 53, 56, 1, 0]
39:16:28:145:0.884659 out [386, 140555, 140734, 141388, 43, 54, 43, 7, 0]
39:17:13:763:0.654854 out [384, 140339, 140592, 141434, 51, 48, 45, 9, 0]
39:17:48:354:0.844269 out [387, 140686, 140762, 141468, 47, 51, 47, 4, 0]
39:18:05:978:0.853371 out [385, 140542, 140678, 141486, 51, 50, 34, 10, 0]
39:19:22:608:0.776672 out [389, 140893, 140982, 141563, 44, 53, 53, 8, 0]
39:21:10:719:0.475155 out [390, 140915, 140994, 141671, 49, 35, 41, 5, 0]
39:22:16:766:0.123367 out [393, 141101, 141102, 141737, 43, 47, 57, 1, 0]
39:22:52:347:0.857599 out [391, 141004, 141021, 141772, 49, 44, 53, 6, 0]
39:26:34:841:0.184761 out [388, 140771, 140878, 141995, 74, 59, 52, 3, 0]
39:27:19:296:0.729813 out [396, 141272, 141468, 142039, 45, 48, 49, 4, 0]
39:27:49:495:0.446754 out [392, 141068, 141069, 142069, 58, 46, 48, 2, 0]
39:28:08:881:0.980637 out [395, 141226, 141434, 142089, 51, 46, 44, 9, 0]
39:30:04:492:0.00222778 out [394, 141223, 141388, 142204, 53, 53, 48, 7, 0]
39:31:33:754:0.656967 out [398, 141454, 141563, 142294, 47, 58, 61, 8, 0]
39:33:37:305:0.996635 out [397, 141306, 141486, 142417, 63, 55, 59, 10, 0]
39:33:57:649:0.388458 out [400, 141489, 141737, 142438, 41, 54, 52, 1, 0]
39:34:12:956:0.68121 out [399, 141462, 141671, 142453, 51, 55, 60, 5, 0]
39:37:35:462:0.243774 out [402, 141629, 141995, 142655, 48, 50, 32, 3, 0]
39:38:29:700:0.610834 out [401, 141605, 141772, 142710, 58, 49, 59, 6, 0]
39:38:48:284:0.983002 out [403, 141880, 142039, 142728, 50, 44, 41, 4, 0]
39:40:01:608:0.562759 out [405, 142002, 142089, 142802, 38, 59, 49, 9, 0]
39:42:46:756:0.67205 out [404, 141959, 142069, 142967, 45, 48, 44, 2, 0]
39:43:29:019:0.31601 out [406, 142029, 142204, 143009, 58, 52, 55, 7, 0]
39:43:47:723:0.910881 out [409, 142492, 142493, 143028, 45, 51, 51, 1, 0]
39:45:16:561:0.344872 out [407, 142276, 142294, 143117, 59, 61, 59, 8, 0]
39:47:56:914:0.758018 out [408, 142296, 142417, 143277, 60, 57, 45, 10, 0]
39:48:46:343:0.928886 out [410, 142538, 142539, 143326, 53, 54, 48, 5, 0]
39:49:27:301:0.866821 out [411, 142596, 142655, 143367, 46, 43, 64, 3, 0]
39:54:39:871:0.383263 out [413, 142803, 142804, 143680, 51, 47, 44, 4, 0]
39:55:24:053:0.624422 out [412, 142616, 142710, 143724, 60, 55, 56, 6, 0]
39:56:30:206:0.0437927 out [415, 143250, 143251, 143790, 36, 49, 50, 2, 0]
40:00:12:742:0.634369 out [416, 143342, 143343, 144013, 42, 47, 56, 5, 0]
40:00:22:284:0.935547 out [417, 143417, 143418, 144022, 48, 48, 48, 3, 0]
40:01:59:589:0.3255 out [414, 143212, 143213, 144120, 64, 55, 37, 1, 0]
40:03:33:630:0.4384 out [419, 143680, 143681, 144214, 41, 46, 51, 4, 0]
40:03:55:355:0.659081 out [418, 143648, 143649, 144235, 45, 66, 39, 7, 0]
40:06:59:003:0.251625 out [422, 144062, 144063, 144419, 40, 37, 52, 3, 3]
40:07:34:912:0.548615 out [421, 143969, 143970, 144455, 38, 52, 61, 2, 0]
40:08:28:833:0.125664 out [420, 143787, 143788, 144509, 56, 51, 36, 6, 0]
40:10:15:799:0.110962 out [426, 144275, 144276, 144616, 42, 47, 54, 7, 3]
40:11:36:532:0.888962 out [423, 144088, 144089, 144697, 54, 72, 67, 5, 3]
40:12:43:277:0.20697 out [424, 144238, 144239, 144763, 59, 50, 47, 1, 3]
40:12:43:824:0.132111 out [425, 144238, 144240, 144764, 58, 50, 57, 4, 3]
40:12:43:912:0.953926 out [427, 144309, 144310, 144764, 45, 43, 57, 8, 3]
40:15:47:966:0.2071 out [428, 144386, 144387, 144948, 53, 54, 72, 9, 3]
40:16:39:162:0.66687 out [429, 144430, 144431, 144999, 56, 41, 34, 3, 3]
40:17:21:456:0.452919 out [430, 144575, 144576, 145041, 54, 43, 31, 2, 3]
40:19:22:722:0.21048 out [432, 144679, 144680, 145163, 57, 47, 49, 7, 3]
40:19:39:256:0.26619 out [431, 144616, 144617, 145179, 65, 54, 47, 6, 3]
40:27:52:764:0.37719 out [433, 145262, 145263, 145673, 50, 51, 54, 1, 3]
40:31:08:000:0.41349 out [435, 145448, 145449, 145868, 51, 44, 52, 3, 3]
40:31:10:029:0.34034 out [434, 145375, 145376, 145870, 43, 39, 52, 2, 3]
40:33:51:753:0.900124 out [436, 145552, 145553, 146032, 54, 45, 57, 4, 2]
40:39:02:663:0.0559692 out [439, 146010, 146011, 146343, 41, 53, 40, 3, 2]
40:41:53:214:0.401794 out [437, 145992, 145993, 146513, 41, 63, 42, 1, 2]
40:45:02:100:0.895477 out [438, 145995, 145996, 146702, 68, 48, 45, 2, 2]
40:50:45:078:0.121735 out [440, 146500, 146501, 147045, 41, 59, 43, 3, 2]
40:55:08:835:0.0778351 out [442, 146964, 146965, 147309, 32, 56, 54, 2, 2]
40:56:11:993:0.83123 out [441, 146863, 146864, 147372, 54, 43, 59, 1, 2]
41:06:01:519:0.600464 out [444, 147543, 147544, 147962, 42, 56, 60, 2, 2]
41:09:09:797:0.142578 out [445, 147735, 147736, 148150, 44, 50, 51, 3, 3]
41:09:37:288:0.64534 out [443, 147537, 147538, 148177, 64, 52, 48, 1, 2]
41:14:07:581:0.712318 out [446, 148083, 148084, 148448, 42, 52, 36, 2, 3]
41:17:19:811:0.369492 out [448, 148234, 148235, 148640, 46, 58, 45, 3, 3]
41:17:48:933:0.27005 out [447, 148226, 148227, 148669, 54, 61, 43, 1, 3]
41:18:47:518:0.0164108 out [449, 148292, 148293, 148728, 50, 50, 54, 4, 3]
41:20:13:382:0.515503 out [450, 148326, 148327, 148813, 53, 50, 39, 5, 3]
41:23:58:907:0.938553 out [451, 148604, 148605, 149039, 47, 53, 50, 2, 3]
41:27:29:421:0.209885 out [452, 148811, 148812, 149249, 52, 63, 51, 1, 3]
41:29:58:761:0.0393295 out [453, 148952, 148953, 149399, 41, 61, 61, 3, 3]
41:43:18:211:0.116386 out [455, 149763, 149764, 150198, 48, 47, 62, 2, 2]
41:44:20:052:0.285744 out [454, 149628, 149629, 150260, 57, 36, 47, 1, 2]
41:44:30:602:0.827621 out [456, 149772, 149773, 150271, 43, 49, 57, 3, 2]
41:50:56:956:0.162048 out [457, 150171, 150172, 150657, 47, 52, 56, 4, 2]
41:58:04:770:0.269943 out [459, 150541, 150542, 151085, 55, 56, 57, 2, 2]
41:59:01:721:0.157623 out [458, 150503, 150504, 151142, 55, 54, 40, 1, 2]
42:02:22:795:0.433594 out [460, 150765, 150766, 151343, 52, 42, 51, 3, 2]
42:09:20:197:0.718216 out [461, 151313, 151314, 151760, 48, 45, 45, 1, 3]
42:11:42:799:0.723221 out [462, 151396, 151397, 151903, 60, 54, 54, 2, 3]
42:57:04:536:0.297394 out [463, 154188, 154189, 154625, 43, 49, 49, 1, 2]
57:15:22:851:0.118637 out [464, 205531, 205532, 206123, 39, 46, 50, 1, 0]
57:27:01:342:0.674805 out [465, 206190, 206191, 206821, 53, 54, 53, 1, 0]
57:55:43:474:0.499298 out [466, 207894, 207895, 208543, 52, 43, 50, 1, 0]
58:10:52:168:0.0360565 out [467, 208988, 208989, 209452, 50, 48, 42, 1, 0]
58:34:01:420:0.0769196 out [468, 210187, 210188, 210841, 57, 43, 50, 1, 0]
58:39:10:377:0.617432 out [469, 210499, 210500, 211150, 53, 41, 56, 2, 0]
58:44:11:524:0.664474 out [471, 210954, 210955, 211452, 40, 61, 51, 3, 0]
58:46:01:806:0.328369 out [470, 210939, 210940, 211562, 49, 51, 50, 1, 0]
58:51:29:453:0.173233 out [472, 211283, 211284, 211889, 47, 48, 45, 2, 0]
59:05:39:640:0.658928 out [473, 212079, 212080, 212740, 59, 52, 56, 1, 0]
59:08:24:536:0.747528 out [474, 212220, 212221, 212905, 57, 53, 45, 2, 0]
59:09:39:666:0.828705 out [475, 212367, 212368, 212980, 42, 39, 46, 3, 0]
59:11:47:067:0.553116 out [476, 212509, 212510, 213107, 50, 57, 56, 4, 0]
59:23:24:549:0.313141 out [478, 213323, 213324, 213805, 42, 52, 46, 2, 0]
59:25:43:372:0.68026 out [477, 213148, 213149, 213943, 61, 46, 64, 1, 0]
59:27:45:886:0.52475 out [479, 213438, 213439, 214066, 51, 45, 65, 3, 0]
59:28:17:044:0.534279 out [480, 213454, 213455, 214097, 60, 44, 49, 4, 0]
59:50:07:623:0.583389 out [481, 214789, 214790, 215408, 49, 49, 51, 1, 0]
59:51:37:984:0.140945 out [482, 214943, 214944, 215498, 45, 40, 50, 2, 0]
59:52:46:877:0.941681 out [483, 214995, 214996, 215567, 46, 47, 64, 3, 0]
59:57:01:139:0.647079 out [484, 215122, 215123, 215821, 58, 50, 54, 4, 0]
60:03:04:759:0.785248 out [488, 215602, 215603, 216185, 52, 46, 55, 2, 0]
60:03:23:726:0.856781 out [487, 215544, 215545, 216204, 46, 51, 40, 1, 0]
60:03:40:618:0.56897 out [489, 215657, 215658, 216221, 47, 47, 52, 3, 0]
60:04:50:170:0.427872 out [490, 215840, 215841, 216290, 38, 58, 57, 4, 0]
60:07:31:307:0.126595 out [486, 215199, 215200, 216451, 46, 45, 41, 6, 0]
60:10:24:135:0.0866089 out [485, 215146, 215147, 216624, 44, 56, 45, 5, 0]
60:19:02:737:0.649513 out [491, 216330, 216331, 217143, 55, 62, 47, 1, 0]
60:19:22:375:0.149323 out [493, 216596, 216597, 217162, 40, 59, 48, 3, 0]
60:20:15:878:0.836227 out [494, 216613, 216614, 217216, 44, 45, 58, 4, 0]
60:20:54:275:0.776459 out [495, 216640, 216641, 217254, 46, 57, 44, 5, 0]
60:21:03:605:0.660988 out [492, 216461, 216462, 217264, 54, 52, 56, 2, 0]
60:23:48:082:0.0518265 out [496, 216756, 216757, 217428, 54, 45, 60, 6, 0]
60:24:35:249:0.344421 out [497, 216859, 216860, 217475, 47, 50, 60, 7, 0]
60:26:10:901:0.232315 out [500, 216949, 216950, 217571, 41, 57, 49, 10, 0]
60:28:19:466:0.0173187 out [499, 216935, 216936, 217699, 52, 38, 49, 9, 0]
60:28:28:945:0.823265 out [498, 216893, 216894, 217709, 48, 50, 59, 8, 0]
60:34:23:741:0.831375 out [502, 217380, 217381, 218064, 50, 51, 58, 2, 0]
60:34:47:538:0.660599 out [505, 217572, 217573, 218088, 40, 39, 52, 5, 0]
60:35:11:476:0.794792 out [501, 217352, 217353, 218111, 55, 46, 44, 1, 0]
60:35:37:885:0.197235 out [504, 217567, 217568, 218138, 57, 50, 41, 4, 0]
60:40:02:994:0.39962 out [508, 217846, 217847, 218403, 42, 54, 56, 8, 0]
60:40:33:025:0.401665 out [503, 217468, 217469, 218433, 62, 47, 42, 3, 0]
60:43:04:758:0.0981979 out [506, 217733, 217734, 218585, 54, 61, 53, 6, 0]
60:43:11:168:0.922974 out [507, 217833, 217834, 218591, 48, 37, 54, 7, 0]
60:45:20:797:0.953201 out [511, 218148, 218149, 218721, 43, 51, 51, 1, 0]
60:46:15:391:0.451431 out [510, 218082, 218083, 218775, 45, 62, 40, 9, 0]
60:46:47:479:0.301048 out [509, 218068, 218069, 218807, 53, 48, 46, 2, 0]
60:50:10:040:0.12735 out [512, 218273, 218274, 219010, 46, 55, 42, 4, 0]
60:52:48:710:0.87606 out [513, 218498, 218499, 219169, 45, 45, 42, 3, 0]
60:58:17:384:0.956909 out [517, 218951, 218952, 219497, 38, 45, 50, 6, 0]
60:59:20:880:0.573822 out [514, 218835, 218836, 219561, 52, 42, 43, 1, 0]
61:01:19:581:0.57785 out [516, 218899, 218900, 219680, 49, 36, 44, 5, 0]
61:01:47:223:0.131729 out [520, 219054, 219055, 219707, 51, 51, 40, 4, 0]
61:02:25:787:0.296844 out [515, 218864, 218865, 219746, 64, 51, 62, 2, 0]
61:02:33:899:0.780823 out [521, 219060, 219061, 219754, 52, 46, 52, 9, 0]
61:03:02:946:0.711136 out [519, 218986, 218987, 219783, 57, 44, 63, 8, 0]
61:03:55:031:0.412674 out [522, 219134, 219135, 219835, 38, 54, 60, 10, 0]
61:04:05:958:0.0541382 out [518, 218958, 218959, 219846, 53, 51, 51, 7, 0]
61:04:24:578:0.199936 out [523, 219337, 219338, 219865, 42, 47, 51, 3, 0]
61:12:34:567:0.164017 out [528, 219804, 219805, 220355, 40, 49, 38, 2, 0]
61:12:53:001:0.355721 out [527, 219718, 219719, 220373, 42, 48, 68, 4, 0]
61:13:00:042:0.396141 out [526, 219704, 219705, 220380, 51, 36, 47, 5, 0]
61:13:51:855:0.439331 out [524, 219438, 219497, 220432, 57, 32, 58, 6, 0]
61:15:23:904:0.154373 out [531, 219978, 219979, 220524, 42, 47, 59, 7, 0]
61:15:53:602:0.705551 out [530, 219912, 219913, 220554, 42, 46, 50, 3, 0]
61:15:58:945:0.80896 out [525, 219594, 219595, 220559, 60, 66, 46, 1, 0]
61:17:06:285:0.0314636 out [529, 219805, 219806, 220626, 51, 49, 52, 8, 0]
61:19:12:655:0.561996 out [532, 220062, 220063, 220753, 46, 49, 59, 9, 0]
61:23:37:430:0.120064 out [533, 220091, 220092, 221017, 61, 64, 65, 10, 0]
61:23:50:483:0.748581 out [534, 220221, 220355, 221030, 49, 61, 64, 2, 0]
61:24:05:407:0.125214 out [537, 220374, 220432, 221045, 47, 48, 50, 6, 0]
61:25:56:942:0.462112 out [536, 220374, 220380, 221157, 54, 50, 53, 5, 0]
61:27:39:457:0.432892 out [538, 220385, 220524, 221259, 43, 42, 55, 7, 0]
61:28:52:078:0.935768 out [539, 220433, 220554, 221332, 48, 48, 38, 3, 0]
61:29:20:865:0.0142212 out [535, 220328, 220373, 221361, 64, 54, 45, 4, 0]
61:29:50:600:0.898338 out [540, 220674, 220675, 221391, 42, 49, 52, 1, 0]
61:32:25:221:0.880508 out [542, 220894, 220895, 221545, 52, 45, 54, 9, 0]
61:33:14:727:0.06633 out [545, 220977, 221045, 221595, 46, 53, 45, 6, 0]
61:34:02:526:0.463104 out [541, 220775, 220776, 221643, 61, 51, 55, 8, 0]
61:36:08:927:0.897049 out [546, 221188, 221189, 221769, 41, 55, 47, 5, 0]
61:37:05:020:0.129898 out [544, 220953, 221030, 221825, 63, 44, 52, 2, 0]
61:38:31:162:0.480095 out [549, 221356, 221361, 221911, 40, 63, 55, 4, 0]
61:38:33:105:0.336884 out [548, 221296, 221332, 221913, 40, 54, 50, 3, 0]
61:39:30:689:0.538147 out [543, 220907, 221017, 221971, 54, 38, 55, 10, 0]
61:40:33:018:0.829491 out [550, 221367, 221391, 222033, 39, 64, 66, 1, 0]
61:42:13:069:0.451881 out [547, 221287, 221288, 222133, 52, 54, 46, 7, 0]
61:42:23:796:0.231819 out [552, 221606, 221607, 222144, 40, 62, 55, 6, 0]
61:43:00:641:0.196396 out [551, 221430, 221545, 222181, 49, 51, 51, 9, 0]
61:47:36:085:0.993362 out [553, 221730, 221731, 222456, 48, 49, 57, 8, 0]
61:48:53:322:0.98143 out [554, 221874, 221875, 222533, 47, 43, 38, 2, 0]
61:51:03:561:0.313225 out [557, 222118, 222119, 222664, 49, 54, 56, 1, 0]
61:53:10:901:0.829315 out [556, 222022, 222023, 222791, 50, 47, 36, 4, 0]
61:54:06:983:0.974052 out [555, 222014, 222015, 222847, 53, 58, 49, 3, 0]
61:56:28:102:0.646423 out [558, 222166, 222167, 222988, 48, 64, 44, 5, 0]
61:56:28:768:0.232895 out [559, 222235, 222236, 222989, 47, 56, 44, 6, 0]
61:57:09:346:0.575333 out [560, 222352, 222353, 223029, 43, 48, 51, 7, 0]
61:58:20:732:0.670929 out [564, 222499, 222533, 223101, 38, 60, 53, 2, 0]
61:59:05:249:0.677254 out [563, 222474, 222475, 223145, 50, 51, 28, 8, 0]
62:00:08:004:0.791809 out [561, 222394, 222395, 223208, 55, 45, 45, 9, 0]
62:00:59:644:0.508507 out [565, 222534, 222664, 223260, 46, 55, 61, 1, 0]
62:02:18:519:0.0797577 out [562, 222445, 222446, 223339, 61, 60, 51, 10, 0]
62:07:34:632:0.221771 out [572, 223160, 223161, 223655, 36, 56, 45, 8, 0]
62:08:51:154:0.62413 out [566, 222553, 222791, 223731, 58, 45, 44, 4, 0]
62:09:07:602:0.375175 out [568, 222829, 222988, 223748, 56, 45, 51, 5, 0]
62:09:17:950:0.369026 out [567, 222751, 222847, 223758, 57, 42, 52, 3, 0]
62:10:29:525:0.516106 out [570, 223044, 223045, 223830, 54, 45, 55, 7, 0]
62:12:35:258:0.0428848 out [569, 223041, 223042, 223955, 63, 65, 59, 6, 0]
62:12:41:607:0.183601 out [573, 223183, 223208, 223962, 56, 41, 56, 9, 0]
62:15:24:215:0.603569 out [571, 223052, 223101, 224124, 66, 53, 51, 2, 0]
62:19:00:349:0.268986 out [574, 223562, 223563, 224340, 49, 51, 46, 1, 0]
62:21:17:029:0.113365 out [575, 223680, 223681, 224477, 49, 41, 46, 8, 0]
62:21:17:406:0.21574 out [577, 223889, 223890, 224477, 44, 53, 62, 4, 0]
62:24:55:230:0.557514 out [579, 223957, 223958, 224695, 53, 50, 52, 6, 0]
62:25:15:461:0.763454 out [580, 223969, 223970, 224715, 45, 49, 53, 7, 0]
62:25:22:590:0.385509 out [576, 223862, 223863, 224723, 52, 49, 56, 3, 0]
62:27:15:076:0.0253201 out [583, 224129, 224130, 224835, 48, 49, 52, 2, 0]
62:27:22:453:0.870846 out [578, 223954, 223955, 224842, 53, 52, 71, 5, 0]
62:28:57:061:0.202599 out [581, 224013, 224014, 224937, 64, 58, 61, 9, 0]
62:29:02:440:0.554691 out [582, 224078, 224079, 224942, 52, 63, 50, 10, 0]
62:30:17:623:0.288776 out [584, 224129, 224340, 225018, 41, 53, 48, 1, 0]
62:34:35:878:0.809597 out [587, 224199, 224695, 225276, 41, 58, 43, 6, 0]
62:34:45:846:0.880581 out [588, 224226, 224715, 225286, 41, 46, 52, 7, 0]
62:36:06:294:0.222023 out [585, 224143, 224477, 225366, 58, 48, 49, 8, 0]
62:36:37:642:0.4531 out [590, 224303, 224835, 225398, 40, 66, 44, 2, 0]
62:38:39:071:0.010807 out [594, 224516, 225018, 225519, 29, 43, 41, 1, 0]
62:38:41:552:0.237251 out [586, 224185, 224478, 225522, 60, 63, 42, 4, 0]
62:39:37:378:0.646519 out [589, 224284, 224723, 225577, 57, 55, 46, 3, 0]
62:40:10:239:0.388134 out [591, 224368, 224842, 225610, 49, 55, 39, 5, 0]
62:41:07:377:0.901222 out [592, 224417, 224937, 225667, 49, 44, 55, 9, 0]
62:41:37:789:0.142277 out [593, 224446, 224942, 225698, 50, 44, 43, 10, 0]
62:43:56:466:0.938475 out [598, 224817, 225398, 225836, 38, 53, 47, 2, 0]
62:44:09:707:0.282284 out [595, 224551, 225276, 225850, 34, 52, 57, 6, 0]
62:44:29:265:0.732506 out [597, 224666, 225366, 225869, 35, 58, 50, 8, 0]
62:46:42:394:0.203403 out [596, 224644, 225286, 226002, 44, 51, 42, 7, 0]
62:50:41:881:0.316402 out [602, 225099, 225610, 226242, 45, 57, 56, 5, 0]
62:51:38:810:0.119846 out [601, 225083, 225577, 226299, 47, 51, 45, 3, 0]
62:53:13:256:0.840996 out [600, 225034, 225522, 226393, 63, 58, 48, 4, 0]
62:53:39:751:0.370243 out [599, 224899, 225519, 226420, 55, 42, 58, 1, 0]
62:55:27:964:0.0286484 out [607, 225508, 225869, 226528, 51, 52, 52, 8, 0]
62:56:46:803:0.660206 out [608, 225574, 226002, 226607, 38, 56, 53, 7, 0]
62:57:16:340:0.244106 out [606, 225484, 225850, 226636, 51, 49, 58, 6, 0]
62:58:27:426:0.535347 out [603, 225224, 225667, 226707, 63, 47, 60, 9, 0]
62:58:37:514:0.784864 out [605, 225322, 225836, 226718, 42, 38, 46, 2, 0]
63:00:29:570:0.940235 out [604, 225265, 225698, 226830, 62, 53, 54, 10, 0]
63:03:12:538:0.906937 out [611, 225665, 226393, 226993, 39, 44, 54, 4, 0]
63:04:12:109:0.90601 out [610, 225657, 226299, 227052, 55, 43, 35, 3, 0]
63:04:30:203:0.250294 out [612, 225670, 226420, 227070, 41, 50, 48, 1, 0]
63:04:59:228:0.453449 out [609, 225638, 226242, 227099, 54, 63, 49, 5, 0]
63:07:22:962:0.143307 out [615, 225766, 226636, 227243, 51, 54, 57, 6, 0]
63:08:12:402:0.511244 out [617, 225899, 226718, 227292, 37, 45, 55, 2, 0]
63:09:09:428:0.1534 out [614, 225739, 226607, 227349, 48, 51, 63, 7, 0]
63:10:04:200:0.849419 out [613, 225726, 226528, 227404, 56, 48, 46, 8, 0]
63:10:27:952:0.143959 out [616, 225848, 226707, 227428, 49, 45, 54, 9, 0]
63:13:06:428:0.413754 out [622, 226152, 227099, 227586, 42, 70, 68, 5, 0]
63:14:12:307:0.359509 out [618, 225964, 226830, 227652, 51, 51, 52, 10, 0]
63:17:12:382:0.445532 out [624, 226313, 227292, 227832, 45, 45, 35, 2, 0]
63:17:57:886:0.586552 out [620, 226079, 227052, 227878, 52, 48, 50, 3, 0]
63:18:36:281:0.660515 out [619, 226013, 226993, 227916, 59, 50, 57, 4, 0]
63:19:13:849:0.420982 out [626, 226543, 227404, 227954, 37, 51, 69, 8, 0]
63:19:37:239:0.806133 out [621, 226146, 227070, 227977, 59, 52, 55, 1, 0]
63:21:04:134:0.962994 out [623, 226186, 227243, 228064, 52, 56, 51, 6, 0]
63:22:14:642:0.640072 out [625, 226423, 227349, 228135, 42, 40, 42, 7, 0]
63:25:21:276:0.615982 out [627, 226564, 227428, 228321, 54, 48, 42, 9, 0]
63:25:46:112:0.86636 out [628, 226576, 227586, 228346, 56, 50, 70, 5, 0]
63:25:57:371:0.791248 out [629, 226689, 227652, 228357, 45, 49, 42, 10, 0]
63:30:33:844:0.822842 out [631, 226751, 227878, 228634, 51, 46, 57, 3, 0]
63:30:48:500:0.802786 out [630, 226706, 227832, 228649, 51, 50, 39, 2, 0]
63:33:04:051:0.40403 out [633, 226823, 227954, 228784, 50, 56, 53, 8, 0]
63:33:45:988:0.720924 out [632, 226797, 227916, 228826, 55, 67, 44, 4, 0]
63:34:25:187:0.967808 out [636, 227136, 228135, 228865, 51, 46, 45, 7, 0]
63:35:16:335:0.0310631 out [635, 226994, 228064, 228916, 58, 64, 41, 6, 0]
63:36:09:842:0.661816 out [639, 227431, 228357, 228970, 48, 52, 56, 10, 0]
63:36:32:417:0.00502014 out [637, 227229, 228321, 228992, 50, 52, 42, 9, 0]
63:38:25:641:0.300709 out [634, 226922, 227977, 229106, 62, 45, 52, 1, 0]
63:41:31:815:0.720661 out [644, 227729, 228865, 229292, 36, 50, 52, 7, 0]
63:42:11:110:0.708744 out [638, 227259, 228346, 229331, 62, 62, 42, 5, 0]
63:43:11:097:0.713097 out [642, 227630, 228784, 229391, 42, 43, 62, 8, 0]
63:43:31:100:0.704535 out [641, 227493, 228649, 229411, 53, 52, 50, 2, 0]
63:43:47:453:0.773052 out [640, 227492, 228634, 229427, 50, 53, 55, 3, 0]
63:44:46:791:0.175468 out [643, 227652, 228826, 229487, 44, 37, 64, 4, 0]
63:46:33:335:0.596188 out [645, 227813, 228916, 229593, 51, 48, 53, 6, 0]
63:49:06:455:0.437691 out [647, 227834, 228992, 229746, 53, 47, 54, 9, 0]
63:49:36:346:0.754177 out [648, 227961, 229106, 229776, 50, 61, 57, 1, 0]
63:50:12:773:0.0288811 out [646, 227833, 228970, 229813, 54, 41, 41, 10, 0]
63:54:16:354:0.149921 out [650, 228057, 229331, 230056, 53, 40, 38, 5, 0]
63:54:26:321:0.0419979 out [652, 228135, 229411, 230066, 44, 55, 51, 2, 0]
63:54:44:654:0.883488 out [653, 228169, 229427, 230085, 51, 48, 55, 3, 0]
63:55:47:743:0.0898514 out [651, 228128, 229391, 230148, 48, 29, 40, 8, 0]
63:56:03:239:0.992794 out [649, 228028, 229292, 230163, 55, 56, 49, 7, 0]
63:58:39:059:0.35162 out [655, 228299, 229593, 230319, 46, 57, 58, 6, 0]
63:59:42:420:0.347389 out [654, 228223, 229487, 230382, 55, 50, 54, 4, 0]
64:00:35:560:0.743435 out [658, 228381, 229813, 230436, 41, 52, 60, 10, 0]
64:01:04:444:0.975552 out [657, 228377, 229776, 230464, 50, 54, 53, 1, 0]
64:02:02:178:0.802023 out [660, 228588, 230066, 230522, 39, 40, 53, 2, 0]
64:02:52:011:0.221512 out [656, 228314, 229746, 230572, 58, 49, 45, 9, 0]
64:05:38:701:0.698002 out [661, 228636, 230085, 230739, 53, 56, 46, 3, 0]
64:05:47:925:0.336609 out [662, 228721, 230148, 230748, 41, 43, 47, 8, 0]
64:07:44:648:0.28175 out [659, 228550, 230056, 230865, 54, 47, 54, 5, 0]
64:08:46:331:0.879864 out [667, 229809, 230464, 230926, 45, 55, 56, 1, 3]
64:08:57:304:0.739651 out [666, 229435, 230436, 230937, 47, 42, 46, 10, 3]
64:09:24:337:0.68376 out [668, 229841, 230522, 230964, 40, 45, 57, 2, 3]
64:09:39:324:0.513683 out [664, 229204, 230319, 230979, 44, 43, 51, 6, 0]
64:10:46:587:0.409267 out [663, 228788, 230163, 231047, 56, 55, 49, 7, 0]
64:11:59:237:0.752136 out [669, 229958, 230572, 231119, 59, 41, 48, 9, 3]
64:12:45:818:0.148861 out [670, 230012, 230739, 231166, 46, 51, 52, 3, 3]
64:14:04:629:0.610382 out [671, 230201, 230748, 231245, 52, 50, 46, 8, 3]
64:14:45:541:0.678677 out [674, 230481, 230937, 231286, 49, 49, 50, 10, 3]
64:14:53:483:0.826481 out [673, 230435, 230926, 231293, 47, 55, 38, 1, 3]
64:15:20:091:0.634428 out [675, 230508, 230964, 231320, 41, 36, 59, 2, 3]
64:16:47:527:0.466068 out [672, 230405, 230865, 231408, 62, 47, 58, 5, 3]
64:17:12:735:0.922657 out [676, 230516, 230979, 231433, 48, 53, 61, 6, 3]
64:17:28:224:0.0846977 out [677, 230549, 231047, 231448, 48, 54, 47, 7, 3]
64:19:08:640:0.170895 out [679, 230802, 231166, 231549, 45, 49, 41, 3, 3]
64:19:51:349:0.370728 out [665, 229256, 230382, 231591, 68, 42, 77, 4, 0]
64:20:06:712:0.219009 out [678, 230638, 231119, 231607, 49, 41, 45, 9, 3]
64:21:38:052:0.0876999 out [680, 230892, 231245, 231698, 49, 32, 49, 8, 3]
64:22:09:061:0.522327 out [681, 230963, 231286, 231729, 48, 58, 44, 10, 3]
64:23:07:695:0.541931 out [685, 231464, 231465, 231788, 35, 55, 57, 6, 3]
64:23:11:127:0.033783 out [683, 231326, 231327, 231791, 51, 59, 40, 2, 3]
64:24:46:144:0.0225372 out [686, 231479, 231480, 231886, 47, 57, 60, 7, 3]
64:24:49:336:0.418701 out [682, 231321, 231322, 231889, 58, 52, 50, 1, 3]
64:25:20:943:0.312241 out [684, 231442, 231443, 231921, 43, 54, 63, 5, 3]
64:28:20:176:0.767742 out [687, 231489, 231549, 232100, 60, 48, 46, 3, 3]
64:32:38:962:0.626053 out [688, 231973, 231974, 232359, 41, 43, 50, 1, 2]
64:36:35:850:0.990845 out [689, 232154, 232155, 232596, 33, 51, 47, 2, 2]
64:38:57:817:0.917419 out [690, 232271, 232272, 232738, 41, 43, 40, 3, 2]
64:42:34:641:0.937805 out [691, 232332, 232333, 232955, 58, 65, 49, 4, 2]
64:43:23:466:0.421677 out [692, 232482, 232483, 233003, 55, 52, 51, 1, 2]
64:45:52:681:0.936813 out [693, 232659, 232660, 233153, 50, 51, 38, 2, 2]
64:47:48:074:0.426247 out [694, 232793, 232794, 233268, 48, 44, 48, 3, 2]
64:49:17:846:0.598221 out [696, 232903, 232904, 233358, 53, 48, 57, 6, 2]
64:49:53:319:0.544388 out [695, 232887, 232888, 233393, 42, 40, 63, 5, 2]
64:50:57:183:0.177544 out [698, 232952, 232953, 233457, 45, 47, 33, 8, 2]
64:51:14:285:0.580231 out [697, 232927, 232928, 233474, 58, 42, 39, 7, 2]
64:52:47:890:0.787674 out [699, 233085, 233086, 233568, 49, 59, 49, 1, 2]
64:54:59:381:0.578995 out [700, 233159, 233160, 233699, 48, 46, 54, 2, 2]
64:55:22:924:0.223495 out [701, 233187, 233188, 233723, 59, 46, 53, 4, 2]
64:56:23:569:0.115234 out [702, 233240, 233241, 233784, 49, 55, 44, 9, 2]
64:59:36:151:0.586128 out [706, 233554, 233555, 233976, 46, 57, 48, 7, 2]
64:59:58:447:0.275711 out [705, 233523, 233524, 233998, 46, 43, 52, 6, 2]
65:00:13:879:0.725052 out [703, 233502, 233503, 234014, 48, 49, 59, 3, 2]
65:02:21:886:0.0364685 out [709, 233683, 233684, 234142, 54, 53, 49, 10, 2]
65:02:56:731:0.874062 out [707, 233603, 233604, 234177, 49, 48, 48, 1, 2]
65:02:58:636:0.774612 out [704, 233518, 233519, 234179, 64, 43, 45, 5, 2]
65:03:33:364:0.826752 out [708, 233655, 233656, 234213, 60, 39, 52, 8, 2]
65:09:38:793:0.543411 out [710, 234193, 234194, 234579, 44, 44, 50, 1, 3]
65:10:34:881:0.901337 out [712, 234280, 234281, 234635, 42, 51, 52, 3, 3]
65:13:10:726:0.493431 out [714, 234366, 234367, 234791, 51, 45, 52, 5, 3]
65:13:56:605:0.855537 out [711, 234265, 234266, 234837, 65, 58, 53, 2, 3]
65:14:49:905:0.0517807 out [713, 234352, 234353, 234890, 56, 60, 46, 4, 3]
65:16:48:420:0.872284 out [715, 234517, 234518, 235008, 52, 43, 36, 6, 3]
65:18:05:394:0.791199 out [716, 234634, 234635, 235085, 54, 61, 45, 1, 3]
65:19:17:721:0.298767 out [717, 234715, 234716, 235158, 56, 54, 46, 3, 3]
65:29:06:747:0.816635 out [718, 235210, 235211, 235747, 52, 47, 57, 1, 3]
65:31:47:113:0.375259 out [719, 235381, 235382, 235907, 60, 43, 35, 2, 3]
65:34:00:417:0.284561 out [720, 235475, 235476, 236040, 55, 38, 47, 3, 3]
65:35:07:690:0.148903 out [721, 235578, 235579, 236108, 54, 49, 54, 4, 2]
65:51:15:590:0.969635 out [722, 236548, 236549, 237076, 52, 59, 53, 1, 2]
65:53:42:163:0.992477 out [723, 236582, 236583, 237222, 59, 52, 81, 2, 2]
65:53:44:249:0.819351 out [725, 236701, 236702, 237224, 60, 48, 51, 4, 2]
65:55:06:781:0.256271 out [724, 236610, 236611, 237307, 54, 59, 45, 3, 2]
66:05:26:335:0.514618 out [726, 237395, 237396, 237926, 53, 54, 47, 1, 2]
66:10:28:079:0.373909 out [727, 237716, 237717, 238228, 59, 59, 60, 2, 3]
66:15:30:986:0.348701 out [728, 238084, 238085, 238531, 55, 40, 44, 1, 3]
66:25:32:523:0.557259 out [729, 238757, 238758, 239133, 46, 44, 62, 1, 3]
66:35:17:292:0.537285 out [730, 239219, 239220, 239717, 49, 66, 52, 1, 2]
66:49:36:657:0.139374 out [731, 240132, 240133, 240577, 56, 54, 51, 1, 2]
67:49:31:528:0.951241 out [732, 243782, 243783, 244172, 54, 53, 52, 1, 2]
81:32:39:916:0.785789 out [733, 292817, 292818, 293560, 61, 31, 56, 1, 0]
81:38:08:664:0.121223 out [735, 293450, 293451, 293889, 38, 38, 42, 3, 0]
81:39:00:986:0.564232 out [734, 293198, 293199, 293941, 56, 43, 63, 2, 0]
81:41:14:625:0.146461 out [736, 293546, 293547, 294075, 43, 43, 45, 4, 0]
81:57:19:824:0.238373 out [737, 294489, 294490, 295040, 49, 40, 44, 1, 0]
82:01:30:999:0.485565 out [738, 294777, 294778, 295291, 37, 47, 58, 2, 0]
82:10:50:844:0.467712 out [739, 295273, 295274, 295851, 48, 51, 54, 1, 0]
82:24:55:613:0.677574 out [740, 296070, 296071, 296696, 50, 56, 53, 1, 0]
82:25:14:121:0.252609 out [741, 296242, 296243, 296714, 40, 50, 53, 2, 0]
82:31:57:314:0.671112 out [742, 296388, 296389, 297117, 53, 44, 52, 3, 0]
82:38:00:074:0.241234 out [743, 296851, 296852, 297480, 52, 41, 41, 1, 0]
82:43:10:287:0.887169 out [745, 297137, 297138, 297790, 46, 46, 52, 3, 0]
82:43:30:498:0.962952 out [744, 297095, 297096, 297810, 54, 52, 44, 2, 0]
82:52:16:833:0.429886 out [746, 297550, 297551, 298337, 56, 42, 45, 1, 0]
82:54:55:968:0.105865 out [747, 297817, 297818, 298496, 51, 39, 46, 2, 0]
82:55:36:359:0.320236 out [748, 298024, 298025, 298536, 47, 42, 48, 3, 0]
83:09:34:404:0.254509 out [749, 298757, 298758, 299374, 46, 44, 62, 1, 0]
83:30:13:774:0.843765 out [750, 299884, 299885, 300614, 54, 50, 54, 1, 0]
83:43:53:560:0.814453 out [751, 300966, 300967, 301434, 43, 44, 44, 1, 0]
83:46:44:048:0.297478 out [752, 301074, 301075, 301604, 38, 52, 38, 2, 0]
83:54:16:551:0.27771 out [753, 301558, 301559, 302057, 40, 43, 39, 1, 0]
83:59:03:546:0.101166 out [754, 301626, 301627, 302344, 52, 41, 64, 2, 0]
84:00:46:669:0.494225 out [755, 301879, 301880, 302447, 49, 54, 54, 3, 0]
84:04:24:767:0.493797 out [756, 302004, 302005, 302665, 52, 52, 41, 4, 0]
84:05:21:165:0.941788 out [757, 302112, 302113, 302721, 50, 51, 54, 1, 0]
84:08:59:689:0.589096 out [759, 302370, 302371, 302940, 45, 33, 55, 2, 0]
84:10:31:694:0.072319 out [761, 302511, 302512, 303032, 42, 43, 50, 6, 0]
84:13:11:697:0.310043 out [760, 302454, 302455, 303192, 51, 61, 42, 3, 0]
84:14:19:360:0.931946 out [762, 302569, 302570, 303259, 50, 48, 52, 7, 0]
84:14:59:268:0.902374 out [763, 302642, 302643, 303299, 45, 40, 52, 8, 0]
84:15:51:195:0.491386 out [764, 302678, 302679, 303351, 51, 58, 40, 4, 0]
84:19:08:630:0.943848 out [758, 302297, 302298, 303549, 51, 53, 49, 5, 0]
84:20:45:368:0.394447 out [765, 302755, 302756, 303645, 56, 59, 61, 1, 0]
84:20:51:430:0.02565 out [766, 302927, 302928, 303651, 51, 60, 57, 9, 0]
84:21:59:076:0.133324 out [768, 303035, 303036, 303719, 50, 55, 40, 6, 0]
84:25:24:180:0.652214 out [770, 303256, 303257, 303924, 50, 64, 54, 10, 0]
84:25:43:746:0.156288 out [767, 303007, 303008, 303944, 55, 53, 50, 2, 0]
84:26:49:113:0.0109558 out [769, 303255, 303256, 304009, 53, 60, 48, 3, 0]
84:27:13:865:0.883423 out [771, 303295, 303296, 304034, 47, 49, 55, 7, 0]
84:27:37:416:0.916443 out [772, 303310, 303311, 304057, 46, 48, 57, 8, 0]
84:28:08:082:0.113815 out [774, 303579, 303580, 304088, 41, 48, 59, 5, 0]
84:29:13:345:0.801903 out [773, 303421, 303422, 304153, 48, 48, 50, 4, 0]
84:30:07:836:0.449219 out [775, 303673, 303674, 304208, 44, 43, 54, 1, 0]
84:34:22:398:0.789001 out [777, 303817, 303818, 304462, 47, 43, 44, 9, 0]
84:38:11:347:0.916199 out [778, 304023, 304024, 304691, 40, 49, 36, 2, 0]
84:38:33:725:0.505424 out [776, 303737, 303738, 304714, 63, 40, 45, 6, 0]
84:42:47:774:0.284912 out [779, 304222, 304223, 304968, 49, 64, 55, 1, 0]
84:44:54:441:0.721512 out [781, 304373, 304374, 305094, 52, 41, 46, 4, 0]
84:44:55:393:0.634941 out [782, 304374, 304375, 305095, 51, 65, 57, 5, 0]
84:46:33:698:0.685242 out [780, 304228, 304229, 305194, 50, 54, 49, 3, 0]
84:48:06:309:0.923721 out [783, 304651, 304652, 305286, 48, 45, 54, 7, 0]
84:54:24:488:0.630844 out [787, 305124, 305125, 305664, 33, 36, 56, 4, 0]
84:54:25:393:0.93766 out [785, 304849, 304850, 305665, 58, 48, 50, 6, 0]
84:54:27:549:0.592567 out [784, 304769, 304770, 305668, 61, 42, 48, 2, 0]
84:56:20:332:0.0785294 out [786, 304990, 304991, 305780, 54, 57, 48, 1, 0]
84:57:00:624:0.207092 out [789, 305230, 305231, 305821, 40, 42, 48, 5, 0]
84:59:17:083:0.191467 out [788, 305226, 305227, 305957, 50, 45, 47, 3, 0]
85:01:47:206:0.480576 out [790, 305253, 305254, 306107, 56, 64, 51, 8, 0]
85:02:10:620:0.403839 out [791, 305346, 305347, 306131, 51, 49, 53, 7, 0]
85:03:17:902:0.477814 out [792, 305495, 305496, 306198, 45, 56, 55, 9, 0]
85:07:46:863:0.665176 out [794, 305791, 305792, 306467, 44, 43, 57, 1, 0]
85:07:59:653:0.695656 out [793, 305759, 305760, 306480, 57, 54, 56, 2, 0]
85:09:54:453:0.896118 out [795, 305805, 305806, 306594, 49, 47, 45, 4, 0]
85:13:14:148:0.457123 out [797, 306063, 306064, 306794, 46, 48, 51, 5, 0]
85:13:28:602:0.669312 out [796, 305997, 305998, 306809, 48, 45, 60, 3, 0]
85:14:08:741:0.17334 out [802, 306344, 306345, 306849, 40, 43, 48, 10, 0]
85:15:06:277:0.521683 out [798, 306105, 306106, 306906, 48, 65, 53, 6, 0]
85:17:02:007:0.9561 out [800, 306242, 306243, 307022, 51, 52, 47, 8, 0]
85:17:19:483:0.805252 out [801, 306300, 306301, 307039, 42, 49, 53, 9, 0]
85:18:18:932:0.31311 out [803, 306357, 306467, 307099, 43, 44, 52, 1, 0]
85:19:13:148:0.123337 out [799, 306190, 306191, 307153, 54, 47, 50, 7, 0]
85:21:00:810:0.324814 out [805, 306577, 306594, 307261, 48, 46, 62, 4, 0]
85:22:11:657:0.79319 out [804, 306364, 306480, 307332, 60, 57, 42, 2, 0]
85:24:32:556:0.058075 out [808, 306729, 306849, 307473, 46, 61, 50, 10, 0]
85:26:03:832:0.366135 out [809, 306821, 306906, 307564, 46, 50, 57, 6, 0]
85:26:14:549:0.0867157 out [806, 306621, 306794, 307575, 52, 48, 49, 5, 0]
85:27:57:608:0.0671082 out [810, 307043, 307044, 307678, 44, 48, 62, 8, 0]
85:29:28:144:0.737389 out [807, 306644, 306809, 307768, 62, 46, 49, 3, 0]
85:31:52:561:0.0681305 out [813, 307314, 307315, 307913, 43, 50, 56, 4, 0]
85:32:05:467:0.810226 out [811, 307087, 307088, 307925, 58, 50, 52, 9, 0]
85:32:22:143:0.670631 out [814, 307362, 307363, 307942, 42, 55, 44, 2, 0]
85:35:07:971:0.804214 out [812, 307311, 307312, 308108, 42, 48, 48, 1, 0]
85:37:14:717:0.485023 out [816, 307644, 307645, 308235, 40, 58, 43, 5, 0]
85:37:22:779:0.623581 out [815, 307521, 307522, 308243, 50, 60, 50, 7, 0]
85:39:36:075:0.363708 out [817, 307763, 307764, 308376, 39, 40, 45, 6, 0]
85:45:13:734:0.848572 out [820, 308211, 308212, 308714, 43, 50, 58, 2, 0]
85:45:27:242:0.844177 out [818, 307938, 307939, 308727, 48, 58, 53, 3, 0]
85:48:30:887:0.534691 out [819, 308185, 308186, 308911, 47, 58, 53, 1, 0]
85:51:50:000:0.602318 out [821, 308388, 308389, 309110, 44, 58, 46, 4, 0]
85:52:36:637:0.20472 out [823, 308427, 308428, 309157, 49, 47, 60, 6, 0]
85:53:15:339:0.148666 out [822, 308388, 308390, 309195, 58, 43, 53, 5, 0]
85:55:42:599:0.696304 out [826, 308757, 308758, 309343, 42, 66, 48, 3, 0]
85:57:17:628:0.412796 out [824, 308597, 308598, 309438, 52, 47, 44, 7, 0]
85:59:44:180:0.911613 out [827, 309008, 309009, 309584, 33, 57, 47, 1, 0]
86:03:41:087:0.127281 out [825, 308756, 308757, 309821, 67, 54, 45, 2, 0]
86:05:03:452:0.702118 out [830, 309286, 309287, 309903, 43, 51, 57, 5, 0]
86:05:09:340:0.543343 out [828, 309071, 309072, 309909, 54, 60, 54, 8, 0]
86:05:39:599:0.667145 out [829, 309169, 309170, 309940, 50, 50, 44, 4, 0]
86:06:25:677:0.626205 out [832, 309347, 309348, 309986, 52, 45, 45, 3, 0]
86:07:59:890:0.0571594 out [831, 309306, 309307, 310080, 50, 61, 41, 6, 0]
86:09:13:020:0.509315 out [833, 309415, 309416, 310153, 52, 46, 49, 9, 0]
86:09:47:660:0.849167 out [834, 309539, 309540, 310188, 47, 44, 54, 7, 0]
86:10:39:254:0.842354 out [836, 309599, 309600, 310239, 43, 49, 61, 1, 0]
86:12:59:357:0.689453 out [835, 309569, 309570, 310379, 56, 53, 55, 10, 0]
86:13:04:039:0.410736 out [837, 309624, 309821, 310384, 37, 53, 45, 2, 0]
86:16:01:781:0.270172 out [840, 309794, 309940, 310562, 50, 46, 38, 4, 0]
86:16:20:277:0.535583 out [841, 309834, 309986, 310580, 41, 56, 59, 3, 0]
86:16:48:367:0.415573 out [838, 309658, 309903, 310608, 48, 61, 48, 5, 0]
86:19:03:369:0.861748 out [839, 309695, 309909, 310743, 61, 46, 51, 8, 0]
86:19:13:780:0.51622 out [844, 310194, 310195, 310754, 44, 50, 59, 7, 0]
86:20:02:344:0.371941 out [842, 309961, 310080, 310802, 46, 50, 53, 6, 0]
86:21:39:231:0.531288 out [843, 309971, 310153, 310899, 56, 31, 50, 9, 0]
86:25:26:416:0.863991 out [847, 310435, 310436, 311126, 51, 54, 36, 2, 0]
86:25:28:159:0.189774 out [845, 310293, 310294, 311128, 52, 50, 59, 1, 0]
86:25:47:802:0.886154 out [846, 310364, 310379, 311148, 60, 57, 44, 10, 0]
86:26:22:680:0.998543 out [848, 310458, 310562, 311183, 44, 53, 42, 4, 0]
86:27:47:771:0.522118 out [849, 310631, 310632, 311268, 40, 65, 33, 3, 0]
86:30:30:121:0.575096 out [851, 310705, 310743, 311430, 43, 55, 51, 8, 0]
86:31:41:442:0.0178661 out [850, 310653, 310654, 311501, 48, 54, 37, 5, 0]
86:31:49:505:0.929138 out [852, 310718, 310754, 311510, 45, 66, 41, 7, 0]
86:36:13:432:0.551933 out [853, 310843, 310844, 311773, 59, 62, 48, 6, 0]
86:37:13:032:0.348705 out [854, 310934, 310935, 311833, 58, 43, 63, 9, 0]
86:38:14:340:0.0689621 out [856, 311020, 311128, 311894, 58, 64, 47, 1, 0]
86:38:22:004:0.287865 out [855, 310937, 311126, 311902, 42, 49, 38, 2, 0]
86:41:09:974:0.415792 out [857, 311202, 311203, 312070, 47, 53, 48, 4, 0]
86:41:35:906:0.196011 out [858, 311241, 311242, 312096, 55, 46, 48, 10, 0]
86:42:58:884:0.743525 out [859, 311634, 311635, 312179, 40, 51, 57, 3, 0]
86:46:33:351:0.429058 out [860, 311636, 311637, 312393, 44, 56, 38, 5, 0]
86:49:58:344:0.724847 out [861, 311850, 311851, 312598, 48, 52, 48, 6, 0]
86:50:19:364:0.0206585 out [864, 312012, 312013, 312619, 43, 38, 38, 2, 0]
86:50:46:883:0.862568 out [862, 311857, 311858, 312647, 45, 55, 42, 7, 0]
86:54:36:922:0.176434 out [863, 311981, 311982, 312877, 58, 57, 59, 1, 0]
86:55:05:607:0.580257 out [865, 312107, 312108, 312906, 49, 33, 52, 4, 0]
86:58:11:383:0.901669 out [866, 312178, 312179, 313091, 54, 53, 36, 8, 0]
86:58:23:269:0.322468 out [868, 312558, 312559, 313103, 41, 52, 51, 5, 0]
87:01:38:620:0.017601 out [870, 312634, 312635, 313299, 46, 55, 53, 6, 0]
87:01:56:812:0.154366 out [867, 312532, 312533, 313317, 45, 49, 43, 3, 0]
87:02:07:022:0.960735 out [869, 312622, 312623, 313327, 40, 52, 49, 2, 0]
87:06:51:834:0.296776 out [872, 312929, 312930, 313612, 56, 51, 43, 4, 0]
87:07:27:559:0.273315 out [876, 313209, 313210, 313648, 45, 54, 62, 5, 3]
87:07:38:347:0.144676 out [874, 313019, 313020, 313658, 42, 55, 44, 9, 0]
87:07:58:933:0.25956 out [871, 312911, 312912, 313679, 47, 57, 38, 1, 0]
87:08:55:482:0.954098 out [873, 312973, 312974, 313735, 45, 49, 49, 7, 0]
87:09:26:204:0.791142 out [875, 313051, 313052, 313766, 49, 58, 39, 10, 0]
87:15:09:357:0.989861 out [879, 313787, 313788, 314109, 40, 53, 61, 3, 3]
87:15:38:126:0.355721 out [877, 313622, 313623, 314138, 63, 60, 53, 2, 3]
87:16:30:579:0.31192 out [878, 313734, 313735, 314191, 51, 46, 44, 1, 3]
87:16:40:506:0.576134 out [881, 313875, 313876, 314201, 42, 63, 55, 5, 3]
87:17:17:093:0.702866 out [882, 313887, 313888, 314237, 47, 55, 57, 6, 3]
87:17:37:566:0.732002 out [883, 313927, 313928, 314258, 40, 50, 50, 7, 3]
87:18:10:090:0.233398 out [880, 313819, 313820, 314290, 57, 42, 51, 4, 3]
87:20:45:335:0.301949 out [884, 314018, 314019, 314445, 43, 46, 62, 8, 3]
87:23:35:862:0.990929 out [885, 314123, 314124, 314616, 54, 45, 49, 3, 3]
87:26:53:346:0.643997 out [886, 314218, 314219, 314813, 65, 58, 45, 1, 3]
87:29:02:904:0.831482 out [887, 314432, 314433, 314943, 60, 55, 43, 2, 3]
87:29:42:376:0.00476837 out [888, 314598, 314599, 314982, 48, 58, 32, 4, 3]
87:32:50:550:0.0694046 out [889, 314643, 314644, 315171, 58, 40, 43, 3, 3]
87:33:00:285:0.420013 out [890, 314805, 314806, 315180, 38, 45, 64, 5, 2]
87:35:43:285:0.596443 out [891, 314851, 314852, 315343, 55, 42, 50, 1, 2]
87:37:08:933:0.906151 out [892, 314928, 314929, 315429, 43, 55, 36, 6, 2]
87:38:43:817:0.149712 out [893, 314984, 314985, 315524, 57, 48, 50, 2, 2]
87:39:19:856:0.0949097 out [895, 315074, 315075, 315560, 51, 50, 57, 7, 2]
87:43:57:980:0.793549 out [894, 315070, 315071, 315838, 66, 61, 64, 4, 2]
87:44:32:612:0.682892 out [896, 315263, 315264, 315873, 62, 45, 54, 3, 2]
87:45:49:304:0.640366 out [898, 315410, 315411, 315949, 50, 56, 59, 5, 2]
87:46:01:811:0.106277 out [897, 315366, 315367, 315962, 54, 51, 63, 1, 2]
87:46:48:710:0.497452 out [899, 315411, 315412, 316009, 61, 45, 39, 8, 2]
87:49:05:165:0.0424728 out [901, 315665, 315666, 316145, 46, 59, 50, 6, 2]
87:50:49:415:0.0424728 out [900, 315613, 315614, 316249, 55, 47, 46, 2, 2]
87:57:07:055:0.681778 out [902, 316067, 316068, 316627, 62, 52, 52, 1, 2]
87:57:29:535:0.219742 out [904, 316154, 316155, 316650, 50, 49, 51, 4, 2]
87:57:40:335:0.516525 out [903, 316106, 316107, 316660, 46, 49, 53, 3, 2]
87:58:49:078:0.231003 out [906, 316196, 316197, 316729, 45, 62, 42, 6, 2]
87:59:10:495:0.873047 out [907, 316218, 316219, 316750, 51, 56, 57, 7, 2]
87:59:25:397:0.699905 out [905, 316195, 316196, 316765, 48, 48, 48, 5, 2]
88:06:12:729:0.0788422 out [909, 316740, 316741, 317173, 52, 39, 48, 2, 2]
88:06:16:032:0.381607 out [908, 316628, 316629, 317176, 51, 56, 39, 1, 2]
88:10:59:007:0.126404 out [910, 316915, 316916, 317459, 55, 43, 46, 3, 3]
88:11:58:769:0.65387 out [911, 316997, 316998, 317519, 63, 56, 48, 4, 3]
88:13:04:123:0.374535 out [912, 317174, 317175, 317584, 49, 54, 26, 2, 3]
88:15:50:360:0.538078 out [913, 317267, 317268, 317750, 53, 47, 41, 1, 3]
88:16:11:012:0.37352 out [914, 317333, 317334, 317771, 47, 58, 52, 5, 3]
88:20:59:993:0.139816 out [915, 317606, 317607, 318060, 41, 42, 59, 2, 3]
88:24:56:326:0.486183 out [916, 317834, 317835, 318296, 56, 45, 43, 1, 3]
88:28:47:104:0.265762 out [917, 318091, 318092, 318527, 53, 47, 42, 2, 3]
88:36:05:497:0.246338 out [918, 318405, 318406, 318965, 56, 53, 37, 1, 2]
88:36:08:285:0.121513 out [919, 318565, 318566, 318968, 42, 51, 53, 2, 2]
88:38:20:567:0.533089 out [921, 318744, 318745, 319101, 41, 66, 58, 4, 2]
88:40:10:638:0.630463 out [920, 318708, 318709, 319211, 46, 61, 54, 3, 2]
88:42:17:791:0.338516 out [922, 318875, 318876, 319338, 52, 61, 45, 5, 2]
88:47:16:350:0.531174 out [923, 319093, 319094, 319636, 55, 43, 53, 1, 2]
88:50:38:013:0.0182037 out [924, 319260, 319261, 319838, 62, 42, 61, 2, 2]
88:55:28:648:0.691727 out [925, 319412, 319413, 320129, 64, 61, 44, 3, 2]
88:56:13:564:0.598633 out [926, 319548, 319549, 320174, 61, 42, 51, 4, 2]
88:57:20:407:0.280518 out [928, 319778, 319779, 320240, 47, 48, 60, 5, 2]
88:58:52:120:0.729996 out [927, 319760, 319761, 320332, 48, 49, 54, 1, 2]
89:00:23:133:0.488251 out [929, 319907, 319908, 320423, 56, 64, 63, 2, 2]
89:03:34:319:0.624496 out [930, 319934, 319935, 320614, 71, 47, 46, 6, 2]
89:06:12:474:0.0796814 out [932, 320276, 320277, 320772, 51, 44, 54, 4, 2]
89:06:54:424:0.364639 out [931, 320212, 320213, 320814, 49, 55, 63, 3, 2]
89:12:44:577:0.627731 out [933, 320557, 320558, 321165, 60, 43, 47, 1, 3]
89:17:42:822:0.720123 out [934, 320943, 320944, 321463, 53, 46, 40, 2, 3]
89:18:46:321:0.240021 out [936, 321112, 321113, 321526, 48, 53, 48, 4, 3]
89:19:16:605:0.404449 out [935, 321063, 321064, 321557, 51, 47, 53, 3, 3]
89:21:17:273:0.228241 out [938, 321328, 321329, 321677, 37, 50, 47, 5, 3]
89:21:23:938:0.277794 out [937, 321327, 321328, 321684, 52, 37, 56, 1, 3]
89:23:38:852:0.0932922 out [939, 321393, 321394, 321819, 52, 50, 46, 6, 3]
89:26:23:271:0.325661 out [940, 321559, 321560, 321983, 54, 55, 46, 2, 3]
89:31:43:242:0.411209 out [941, 321812, 321813, 322303, 51, 54, 44, 1, 3]
89:35:53:163:0.815094 out [943, 322078, 322079, 322553, 50, 47, 67, 3, 2]
89:36:20:256:0.828857 out [942, 322068, 322069, 322580, 48, 53, 63, 2, 2]
89:36:54:195:0.658279 out [944, 322089, 322090, 322614, 50, 53, 46, 4, 2]
89:48:07:893:0.564774 out [945, 322728, 322729, 323288, 49, 50, 64, 1, 2]
89:55:42:491:0.646362 out [946, 323283, 323284, 323742, 40, 55, 45, 2, 2]
90:06:09:161:0.640717 out [947, 323754, 323755, 324369, 66, 50, 40, 1, 2]
90:08:14:045:0.595718 out [948, 323966, 323967, 324494, 48, 40, 39, 2, 2]
90:15:38:577:0.986313 out [949, 324520, 324521, 324939, 51, 46, 48, 1, 3]
90:16:18:955:0.713821 out [950, 324613, 324614, 324979, 42, 41, 49, 2, 3]
90:27:38:964:0.0699158 out [951, 325226, 325227, 325659, 51, 40, 48, 1, 3]
90:45:33:126:0.590324 out [952, 326333, 326334, 326733, 43, 60, 50, 1, 2]
90:47:45:915:0.0729904 out [953, 326462, 326463, 326866, 47, 58, 51, 2, 2]
91:08:32:310:0.864044 out [954, 327690, 327691, 328112, 57, 65, 46, 1, 3]
91:33:42:781:0.3545 out [955, 329164, 329165, 329623, 51, 49, 54, 1, 2]
91:52:12:534:0.764839 out [956, 330131, 330132, 330733, 55, 60, 49, 1, 2]
92:03:21:469:0.565941 out [957, 330895, 330896, 331401, 47, 58, 54, 1, 2]
