09:24:43:795:0.115067 out [0, 33361.1, 33362.2, 33883.8, 44, 49, 49, 1, 0]
09:31:54:109:0.592987 out [1, 33795.8, 33796.8, 34314.1, 43, 44, 44, 2, 0]
10:04:08:629:0.553391 out [2, 35665.8, 35666.8, 36248.6, 42, 49, 49, 1, 0]
10:04:23:297:0.152115 out [3, 35681.7, 35682.7, 36263.3, 46, 54, 49, 2, 0]
10:15:15:395:0.617081 out [4, 36115.5, 36116.5, 36915.4, 68, 47, 52, 3, 0]
10:16:58:973:0.949982 out [5, 36402.4, 36403.4, 37019, 53, 59, 38, 1, 0]
10:40:05:227:0.44043 out [7, 37756.9, 37757.9, 38405.2, 44, 50, 47, 2, 0]
10:40:56:232:0.15921 out [6, 37657.5, 37658.5, 38456.2, 59, 51, 38, 1, 0]
10:46:29:088:0.92305 out [8, 38296.4, 38297.4, 38789.1, 47, 54, 34, 3, 0]
11:06:05:240:0.163399 out [9, 39567, 39568, 39965.2, 38, 51, 47, 1, 0]
11:09:12:956:0.551147 out [10, 39576.3, 39577.3, 40153, 53, 39, 51, 2, 0]
11:11:08:403:0.812958 out [11, 39600.8, 39601.8, 40268.4, 54, 47, 64, 3, 0]
11:17:07:976:0.126266 out [12, 39943.2, 39944.2, 40628, 61, 51, 44, 4, 0]
11:18:59:424:0.618317 out [13, 40081.3, 40082.3, 40739.4, 51, 69, 50, 1, 0]
11:29:07:137:0.581421 out [14, 40715.3, 40716.3, 41347.1, 48, 47, 37, 2, 0]
11:33:08:809:0.820724 out [15, 41050.2, 41051.2, 41588.8, 45, 43, 42, 1, 0]
11:41:57:920:0.19899 out [16, 41497.5, 41498.5, 42117.9, 38, 51, 51, 2, 0]
11:46:03:728:0.783203 out [17, 41678.5, 41679.5, 42363.7, 39, 54, 38, 1, 0]
11:48:02:553:0.138329 out [18, 41887.2, 41888.2, 42482.6, 50, 57, 45, 3, 0]
11:51:00:570:0.223404 out [19, 41996.2, 41997.2, 42660.6, 56, 63, 56, 4, 0]
11:57:34:303:0.174568 out [20, 42553.2, 42554.2, 43054.3, 42, 41, 51, 1, 0]
12:01:15:643:0.912865 out [21, 42576.6, 42577.6, 43275.6, 51, 41, 61, 2, 0]
12:05:36:499:0.443604 out [22, 42839.5, 42840.5, 43536.5, 61, 45, 46, 3, 0]
12:13:57:952:0.731682 out [23, 43233, 43234, 44038, 53, 47, 54, 1, 0]
12:14:37:913:0.801743 out [24, 43324.3, 43325.3, 44077.9, 48, 54, 53, 2, 0]
12:16:52:628:0.35939 out [25, 43467.9, 43468.9, 44212.6, 45, 38, 45, 4, 0]
12:20:58:592:0.453552 out [26, 43533.9, 43534.9, 44458.6, 55, 58, 48, 5, 0]
12:21:20:622:0.379852 out [27, 43758.8, 43759.8, 44480.6, 46, 45, 34, 3, 0]
12:24:04:826:0.792313 out [28, 43815.6, 43816.6, 44644.8, 53, 67, 49, 6, 0]
12:28:08:861:0.118866 out [30, 44172, 44173, 44888.9, 55, 66, 47, 1, 0]
12:28:32:865:0.295959 out [29, 43849.4, 43850.4, 44912.9, 61, 46, 49, 7, 0]
12:29:30:234:0.55484 out [31, 44242.2, 44243.3, 44970.2, 47, 47, 44, 2, 0]
12:35:24:695:0.0746307 out [33, 44647.4, 44648.4, 45324.7, 46, 53, 48, 4, 0]
12:35:40:334:0.974838 out [32, 44480.9, 44481.9, 45340.3, 56, 52, 40, 3, 0]
12:36:30:647:0.476746 out [35, 44794.2, 44795.2, 45390.6, 40, 46, 55, 6, 0]
12:38:23:195:0.255829 out [34, 44776.2, 44777.2, 45503.2, 56, 50, 46, 5, 0]
12:41:11:662:0.66687 out [36, 44973.6, 44974.6, 45671.7, 42, 45, 44, 1, 0]
12:44:59:755:0.0893555 out [37, 45152.1, 45153.1, 45899.8, 56, 48, 59, 2, 0]
12:47:26:342:0.0930634 out [40, 45428.4, 45429.4, 46046.3, 47, 58, 46, 4, 0]
12:47:29:423:0.902107 out [39, 45403.8, 45404.8, 46049.4, 49, 48, 42, 3, 0]
12:48:01:582:0.344604 out [44, 45598, 45599, 46081.6, 41, 52, 54, 9, 0]
12:49:27:379:0.665924 out [38, 45170.2, 45171.2, 46167.4, 58, 55, 39, 7, 0]
12:52:17:472:0.68541 out [42, 45576.5, 45577.5, 46337.5, 52, 62, 47, 6, 0]
12:54:01:194:0.453789 out [41, 45555.2, 45556.2, 46441.2, 57, 46, 41, 5, 0]
12:54:15:758:0.457733 out [43, 45595.3, 45596.3, 46455.8, 58, 58, 41, 8, 0]
13:01:09:701:0.044632 out [45, 46179, 46180, 46869.7, 47, 43, 51, 1, 0]
13:02:17:771:0.115852 out [46, 46212.7, 46213.7, 46937.8, 53, 53, 57, 2, 0]
13:03:27:161:0.272598 out [47, 46363.7, 46364.7, 47007.2, 46, 60, 59, 3, 0]
13:04:45:517:0.781807 out [48, 46365.3, 46366.3, 47085.5, 54, 40, 48, 4, 0]
13:06:07:184:0.433533 out [50, 46427.2, 46428.2, 47167.2, 44, 51, 46, 7, 0]
13:06:24:897:0.722794 out [49, 46391.5, 46392.5, 47184.9, 55, 57, 57, 6, 0]
13:07:01:905:0.956818 out [52, 46575.1, 46576.1, 47221.9, 40, 50, 51, 8, 0]
13:07:17:394:0.342972 out [51, 46564.1, 46565.1, 47237.4, 48, 51, 43, 5, 0]
13:10:57:277:0.947975 out [53, 46691.9, 46692.9, 47457.3, 53, 51, 58, 9, 0]
13:13:16:601:0.784851 out [58, 47079.3, 47085.5, 47596.6, 46, 50, 40, 4, 0]
13:13:25:437:0.63311 out [54, 46882, 46883, 47605.4, 51, 56, 57, 1, 0]
13:16:14:557:0.67305 out [55, 46950.8, 46951.8, 47774.6, 53, 38, 49, 2, 0]
13:16:22:543:0.725563 out [56, 46976, 46977, 47782.5, 55, 43, 50, 10, 0]
13:18:33:055:0.833008 out [61, 47217.8, 47221.9, 47913.1, 49, 52, 41, 8, 0]
13:20:09:585:0.140373 out [59, 47131.7, 47167.2, 48009.6, 57, 58, 42, 7, 0]
13:20:46:271:0.856857 out [60, 47187.5, 47188.5, 48046.3, 51, 44, 45, 6, 0]
13:22:00:545:0.275284 out [57, 47062.2, 47063.2, 48120.5, 69, 42, 58, 3, 0]
13:22:25:905:0.557228 out [62, 47313, 47314, 48145.9, 54, 37, 62, 5, 0]
13:23:09:896:0.0429688 out [63, 47343, 47457.3, 48189.9, 59, 44, 53, 9, 0]
13:26:22:368:0.220474 out [66, 47417.3, 47774.6, 48382.4, 44, 49, 47, 2, 0]
13:26:47:545:0.854713 out [65, 47378, 47605.4, 48407.5, 50, 53, 54, 1, 0]
13:27:24:715:0.394714 out [64, 47343.7, 47596.6, 48444.7, 54, 47, 54, 4, 0]
13:30:01:161:0.514977 out [69, 47482.8, 48009.6, 48601.2, 39, 61, 61, 7, 0]
13:32:23:145:0.416 out [68, 47482.3, 47913.1, 48743.1, 55, 52, 48, 8, 0]
13:33:11:389:0.786865 out [67, 47441.3, 47782.5, 48791.4, 58, 41, 48, 10, 0]
13:34:39:874:0.930527 out [71, 47539.7, 48120.5, 48879.9, 49, 53, 42, 3, 0]
13:34:54:978:0.431847 out [70, 47504.1, 48046.3, 48895, 58, 49, 41, 6, 0]
13:36:45:001:0.5327 out [72, 47611.3, 48145.9, 49005, 51, 38, 43, 5, 0]
13:37:52:631:0.885269 out [74, 47868.6, 48382.4, 49072.6, 46, 50, 58, 2, 0]
13:38:30:394:0.663147 out [76, 48132.4, 48444.7, 49110.4, 53, 55, 48, 4, 0]
13:39:02:673:0.948029 out [73, 47844.8, 48189.9, 49142.7, 55, 51, 51, 9, 0]
13:41:09:849:0.484184 out [75, 47910.7, 48407.5, 49269.8, 57, 58, 46, 1, 0]
13:42:06:981:0.0622253 out [77, 48182.5, 48601.2, 49327, 48, 47, 45, 7, 0]
13:44:48:829:0.73645 out [79, 48232.4, 48791.4, 49488.8, 56, 59, 39, 10, 0]
13:45:53:137:0.44574 out [78, 48193.6, 48743.1, 49553.1, 60, 48, 49, 8, 0]
13:48:32:488:0.536575 out [81, 48284.6, 48895, 49712.5, 57, 51, 43, 6, 0]
13:50:42:782:0.393196 out [80, 48272.2, 48879.9, 49842.8, 66, 65, 46, 3, 0]
13:51:36:379:0.793457 out [86, 48833.1, 49269.9, 49896.4, 48, 47, 55, 1, 0]
13:51:43:247:0.270874 out [83, 48401.9, 49072.6, 49903.2, 52, 43, 43, 2, 0]
13:52:07:030:0.830673 out [85, 48775.4, 49142.7, 49927, 49, 44, 44, 9, 0]
13:52:11:899:0.291733 out [82, 48401.8, 49005, 49931.9, 52, 49, 46, 5, 0]
13:52:35:738:0.111382 out [84, 48523.2, 49110.4, 49955.7, 52, 57, 46, 4, 0]
13:54:32:818:0.249588 out [87, 48901.3, 49327, 50072.8, 51, 53, 50, 7, 0]
13:55:15:243:0.603043 out [88, 48904.9, 49488.8, 50115.2, 45, 56, 45, 10, 0]
14:00:05:334:0.568863 out [94, 49495.7, 49927, 50405.3, 35, 52, 50, 9, 0]
14:00:14:250:0.943069 out [89, 49115.1, 49553.1, 50414.3, 51, 59, 45, 8, 0]
14:01:43:441:0.229301 out [96, 49693.1, 49955.7, 50503.4, 43, 50, 49, 4, 0]
14:02:54:533:0.308319 out [95, 49555.2, 49931.9, 50574.5, 50, 57, 52, 5, 0]
14:02:56:714:0.515572 out [92, 49344.8, 49896.4, 50576.7, 49, 53, 49, 1, 0]
14:02:58:680:0.935196 out [90, 49269.6, 49712.5, 50578.7, 54, 54, 45, 6, 0]
14:03:57:119:0.916252 out [91, 49292.9, 49842.8, 50637.1, 57, 39, 51, 3, 0]
14:04:53:313:0.633804 out [93, 49362.2, 49903.2, 50693.3, 53, 44, 36, 2, 0]
14:07:23:437:0.968689 out [97, 49693.9, 50072.8, 50843.4, 55, 45, 44, 7, 0]
14:09:30:417:0.209106 out [100, 49775.5, 50414.3, 50970.4, 40, 42, 60, 8, 0]
14:10:14:914:0.873962 out [98, 49741, 50115.2, 51014.9, 55, 52, 45, 10, 0]
14:11:53:956:0.115204 out [99, 49746.6, 50405.3, 51114, 51, 58, 48, 9, 0]
14:13:21:848:0.486382 out [103, 50000.3, 50576.7, 51201.8, 42, 50, 55, 1, 0]
14:14:36:053:0.746109 out [102, 49856.5, 50574.5, 51276.1, 41, 44, 55, 5, 0]
14:14:46:239:0.663155 out [101, 49852.4, 50503.4, 51286.2, 53, 58, 55, 4, 0]
14:15:28:283:0.962135 out [105, 50210.7, 50637.1, 51328.3, 38, 55, 60, 3, 0]
14:15:35:866:0.813141 out [106, 50249.4, 50693.3, 51335.9, 46, 34, 53, 2, 0]
14:16:42:871:0.479874 out [104, 50206.7, 50578.7, 51402.9, 57, 43, 52, 6, 0]
14:18:19:111:0.773521 out [107, 50329, 50843.4, 51499.1, 48, 42, 50, 7, 0]
14:21:01:287:0.326294 out [109, 50465.3, 51014.9, 51661.3, 45, 47, 64, 10, 0]
14:21:22:838:0.803322 out [108, 50419.4, 50970.4, 51682.8, 51, 47, 48, 8, 0]
14:23:53:485:0.35009 out [112, 50771, 51276.1, 51833.5, 38, 48, 56, 5, 0]
14:24:53:127:0.286942 out [111, 50701, 51201.9, 51893.1, 54, 49, 52, 1, 0]
14:25:00:941:0.425758 out [114, 51023.9, 51328.3, 51900.9, 41, 54, 48, 3, 0]
14:26:26:892:0.178566 out [110, 50531.4, 51114, 51986.9, 51, 60, 56, 9, 0]
14:26:59:772:0.0867233 out [113, 50839.9, 51286.2, 52019.8, 42, 54, 47, 4, 0]
14:27:36:231:0.662376 out [117, 51165.5, 51499.1, 52056.2, 40, 33, 52, 7, 0]
14:28:05:921:0.0281677 out [115, 51071, 51335.9, 52085.9, 49, 44, 52, 2, 0]
14:29:44:072:0.264153 out [116, 51154, 51402.9, 52184.1, 48, 45, 58, 6, 0]
14:33:05:739:0.593536 out [118, 51219.8, 51661.3, 52385.7, 51, 38, 45, 10, 0]
14:34:43:089:0.108093 out [121, 51372.2, 51893.1, 52483.1, 42, 43, 55, 1, 0]
14:35:18:003:0.127678 out [119, 51238.4, 51682.8, 52518, 53, 53, 47, 8, 0]
14:36:11:391:0.823944 out [124, 51550.9, 52019.8, 52571.4, 46, 49, 55, 4, 0]
14:37:07:147:0.418053 out [122, 51374.5, 51900.9, 52627.1, 39, 45, 45, 3, 0]
14:38:09:920:0.313461 out [126, 51577.7, 52085.9, 52689.9, 48, 48, 48, 2, 0]
14:38:56:975:0.834473 out [123, 51540.6, 51986.9, 52737, 53, 59, 53, 9, 0]
14:39:17:340:0.449364 out [120, 51283.3, 51833.5, 52757.3, 55, 45, 61, 5, 0]
14:42:22:987:0.604317 out [125, 51575.5, 52056.2, 52943, 62, 52, 48, 7, 0]
14:44:55:303:0.860291 out [128, 51780.4, 52385.7, 53095.3, 49, 48, 60, 10, 0]
14:46:26:474:0.385292 out [127, 51690.4, 52184.1, 53186.5, 63, 55, 49, 6, 0]
14:47:28:859:0.631714 out [134, 52236.5, 52737, 53248.9, 43, 51, 42, 9, 0]
14:47:55:623:0.656448 out [129, 51928.6, 52483.1, 53275.6, 53, 47, 41, 1, 0]
14:48:24:264:0.174088 out [135, 52244.3, 52757.3, 53304.3, 42, 43, 61, 5, 0]
14:48:32:790:0.906677 out [131, 52133.9, 52571.4, 53312.8, 46, 47, 48, 4, 0]
14:49:26:410:0.35479 out [130, 52024.4, 52518, 53366.4, 51, 48, 53, 8, 0]
14:50:48:674:0.752815 out [132, 52184, 52627.1, 53448.7, 55, 55, 56, 3, 0]
14:51:16:357:0.948479 out [133, 52220.2, 52689.9, 53476.4, 46, 45, 47, 2, 0]
14:53:23:839:0.0624619 out [136, 52276.5, 52943, 53603.8, 43, 47, 46, 7, 0]
14:56:13:949:0.546989 out [141, 52792.9, 53304.3, 53773.9, 39, 50, 52, 5, 0]
14:58:23:444:0.166359 out [137, 52420.6, 53095.3, 53903.4, 53, 63, 41, 10, 0]
14:58:46:478:0.691826 out [139, 52511.2, 53248.9, 53926.5, 44, 52, 41, 9, 0]
15:00:10:456:0.911812 out [140, 52523.8, 53275.6, 54010.5, 50, 54, 33, 1, 0]
15:00:41:703:0.0702667 out [138, 52482.3, 53186.5, 54041.7, 55, 59, 45, 6, 0]
15:00:48:780:0.306038 out [144, 53053, 53448.7, 54048.8, 43, 41, 51, 3, 0]
15:01:32:588:0.744888 out [143, 52937.8, 53366.4, 54092.6, 54, 51, 56, 8, 0]
15:03:17:241:0.268883 out [145, 53081.1, 53476.4, 54197.2, 45, 57, 45, 2, 0]
15:03:57:680:0.260025 out [142, 52794.9, 53312.8, 54237.7, 50, 56, 49, 4, 0]
15:06:29:597:0.930275 out [146, 53273.3, 53603.8, 54389.6, 46, 36, 37, 7, 0]
15:07:27:428:0.50853 out [148, 53715.2, 53903.4, 54447.4, 36, 43, 45, 10, 0]
15:09:03:458:0.734283 out [147, 53438.7, 53774, 54543.5, 50, 55, 47, 5, 0]
15:11:02:951:0.645042 out [152, 54080.4, 54081.7, 54663, 40, 48, 46, 6, 0]
15:11:47:356:0.330467 out [150, 54016.4, 54017.4, 54707.4, 44, 42, 51, 1, 0]
15:13:11:428:0.891731 out [153, 54199.4, 54200.4, 54791.4, 42, 46, 55, 2, 0]
15:14:43:215:0.0922546 out [151, 54079.7, 54080.7, 54883.2, 48, 48, 67, 3, 0]
15:16:00:610:0.270096 out [154, 54209.1, 54210.1, 54960.6, 46, 53, 42, 8, 0]
15:16:29:523:0.0201111 out [149, 53911.4, 53926.5, 54989.5, 65, 48, 44, 9, 0]
15:16:41:845:0.635963 out [155, 54288, 54289, 55001.8, 49, 44, 56, 4, 0]
15:24:14:048:0.550201 out [156, 54609.5, 54610.5, 55454, 55, 54, 44, 5, 0]
15:26:33:388:0.418747 out [157, 54825.4, 54826.4, 55593.4, 47, 50, 36, 1, 0]
15:27:33:717:0.543198 out [159, 54901.8, 54902.8, 55653.7, 48, 51, 48, 3, 0]
15:27:38:774:0.797989 out [160, 54917.9, 54918.9, 55658.8, 52, 47, 52, 6, 0]
15:29:18:356:0.439186 out [158, 54834.5, 54835.5, 55758.4, 52, 49, 42, 2, 0]
15:31:26:012:0.499405 out [162, 55198.6, 55199.6, 55886, 40, 45, 55, 7, 0]
15:32:53:379:0.943039 out [166, 55340.3, 55454.1, 55973.4, 48, 64, 39, 5, 0]
15:34:02:833:0.652092 out [163, 55268.7, 55269.8, 56042.8, 49, 41, 44, 8, 0]
15:36:45:445:0.419861 out [165, 55300.5, 55301.6, 56205.4, 55, 56, 45, 10, 0]
15:36:56:418:0.626381 out [161, 55154.2, 55155.2, 56216.4, 59, 64, 62, 4, 0]
15:37:24:155:0.416084 out [164, 55290.3, 55291.3, 56244.2, 56, 50, 55, 9, 0]
15:39:02:809:0.765961 out [167, 55402.8, 55593.4, 56342.8, 42, 47, 59, 1, 0]
15:39:06:233:0.108665 out [168, 55455.3, 55653.7, 56346.2, 47, 52, 37, 3, 0]
15:41:28:628:0.579285 out [170, 55543.9, 55758.4, 56488.6, 52, 67, 35, 2, 0]
15:41:38:887:0.0536346 out [169, 55511.4, 55658.8, 56498.9, 63, 40, 46, 6, 0]
15:43:52:309:0.115555 out [171, 55732.4, 55886, 56632.3, 52, 41, 53, 7, 0]
15:44:51:248:0.120049 out [172, 55745.6, 55973.4, 56691.2, 47, 43, 47, 5, 0]
15:47:25:720:0.242645 out [173, 55837.4, 56042.8, 56845.7, 51, 48, 50, 8, 0]
15:48:29:905:0.637886 out [175, 56169.4, 56216.4, 56909.9, 43, 40, 46, 4, 0]
15:49:09:078:0.793671 out [176, 56186.8, 56244.2, 56949.1, 46, 43, 51, 9, 0]
15:49:43:216:0.104248 out [177, 56202.3, 56342.8, 56983.2, 44, 54, 53, 1, 0]
15:51:49:138:0.0177994 out [174, 56048.9, 56205.4, 57109.1, 55, 59, 55, 10, 0]
15:53:35:673:0.328949 out [178, 56401.6, 56402.6, 57215.7, 51, 51, 46, 3, 0]
15:54:06:387:0.307861 out [179, 56417.4, 56488.6, 57246.4, 45, 61, 42, 2, 0]
15:55:28:917:0.713715 out [180, 56607.3, 56608.3, 57328.9, 55, 51, 47, 6, 0]
15:56:08:067:0.724777 out [181, 56669.7, 56670.7, 57368.1, 53, 58, 46, 7, 0]
16:06:46:869:0.130684 out [183, 57200.6, 57201.6, 58006.9, 55, 53, 45, 4, 0]
16:06:48:064:0.926697 out [182, 57045.2, 57046.2, 58008.1, 55, 61, 47, 1, 0]
16:09:12:384:0.450508 out [186, 57359.9, 57360.9, 58152.4, 52, 46, 44, 5, 0]
16:10:52:065:0.699173 out [185, 57310, 57311, 58252.1, 59, 46, 49, 2, 0]
16:11:36:071:0.327759 out [184, 57219.7, 57220.7, 58296.1, 65, 58, 49, 3, 0]
16:12:16:118:0.340088 out [187, 57627.3, 57628.3, 58336.1, 48, 50, 55, 6, 0]
16:13:32:550:0.208641 out [188, 57738.5, 57739.5, 58412.6, 49, 60, 36, 7, 0]
16:18:14:294:0.782234 out [189, 57740.8, 57741.8, 58694.3, 57, 44, 50, 8, 0]
16:19:04:445:0.185257 out [190, 58000.8, 58001.8, 58744.4, 40, 55, 52, 9, 0]
16:21:51:874:0.270988 out [191, 58265.8, 58266.8, 58911.9, 52, 53, 46, 1, 0]
16:25:35:497:0.250153 out [192, 58302.9, 58303.9, 59135.5, 57, 68, 46, 2, 0]
16:25:39:253:0.912521 out [194, 58515.2, 58516.2, 59139.3, 53, 68, 39, 4, 0]
16:27:27:845:0.279289 out [193, 58365.8, 58366.8, 59247.8, 53, 54, 47, 3, 0]
16:29:34:775:0.90139 out [195, 58517.4, 58518.4, 59374.8, 59, 51, 41, 5, 0]
16:31:33:453:0.551842 out [197, 58892.4, 58893.4, 59493.5, 35, 53, 51, 7, 0]
16:32:15:614:0.0313873 out [196, 58775.7, 58776.7, 59535.6, 47, 48, 35, 6, 0]
16:35:20:422:0.13018 out [199, 58961, 58962, 59720.4, 53, 49, 48, 1, 0]
16:35:32:393:0.21859 out [198, 58903.7, 58904.7, 59732.4, 58, 42, 57, 8, 0]
16:36:05:547:0.561241 out [200, 59033.4, 59034.4, 59765.5, 42, 46, 47, 9, 0]
16:39:48:539:0.27095 out [201, 59147.7, 59148.7, 59988.5, 50, 45, 56, 2, 0]
16:41:22:755:0.948616 out [202, 59548.3, 59549.3, 60082.8, 47, 44, 53, 3, 0]
16:43:55:963:0.135315 out [204, 59629.8, 59630.8, 60236, 42, 53, 41, 5, 0]
16:44:20:955:0.522133 out [205, 59676.3, 59677.3, 60261, 48, 51, 40, 6, 0]
16:45:45:475:0.910736 out [206, 59782.3, 59783.3, 60345.5, 39, 49, 47, 1, 0]
16:46:01:126:0.914574 out [203, 59562.8, 59563.8, 60361.1, 58, 50, 51, 4, 0]
16:55:50:205:0.874992 out [207, 60103.7, 60104.7, 60950.2, 50, 53, 54, 2, 0]
16:57:25:166:0.599823 out [208, 60255.3, 60256.3, 61045.2, 54, 48, 54, 3, 0]
16:59:08:429:0.787231 out [209, 60635.1, 60636.1, 61148.4, 47, 50, 34, 1, 0]
17:02:46:985:0.0488434 out [210, 60678.4, 60679.4, 61367, 40, 52, 49, 4, 0]
17:06:46:640:0.425278 out [212, 60824.6, 60825.6, 61606.6, 51, 51, 58, 6, 0]
17:07:58:879:0.0927658 out [211, 60817, 60818, 61678.9, 69, 56, 45, 5, 0]
17:08:37:530:0.644012 out [213, 61241.8, 61242.8, 61717.5, 53, 58, 43, 1, 3]
17:08:54:995:0.485855 out [214, 61255.2, 61256.2, 61735, 57, 38, 55, 2, 3]
17:18:03:291:0.168762 out [215, 61778.1, 61779.1, 62283.3, 59, 46, 53, 1, 3]
17:19:25:305:0.611206 out [216, 61854.6, 61855.6, 62365.3, 53, 49, 40, 2, 3]
17:20:31:969:0.366623 out [218, 62056.1, 62057.1, 62432, 41, 53, 57, 4, 3]
17:20:56:221:0.336914 out [217, 62015.4, 62016.4, 62456.2, 47, 45, 46, 3, 3]
17:21:18:131:0.126953 out [219, 62075.9, 62076.9, 62478.1, 48, 59, 56, 5, 3]
17:36:13:817:0.951752 out [220, 62747.3, 62748.3, 63373.8, 54, 47, 48, 1, 2]
17:43:37:143:0.139435 out [221, 63270.5, 63271.5, 63817.1, 52, 54, 49, 2, 2]
17:49:21:662:0.79657 out [222, 63616.2, 63617.2, 64161.7, 53, 41, 51, 1, 2]
17:51:37:745:0.95697 out [224, 63750.9, 63751.9, 64297.7, 46, 52, 51, 4, 2]
17:53:43:467:0.101646 out [223, 63676, 63677, 64423.5, 64, 48, 44, 3, 2]
17:57:59:407:0.428337 out [225, 64056, 64057, 64679.4, 53, 56, 43, 2, 2]
18:06:01:144:0.262863 out [226, 64573.2, 64574.2, 65161.1, 57, 40, 55, 1, 2]
18:08:02:102:0.33934 out [227, 64931.8, 64932.8, 65282.1, 49, 62, 50, 2, 3]
18:34:00:825:0.796677 out [228, 66363.9, 66364.9, 66840.8, 48, 42, 56, 1, 2]
18:37:29:357:0.54068 out [229, 66560.2, 66561.2, 67049.4, 56, 45, 58, 2, 2]
18:45:00:078:0.10743 out [230, 67014.5, 67015.5, 67500.1, 58, 60, 63, 1, 2]
19:01:03:909:0.830643 out [231, 68083.8, 68084.8, 68463.9, 48, 64, 54, 1, 2]
19:52:47:048:0.734261 out [232, 71148.9, 71149.9, 71567, 55, 57, 60, 1, 2]
34:07:03:558:0.146072 out [234, 122311, 122312, 122824, 46, 47, 52, 2, 0]
34:08:45:546:0.0973511 out [233, 122295, 122296, 122926, 54, 47, 42, 1, 0]
34:46:29:460:0.290504 out [235, 124654, 124655, 125189, 43, 47, 48, 1, 0]
34:49:26:113:0.638474 out [237, 124851, 124852, 125366, 46, 45, 64, 3, 0]
34:51:49:867:0.249084 out [236, 124843, 124844, 125510, 62, 37, 39, 2, 0]
35:04:10:955:0.837799 out [238, 125616, 125617, 126251, 59, 68, 53, 1, 0]
35:08:16:504:0.290176 out [239, 125800, 125801, 126497, 56, 51, 60, 2, 0]
35:18:06:260:0.813309 out [241, 126443, 126444, 127086, 48, 51, 45, 3, 0]
35:18:58:748:0.200012 out [240, 126429, 126430, 127139, 53, 54, 55, 1, 0]
35:27:50:428:0.822113 out [242, 127081, 127082, 127670, 51, 46, 49, 2, 0]
35:30:51:462:0.497307 out [243, 127375, 127376, 127851, 41, 52, 48, 1, 0]
35:36:29:249:0.305321 out [246, 127742, 127743, 128189, 44, 57, 52, 4, 0]
35:36:42:454:0.559875 out [244, 127646, 127647, 128202, 43, 48, 41, 3, 0]
35:40:57:634:0.760452 out [245, 127725, 127726, 128458, 60, 60, 55, 2, 0]
35:40:58:573:0.504997 out [248, 127946, 127947, 128459, 47, 46, 54, 1, 0]
35:50:38:584:0.436012 out [247, 127763, 127764, 129039, 46, 55, 38, 5, 0]
35:52:04:973:0.744942 out [250, 128438, 128439, 129125, 54, 54, 60, 3, 0]
35:52:15:984:0.352661 out [251, 128470, 128471, 129136, 54, 64, 58, 1, 0]
35:58:42:576:0.0999451 out [249, 128002, 128003, 129523, 49, 35, 51, 6, 0]
35:59:46:882:0.74057 out [252, 128975, 128976, 129587, 59, 52, 52, 2, 0]
36:02:48:956:0.383301 out [253, 129030, 129031, 129769, 57, 66, 58, 4, 0]
36:08:02:341:0.572357 out [257, 129280, 129281, 130082, 59, 53, 45, 1, 0]
36:08:35:133:0.564545 out [254, 129078, 129079, 130115, 41, 51, 64, 7, 0]
36:08:50:295:0.727325 out [256, 129121, 129122, 130130, 32, 48, 64, 9, 0]
36:09:54:927:0.961899 out [258, 129621, 129622, 130195, 32, 53, 50, 2, 0]
36:12:29:604:0.57666 out [259, 129738, 129739, 130350, 47, 55, 60, 3, 0]
36:16:03:085:0.028244 out [255, 129098, 129099, 130563, 50, 57, 37, 8, 0]
36:21:27:356:0.142593 out [260, 129825, 129826, 130887, 69, 47, 45, 4, 0]
36:26:02:097:0.663475 out [261, 130381, 130382, 131162, 48, 57, 58, 1, 0]
36:26:24:833:0.483292 out [264, 130600, 130601, 131185, 47, 48, 43, 5, 0]
36:27:14:368:0.49649 out [262, 130429, 130430, 131234, 49, 49, 40, 2, 0]
36:28:43:663:0.601471 out [263, 130498, 130499, 131324, 52, 44, 43, 3, 0]
36:31:23:850:0.579811 out [265, 130796, 130797, 131484, 49, 45, 63, 6, 0]
36:37:44:043:0.182922 out [266, 131068, 131069, 131864, 58, 40, 48, 4, 0]
36:38:45:235:0.473228 out [268, 131248, 131249, 131925, 46, 40, 39, 2, 0]
36:40:10:842:0.135025 out [267, 131196, 131197, 132011, 56, 54, 48, 1, 0]
36:43:52:131:0.996704 out [269, 131365, 131366, 132232, 56, 46, 55, 3, 0]
36:48:28:896:0.993233 out [270, 131411, 131412, 132509, 74, 49, 58, 5, 0]
36:49:49:563:0.952995 out [271, 131930, 131931, 132590, 54, 49, 43, 2, 0]
36:52:32:891:0.695572 out [272, 131980, 131981, 132753, 43, 62, 46, 4, 0]
36:53:53:241:0.161896 out [273, 132010, 132011, 132833, 52, 46, 55, 1, 0]
36:54:37:509:0.412361 out [274, 132248, 132249, 132878, 38, 47, 43, 3, 0]
37:00:48:885:0.656906 out [275, 132315, 132316, 133249, 58, 44, 45, 6, 0]
37:00:53:132:0.925583 out [277, 132474, 132475, 133253, 56, 43, 45, 8, 0]
37:03:24:330:0.295158 out [278, 132663, 132664, 133404, 53, 60, 50, 2, 0]
37:03:44:685:0.897423 out [280, 132750, 132751, 133425, 50, 46, 65, 9, 0]
37:04:14:752:0.38855 out [279, 132747, 132748, 133455, 45, 58, 53, 5, 0]
37:04:56:629:0.612518 out [276, 132446, 132447, 133497, 62, 38, 59, 7, 0]
37:06:46:039:0.583755 out [281, 132857, 132858, 133606, 43, 50, 45, 1, 0]
37:09:41:103:0.94342 out [282, 133072, 133073, 133781, 51, 47, 47, 3, 0]
37:09:41:392:0.437531 out [283, 133092, 133093, 133781, 51, 52, 53, 4, 0]
37:16:40:012:0.668205 out [286, 133424, 133425, 134200, 50, 52, 48, 8, 0]
37:16:40:295:0.260025 out [284, 133358, 133359, 134200, 48, 53, 53, 6, 0]
37:18:16:164:0.503647 out [287, 133451, 133452, 134296, 44, 55, 59, 9, 0]
37:18:28:089:0.644981 out [289, 133690, 133691, 134308, 42, 59, 54, 1, 0]
37:18:31:376:0.333786 out [285, 133422, 133423, 134311, 54, 51, 43, 2, 0]
37:19:51:987:0.99379 out [288, 133538, 133539, 134392, 62, 43, 53, 5, 0]
37:25:47:379:0.623009 out [291, 133952, 133953, 134747, 45, 54, 45, 4, 0]
37:26:15:125:0.534607 out [290, 133897, 133898, 134775, 55, 37, 53, 3, 0]
37:29:39:686:0.590744 out [292, 134294, 134295, 134980, 41, 45, 50, 6, 0]
37:30:07:389:0.438225 out [295, 134383, 134384, 135007, 48, 57, 53, 7, 0]
37:32:04:684:0.900833 out [293, 134352, 134353, 135125, 54, 46, 51, 1, 0]
37:33:45:640:0.422417 out [294, 134374, 134375, 135226, 50, 52, 61, 2, 0]
37:35:10:307:0.468964 out [298, 134689, 134690, 135310, 43, 53, 37, 9, 0]
37:36:02:512:0.878967 out [299, 134718, 134719, 135363, 45, 46, 50, 10, 0]
37:36:37:672:0.852112 out [297, 134637, 134638, 135398, 52, 44, 51, 8, 0]
37:36:55:126:0.900269 out [296, 134436, 134437, 135415, 59, 69, 55, 5, 0]
37:40:08:439:0.37738 out [301, 134884, 134885, 135608, 39, 62, 52, 4, 0]
37:40:14:668:0.24205 out [300, 134794, 134795, 135615, 50, 43, 54, 3, 0]
37:41:55:739:0.440109 out [302, 134899, 134980, 135716, 40, 63, 50, 6, 0]
37:44:11:478:0.483345 out [305, 135213, 135226, 135851, 44, 51, 55, 2, 0]
37:44:13:935:0.457375 out [303, 134923, 135007, 135854, 48, 50, 49, 7, 0]
37:44:16:814:0.475204 out [304, 135011, 135125, 135857, 49, 55, 56, 1, 0]
37:48:26:978:0.392197 out [306, 135325, 135326, 136107, 52, 46, 49, 9, 0]
37:49:05:311:0.892105 out [308, 135527, 135528, 136145, 47, 48, 59, 8, 0]
37:52:48:597:0.455574 out [307, 135482, 135483, 136369, 56, 51, 43, 5, 0]
37:53:33:381:0.407333 out [311, 135700, 135701, 136413, 52, 57, 54, 4, 0]
37:53:41:410:0.204483 out [312, 135800, 135801, 136421, 41, 52, 65, 6, 0]
37:54:16:702:0.942444 out [310, 135683, 135684, 136457, 56, 49, 47, 3, 0]
37:54:31:564:0.396599 out [313, 135813, 135851, 136472, 40, 63, 51, 2, 0]
37:56:11:956:0.54924 out [309, 135591, 135592, 136572, 61, 44, 50, 10, 0]
37:57:27:751:0.148773 out [314, 135856, 135857, 136648, 62, 56, 40, 1, 0]
37:59:56:297:0.557022 out [317, 136034, 136145, 136796, 35, 48, 38, 8, 0]
38:00:05:383:0.260323 out [315, 135930, 135931, 136805, 51, 48, 41, 7, 0]
38:01:16:520:0.750191 out [318, 136037, 136369, 136877, 41, 44, 48, 5, 0]
38:03:27:270:0.331528 out [316, 135986, 136107, 137007, 55, 60, 60, 9, 0]
38:04:01:167:0.64193 out [322, 136138, 136472, 137041, 40, 50, 52, 2, 0]
38:05:57:250:0.650551 out [320, 136102, 136421, 137157, 55, 45, 54, 6, 0]
38:07:15:914:0.538528 out [319, 136065, 136413, 137236, 57, 51, 47, 4, 0]
38:09:51:662:0.122871 out [323, 136191, 136572, 137392, 57, 57, 41, 10, 0]
38:10:05:710:0.717346 out [324, 136224, 136648, 137406, 44, 53, 40, 1, 0]
38:12:14:843:0.648102 out [321, 136115, 136457, 137535, 75, 41, 48, 3, 0]
38:12:22:130:0.985954 out [327, 136337, 136877, 137542, 45, 44, 40, 5, 0]
38:13:31:617:0.65876 out [326, 136275, 136805, 137612, 51, 58, 38, 7, 0]
38:14:57:008:0.218506 out [325, 136270, 136796, 137697, 55, 52, 49, 8, 0]
38:15:13:774:0.929741 out [328, 136454, 137007, 137714, 49, 45, 56, 9, 0]
38:16:35:747:0.974281 out [329, 136530, 137041, 137796, 52, 35, 42, 2, 0]
38:19:11:700:0.431564 out [330, 136561, 137157, 137952, 59, 42, 45, 6, 0]
38:20:01:552:0.708366 out [332, 136688, 137392, 138002, 45, 58, 56, 10, 0]
38:20:06:245:0.918015 out [333, 136691, 137406, 138006, 39, 54, 45, 1, 0]
38:21:30:589:0.400986 out [331, 136574, 137236, 138091, 54, 49, 53, 4, 0]
38:23:31:242:0.0743027 out [335, 136813, 137542, 138211, 44, 52, 45, 5, 0]
38:26:13:517:0.508797 out [338, 137013, 137714, 138374, 49, 58, 63, 9, 0]
38:26:24:897:0.606186 out [337, 136914, 137697, 138385, 48, 47, 47, 8, 0]
38:27:02:173:0.661926 out [336, 136815, 137612, 138422, 57, 41, 56, 7, 0]
38:27:12:801:0.407295 out [339, 137021, 137796, 138433, 48, 47, 48, 2, 0]
38:29:16:455:0.754974 out [334, 136780, 137535, 138556, 63, 62, 48, 3, 0]
38:30:26:830:0.737404 out [340, 137036, 137952, 138627, 43, 43, 49, 6, 0]
38:33:32:082:0.52459 out [343, 137467, 138091, 138812, 56, 41, 54, 4, 0]
38:33:34:229:0.572586 out [342, 137406, 138006, 138814, 58, 50, 36, 1, 0]
38:35:57:545:0.44001 out [341, 137057, 138002, 138958, 56, 41, 44, 10, 0]
38:36:50:794:0.614677 out [344, 137518, 138211, 139011, 52, 48, 45, 5, 0]
38:37:04:657:0.759552 out [346, 137870, 138385, 139025, 46, 47, 54, 8, 0]
38:37:06:841:0.719513 out [345, 137729, 138374, 139027, 50, 46, 50, 9, 0]
38:38:23:391:0.781143 out [349, 137930, 138556, 139103, 43, 59, 57, 3, 0]
38:39:25:196:0.078331 out [348, 137900, 138433, 139165, 47, 45, 50, 2, 0]
38:39:59:896:0.631126 out [350, 138043, 138627, 139200, 41, 43, 45, 6, 0]
38:43:30:414:0.736084 out [347, 137898, 138422, 139410, 71, 47, 60, 7, 0]
38:43:35:366:0.918449 out [353, 138163, 138958, 139415, 35, 49, 51, 10, 0]
38:44:07:525:0.245552 out [351, 138056, 138812, 139448, 47, 61, 58, 4, 0]
38:47:26:079:0.327469 out [352, 138118, 138814, 139646, 51, 60, 31, 1, 0]
38:49:02:611:0.753899 out [354, 138203, 139011, 139743, 56, 50, 63, 5, 0]
38:49:42:855:0.486351 out [356, 138240, 139027, 139783, 48, 40, 47, 9, 0]
38:50:55:525:0.501137 out [357, 138355, 139103, 139856, 53, 55, 48, 3, 0]
38:51:50:749:0.739273 out [358, 138405, 139165, 139911, 52, 54, 54, 2, 0]
38:52:33:712:0.206322 out [361, 138451, 139415, 139954, 38, 44, 61, 10, 0]
38:53:23:316:0.696602 out [359, 138417, 139200, 140003, 52, 42, 50, 6, 0]
38:53:46:900:0.469261 out [355, 138225, 139025, 140027, 60, 56, 42, 8, 0]
38:56:50:736:0.52256 out [360, 138441, 139410, 140211, 52, 53, 54, 7, 0]
38:58:27:606:0.318909 out [362, 138465, 139448, 140308, 60, 34, 57, 4, 0]
38:59:54:561:0.245399 out [363, 138630, 139646, 140395, 49, 45, 40, 1, 0]
39:01:35:704:0.346687 out [365, 138769, 139783, 140496, 40, 62, 36, 9, 0]
39:02:56:467:0.918427 out [368, 138994, 139954, 140576, 41, 53, 40, 10, 0]
39:03:52:508:0.212524 out [366, 138804, 139856, 140633, 53, 50, 44, 3, 0]
39:05:28:542:0.637856 out [364, 138709, 139743, 140729, 61, 53, 57, 5, 0]
39:05:40:209:0.795982 out [369, 139101, 140003, 140740, 52, 51, 57, 6, 0]
39:06:19:829:0.718765 out [367, 138915, 139911, 140780, 64, 40, 38, 2, 0]
39:07:28:077:0.933746 out [371, 139108, 140211, 140848, 46, 56, 48, 7, 0]
39:08:33:443:0.972618 out [370, 139106, 140027, 140913, 58, 56, 58, 8, 0]
39:10:16:385:0.85952 out [372, 139279, 140308, 141016, 50, 50, 46, 4, 0]
39:11:03:388:0.547928 out [373, 139309, 140395, 141063, 46, 48, 39, 1, 0]
39:11:04:549:0.653633 out [374, 139371, 140496, 141065, 38, 56, 46, 9, 0]
39:14:10:536:0.273033 out [380, 140271, 140848, 141251, 32, 46, 55, 7, 0]
39:17:15:009:0.369476 out [375, 139413, 140576, 141435, 61, 51, 51, 10, 0]
39:18:00:808:0.333977 out [378, 140098, 140740, 141481, 55, 55, 47, 6, 0]
39:18:36:518:0.184692 out [376, 139450, 140633, 141517, 55, 48, 52, 3, 0]
39:19:49:204:0.965218 out [381, 140337, 140913, 141589, 51, 59, 52, 8, 0]
39:20:08:104:0.315384 out [377, 140040, 140729, 141608, 60, 51, 58, 5, 0]
39:20:10:996:0.890793 out [379, 140194, 140780, 141611, 59, 41, 50, 2, 0]
39:21:51:466:0.989143 out [383, 140686, 141063, 141711, 41, 56, 48, 1, 0]
39:22:16:065:0.922363 out [382, 140339, 141016, 141736, 49, 50, 46, 4, 0]
39:26:05:305:0.461105 out [384, 140749, 141065, 141965, 59, 39, 51, 9, 0]
39:26:20:430:0.0428467 out [385, 140888, 141251, 141980, 50, 42, 53, 7, 0]
39:26:33:823:0.416885 out [387, 141004, 141481, 141994, 42, 54, 41, 6, 0]
39:29:27:293:0.168648 out [388, 141068, 141517, 142167, 47, 52, 46, 3, 0]
39:30:25:508:0.787331 out [386, 140918, 141435, 142226, 50, 42, 46, 10, 0]
39:32:02:103:0.829559 out [393, 141223, 141736, 142322, 37, 47, 61, 4, 0]
39:32:04:754:0.131493 out [389, 141071, 141589, 142325, 48, 47, 43, 8, 0]
39:32:36:544:0.206795 out [390, 141101, 141608, 142357, 48, 48, 46, 5, 0]
39:34:54:469:0.606575 out [392, 141162, 141711, 142494, 52, 57, 36, 1, 0]
39:36:02:285:0.671959 out [394, 141226, 141965, 142562, 46, 39, 57, 9, 0]
39:36:24:520:0.400223 out [395, 141272, 141980, 142585, 45, 46, 54, 7, 0]
39:38:39:170:0.212112 out [391, 141124, 141611, 142719, 65, 54, 57, 2, 0]
39:41:36:111:0.648331 out [399, 141489, 142322, 142896, 37, 47, 51, 4, 0]
39:41:50:568:0.356285 out [396, 141306, 141994, 142911, 57, 38, 59, 6, 0]
39:42:00:419:0.776688 out [400, 141629, 142325, 142920, 36, 42, 54, 8, 0]
39:43:28:626:0.587639 out [401, 141853, 142357, 143009, 45, 64, 49, 5, 0]
39:45:20:294:0.570694 out [398, 141454, 142226, 143120, 57, 56, 41, 10, 0]
39:45:24:764:0.161285 out [397, 141443, 142167, 143125, 59, 49, 47, 3, 0]
39:47:05:163:0.534889 out [402, 141880, 142494, 143225, 54, 33, 38, 1, 0]
39:49:05:615:0.00717163 out [404, 142029, 142585, 143346, 38, 64, 48, 7, 0]
39:49:32:989:0.991104 out [405, 142036, 142719, 143373, 50, 55, 56, 2, 0]
39:51:01:515:0.2696 out [403, 141959, 142562, 143462, 49, 63, 56, 9, 0]
39:51:56:502:0.306305 out [409, 142296, 143009, 143517, 42, 46, 46, 5, 0]
39:54:11:973:0.1315 out [406, 142061, 142896, 143652, 47, 49, 48, 4, 0]
39:54:16:610:0.232674 out [407, 142207, 142911, 143657, 50, 40, 37, 6, 0]
39:54:18:974:0.375092 out [408, 142257, 142920, 143659, 51, 38, 51, 8, 0]
39:58:13:480:0.601631 out [410, 142391, 143120, 143893, 53, 54, 54, 10, 0]
40:00:11:089:0.275131 out [411, 142492, 143125, 144011, 55, 36, 46, 3, 0]
40:01:22:161:0.101662 out [412, 142538, 143225, 144082, 48, 54, 48, 1, 0]
40:01:33:863:0.236893 out [414, 142638, 143373, 144094, 43, 49, 60, 2, 0]
40:03:04:954:0.95256 out [413, 142616, 143346, 144185, 51, 57, 50, 7, 0]
40:03:22:541:0.223442 out [417, 143048, 143652, 144203, 44, 47, 54, 4, 0]
40:04:04:144:0.645607 out [419, 143212, 143659, 144244, 46, 39, 56, 8, 0]
40:04:47:540:0.858185 out [415, 142803, 143462, 144288, 62, 49, 44, 9, 0]
40:05:03:952:0.454483 out [416, 143034, 143517, 144304, 60, 46, 49, 5, 0]
40:06:38:586:0.120522 out [418, 143160, 143657, 144399, 53, 59, 49, 6, 0]
40:10:24:108:0.735954 out [420, 143357, 143893, 144624, 57, 53, 44, 10, 0]
40:13:24:777:0.413284 out [424, 143569, 144185, 144805, 41, 49, 68, 7, 0]
40:13:29:942:0.574013 out [425, 143969, 144203, 144810, 46, 57, 49, 4, 0]
40:13:42:057:0.432236 out [423, 143417, 144094, 144822, 51, 59, 37, 2, 0]
40:16:19:913:0.0778198 out [427, 144238, 144288, 144980, 43, 57, 65, 9, 0]
40:16:54:869:0.326508 out [422, 143383, 144082, 145015, 58, 60, 50, 1, 0]
40:17:21:240:0.871895 out [429, 144309, 144399, 145041, 34, 52, 49, 6, 0]
40:17:45:827:0.425323 out [421, 143364, 144011, 145066, 63, 48, 44, 3, 0]
40:18:23:139:0.461029 out [426, 144045, 144244, 145103, 55, 50, 66, 8, 0]
40:20:04:936:0.0766296 out [428, 144238, 144304, 145205, 49, 45, 45, 5, 0]
40:20:12:147:0.608269 out [430, 144575, 144624, 145212, 41, 42, 41, 10, 0]
40:25:02:460:0.506905 out [431, 144679, 144805, 145502, 51, 60, 46, 7, 0]
40:28:16:706:0.810547 out [434, 145113, 145114, 145697, 36, 44, 48, 3, 0]
40:28:32:533:0.623291 out [435, 145262, 145263, 145713, 30, 44, 45, 4, 0]
40:29:55:235:0.548569 out [433, 145103, 145104, 145795, 50, 55, 41, 2, 0]
40:31:32:363:0.706184 out [432, 145042, 145044, 145892, 60, 51, 46, 1, 0]
40:33:27:470:0.544411 out [436, 145375, 145376, 146007, 45, 48, 46, 5, 0]
40:37:33:113:0.873077 out [437, 145552, 145553, 146253, 51, 32, 57, 6, 0]
40:42:28:566:0.244675 out [439, 145992, 145993, 146549, 38, 61, 51, 1, 0]
40:43:52:187:0.382294 out [440, 146010, 146011, 146632, 55, 38, 63, 2, 0]
40:45:31:942:0.279411 out [438, 145609, 145610, 146732, 64, 45, 47, 7, 0]
40:54:59:327:0.124191 out [441, 146411, 146412, 147299, 58, 62, 52, 3, 0]
40:55:13:896:0.97702 out [442, 146665, 146666, 147314, 43, 57, 54, 1, 0]
40:59:45:398:0.636414 out [443, 146863, 146864, 147585, 42, 50, 38, 2, 0]
41:02:51:272:0.83342 out [444, 146964, 146965, 147771, 60, 52, 59, 4, 0]
41:10:24:348:0.770691 out [445, 147537, 147538, 148224, 45, 44, 50, 1, 0]
41:10:28:261:0.0975037 out [447, 147735, 147736, 148228, 29, 46, 48, 2, 0]
41:10:34:453:0.285767 out [446, 147543, 147544, 148234, 49, 48, 46, 3, 0]
41:18:20:976:0.948334 out [448, 148083, 148084, 148701, 44, 71, 48, 4, 0]
41:21:51:129:0.885269 out [449, 148226, 148227, 148911, 50, 56, 45, 1, 0]
41:23:38:971:0.962524 out [450, 148234, 148235, 149019, 59, 52, 50, 2, 0]
41:24:01:317:0.702843 out [451, 148292, 148293, 149041, 56, 37, 63, 3, 0]
41:28:11:308:0.0268631 out [452, 148485, 148486, 149291, 51, 47, 44, 5, 0]
41:30:24:415:0.149284 out [453, 148604, 148605, 149424, 48, 59, 45, 6, 0]
41:32:18:771:0.483017 out [454, 148811, 148812, 149539, 52, 45, 40, 4, 0]
41:38:06:886:0.175705 out [455, 148952, 148953, 149887, 55, 44, 54, 1, 0]
41:46:03:704:0.67527 out [456, 149628, 149629, 150364, 53, 51, 52, 2, 0]
41:51:57:617:0.514206 out [457, 150011, 150012, 150718, 47, 45, 65, 1, 0]
41:54:13:292:0.379929 out [458, 150086, 150087, 150853, 44, 55, 54, 3, 0]
42:00:18:076:0.279236 out [459, 150503, 150504, 151218, 50, 46, 57, 2, 0]
42:01:31:915:0.9189 out [460, 150541, 150542, 151292, 55, 57, 64, 4, 0]
42:05:04:850:0.224091 out [462, 150975, 150976, 151505, 37, 43, 55, 3, 0]
42:07:20:670:0.24572 out [461, 150765, 150766, 151641, 50, 56, 45, 1, 0]
42:10:46:692:0.766739 out [465, 151396, 151397, 151847, 41, 43, 50, 4, 0]
42:12:02:026:0.0597 out [463, 151108, 151109, 151922, 50, 53, 54, 5, 0]
42:12:52:457:0.28698 out [466, 151448, 151505, 151972, 42, 58, 61, 3, 0]
42:14:01:328:0.0225525 out [464, 151313, 151314, 152041, 59, 45, 49, 2, 0]
42:19:19:851:0.209785 out [467, 151615, 151641, 152360, 51, 52, 62, 1, 0]
42:31:03:105:0.420662 out [469, 152544, 152545, 153063, 43, 43, 52, 2, 0]
42:33:57:987:0.785889 out [468, 152522, 152523, 153238, 57, 56, 66, 1, 0]
42:35:22:384:0.811951 out [470, 152648, 152649, 153322, 62, 49, 51, 3, 0]
43:02:49:236:0.254288 out [471, 154412, 154413, 154969, 48, 51, 48, 1, 0]
57:17:53:147:0.88015 out [472, 205566, 205567, 206273, 58, 69, 59, 1, 0]
58:12:46:785:0.301758 out [473, 208917, 208918, 209567, 52, 45, 49, 1, 0]
58:42:58:635:0.425163 out [474, 210681, 210682, 211379, 64, 58, 52, 1, 0]
58:58:52:992:0.775513 out [475, 211617, 211618, 212333, 50, 66, 33, 1, 0]
59:05:04:967:0.943741 out [476, 212107, 212108, 212705, 50, 57, 56, 2, 0]
59:13:08:615:0.3713 out [477, 212393, 212394, 213189, 61, 46, 64, 1, 0]
59:14:53:650:0.723053 out [478, 212812, 212813, 213294, 42, 52, 46, 2, 0]
59:17:56:378:0.182007 out [479, 212848, 212849, 213476, 51, 45, 65, 3, 0]
59:27:14:100:0.598885 out [480, 213391, 213392, 214034, 60, 44, 49, 1, 0]
59:31:55:909:0.582687 out [481, 213698, 213699, 214316, 49, 49, 51, 2, 0]
59:32:32:446:0.573807 out [482, 213797, 213798, 214352, 45, 40, 50, 3, 0]
59:37:16:183:0.170868 out [483, 214065, 214066, 214636, 46, 47, 64, 1, 0]
59:39:25:632:0.464005 out [484, 214067, 214068, 214766, 58, 50, 54, 4, 0]
59:44:24:183:0.519913 out [485, 214443, 214444, 215064, 44, 56, 45, 2, 0]
59:45:56:887:0.533737 out [486, 214619, 214620, 215157, 46, 45, 41, 3, 0]
59:50:10:354:0.321075 out [487, 214751, 214752, 215410, 46, 51, 40, 1, 0]
59:52:33:160:0.931183 out [488, 214970, 214971, 215553, 52, 46, 55, 4, 0]
59:53:25:851:0.529266 out [490, 215142, 215157, 215606, 38, 58, 57, 3, 0]
59:53:46:709:0.422256 out [489, 214999, 215064, 215627, 47, 47, 52, 2, 0]
60:01:09:935:0.223724 out [491, 215227, 215410, 216070, 55, 62, 47, 1, 0]
60:01:26:650:0.0674744 out [492, 215408, 215553, 216087, 44, 52, 48, 4, 0]
60:03:35:927:0.224854 out [494, 215476, 215627, 216216, 49, 59, 50, 2, 0]
60:04:00:263:0.918617 out [493, 215422, 215606, 216240, 51, 51, 42, 3, 0]
60:12:19:470:0.409134 out [496, 215654, 216070, 216739, 58, 46, 46, 1, 0]
60:12:22:928:0.231789 out [495, 215615, 216000, 216743, 58, 46, 49, 9, 0]
60:14:16:161:0.102036 out [497, 215673, 216087, 216856, 47, 43, 47, 4, 0]
60:18:22:332:0.724861 out [499, 215905, 216240, 217102, 58, 46, 48, 3, 0]
60:18:22:434:0.86338 out [498, 215804, 216216, 217102, 58, 44, 52, 2, 0]
60:20:49:658:0.821251 out [501, 216402, 216743, 217250, 41, 54, 61, 9, 0]
60:23:40:955:0.906204 out [500, 216050, 216739, 217421, 48, 58, 45, 1, 0]
60:27:35:718:0.319229 out [502, 216612, 216856, 217656, 46, 44, 52, 4, 0]
60:27:54:866:0.17704 out [504, 216681, 217103, 217675, 50, 44, 56, 2, 0]
60:27:55:036:0.617165 out [503, 216622, 217102, 217675, 45, 63, 51, 3, 0]
60:32:41:430:0.586555 out [505, 216687, 217250, 217961, 51, 49, 53, 9, 0]
60:38:23:616:0.312866 out [506, 217004, 217421, 218304, 55, 49, 56, 1, 0]
60:38:32:641:0.727333 out [507, 217057, 217656, 218313, 53, 51, 45, 4, 0]
60:39:39:229:0.268105 out [508, 217550, 217675, 218379, 47, 58, 37, 2, 0]
60:42:27:653:0.742386 out [509, 217869, 217870, 218548, 52, 49, 65, 3, 0]
60:47:25:532:0.7173 out [510, 218146, 218147, 218846, 51, 48, 55, 9, 0]
60:51:15:024:0.43071 out [511, 218150, 218304, 219075, 49, 69, 51, 1, 0]
60:51:36:388:0.410194 out [513, 218316, 218379, 219096, 50, 53, 51, 2, 0]
60:52:41:606:0.133896 out [512, 218187, 218313, 219162, 64, 43, 51, 4, 0]
60:53:53:975:0.887444 out [514, 218360, 218548, 219234, 52, 64, 47, 3, 0]
61:00:25:078:0.0784149 out [515, 218363, 218846, 219625, 48, 58, 44, 9, 0]
61:02:13:885:0.791809 out [516, 218672, 219075, 219734, 50, 41, 49, 1, 0]
61:02:34:090:0.994057 out [517, 218712, 219096, 219754, 36, 44, 46, 2, 0]
61:04:22:078:0.015358 out [518, 218856, 219162, 219862, 50, 38, 45, 4, 0]
61:06:35:225:0.755432 out [519, 219058, 219234, 219995, 50, 71, 43, 3, 0]
61:10:21:840:0.338448 out [520, 219084, 219625, 220222, 39, 47, 47, 9, 0]
61:10:38:721:0.842537 out [522, 219242, 219754, 220239, 39, 56, 38, 2, 0]
61:17:43:536:0.7323 out [523, 219288, 219862, 220664, 47, 48, 47, 4, 0]
61:18:13:770:0.317657 out [521, 219202, 219734, 220694, 62, 53, 43, 1, 0]
61:19:47:399:0.144493 out [526, 219704, 220239, 220787, 43, 48, 43, 2, 0]
61:19:57:811:0.191849 out [525, 219675, 220222, 220798, 41, 49, 47, 9, 0]
61:20:27:550:0.584129 out [524, 219510, 219995, 220828, 44, 53, 45, 3, 0]
61:28:41:321:0.808701 out [530, 219840, 220798, 221321, 43, 36, 50, 9, 0]
61:30:50:853:0.428062 out [528, 219819, 220694, 221451, 54, 42, 41, 1, 0]
61:30:55:881:0.242928 out [527, 219776, 220664, 221456, 57, 32, 58, 4, 0]
61:31:28:716:0.739571 out [529, 219822, 220787, 221489, 54, 49, 56, 2, 0]
61:33:09:283:0.697014 out [531, 219939, 220828, 221589, 45, 53, 46, 3, 0]
61:37:58:180:0.798965 out [532, 220019, 221321, 221878, 40, 53, 48, 9, 0]
61:42:48:851:0.568947 out [533, 220287, 221451, 222169, 43, 45, 33, 1, 0]
61:44:20:712:0.640244 out [536, 220788, 221589, 222261, 52, 66, 42, 3, 0]
61:45:14:687:0.465179 out [535, 220699, 221489, 222315, 58, 57, 40, 2, 0]
61:47:21:780:0.90168 out [534, 220351, 221456, 222442, 68, 38, 59, 4, 0]
61:52:52:152:0.44487 out [537, 220816, 221878, 222772, 59, 50, 46, 9, 0]
61:55:55:821:0.628891 out [541, 221007, 222442, 222956, 42, 49, 62, 4, 0]
61:56:08:636:0.832558 out [538, 220821, 222169, 222969, 49, 54, 45, 1, 0]
61:56:21:131:0.523193 out [540, 220950, 222315, 222981, 45, 43, 57, 2, 0]
61:57:07:808:0.401138 out [539, 220834, 222261, 223028, 53, 57, 58, 3, 0]
62:04:46:929:0.762466 out [542, 221012, 222772, 223487, 38, 54, 52, 9, 0]
62:08:19:265:0.731728 out [543, 221069, 222956, 223699, 60, 48, 54, 4, 0]
62:08:44:773:0.156776 out [545, 221544, 222981, 223725, 50, 64, 55, 2, 0]
62:08:52:952:0.0129318 out [544, 221406, 222969, 223733, 60, 40, 49, 1, 0]
62:09:57:996:0.600731 out [546, 221617, 223028, 223798, 49, 46, 47, 3, 0]
62:16:47:725:0.376305 out [547, 221786, 223487, 224208, 50, 47, 44, 9, 0]
62:16:54:179:0.958549 out [549, 221848, 223725, 224214, 37, 55, 55, 2, 0]
62:19:33:716:0.642845 out [550, 221884, 223733, 224374, 47, 51, 54, 1, 0]
62:19:44:673:0.0923538 out [548, 221796, 223699, 224385, 47, 36, 49, 4, 0]
62:21:24:402:0.558502 out [551, 221927, 223798, 224484, 48, 47, 55, 3, 0]
62:28:35:126:0.140656 out [554, 222156, 224374, 224915, 47, 48, 54, 1, 0]
62:30:16:865:0.00335693 out [552, 221928, 224208, 225017, 52, 60, 59, 9, 0]
62:31:15:577:0.804626 out [555, 222256, 224385, 225076, 44, 48, 51, 4, 0]
62:33:58:077:0.354202 out [556, 222457, 224484, 225238, 45, 40, 61, 3, 0]
62:34:58:933:0.171074 out [553, 222022, 224214, 225299, 72, 46, 58, 2, 0]
62:41:34:785:0.674706 out [557, 222465, 224915, 225695, 52, 47, 57, 1, 0]
62:42:31:211:0.256348 out [558, 222490, 225017, 225751, 49, 51, 34, 9, 0]
62:44:30:591:0.0669708 out [559, 222510, 225076, 225871, 49, 41, 61, 4, 0]
62:45:40:910:0.904251 out [560, 222556, 225238, 225941, 50, 49, 53, 3, 0]
62:46:25:797:0.463768 out [561, 222581, 225299, 225986, 45, 42, 64, 2, 0]
62:54:02:942:0.835724 out [563, 222712, 225751, 226443, 40, 70, 43, 9, 0]
62:55:20:484:0.082428 out [562, 222620, 225695, 226520, 54, 51, 56, 1, 0]
62:56:16:418:0.839661 out [564, 222786, 225871, 226576, 44, 48, 50, 4, 0]
62:58:00:255:0.465424 out [565, 222791, 225941, 226680, 47, 58, 40, 3, 0]
62:59:17:716:0.831154 out [566, 222853, 225986, 226758, 53, 47, 54, 2, 0]
63:06:52:982:0.0993347 out [568, 222925, 226520, 227213, 49, 40, 48, 1, 0]
63:09:19:062:0.0226746 out [567, 222886, 226443, 227359, 55, 50, 44, 9, 0]
63:09:26:629:0.466812 out [569, 222928, 226576, 227367, 49, 44, 46, 4, 0]
63:11:49:291:0.689415 out [571, 222974, 226758, 227509, 46, 47, 67, 2, 0]
63:12:23:250:0.493515 out [570, 222946, 226680, 227543, 61, 57, 47, 3, 0]
63:19:34:393:0.833511 out [572, 223042, 227213, 227974, 42, 58, 46, 1, 0]
63:22:15:868:0.831726 out [575, 223236, 227509, 228136, 40, 63, 55, 2, 0]
63:22:40:814:0.142288 out [573, 223047, 227359, 228161, 55, 39, 53, 9, 0]
63:23:26:865:0.551346 out [574, 223134, 227367, 228207, 57, 39, 44, 4, 0]
63:24:57:315:0.969528 out [576, 223269, 227543, 228297, 51, 51, 59, 3, 0]
63:32:29:100:0.989288 out [577, 223372, 227974, 228749, 50, 48, 56, 1, 0]
63:32:47:906:0.237289 out [578, 223406, 228136, 228768, 44, 44, 48, 2, 0]
63:34:47:681:0.811279 out [580, 223610, 228207, 228888, 47, 62, 51, 4, 0]
63:37:05:364:0.067688 out [579, 223573, 228161, 229025, 51, 62, 47, 9, 0]
63:37:14:060:0.639038 out [581, 223653, 228297, 229034, 44, 36, 43, 3, 0]
63:43:34:145:0.295639 out [582, 223751, 228749, 229414, 45, 63, 57, 1, 0]
63:46:27:058:0.758278 out [584, 223854, 228888, 229587, 50, 45, 62, 4, 0]
63:47:22:698:0.867081 out [583, 223808, 228768, 229643, 57, 67, 49, 2, 0]
63:48:35:166:0.379181 out [586, 223980, 229034, 229715, 44, 51, 49, 3, 0]
63:49:15:319:0.764343 out [585, 223937, 229025, 229755, 51, 32, 57, 9, 0]
63:56:13:138:0.400169 out [587, 224128, 229414, 230173, 51, 51, 46, 1, 0]
63:56:58:781:0.321617 out [588, 224389, 229587, 230219, 44, 46, 53, 4, 0]
64:01:09:491:0.470139 out [591, 224586, 229755, 230469, 44, 49, 39, 9, 0]
64:02:03:677:0.287888 out [589, 224451, 229643, 230524, 50, 55, 43, 2, 0]
64:03:04:465:0.0190277 out [590, 224514, 229715, 230584, 55, 56, 57, 3, 0]
64:08:34:147:0.404358 out [593, 224653, 230219, 230914, 54, 38, 61, 4, 0]
64:10:29:808:0.890984 out [592, 224651, 230173, 231030, 54, 54, 48, 1, 0]
64:12:00:709:0.529274 out [594, 224657, 230469, 231121, 48, 51, 53, 9, 0]
64:15:12:250:0.914001 out [595, 224668, 230524, 231312, 49, 45, 47, 2, 0]
64:15:13:021:0.890991 out [596, 224823, 230584, 231313, 48, 49, 60, 3, 0]
64:19:20:985:0.970734 out [597, 224898, 230914, 231561, 41, 39, 52, 4, 0]
64:21:01:450:0.819252 out [598, 224910, 231030, 231661, 43, 48, 51, 1, 0]
64:28:23:231:0.579727 out [599, 225056, 231121, 232103, 61, 60, 51, 9, 0]
64:29:38:640:0.0580902 out [601, 225226, 231313, 232179, 49, 56, 57, 3, 0]
64:31:54:590:0.616058 out [603, 225321, 231661, 232315, 49, 46, 55, 1, 0]
64:32:32:650:0.964569 out [602, 225273, 231561, 232353, 51, 38, 60, 4, 0]
64:34:10:683:0.618523 out [600, 225132, 231312, 232451, 64, 53, 46, 2, 0]
64:37:47:659:0.122589 out [605, 225335, 232179, 232668, 44, 37, 47, 3, 0]
64:45:31:408:0.0833435 out [607, 225427, 232353, 233131, 52, 47, 42, 4, 0]
64:45:50:492:0.73159 out [604, 225322, 232103, 233150, 61, 58, 45, 9, 0]
64:46:12:279:0.152298 out [606, 225366, 232315, 233172, 51, 49, 47, 1, 0]
64:48:55:308:0.636238 out [608, 225510, 232451, 233335, 54, 46, 52, 2, 0]
64:49:22:868:0.857101 out [609, 225679, 232668, 233363, 46, 50, 67, 3, 0]
64:54:58:546:0.705338 out [611, 225737, 233150, 233699, 44, 51, 50, 9, 0]
64:57:11:744:0.108177 out [610, 225723, 233131, 233832, 50, 48, 60, 4, 0]
65:00:27:749:0.545074 out [612, 225745, 233172, 234028, 51, 41, 43, 1, 0]
65:02:40:993:0.0908966 out [614, 225870, 233363, 234161, 51, 54, 54, 3, 0]
65:03:18:688:0.407066 out [613, 225869, 233335, 234199, 54, 63, 57, 2, 0]
65:08:17:599:0.981834 out [616, 226319, 233832, 234498, 43, 46, 57, 4, 0]
65:08:31:194:0.161102 out [615, 226289, 233699, 234511, 49, 52, 54, 9, 0]
65:12:07:659:0.583618 out [617, 226363, 234028, 234728, 47, 50, 43, 1, 0]
65:13:32:328:0.668457 out [618, 226368, 234161, 234812, 55, 39, 47, 3, 0]
65:16:37:418:0.200211 out [619, 226449, 234199, 234997, 56, 50, 44, 2, 0]
65:19:33:776:0.117737 out [623, 226536, 234812, 235174, 31, 53, 46, 3, 0]
65:20:25:636:0.760948 out [621, 226463, 234511, 235226, 47, 46, 48, 9, 0]
65:20:55:754:0.765633 out [620, 226462, 234498, 235256, 53, 57, 52, 4, 0]
65:24:00:658:0.460739 out [622, 226512, 234728, 235441, 48, 42, 51, 1, 0]
65:29:21:812:0.342911 out [624, 226667, 234997, 235762, 46, 58, 47, 2, 0]
65:31:37:020:0.312141 out [626, 226722, 235226, 235897, 48, 39, 48, 9, 0]
65:32:31:139:0.518745 out [625, 226672, 235174, 235951, 50, 58, 46, 3, 0]
65:34:59:947:0.45417 out [627, 226777, 235256, 236100, 58, 44, 58, 4, 0]
65:36:17:464:0.903549 out [628, 226805, 235441, 236177, 42, 53, 53, 1, 0]
65:42:55:579:0.888206 out [629, 226815, 235762, 236576, 50, 43, 42, 2, 0]
65:43:57:767:0.894348 out [631, 227424, 235951, 236638, 48, 56, 54, 3, 0]
65:46:28:793:0.373375 out [632, 227460, 236100, 236789, 52, 58, 53, 4, 0]
65:47:26:579:0.303169 out [630, 226818, 235897, 236847, 51, 53, 49, 9, 0]
65:49:05:202:0.140121 out [633, 227673, 236177, 236945, 48, 49, 47, 1, 0]
65:54:31:729:0.949409 out [634, 227680, 236576, 237272, 45, 55, 64, 2, 0]
65:55:20:400:0.359306 out [635, 227778, 236638, 237320, 50, 41, 66, 3, 0]
65:58:54:962:0.751366 out [637, 227823, 236847, 237535, 45, 49, 53, 9, 0]
65:59:19:872:0.810226 out [638, 227840, 236945, 237560, 42, 47, 47, 1, 0]
65:59:52:368:0.184906 out [636, 227810, 236789, 237592, 56, 56, 57, 4, 0]
66:04:21:783:0.350952 out [639, 228007, 237272, 237862, 42, 52, 46, 2, 0]
66:06:54:535:0.0919266 out [641, 228489, 237535, 238015, 40, 50, 62, 9, 0]
66:08:16:648:0.760544 out [640, 228193, 237320, 238097, 56, 66, 42, 3, 0]
66:10:02:502:0.812798 out [642, 228522, 237560, 238203, 46, 52, 39, 1, 0]
66:11:16:482:0.778961 out [643, 228590, 237592, 238276, 46, 55, 40, 4, 0]
66:13:56:264:0.911255 out [644, 228653, 237862, 238436, 52, 49, 41, 2, 0]
66:16:24:134:0.334862 out [645, 228713, 238097, 238584, 40, 52, 60, 3, 0]
66:19:02:628:0.52002 out [647, 228848, 238276, 238743, 40, 50, 54, 4, 0]
66:24:26:869:0.202621 out [646, 228798, 238203, 239067, 64, 55, 53, 1, 0]
66:24:36:417:0.153252 out [649, 228863, 238584, 239076, 40, 47, 51, 3, 0]
66:28:25:835:0.355911 out [648, 228855, 238436, 239306, 66, 58, 64, 2, 0]
66:29:39:401:0.0768738 out [650, 228864, 238743, 239379, 53, 56, 45, 4, 0]
66:34:09:346:0.986259 out [652, 228972, 239076, 239649, 43, 50, 64, 3, 0]
66:36:16:734:0.201035 out [651, 228891, 239067, 239777, 52, 43, 45, 1, 0]
66:38:10:660:0.511169 out [654, 229129, 239379, 239891, 40, 53, 45, 4, 0]
66:39:36:136:0.250244 out [653, 229035, 239306, 239976, 62, 49, 42, 2, 0]
66:45:38:806:0.0901031 out [657, 229302, 239891, 240339, 41, 39, 36, 4, 0]
66:46:23:616:0.478958 out [655, 229211, 239649, 240384, 59, 42, 39, 3, 0]
66:48:31:424:0.807701 out [656, 229287, 239777, 240511, 61, 41, 46, 1, 0]
66:48:41:684:0.838593 out [658, 229413, 239976, 240522, 54, 53, 54, 2, 0]
66:56:12:611:0.361137 out [660, 229538, 240384, 240973, 46, 54, 54, 3, 0]
66:56:26:051:0.0542984 out [659, 229461, 240339, 240986, 55, 39, 44, 4, 0]
66:56:38:116:0.59597 out [661, 229582, 240511, 240998, 37, 42, 51, 1, 0]
67:03:40:358:0.503235 out [662, 229792, 240522, 241420, 62, 53, 54, 2, 0]
67:03:48:207:0.939331 out [663, 229820, 240973, 241428, 37, 46, 46, 3, 0]
67:08:03:094:0.429314 out [665, 229916, 240998, 241683, 46, 52, 49, 1, 0]
67:10:28:771:0.855247 out [664, 229854, 240986, 241829, 69, 60, 49, 4, 0]
67:13:26:558:0.873619 out [666, 230128, 241420, 242007, 47, 59, 61, 2, 0]
67:14:35:011:0.22834 out [667, 230212, 241428, 242075, 58, 38, 46, 3, 0]
67:18:03:554:0.3908 out [668, 230330, 241683, 242284, 50, 51, 40, 1, 0]
67:19:37:656:0.224693 out [669, 230516, 241829, 242378, 37, 45, 52, 4, 0]
67:22:37:537:0.245125 out [671, 230672, 242075, 242558, 48, 52, 38, 3, 0]
67:22:59:492:0.489853 out [670, 230526, 242007, 242579, 48, 46, 49, 2, 0]
67:25:38:754:0.265823 out [673, 230770, 242378, 242739, 35, 52, 46, 4, 0]
67:26:52:390:0.281166 out [672, 230745, 242284, 242812, 56, 53, 53, 1, 0]
67:32:11:387:0.422195 out [675, 231006, 242579, 243131, 56, 37, 48, 2, 0]
67:32:33:608:0.0893707 out [674, 230789, 242558, 243154, 46, 53, 46, 3, 0]
67:32:55:813:0.470474 out [676, 231054, 242739, 243176, 35, 49, 55, 4, 0]
67:38:04:527:0.643242 out [677, 231076, 242812, 243485, 52, 49, 54, 1, 0]
67:41:37:828:0.758423 out [680, 231194, 243176, 243698, 47, 41, 58, 4, 0]
67:44:10:531:0.923477 out [678, 231162, 243131, 243851, 58, 41, 56, 2, 0]
67:46:17:234:0.949585 out [679, 231169, 243154, 243977, 60, 53, 46, 3, 0]
67:46:47:537:0.269226 out [681, 231334, 243485, 244008, 38, 71, 49, 1, 0]
67:50:31:988:0.189476 out [682, 231350, 243698, 244232, 45, 54, 51, 4, 0]
67:55:26:288:0.775223 out [683, 231438, 243851, 244526, 53, 54, 44, 2, 0]
67:56:17:283:0.0982895 out [684, 231502, 243977, 244577, 47, 55, 50, 3, 0]
67:58:03:597:0.0441742 out [685, 231753, 244008, 244684, 55, 51, 51, 1, 0]
68:01:54:213:0.93618 out [686, 231797, 244232, 244914, 52, 41, 53, 4, 0]
68:05:21:194:0.314621 out [688, 231896, 244577, 245121, 52, 66, 55, 3, 0]
68:05:30:625:0.388474 out [687, 231801, 244526, 245131, 60, 71, 44, 2, 0]
68:07:55:049:0.734848 out [689, 231997, 244684, 245275, 42, 38, 49, 1, 0]
68:09:26:657:0.737656 out [690, 232172, 244914, 245367, 48, 40, 60, 4, 0]
68:15:28:957:0.28228 out [691, 232781, 245121, 245729, 58, 46, 55, 3, 0]
68:16:16:067:0.253586 out [694, 232918, 245367, 245776, 33, 60, 53, 4, 0]
68:17:38:976:0.540489 out [692, 232882, 245131, 245859, 60, 61, 46, 2, 0]
68:21:34:279:0.458374 out [693, 232896, 245275, 246094, 64, 42, 59, 1, 0]
68:25:04:766:0.525078 out [695, 232986, 245729, 246305, 47, 56, 40, 3, 0]
68:26:21:893:0.178055 out [696, 233246, 245776, 246382, 47, 64, 52, 4, 0]
68:27:47:468:0.20211 out [697, 233549, 245859, 246467, 48, 49, 53, 2, 0]
68:28:50:451:0.669617 out [698, 233718, 246094, 246530, 40, 50, 49, 1, 0]
68:34:22:826:0.0463486 out [699, 233779, 246305, 246863, 53, 60, 36, 3, 0]
68:35:20:051:0.0712357 out [701, 234065, 246467, 246920, 45, 57, 44, 2, 0]
68:37:16:450:0.241562 out [702, 234268, 246530, 247036, 42, 46, 56, 1, 0]
68:38:01:074:0.301384 out [700, 234008, 246382, 247081, 50, 54, 49, 4, 0]
68:42:15:056:0.546165 out [703, 234464, 246863, 247335, 44, 43, 49, 3, 0]
68:45:02:875:0.385902 out [704, 234748, 246920, 247503, 49, 62, 57, 2, 0]
68:46:16:545:0.958588 out [705, 234981, 247036, 247577, 53, 48, 37, 1, 0]
68:48:19:771:0.773552 out [706, 235218, 247081, 247700, 56, 44, 52, 4, 0]
68:50:19:539:0.877441 out [707, 235310, 247335, 247820, 46, 40, 46, 3, 0]
68:55:12:252:0.0830383 out [708, 235381, 247503, 248112, 49, 43, 41, 2, 0]
68:56:40:646:0.644257 out [709, 235382, 247577, 248201, 55, 49, 50, 1, 0]
68:58:05:305:0.26619 out [710, 235428, 247700, 248285, 52, 52, 50, 4, 0]
68:59:00:931:0.752304 out [711, 235889, 247820, 248341, 43, 43, 57, 3, 0]
69:04:51:612:0.375473 out [713, 236130, 248201, 248692, 52, 41, 49, 1, 0]
69:06:34:281:0.532097 out [712, 236039, 248112, 248794, 51, 48, 44, 2, 0]
69:07:55:753:0.52037 out [714, 236371, 248285, 248876, 49, 40, 44, 4, 0]
69:11:58:809:0.693031 out [715, 236463, 248341, 249119, 56, 41, 51, 3, 0]
81:10:27:223:0.854614 out [716, 236477, 291600, 292227, 52, 50, 45, 4, 0]
81:19:45:557:0.0346375 out [717, 236615, 292227, 292786, 38, 56, 51, 4, 0]
81:28:03:344:0.342926 out [718, 236917, 292786, 293283, 43, 38, 66, 4, 0]
81:40:25:584:0.26123 out [719, 237086, 293283, 294026, 56, 51, 70, 4, 0]
81:51:05:190:0.256958 out [720, 237196, 294026, 294665, 57, 60, 44, 4, 0]
82:01:16:490:0.806061 out [721, 237338, 294665, 295276, 51, 44, 59, 4, 0]
82:10:22:274:0.190933 out [722, 238023, 295276, 295822, 36, 47, 55, 4, 0]
82:19:02:655:0.473335 out [723, 242801, 295822, 296343, 50, 66, 51, 4, 0]
82:28:37:755:0.975899 out [724, 292896, 296343, 296918, 51, 50, 58, 4, 0]
82:38:07:009:0.662399 out [725, 293002, 296918, 297487, 56, 46, 57, 4, 0]
82:51:20:354:0.00422668 out [726, 295331, 297487, 298280, 59, 52, 46, 4, 0]
83:04:05:609:0.841263 out [727, 295830, 298280, 299046, 55, 54, 54, 4, 0]
83:13:59:812:0.894333 out [728, 296153, 299046, 299640, 47, 53, 54, 4, 0]
83:23:45:553:0.297104 out [729, 296423, 299640, 300226, 54, 64, 54, 4, 0]
83:35:15:024:0.138107 out [730, 297248, 300226, 300915, 55, 55, 56, 4, 0]
83:44:48:168:0.444839 out [731, 298283, 300915, 301488, 47, 42, 59, 4, 0]
83:51:11:276:0.489059 out [732, 298399, 301488, 301871, 37, 46, 52, 4, 0]
83:59:47:634:0.348267 out [733, 298623, 301871, 302388, 37, 62, 48, 4, 0]
84:08:50:171:0.728081 out [734, 298697, 302388, 302930, 37, 58, 46, 4, 0]
84:12:42:887:0.214256 out [735, 299211, 302400, 303163, 48, 60, 49, 9, 0]
84:23:26:872:0.753288 out [737, 299269, 303163, 303807, 45, 50, 70, 9, 0]
84:23:59:193:0.327446 out [736, 299256, 302930, 303839, 60, 53, 53, 4, 0]
84:35:51:892:0.787071 out [739, 299576, 303839, 304552, 50, 50, 53, 4, 0]
84:37:19:006:0.710747 out [738, 299346, 303807, 304639, 53, 46, 47, 9, 0]
84:47:19:464:0.649841 out [740, 300086, 304552, 305239, 47, 39, 47, 4, 0]
84:54:59:924:0.987129 out [741, 300111, 304639, 305700, 63, 51, 57, 9, 0]
85:02:05:884:0.147881 out [742, 300399, 305239, 306126, 60, 45, 61, 4, 0]
85:11:11:218:0.215828 out [743, 300436, 305700, 306671, 53, 45, 45, 9, 0]
85:13:17:856:0.539558 out [744, 300661, 306126, 306798, 44, 54, 52, 4, 0]
85:23:19:285:0.951996 out [746, 300926, 306798, 307399, 48, 46, 60, 4, 0]
85:25:41:777:0.916389 out [745, 300843, 306671, 307542, 54, 42, 45, 9, 0]
85:32:32:719:0.23349 out [747, 301181, 307399, 307953, 38, 68, 48, 4, 0]
85:39:39:115:0.187675 out [748, 301272, 307542, 308379, 44, 49, 57, 9, 0]
85:45:03:493:0.564178 out [749, 301466, 307953, 308703, 57, 51, 43, 4, 0]
85:49:57:885:0.999306 out [750, 301758, 308379, 308998, 42, 45, 45, 9, 0]
85:57:50:737:0.243774 out [751, 302095, 308703, 309471, 51, 45, 75, 4, 0]
86:04:35:263:0.757881 out [752, 302140, 308998, 309875, 55, 56, 48, 9, 0]
86:10:11:804:0.885582 out [753, 302275, 309471, 310212, 53, 57, 53, 4, 0]
86:16:13:863:0.562355 out [754, 302672, 309875, 310574, 43, 41, 51, 9, 0]
86:24:45:857:0.945709 out [755, 302920, 310212, 311086, 60, 48, 51, 4, 0]
86:26:37:654:0.411636 out [756, 302959, 310574, 311198, 43, 49, 50, 9, 0]
86:36:58:751:0.846176 out [757, 302962, 311086, 311819, 59, 51, 55, 4, 0]
86:37:51:164:0.709007 out [758, 302976, 311198, 311871, 51, 44, 56, 9, 0]
86:48:04:715:0.0511093 out [759, 303279, 311819, 312485, 48, 50, 46, 4, 0]
86:50:08:622:0.789848 out [760, 303459, 311871, 312609, 48, 38, 56, 9, 0]
87:01:02:957:0.572044 out [762, 304353, 312609, 313263, 45, 61, 51, 9, 0]
87:01:59:655:0.799873 out [761, 303571, 312485, 313320, 54, 55, 57, 4, 0]
87:12:59:312:0.859138 out [764, 304681, 313320, 313979, 48, 55, 48, 4, 0]
87:15:11:948:0.381081 out [763, 304380, 313263, 314112, 59, 33, 42, 9, 0]
87:25:46:351:0.433907 out [765, 304685, 313979, 314746, 48, 53, 66, 4, 0]
87:28:13:879:0.0561829 out [766, 304739, 314112, 314894, 54, 55, 48, 9, 0]
87:37:00:142:0.541687 out [768, 305045, 314894, 315420, 41, 53, 38, 9, 0]
87:37:09:142:0.752396 out [767, 304873, 314746, 315429, 55, 49, 61, 4, 0]
87:48:55:271:0.0498505 out [769, 305076, 315420, 316135, 47, 56, 48, 9, 0]
87:49:27:698:0.750793 out [770, 305298, 315429, 316168, 54, 52, 44, 4, 0]
88:01:35:007:0.947868 out [771, 305325, 316135, 316895, 51, 54, 54, 9, 0]
88:04:22:875:0.645531 out [772, 305343, 316168, 317063, 52, 62, 44, 4, 0]
88:13:01:203:0.414459 out [773, 305348, 316895, 317581, 50, 42, 38, 9, 0]
88:17:25:011:0.0182419 out [774, 305431, 317063, 317845, 48, 36, 60, 4, 0]
88:26:14:261:0.105629 out [775, 305542, 317581, 318374, 63, 35, 59, 9, 0]
88:30:13:848:0.772087 out [776, 305544, 317845, 318614, 49, 50, 41, 4, 0]
88:38:40:644:0.280121 out [777, 305560, 318374, 319121, 55, 51, 49, 9, 0]
88:44:00:153:0.187386 out [778, 305976, 318614, 319440, 54, 33, 58, 4, 0]
88:50:30:081:0.537483 out [779, 306008, 319121, 319830, 53, 63, 74, 9, 0]
88:55:57:299:0.842064 out [780, 306338, 319440, 320157, 41, 51, 40, 4, 0]
89:00:11:271:0.614861 out [781, 306355, 319830, 320411, 38, 45, 46, 9, 0]
89:11:27:562:0.264221 out [782, 306696, 320157, 321088, 61, 46, 47, 4, 0]
89:14:25:165:0.856743 out [783, 306821, 320411, 321265, 54, 58, 57, 9, 0]
89:21:28:274:0.974197 out [784, 306879, 321088, 321688, 43, 45, 48, 4, 0]
89:28:08:989:0.953018 out [785, 306917, 321265, 322089, 51, 44, 41, 9, 0]
89:34:29:858:0.785553 out [786, 307039, 321688, 322470, 54, 51, 48, 4, 0]
89:40:36:076:0.765587 out [787, 307076, 322089, 322836, 46, 42, 39, 9, 0]
89:48:25:823:0.730942 out [788, 307292, 322470, 323306, 55, 43, 44, 4, 0]
89:51:30:623:0.427513 out [789, 307310, 322836, 323491, 39, 49, 58, 9, 0]
90:00:58:045:0.732567 out [790, 307371, 323306, 324058, 44, 54, 51, 4, 0]
90:05:29:275:0.222496 out [791, 307482, 323491, 324329, 57, 49, 54, 9, 0]
90:10:15:303:0.892754 out [792, 307549, 324058, 324615, 39, 63, 62, 4, 0]
90:21:33:393:0.0694809 out [793, 307601, 324615, 325293, 56, 53, 39, 4, 0]
90:32:18:899:0.331856 out [794, 307671, 325293, 325939, 54, 57, 37, 4, 0]
90:43:53:766:0.49511 out [795, 307693, 325939, 326634, 58, 47, 48, 4, 0]
90:52:07:079:0.258873 out [796, 307808, 326634, 327127, 53, 49, 56, 4, 0]
91:02:53:232:0.0933609 out [797, 307908, 327127, 327773, 48, 56, 36, 4, 0]
91:12:28:306:0.5177 out [798, 308000, 327773, 328348, 47, 37, 50, 4, 0]
91:19:31:937:0.486343 out [799, 308003, 328348, 328772, 38, 52, 38, 4, 0]
91:28:37:594:0.834572 out [800, 308097, 328772, 329318, 46, 37, 59, 4, 0]
91:37:32:877:0.32299 out [801, 308141, 329318, 329853, 43, 63, 61, 4, 0]
91:45:50:992:0.483528 out [802, 308222, 329853, 330351, 43, 45, 51, 4, 0]
91:55:08:854:0.869827 out [803, 308310, 330351, 330909, 52, 33, 39, 4, 0]
92:04:08:681:0.66214 out [804, 308346, 330909, 331449, 48, 39, 45, 4, 0]
92:12:56:840:0.582977 out [805, 308491, 331449, 331977, 44, 39, 47, 4, 0]
92:26:09:148:0.286545 out [806, 308636, 331977, 332769, 60, 53, 59, 4, 0]
92:35:20:319:0.635666 out [807, 308669, 332769, 333320, 43, 37, 45, 4, 0]
92:46:57:989:0.504684 out [808, 308675, 333320, 334018, 60, 50, 58, 4, 0]
92:57:56:400:0.155487 out [809, 308678, 334018, 334676, 53, 61, 59, 4, 0]
93:05:29:832:0.84761 out [810, 308805, 334676, 335130, 42, 55, 45, 4, 0]
